#
# There is insufficient memory for the Java Runtime Environment to continue.
# Native memory allocation (mmap) failed to map 150994944 bytes for G1 virtual space
# Possible reasons:
#   The system is out of physical RAM or swap space
#   The process is running with CompressedOops enabled, and the Java Heap may be blocking the growth of the native heap
# Possible solutions:
#   Reduce memory load on the system
#   Increase physical memory or swap space
#   Check if swap backing store is full
#   Decrease Java heap size (-Xmx/-Xms)
#   Decrease number of Java threads
#   Decrease Java thread stack sizes (-Xss)
#   Set larger code cache with -XX:ReservedCodeCacheSize=
#   JVM is running with Unscaled Compressed Oops mode in which the Java heap is
#     placed in the first 4GB address space. The Java Heap base address is the
#     maximum limit for the native heap growth. Please use -XX:HeapBaseMinAddress
#     to set the Java Heap base and to place the Java Heap above 4GB virtual address.
# This output file may be truncated or incomplete.
#
#  Out of Memory Error (os_windows.cpp:3541), pid=15092, tid=8304
#
# JRE version: OpenJDK Runtime Environment Temurin-17.0.4.1+1 (17.0.4.1+1) (build 17.0.4.1+1)
# Java VM: OpenJDK 64-Bit Server VM Temurin-17.0.4.1+1 (17.0.4.1+1, mixed mode, emulated-client, tiered, compressed oops, compressed class ptrs, g1 gc, windows-amd64)
# No core dump will be written. Minidumps are not enabled by default on client versions of Windows
#

---------------  S U M M A R Y ------------

Command Line: -Dsts.lsp.client=vscode -Dsts.log.file=/dev/null -XX:TieredStopAtLevel=1 -Xlog:jni+resolve=off -Dspring.config.location=file:c:\Users\Diana\.vscode\extensions\pivotal.vscode-spring-boot-1.39.0\language-server\BOOT-INF\classes\application.properties org.springframework.ide.vscode.boot.app.BootLanguageServerBootApp

Host: AMD Ryzen 3 3250U with Radeon Graphics         , 4 cores, 2G,  Windows 11 , 64 bit Build 22000 (10.0.22000.708)
Time: Mon Oct 17 18:17:51 2022 Hora est. Pacífico, Sudamérica elapsed time: 10.735199 seconds (0d 0h 0m 10s)

---------------  T H R E A D  ---------------

Current thread (0x00000175d9d597e0):  VMThread "VM Thread" [stack: 0x00000051b4c00000,0x00000051b4d00000] [id=8304]

Stack: [0x00000051b4c00000,0x00000051b4d00000]
Native frames: (J=compiled Java code, j=interpreted, Vv=VM code, C=native code)
V  [jvm.dll+0x67731a]
V  [jvm.dll+0x832284]
V  [jvm.dll+0x833a2e]
V  [jvm.dll+0x834093]
V  [jvm.dll+0x245775]
V  [jvm.dll+0x674209]
V  [jvm.dll+0x668a92]
V  [jvm.dll+0x30471b]
V  [jvm.dll+0x30bc66]
V  [jvm.dll+0x35ba9e]
V  [jvm.dll+0x35bccf]
V  [jvm.dll+0x2db5b8]
V  [jvm.dll+0x2d986c]
V  [jvm.dll+0x2d8e3c]
V  [jvm.dll+0x31cd9b]
V  [jvm.dll+0x83853b]
V  [jvm.dll+0x839274]
V  [jvm.dll+0x83978c]
V  [jvm.dll+0x839b64]
V  [jvm.dll+0x839c30]
V  [jvm.dll+0x7e240a]
V  [jvm.dll+0x6761a5]
C  [ucrtbase.dll+0x26c0c]
C  [KERNEL32.DLL+0x154e0]
C  [ntdll.dll+0x485b]

VM_Operation (0x00000051b62fdb30): G1CollectForAllocation, mode: safepoint, requested by thread 0x00000175e60a3920


---------------  P R O C E S S  ---------------

Threads class SMR info:
_java_thread_list=0x00000175e7c22660, length=34, elements={
0x00000175e37bd780, 0x00000175e37be240, 0x00000175e37ff130, 0x00000175e37ff9f0,
0x00000175e38022c0, 0x00000175e37d11e0, 0x00000175d9d5ad10, 0x00000175e380af80,
0x00000175e45b31f0, 0x00000175e45cc310, 0x00000175e5d89050, 0x00000175e5d9e7e0,
0x00000175e5f05f90, 0x00000175e609cd80, 0x00000175e60a5640, 0x00000175e60a2f80,
0x00000175e60a3450, 0x00000175e60a3920, 0x00000175e60b58a0, 0x00000175e60b4a30,
0x00000175e60b4f00, 0x00000175e60b53d0, 0x00000175e60b2d50, 0x00000175e60b23b0,
0x00000175e60b3220, 0x00000175e60b4090, 0x00000175e60b4560, 0x00000175e60b2880,
0x00000175e60b36f0, 0x00000175e60b3bc0, 0x00000175e60b1ee0, 0x00000175e7c72940,
0x00000175e7c732e0, 0x00000175e7c74af0
}

Java Threads: ( => current thread )
  0x00000175e37bd780 JavaThread "Reference Handler" daemon [_thread_blocked, id=16356, stack(0x00000051b4d00000,0x00000051b4e00000)]
  0x00000175e37be240 JavaThread "Finalizer" daemon [_thread_blocked, id=9308, stack(0x00000051b4e00000,0x00000051b4f00000)]
  0x00000175e37ff130 JavaThread "Signal Dispatcher" daemon [_thread_blocked, id=1612, stack(0x00000051b4f00000,0x00000051b5000000)]
  0x00000175e37ff9f0 JavaThread "Attach Listener" daemon [_thread_blocked, id=10492, stack(0x00000051b5000000,0x00000051b5100000)]
  0x00000175e38022c0 JavaThread "Service Thread" daemon [_thread_blocked, id=2712, stack(0x00000051b5100000,0x00000051b5200000)]
  0x00000175e37d11e0 JavaThread "Monitor Deflation Thread" daemon [_thread_blocked, id=2540, stack(0x00000051b5200000,0x00000051b5300000)]
  0x00000175d9d5ad10 JavaThread "C1 CompilerThread0" daemon [_thread_blocked, id=17984, stack(0x00000051b5300000,0x00000051b5400000)]
  0x00000175e380af80 JavaThread "Sweeper thread" daemon [_thread_blocked, id=9456, stack(0x00000051b5400000,0x00000051b5500000)]
  0x00000175e45b31f0 JavaThread "Notification Thread" daemon [_thread_blocked, id=17480, stack(0x00000051b5500000,0x00000051b5600000)]
  0x00000175e45cc310 JavaThread "Common-Cleaner" daemon [_thread_blocked, id=5360, stack(0x00000051b5700000,0x00000051b5800000)]
  0x00000175e5d89050 JavaThread "boundedElastic-evictor-1" daemon [_thread_blocked, id=13952, stack(0x00000051b5b00000,0x00000051b5c00000)]
  0x00000175e5d9e7e0 JavaThread "ForkJoinPool.commonPool-worker-1" daemon [_thread_blocked, id=16928, stack(0x00000051b5c00000,0x00000051b5d00000)]
  0x00000175e5f05f90 JavaThread "ClassGraph-worker-0" daemon [_thread_blocked, id=18148, stack(0x00000051b5d00000,0x00000051b5e00000)]
  0x00000175e609cd80 JavaThread "ClassGraph-worker-1" daemon [_thread_blocked, id=18400, stack(0x00000051b5e00000,0x00000051b5f00000)]
  0x00000175e60a5640 JavaThread "ClassGraph-worker-2" daemon [_thread_blocked, id=17416, stack(0x00000051b5f00000,0x00000051b6000000)]
  0x00000175e60a2f80 JavaThread "ClassGraph-worker-3" daemon [_thread_blocked, id=6532, stack(0x00000051b6000000,0x00000051b6100000)]
  0x00000175e60a3450 JavaThread "ClassGraph-worker-4" daemon [_thread_blocked, id=16740, stack(0x00000051b6100000,0x00000051b6200000)]
  0x00000175e60a3920 JavaThread "ClassGraph-worker-5" daemon [_thread_blocked, id=17980, stack(0x00000051b6200000,0x00000051b6300000)]
  0x00000175e60b58a0 JavaThread "ClassGraph-worker-6" daemon [_thread_blocked, id=16852, stack(0x00000051b6300000,0x00000051b6400000)]
  0x00000175e60b4a30 JavaThread "ClassGraph-worker-7" daemon [_thread_blocked, id=8052, stack(0x00000051b6400000,0x00000051b6500000)]
  0x00000175e60b4f00 JavaThread "pool-9-thread-1" [_thread_blocked, id=5440, stack(0x00000051b6500000,0x00000051b6600000)]
  0x00000175e60b53d0 JavaThread "LanguageServerApp-lifecycle" [_thread_blocked, id=18236, stack(0x00000051b6600000,0x00000051b6700000)]
  0x00000175e60b2d50 JavaThread "DestroyJavaVM" [_thread_blocked, id=17640, stack(0x00000051b4600000,0x00000051b4700000)]
  0x00000175e60b23b0 JavaThread "pool-10-thread-1" [_thread_in_native, id=18204, stack(0x00000051b6800000,0x00000051b6900000)]
  0x00000175e60b3220 JavaThread "Simple-Language-Server main thread" daemon [_thread_blocked, id=17400, stack(0x00000051b6a00000,0x00000051b6b00000)]
  0x00000175e60b4090 JavaThread "pool-7-thread-1" [_thread_blocked, id=10800, stack(0x00000051b6b00000,0x00000051b6c00000)]
  0x00000175e60b4560 JavaThread "parallel-1" daemon [_thread_blocked, id=17504, stack(0x00000051b6c00000,0x00000051b6d00000)]
  0x00000175e60b2880 JavaThread "parallel-2" daemon [_thread_blocked, id=16464, stack(0x00000051b6d00000,0x00000051b6e00000)]
  0x00000175e60b36f0 JavaThread "parallel-3" daemon [_thread_blocked, id=16952, stack(0x00000051b6e00000,0x00000051b6f00000)]
  0x00000175e60b3bc0 JavaThread "pool-4-thread-1" [_thread_blocked, id=11068, stack(0x00000051b6f00000,0x00000051b7000000)]
  0x00000175e60b1ee0 JavaThread "ForkJoinPool.commonPool-worker-2" daemon [_thread_blocked, id=17428, stack(0x00000051b7000000,0x00000051b7100000)]
  0x00000175e7c72940 JavaThread "pool-4-thread-2" [_thread_blocked, id=5624, stack(0x00000051b7100000,0x00000051b7200000)]
  0x00000175e7c732e0 JavaThread "Reconciler-1" daemon [_thread_blocked, id=18124, stack(0x00000051b7200000,0x00000051b7300000)]
  0x00000175e7c74af0 JavaThread "parallel-4" daemon [_thread_blocked, id=3852, stack(0x00000051b7300000,0x00000051b7400000)]

Other Threads:
=>0x00000175d9d597e0 VMThread "VM Thread" [stack: 0x00000051b4c00000,0x00000051b4d00000] [id=8304]
  0x00000175e45b36c0 WatcherThread [stack: 0x00000051b5600000,0x00000051b5700000] [id=2708]
  0x00000175d9cccb50 GCTaskThread "GC Thread#0" [stack: 0x00000051b4700000,0x00000051b4800000] [id=9376]
  0x00000175e4e30810 GCTaskThread "GC Thread#1" [stack: 0x00000051b5800000,0x00000051b5900000] [id=4016]
  0x00000175e4e351a0 GCTaskThread "GC Thread#2" [stack: 0x00000051b5900000,0x00000051b5a00000] [id=9412]
  0x00000175e4df4d50 GCTaskThread "GC Thread#3" [stack: 0x00000051b5a00000,0x00000051b5b00000] [id=252]
  0x00000175d9cd3890 ConcurrentGCThread "G1 Main Marker" [stack: 0x00000051b4800000,0x00000051b4900000] [id=904]
  0x00000175d9cd52b0 ConcurrentGCThread "G1 Conc#0" [stack: 0x00000051b4900000,0x00000051b4a00000] [id=11916]
  0x00000175d9d10030 ConcurrentGCThread "G1 Refine#0" [stack: 0x00000051b4a00000,0x00000051b4b00000] [id=3620]
  0x00000175e60da8a0 ConcurrentGCThread "G1 Refine#1" [stack: 0x00000051b6700000,0x00000051b6800000] [id=17476]
  0x00000175e62e11e0 ConcurrentGCThread "G1 Refine#2" [stack: 0x00000051b6900000,0x00000051b6a00000] [id=10352]
  0x00000175d9d11ba0 ConcurrentGCThread "G1 Service" [stack: 0x00000051b4b00000,0x00000051b4c00000] [id=16396]

Threads with active compile tasks:
C1 CompilerThread0    10795 3758       1       io.github.classgraph.Classfile::getConstantPoolString (54 bytes)

VM state: at safepoint (normal execution)

VM Mutex/Monitor currently owned by a thread:  ([mutex/lock_event])
[0x00000175d7a8f3b0] Threads_lock - owner thread: 0x00000175d9d597e0
[0x00000175d9c947e0] Heap_lock - owner thread: 0x00000175e60a3920

Heap address: 0x00000000d1000000, size: 752 MB, Compressed Oops mode: 32-bit

CDS archive(s) not mapped
Compressed class space mapped at: 0x0000000100000000-0x0000000140000000, reserved size: 1073741824
Narrow klass base: 0x0000000000000000, Narrow klass shift: 3, Narrow klass range: 0x140000000

GC Precious Log:
 CPUs: 4 total, 4 available
 Memory: 3005M
 Large Page Support: Disabled
 NUMA Support: Disabled
 Compressed Oops: Enabled (32-bit)
 Heap Region Size: 1M
 Heap Min Capacity: 8M
 Heap Initial Capacity: 48M
 Heap Max Capacity: 752M
 Pre-touch: Disabled
 Parallel Workers: 4
 Concurrent Workers: 1
 Concurrent Refinement Workers: 4
 Periodic GC: Disabled

Heap:
 garbage-first heap   total 114688K, used 66719K [0x00000000d1000000, 0x0000000100000000)
  region size 1024K, 1 young (1024K), 1 survivors (1024K)
 Metaspace       used 36931K, committed 37248K, reserved 1081344K
  class space    used 4789K, committed 4928K, reserved 1048576K

Heap Regions: E=young(eden), S=young(survivor), O=old, HS=humongous(starts), HC=humongous(continues), CS=collection set, F=free, OA=open archive, CA=closed archive, TAMS=top-at-mark-start (previous, next)
|   0|0x00000000d1000000, 0x00000000d1100000, 0x00000000d1100000|100%| O|  |TAMS 0x00000000d1100000, 0x00000000d1000000| Untracked 
|   1|0x00000000d1100000, 0x00000000d1200000, 0x00000000d1200000|100%| O|  |TAMS 0x00000000d1200000, 0x00000000d1100000| Untracked 
|   2|0x00000000d1200000, 0x00000000d1300000, 0x00000000d1300000|100%| O|  |TAMS 0x00000000d1300000, 0x00000000d1200000| Untracked 
|   3|0x00000000d1300000, 0x00000000d1400000, 0x00000000d1400000|100%| O|  |TAMS 0x00000000d1400000, 0x00000000d1300000| Untracked 
|   4|0x00000000d1400000, 0x00000000d1500000, 0x00000000d1500000|100%| O|  |TAMS 0x00000000d1500000, 0x00000000d1400000| Untracked 
|   5|0x00000000d1500000, 0x00000000d1600000, 0x00000000d1600000|100%| O|  |TAMS 0x00000000d1600000, 0x00000000d1500000| Untracked 
|   6|0x00000000d1600000, 0x00000000d1700000, 0x00000000d1700000|100%| O|  |TAMS 0x00000000d1700000, 0x00000000d1600000| Untracked 
|   7|0x00000000d1700000, 0x00000000d1800000, 0x00000000d1800000|100%| O|  |TAMS 0x00000000d1800000, 0x00000000d1700000| Untracked 
|   8|0x00000000d1800000, 0x00000000d1900000, 0x00000000d1900000|100%| O|  |TAMS 0x00000000d1900000, 0x00000000d1800000| Untracked 
|   9|0x00000000d1900000, 0x00000000d1a00000, 0x00000000d1a00000|100%| O|  |TAMS 0x00000000d1a00000, 0x00000000d1900000| Untracked 
|  10|0x00000000d1a00000, 0x00000000d1a00000, 0x00000000d1b00000|  0%| F|  |TAMS 0x00000000d1a00000, 0x00000000d1a00000| Untracked 
|  11|0x00000000d1b00000, 0x00000000d1c00000, 0x00000000d1c00000|100%| O|  |TAMS 0x00000000d1c00000, 0x00000000d1b00000| Untracked 
|  12|0x00000000d1c00000, 0x00000000d1d00000, 0x00000000d1d00000|100%| O|  |TAMS 0x00000000d1d00000, 0x00000000d1c00000| Untracked 
|  13|0x00000000d1d00000, 0x00000000d1e00000, 0x00000000d1e00000|100%| O|  |TAMS 0x00000000d1e00000, 0x00000000d1d00000| Untracked 
|  14|0x00000000d1e00000, 0x00000000d1f00000, 0x00000000d1f00000|100%| O|  |TAMS 0x00000000d1f00000, 0x00000000d1e00000| Untracked 
|  15|0x00000000d1f00000, 0x00000000d2000000, 0x00000000d2000000|100%| O|  |TAMS 0x00000000d2000000, 0x00000000d1f00000| Untracked 
|  16|0x00000000d2000000, 0x00000000d2100000, 0x00000000d2100000|100%| O|  |TAMS 0x00000000d2100000, 0x00000000d2000000| Untracked 
|  17|0x00000000d2100000, 0x00000000d2200000, 0x00000000d2200000|100%| O|  |TAMS 0x00000000d2200000, 0x00000000d2100000| Untracked 
|  18|0x00000000d2200000, 0x00000000d2300000, 0x00000000d2300000|100%| O|  |TAMS 0x00000000d2300000, 0x00000000d2200000| Untracked 
|  19|0x00000000d2300000, 0x00000000d2400000, 0x00000000d2400000|100%| O|  |TAMS 0x00000000d2400000, 0x00000000d2300000| Untracked 
|  20|0x00000000d2400000, 0x00000000d2500000, 0x00000000d2500000|100%| O|  |TAMS 0x00000000d2500000, 0x00000000d2400000| Untracked 
|  21|0x00000000d2500000, 0x00000000d2600000, 0x00000000d2600000|100%| O|  |TAMS 0x00000000d2600000, 0x00000000d2500000| Untracked 
|  22|0x00000000d2600000, 0x00000000d2700000, 0x00000000d2700000|100%| O|  |TAMS 0x00000000d2700000, 0x00000000d2600000| Untracked 
|  23|0x00000000d2700000, 0x00000000d2800000, 0x00000000d2800000|100%| O|  |TAMS 0x00000000d2800000, 0x00000000d2700000| Untracked 
|  24|0x00000000d2800000, 0x00000000d2900000, 0x00000000d2900000|100%| O|  |TAMS 0x00000000d2900000, 0x00000000d2800000| Untracked 
|  25|0x00000000d2900000, 0x00000000d2a00000, 0x00000000d2a00000|100%| O|  |TAMS 0x00000000d2a00000, 0x00000000d2900000| Untracked 
|  26|0x00000000d2a00000, 0x00000000d2b00000, 0x00000000d2b00000|100%| O|  |TAMS 0x00000000d2b00000, 0x00000000d2a00000| Untracked 
|  27|0x00000000d2b00000, 0x00000000d2c00000, 0x00000000d2c00000|100%| O|  |TAMS 0x00000000d2c00000, 0x00000000d2b00000| Untracked 
|  28|0x00000000d2c00000, 0x00000000d2d00000, 0x00000000d2d00000|100%| O|  |TAMS 0x00000000d2d00000, 0x00000000d2c00000| Untracked 
|  29|0x00000000d2d00000, 0x00000000d2e00000, 0x00000000d2e00000|100%| O|  |TAMS 0x00000000d2e00000, 0x00000000d2d00000| Untracked 
|  30|0x00000000d2e00000, 0x00000000d2f00000, 0x00000000d2f00000|100%| O|  |TAMS 0x00000000d2f00000, 0x00000000d2e00000| Untracked 
|  31|0x00000000d2f00000, 0x00000000d3000000, 0x00000000d3000000|100%| O|  |TAMS 0x00000000d3000000, 0x00000000d2f00000| Untracked 
|  32|0x00000000d3000000, 0x00000000d3100000, 0x00000000d3100000|100%| O|  |TAMS 0x00000000d3100000, 0x00000000d3000000| Untracked 
|  33|0x00000000d3100000, 0x00000000d3200000, 0x00000000d3200000|100%| O|  |TAMS 0x00000000d3200000, 0x00000000d3100000| Untracked 
|  34|0x00000000d3200000, 0x00000000d3300000, 0x00000000d3300000|100%| O|  |TAMS 0x00000000d3300000, 0x00000000d3200000| Untracked 
|  35|0x00000000d3300000, 0x00000000d3400000, 0x00000000d3400000|100%| O|  |TAMS 0x00000000d3400000, 0x00000000d3300000| Untracked 
|  36|0x00000000d3400000, 0x00000000d3500000, 0x00000000d3500000|100%| O|  |TAMS 0x00000000d3500000, 0x00000000d3400000| Untracked 
|  37|0x00000000d3500000, 0x00000000d3600000, 0x00000000d3600000|100%| O|  |TAMS 0x00000000d3600000, 0x00000000d3500000| Untracked 
|  38|0x00000000d3600000, 0x00000000d3700000, 0x00000000d3700000|100%| O|  |TAMS 0x00000000d3700000, 0x00000000d3600000| Untracked 
|  39|0x00000000d3700000, 0x00000000d3800000, 0x00000000d3800000|100%| O|  |TAMS 0x00000000d3800000, 0x00000000d3700000| Untracked 
|  40|0x00000000d3800000, 0x00000000d3900000, 0x00000000d3900000|100%| O|  |TAMS 0x00000000d3900000, 0x00000000d3800000| Untracked 
|  41|0x00000000d3900000, 0x00000000d3a00000, 0x00000000d3a00000|100%| O|  |TAMS 0x00000000d3a00000, 0x00000000d3900000| Untracked 
|  42|0x00000000d3a00000, 0x00000000d3b00000, 0x00000000d3b00000|100%| O|  |TAMS 0x00000000d3ac8600, 0x00000000d3a00000| Untracked 
|  43|0x00000000d3b00000, 0x00000000d3c00000, 0x00000000d3c00000|100%| O|  |TAMS 0x00000000d3b00000, 0x00000000d3b00000| Untracked 
|  44|0x00000000d3c00000, 0x00000000d3d00000, 0x00000000d3d00000|100%| O|  |TAMS 0x00000000d3c00000, 0x00000000d3c00000| Untracked 
|  45|0x00000000d3d00000, 0x00000000d3e00000, 0x00000000d3e00000|100%| O|  |TAMS 0x00000000d3d00000, 0x00000000d3d00000| Untracked 
|  46|0x00000000d3e00000, 0x00000000d3f00000, 0x00000000d3f00000|100%| O|  |TAMS 0x00000000d3e00000, 0x00000000d3e00000| Untracked 
|  47|0x00000000d3f00000, 0x00000000d4000000, 0x00000000d4000000|100%| O|  |TAMS 0x00000000d3f00000, 0x00000000d3f00000| Untracked 
|  48|0x00000000d4000000, 0x00000000d4100000, 0x00000000d4100000|100%|HS|  |TAMS 0x00000000d4000000, 0x00000000d4000000| Complete 
|  49|0x00000000d4100000, 0x00000000d4200000, 0x00000000d4200000|100%|HS|  |TAMS 0x00000000d4100000, 0x00000000d4100000| Complete 
|  50|0x00000000d4200000, 0x00000000d4300000, 0x00000000d4300000|100%| O|  |TAMS 0x00000000d4200000, 0x00000000d4200000| Untracked 
|  51|0x00000000d4300000, 0x00000000d4400000, 0x00000000d4400000|100%| O|  |TAMS 0x00000000d4300000, 0x00000000d4300000| Untracked 
|  52|0x00000000d4400000, 0x00000000d4500000, 0x00000000d4500000|100%| O|  |TAMS 0x00000000d4400000, 0x00000000d4400000| Untracked 
|  53|0x00000000d4500000, 0x00000000d4600000, 0x00000000d4600000|100%| O|  |TAMS 0x00000000d4500000, 0x00000000d4500000| Untracked 
|  54|0x00000000d4600000, 0x00000000d4700000, 0x00000000d4700000|100%| O|  |TAMS 0x00000000d4600000, 0x00000000d4600000| Untracked 
|  55|0x00000000d4700000, 0x00000000d4800000, 0x00000000d4800000|100%| O|  |TAMS 0x00000000d4700000, 0x00000000d4700000| Untracked 
|  56|0x00000000d4800000, 0x00000000d4900000, 0x00000000d4900000|100%| O|  |TAMS 0x00000000d4800000, 0x00000000d4800000| Untracked 
|  57|0x00000000d4900000, 0x00000000d4a00000, 0x00000000d4a00000|100%| O|  |TAMS 0x00000000d4900000, 0x00000000d4900000| Untracked 
|  58|0x00000000d4a00000, 0x00000000d4b00000, 0x00000000d4b00000|100%| O|  |TAMS 0x00000000d4a00000, 0x00000000d4a00000| Untracked 
|  59|0x00000000d4b00000, 0x00000000d4c00000, 0x00000000d4c00000|100%| O|  |TAMS 0x00000000d4b00000, 0x00000000d4b00000| Untracked 
|  60|0x00000000d4c00000, 0x00000000d4d00000, 0x00000000d4d00000|100%| O|  |TAMS 0x00000000d4c00000, 0x00000000d4c00000| Untracked 
|  61|0x00000000d4d00000, 0x00000000d4e00000, 0x00000000d4e00000|100%| O|  |TAMS 0x00000000d4d00000, 0x00000000d4d00000| Untracked 
|  62|0x00000000d4e00000, 0x00000000d4f00000, 0x00000000d4f00000|100%| O|  |TAMS 0x00000000d4e00000, 0x00000000d4e00000| Untracked 
|  63|0x00000000d4f00000, 0x00000000d5000000, 0x00000000d5000000|100%| O|  |TAMS 0x00000000d4f00000, 0x00000000d4f00000| Untracked 
|  64|0x00000000d5000000, 0x00000000d5100000, 0x00000000d5100000|100%| O|  |TAMS 0x00000000d5000000, 0x00000000d5000000| Untracked 
|  65|0x00000000d5100000, 0x00000000d51b4a00, 0x00000000d5200000| 70%| O|  |TAMS 0x00000000d5100000, 0x00000000d5100000| Untracked 
|  66|0x00000000d5200000, 0x00000000d5200000, 0x00000000d5300000|  0%| F|  |TAMS 0x00000000d5200000, 0x00000000d5200000| Untracked 
|  67|0x00000000d5300000, 0x00000000d5300000, 0x00000000d5400000|  0%| F|  |TAMS 0x00000000d5300000, 0x00000000d5300000| Untracked 
|  68|0x00000000d5400000, 0x00000000d5400000, 0x00000000d5500000|  0%| F|  |TAMS 0x00000000d5400000, 0x00000000d5400000| Untracked 
|  69|0x00000000d5500000, 0x00000000d5500000, 0x00000000d5600000|  0%| F|  |TAMS 0x00000000d5500000, 0x00000000d5500000| Untracked 
|  70|0x00000000d5600000, 0x00000000d5600000, 0x00000000d5700000|  0%| F|  |TAMS 0x00000000d5600000, 0x00000000d5600000| Untracked 
|  71|0x00000000d5700000, 0x00000000d5700000, 0x00000000d5800000|  0%| F|  |TAMS 0x00000000d5700000, 0x00000000d5700000| Untracked 
|  72|0x00000000d5800000, 0x00000000d5800000, 0x00000000d5900000|  0%| F|  |TAMS 0x00000000d5800000, 0x00000000d5800000| Untracked 
|  73|0x00000000d5900000, 0x00000000d5900000, 0x00000000d5a00000|  0%| F|  |TAMS 0x00000000d5900000, 0x00000000d5900000| Untracked 
|  74|0x00000000d5a00000, 0x00000000d5a00000, 0x00000000d5b00000|  0%| F|  |TAMS 0x00000000d5a00000, 0x00000000d5a00000| Untracked 
|  75|0x00000000d5b00000, 0x00000000d5b00000, 0x00000000d5c00000|  0%| F|  |TAMS 0x00000000d5b00000, 0x00000000d5b00000| Untracked 
|  76|0x00000000d5c00000, 0x00000000d5c00000, 0x00000000d5d00000|  0%| F|  |TAMS 0x00000000d5c00000, 0x00000000d5c00000| Untracked 
|  77|0x00000000d5d00000, 0x00000000d5d00000, 0x00000000d5e00000|  0%| F|  |TAMS 0x00000000d5d00000, 0x00000000d5d00000| Untracked 
|  78|0x00000000d5e00000, 0x00000000d5e00000, 0x00000000d5f00000|  0%| F|  |TAMS 0x00000000d5e00000, 0x00000000d5e00000| Untracked 
|  79|0x00000000d5f00000, 0x00000000d5f00000, 0x00000000d6000000|  0%| F|  |TAMS 0x00000000d5f00000, 0x00000000d5f00000| Untracked 
|  80|0x00000000d6000000, 0x00000000d6000000, 0x00000000d6100000|  0%| F|  |TAMS 0x00000000d6000000, 0x00000000d6000000| Untracked 
|  81|0x00000000d6100000, 0x00000000d6100000, 0x00000000d6200000|  0%| F|  |TAMS 0x00000000d6100000, 0x00000000d6100000| Untracked 
|  82|0x00000000d6200000, 0x00000000d6200000, 0x00000000d6300000|  0%| F|  |TAMS 0x00000000d6200000, 0x00000000d6200000| Untracked 
|  83|0x00000000d6300000, 0x00000000d6300000, 0x00000000d6400000|  0%| F|  |TAMS 0x00000000d6300000, 0x00000000d6300000| Untracked 
|  84|0x00000000d6400000, 0x00000000d6400000, 0x00000000d6500000|  0%| F|  |TAMS 0x00000000d6400000, 0x00000000d6400000| Untracked 
|  85|0x00000000d6500000, 0x00000000d6500000, 0x00000000d6600000|  0%| F|  |TAMS 0x00000000d6500000, 0x00000000d6500000| Untracked 
|  86|0x00000000d6600000, 0x00000000d6600000, 0x00000000d6700000|  0%| F|  |TAMS 0x00000000d6600000, 0x00000000d6600000| Untracked 
|  87|0x00000000d6700000, 0x00000000d6700000, 0x00000000d6800000|  0%| F|  |TAMS 0x00000000d6700000, 0x00000000d6700000| Untracked 
|  88|0x00000000d6800000, 0x00000000d6800000, 0x00000000d6900000|  0%| F|  |TAMS 0x00000000d6800000, 0x00000000d6800000| Untracked 
|  89|0x00000000d6900000, 0x00000000d6900000, 0x00000000d6a00000|  0%| F|  |TAMS 0x00000000d6900000, 0x00000000d6900000| Untracked 
|  90|0x00000000d6a00000, 0x00000000d6a00000, 0x00000000d6b00000|  0%| F|  |TAMS 0x00000000d6a00000, 0x00000000d6a00000| Untracked 
|  91|0x00000000d6b00000, 0x00000000d6b00000, 0x00000000d6c00000|  0%| F|  |TAMS 0x00000000d6b00000, 0x00000000d6b00000| Untracked 
|  92|0x00000000d6c00000, 0x00000000d6c00000, 0x00000000d6d00000|  0%| F|  |TAMS 0x00000000d6c00000, 0x00000000d6c00000| Untracked 
|  93|0x00000000d6d00000, 0x00000000d6d00000, 0x00000000d6e00000|  0%| F|  |TAMS 0x00000000d6d00000, 0x00000000d6d00000| Untracked 
|  94|0x00000000d6e00000, 0x00000000d6e00000, 0x00000000d6f00000|  0%| F|  |TAMS 0x00000000d6e00000, 0x00000000d6e00000| Untracked 
|  95|0x00000000d6f00000, 0x00000000d6f00000, 0x00000000d7000000|  0%| F|  |TAMS 0x00000000d6f00000, 0x00000000d6f00000| Untracked 
|  96|0x00000000d7000000, 0x00000000d7000000, 0x00000000d7100000|  0%| F|  |TAMS 0x00000000d7000000, 0x00000000d7000000| Untracked 
|  97|0x00000000d7100000, 0x00000000d7100000, 0x00000000d7200000|  0%| F|  |TAMS 0x00000000d7100000, 0x00000000d7100000| Untracked 
|  98|0x00000000d7200000, 0x00000000d7200000, 0x00000000d7300000|  0%| F|  |TAMS 0x00000000d7200000, 0x00000000d7200000| Untracked 
|  99|0x00000000d7300000, 0x00000000d7300000, 0x00000000d7400000|  0%| F|  |TAMS 0x00000000d7300000, 0x00000000d7300000| Untracked 
| 100|0x00000000d7400000, 0x00000000d7400000, 0x00000000d7500000|  0%| F|  |TAMS 0x00000000d7400000, 0x00000000d7400000| Untracked 
| 101|0x00000000d7500000, 0x00000000d7500000, 0x00000000d7600000|  0%| F|  |TAMS 0x00000000d7500000, 0x00000000d7500000| Untracked 
| 102|0x00000000d7600000, 0x00000000d7600000, 0x00000000d7700000|  0%| F|  |TAMS 0x00000000d7600000, 0x00000000d7600000| Untracked 
| 103|0x00000000d7700000, 0x00000000d7700000, 0x00000000d7800000|  0%| F|  |TAMS 0x00000000d7700000, 0x00000000d7700000| Untracked 
| 104|0x00000000d7800000, 0x00000000d7800000, 0x00000000d7900000|  0%| F|  |TAMS 0x00000000d7800000, 0x00000000d7800000| Untracked 
| 105|0x00000000d7900000, 0x00000000d7900000, 0x00000000d7a00000|  0%| F|  |TAMS 0x00000000d7900000, 0x00000000d7900000| Untracked 
| 106|0x00000000d7a00000, 0x00000000d7a00000, 0x00000000d7b00000|  0%| F|  |TAMS 0x00000000d7a00000, 0x00000000d7a00000| Untracked 
| 107|0x00000000d7b00000, 0x00000000d7b00000, 0x00000000d7c00000|  0%| F|  |TAMS 0x00000000d7b00000, 0x00000000d7b00000| Untracked 
| 108|0x00000000d7c00000, 0x00000000d7c00000, 0x00000000d7d00000|  0%| F|  |TAMS 0x00000000d7c00000, 0x00000000d7c00000| Untracked 
| 109|0x00000000d7d00000, 0x00000000d7d73418, 0x00000000d7e00000| 45%| S|CS|TAMS 0x00000000d7d00000, 0x00000000d7d00000| Complete 
| 110|0x00000000d7e00000, 0x00000000d7e00000, 0x00000000d7f00000|  0%| F|  |TAMS 0x00000000d7e00000, 0x00000000d7e00000| Untracked 
| 111|0x00000000d7f00000, 0x00000000d7f00000, 0x00000000d8000000|  0%| F|  |TAMS 0x00000000d7f00000, 0x00000000d7f00000| Untracked 

Card table byte_map: [0x00000175d9a80000,0x00000175d9c00000] _byte_map_base: 0x00000175d93f8000

Marking Bits (Prev, Next): (CMBitMap*) 0x00000175d9ccd1a0, (CMBitMap*) 0x00000175d9ccd160
 Prev Bits: [0x00000175e0660000, 0x00000175e1220000)
 Next Bits: [0x00000175dfaa0000, 0x00000175e0660000)

Polling page: 0x00000175d7e20000

Metaspace:

Usage:
  Non-class:     31.39 MB used.
      Class:      4.68 MB used.
       Both:     36.07 MB used.

Virtual space:
  Non-class space:       32.00 MB reserved,      31.56 MB ( 99%) committed,  4 nodes.
      Class space:        1.00 GB reserved,       4.81 MB ( <1%) committed,  1 nodes.
             Both:        1.03 GB reserved,      36.38 MB (  3%) committed. 

Chunk freelists:
   Non-Class:  48.00 KB
       Class:  3.01 MB
        Both:  3.06 MB

MaxMetaspaceSize: unlimited
CompressedClassSpaceSize: 1.00 GB
Initial GC threshold: 21.00 MB
Current GC threshold: 59.81 MB
CDS: off
MetaspaceReclaimPolicy: balanced
 - commit_granule_bytes: 65536.
 - commit_granule_words: 8192.
 - virtual_space_node_default_size: 1048576.
 - enlarge_chunks_in_place: 1.
 - new_chunks_are_fully_committed: 0.
 - uncommit_free_chunks: 1.
 - use_allocation_guard: 0.
 - handle_deallocations: 1.


Internal statistics:

num_allocs_failed_limit: 5.
num_arena_births: 342.
num_arena_deaths: 0.
num_vsnodes_births: 5.
num_vsnodes_deaths: 0.
num_space_committed: 582.
num_space_uncommitted: 0.
num_chunks_returned_to_freelist: 5.
num_chunks_taken_from_freelist: 1388.
num_chunk_merges: 5.
num_chunk_splits: 958.
num_chunks_enlarged: 754.
num_purges: 0.
num_inconsistent_stats: 0.

CodeCache: size=49152Kb used=7356Kb max_used=7356Kb free=41795Kb
 bounds [0x00000175dc920000, 0x00000175dd050000, 0x00000175df920000]
 total_blobs=4281 nmethods=3757 adapters=451
 compilation: enabled
              stopped_count=0, restarted_count=0
 full_count=0

Compilation events (20 events):
Event: 10.677 Thread 0x00000175d9d5ad10 nmethod 3754 0x00000175dd04b390 code [0x00000175dd04b580, 0x00000175dd04b9f8]
Event: 10.677 Thread 0x00000175d9d5ad10 3750       1       java.nio.ByteBuffer::get (9 bytes)
Event: 10.677 Thread 0x00000175d9d5ad10 nmethod 3750 0x00000175dd04bd10 code [0x00000175dd04bea0, 0x00000175dd04bfa8]
Event: 10.677 Thread 0x00000175d9d5ad10 3753   !   1       nonapi.io.github.classgraph.reflection.ReflectionUtils::invokeMethod (106 bytes)
Event: 10.678 Thread 0x00000175d9d5ad10 nmethod 3753 0x00000175dd04c090 code [0x00000175dd04c320, 0x00000175dd04cd28]
Event: 10.678 Thread 0x00000175d9d5ad10 3746   !   1       java.util.zip.Inflater::end (37 bytes)
Event: 10.679 Thread 0x00000175d9d5ad10 nmethod 3746 0x00000175dd04d310 code [0x00000175dd04d4e0, 0x00000175dd04d7e8]
Event: 10.679 Thread 0x00000175d9d5ad10 3747       1       java.util.zip.Inflater$InflaterZStreamRef::clean (10 bytes)
Event: 10.679 Thread 0x00000175d9d5ad10 nmethod 3747 0x00000175dd04da10 code [0x00000175dd04dbc0, 0x00000175dd04dd28]
Event: 10.679 Thread 0x00000175d9d5ad10 3748  s    1       java.util.zip.Inflater$InflaterZStreamRef::run (21 bytes)
Event: 10.679 Thread 0x00000175d9d5ad10 nmethod 3748 0x00000175dd04de90 code [0x00000175dd04e020, 0x00000175dd04e1c8]
Event: 10.679 Thread 0x00000175d9d5ad10 3752       1       jdk.internal.jimage.ImageReader::findLocation (14 bytes)
Event: 10.679 Thread 0x00000175d9d5ad10 nmethod 3752 0x00000175dd04e290 code [0x00000175dd04e440, 0x00000175dd04e5d8]
Event: 10.680 Thread 0x00000175d9d5ad10 3755       1       java.io.ByteArrayOutputStream::close (1 bytes)
Event: 10.680 Thread 0x00000175d9d5ad10 nmethod 3755 0x00000175dd04e710 code [0x00000175dd04e8a0, 0x00000175dd04e958]
Event: 10.680 Thread 0x00000175d9d5ad10 3756       1       io.github.classgraph.Classfile$ClassContainment::<init> (20 bytes)
Event: 10.689 Thread 0x00000175d9d5ad10 nmethod 3756 0x00000175dd04ea10 code [0x00000175dd04eba0, 0x00000175dd04ecf8]
Event: 10.712 Thread 0x00000175d9d5ad10 3757       1       java.io.ByteArrayInputStream::<init> (26 bytes)
Event: 10.713 Thread 0x00000175d9d5ad10 nmethod 3757 0x00000175dd04ed90 code [0x00000175dd04ef20, 0x00000175dd04f058]
Event: 10.718 Thread 0x00000175d9d5ad10 3758       1       io.github.classgraph.Classfile::getConstantPoolString (54 bytes)

GC Heap History (20 events):
Event: 8.934 GC heap after
{Heap after GC invocations=13 (full 0):
 garbage-first heap   total 54272K, used 26822K [0x00000000d1000000, 0x0000000100000000)
  region size 1024K, 3 young (3072K), 3 survivors (3072K)
 Metaspace       used 33879K, committed 34176K, reserved 1081344K
  class space    used 4316K, committed 4480K, reserved 1048576K
}
Event: 9.054 GC heap before
{Heap before GC invocations=13 (full 0):
 garbage-first heap   total 54272K, used 39110K [0x00000000d1000000, 0x0000000100000000)
  region size 1024K, 16 young (16384K), 3 survivors (3072K)
 Metaspace       used 34225K, committed 34624K, reserved 1081344K
  class space    used 4365K, committed 4544K, reserved 1048576K
}
Event: 9.060 GC heap after
{Heap after GC invocations=14 (full 0):
 garbage-first heap   total 54272K, used 28994K [0x00000000d1000000, 0x0000000100000000)
  region size 1024K, 2 young (2048K), 2 survivors (2048K)
 Metaspace       used 34225K, committed 34624K, reserved 1081344K
  class space    used 4365K, committed 4544K, reserved 1048576K
}
Event: 9.118 GC heap before
{Heap before GC invocations=14 (full 0):
 garbage-first heap   total 66560K, used 40258K [0x00000000d1000000, 0x0000000100000000)
  region size 1024K, 13 young (13312K), 2 survivors (2048K)
 Metaspace       used 34337K, committed 34688K, reserved 1081344K
  class space    used 4385K, committed 4544K, reserved 1048576K
}
Event: 9.123 GC heap after
{Heap after GC invocations=15 (full 0):
 garbage-first heap   total 66560K, used 31192K [0x00000000d1000000, 0x0000000100000000)
  region size 1024K, 2 young (2048K), 2 survivors (2048K)
 Metaspace       used 34337K, committed 34688K, reserved 1081344K
  class space    used 4385K, committed 4544K, reserved 1048576K
}
Event: 9.216 GC heap before
{Heap before GC invocations=16 (full 0):
 garbage-first heap   total 66560K, used 49624K [0x00000000d1000000, 0x0000000100000000)
  region size 1024K, 20 young (20480K), 2 survivors (2048K)
 Metaspace       used 34485K, committed 34816K, reserved 1081344K
  class space    used 4409K, committed 4544K, reserved 1048576K
}
Event: 9.223 GC heap after
{Heap after GC invocations=17 (full 0):
 garbage-first heap   total 66560K, used 34200K [0x00000000d1000000, 0x0000000100000000)
  region size 1024K, 3 young (3072K), 3 survivors (3072K)
 Metaspace       used 34485K, committed 34816K, reserved 1081344K
  class space    used 4409K, committed 4544K, reserved 1048576K
}
Event: 9.227 GC heap before
{Heap before GC invocations=17 (full 0):
 garbage-first heap   total 66560K, used 35224K [0x00000000d1000000, 0x0000000100000000)
  region size 1024K, 4 young (4096K), 3 survivors (3072K)
 Metaspace       used 34496K, committed 34816K, reserved 1081344K
  class space    used 4411K, committed 4544K, reserved 1048576K
}
Event: 9.231 GC heap after
{Heap after GC invocations=18 (full 0):
 garbage-first heap   total 92160K, used 34415K [0x00000000d1000000, 0x0000000100000000)
  region size 1024K, 1 young (1024K), 1 survivors (1024K)
 Metaspace       used 34496K, committed 34816K, reserved 1081344K
  class space    used 4411K, committed 4544K, reserved 1048576K
}
Event: 9.392 GC heap before
{Heap before GC invocations=18 (full 0):
 garbage-first heap   total 92160K, used 66159K [0x00000000d1000000, 0x0000000100000000)
  region size 1024K, 32 young (32768K), 1 survivors (1024K)
 Metaspace       used 34753K, committed 35136K, reserved 1081344K
  class space    used 4452K, committed 4608K, reserved 1048576K
}
Event: 9.402 GC heap after
{Heap after GC invocations=19 (full 0):
 garbage-first heap   total 92160K, used 40921K [0x00000000d1000000, 0x0000000100000000)
  region size 1024K, 4 young (4096K), 4 survivors (4096K)
 Metaspace       used 34753K, committed 35136K, reserved 1081344K
  class space    used 4452K, committed 4608K, reserved 1048576K
}
Event: 10.315 GC heap before
{Heap before GC invocations=19 (full 0):
 garbage-first heap   total 92160K, used 66521K [0x00000000d1000000, 0x0000000100000000)
  region size 1024K, 29 young (29696K), 4 survivors (4096K)
 Metaspace       used 36170K, committed 36480K, reserved 1081344K
  class space    used 4723K, committed 4864K, reserved 1048576K
}
Event: 10.332 GC heap after
{Heap after GC invocations=20 (full 0):
 garbage-first heap   total 92160K, used 47567K [0x00000000d1000000, 0x0000000100000000)
  region size 1024K, 4 young (4096K), 4 survivors (4096K)
 Metaspace       used 36170K, committed 36480K, reserved 1081344K
  class space    used 4723K, committed 4864K, reserved 1048576K
}
Event: 10.415 GC heap before
{Heap before GC invocations=20 (full 0):
 garbage-first heap   total 92160K, used 51663K [0x00000000d1000000, 0x0000000100000000)
  region size 1024K, 10 young (10240K), 4 survivors (4096K)
 Metaspace       used 36187K, committed 36480K, reserved 1081344K
  class space    used 4727K, committed 4864K, reserved 1048576K
}
Event: 10.424 GC heap after
{Heap after GC invocations=21 (full 0):
 garbage-first heap   total 92160K, used 50286K [0x00000000d1000000, 0x0000000100000000)
  region size 1024K, 3 young (3072K), 3 survivors (3072K)
 Metaspace       used 36187K, committed 36480K, reserved 1081344K
  class space    used 4727K, committed 4864K, reserved 1048576K
}
Event: 10.563 GC heap before
{Heap before GC invocations=21 (full 0):
 garbage-first heap   total 114688K, used 69742K [0x00000000d1000000, 0x0000000100000000)
  region size 1024K, 21 young (21504K), 3 survivors (3072K)
 Metaspace       used 36588K, committed 36928K, reserved 1081344K
  class space    used 4769K, committed 4928K, reserved 1048576K
}
Event: 10.582 GC heap after
{Heap after GC invocations=22 (full 0):
 garbage-first heap   total 114688K, used 60723K [0x00000000d1000000, 0x0000000100000000)
  region size 1024K, 3 young (3072K), 3 survivors (3072K)
 Metaspace       used 36588K, committed 36928K, reserved 1081344K
  class space    used 4769K, committed 4928K, reserved 1048576K
}
Event: 10.690 GC heap before
{Heap before GC invocations=23 (full 0):
 garbage-first heap   total 114688K, used 81203K [0x00000000d1000000, 0x0000000100000000)
  region size 1024K, 24 young (24576K), 3 survivors (3072K)
 Metaspace       used 36931K, committed 37248K, reserved 1081344K
  class space    used 4789K, committed 4928K, reserved 1048576K
}
Event: 10.712 GC heap after
{Heap after GC invocations=24 (full 0):
 garbage-first heap   total 114688K, used 65802K [0x00000000d1000000, 0x0000000100000000)
  region size 1024K, 3 young (3072K), 3 survivors (3072K)
 Metaspace       used 36931K, committed 37248K, reserved 1081344K
  class space    used 4789K, committed 4928K, reserved 1048576K
}
Event: 10.719 GC heap before
{Heap before GC invocations=24 (full 0):
 garbage-first heap   total 114688K, used 66826K [0x00000000d1000000, 0x0000000100000000)
  region size 1024K, 5 young (5120K), 3 survivors (3072K)
 Metaspace       used 36931K, committed 37248K, reserved 1081344K
  class space    used 4789K, committed 4928K, reserved 1048576K
}

Deoptimization events (10 events):
Event: 4.779 Thread 0x00000175d9c948b0 DEOPT PACKING pc=0x00000175dccc6499 sp=0x00000051b46fd6d0
Event: 4.779 Thread 0x00000175d9c948b0 DEOPT UNPACKING pc=0x00000175dc972b43 sp=0x00000051b46fcbb0 mode 3
Event: 8.239 Thread 0x00000175e5d9e7e0 DEOPT PACKING pc=0x00000175dce7d92b sp=0x00000051b5cfe770
Event: 8.240 Thread 0x00000175e5d9e7e0 DEOPT UNPACKING pc=0x00000175dc972b43 sp=0x00000051b5cfdcb8 mode 3
Event: 8.951 Thread 0x00000175e60a3920 DEOPT PACKING pc=0x00000175dccc7501 sp=0x00000051b62feb40
Event: 8.951 Thread 0x00000175e60a3920 DEOPT UNPACKING pc=0x00000175dc972b43 sp=0x00000051b62fdfd0 mode 3
Event: 9.499 Thread 0x00000175e60a3920 DEOPT PACKING pc=0x00000175dccc2e17 sp=0x00000051b62feae0
Event: 9.499 Thread 0x00000175e60a3920 DEOPT UNPACKING pc=0x00000175dc972b43 sp=0x00000051b62fdf38 mode 3
Event: 9.758 Thread 0x00000175e60b3220 DEOPT PACKING pc=0x00000175dcfd19b5 sp=0x00000051b6afd890
Event: 9.758 Thread 0x00000175e60b3220 DEOPT UNPACKING pc=0x00000175dc972b43 sp=0x00000051b6afcdb8 mode 3

Classes unloaded (0 events):
No events

Classes redefined (0 events):
No events

Internal exceptions (20 events):
Event: 8.347 Thread 0x00000175e5f05f90 Exception <a 'sun/nio/fs/WindowsException'{0x00000000d2e647e0}> (0x00000000d2e647e0) 
thrown [s\src\hotspot\share\prims\jni.cpp, line 516]
Event: 8.348 Thread 0x00000175e5f05f90 Exception <a 'sun/nio/fs/WindowsException'{0x00000000d2e64ba0}> (0x00000000d2e64ba0) 
thrown [s\src\hotspot\share\prims\jni.cpp, line 516]
Event: 8.348 Thread 0x00000175e5f05f90 Exception <a 'sun/nio/fs/WindowsException'{0x00000000d2e655a0}> (0x00000000d2e655a0) 
thrown [s\src\hotspot\share\prims\jni.cpp, line 516]
Event: 8.348 Thread 0x00000175e5f05f90 Exception <a 'sun/nio/fs/WindowsException'{0x00000000d2e65950}> (0x00000000d2e65950) 
thrown [s\src\hotspot\share\prims\jni.cpp, line 516]
Event: 8.348 Thread 0x00000175e5f05f90 Exception <a 'sun/nio/fs/WindowsException'{0x00000000d2e66350}> (0x00000000d2e66350) 
thrown [s\src\hotspot\share\prims\jni.cpp, line 516]
Event: 8.348 Thread 0x00000175e5f05f90 Exception <a 'sun/nio/fs/WindowsException'{0x00000000d2e66710}> (0x00000000d2e66710) 
thrown [s\src\hotspot\share\prims\jni.cpp, line 516]
Event: 8.348 Thread 0x00000175e5f05f90 Exception <a 'sun/nio/fs/WindowsException'{0x00000000d2e67138}> (0x00000000d2e67138) 
thrown [s\src\hotspot\share\prims\jni.cpp, line 516]
Event: 8.348 Thread 0x00000175e5f05f90 Exception <a 'sun/nio/fs/WindowsException'{0x00000000d2e67518}> (0x00000000d2e67518) 
thrown [s\src\hotspot\share\prims\jni.cpp, line 516]
Event: 8.348 Thread 0x00000175e5f05f90 Exception <a 'sun/nio/fs/WindowsException'{0x00000000d2e67f50}> (0x00000000d2e67f50) 
thrown [s\src\hotspot\share\prims\jni.cpp, line 516]
Event: 8.348 Thread 0x00000175e5f05f90 Exception <a 'sun/nio/fs/WindowsException'{0x00000000d2e68340}> (0x00000000d2e68340) 
thrown [s\src\hotspot\share\prims\jni.cpp, line 516]
Event: 8.349 Thread 0x00000175e5f05f90 Exception <a 'sun/nio/fs/WindowsException'{0x00000000d2e68d68}> (0x00000000d2e68d68) 
thrown [s\src\hotspot\share\prims\jni.cpp, line 516]
Event: 8.349 Thread 0x00000175e5f05f90 Exception <a 'sun/nio/fs/WindowsException'{0x00000000d2e69158}> (0x00000000d2e69158) 
thrown [s\src\hotspot\share\prims\jni.cpp, line 516]
Event: 8.382 Thread 0x00000175d9c948b0 Exception <a 'java/lang/NoSuchMethodError'{0x00000000d3fac268}: 'java.lang.Object java.lang.invoke.DirectMethodHandle$Holder.newInvokeSpecial(java.lang.Object, java.lang.Object, int, java.lang.Object, java.lang.Object)'> (0x00000000d3fac268) 
thrown [s\src\hotspot\share\interpreter\linkResolver.cpp, line 759]
Event: 8.385 Thread 0x00000175d9c948b0 Exception <a 'java/lang/NoSuchMethodError'{0x00000000d3fbe238}: 'java.lang.Object java.lang.invoke.DirectMethodHandle$Holder.invokeSpecial(java.lang.Object, java.lang.Object, int, java.lang.Object, int, java.lang.Object)'> (0x00000000d3fbe238) 
thrown [s\src\hotspot\share\interpreter\linkResolver.cpp, line 759]
Event: 8.385 Thread 0x00000175d9c948b0 Exception <a 'java/lang/NoSuchMethodError'{0x00000000d3fc6038}: 'java.lang.Object java.lang.invoke.DirectMethodHandle$Holder.newInvokeSpecial(java.lang.Object, java.lang.Object, int, java.lang.Object, int)'> (0x00000000d3fc6038) 
thrown [s\src\hotspot\share\interpreter\linkResolver.cpp, line 759]
Event: 8.386 Thread 0x00000175d9c948b0 Exception <a 'java/lang/NoSuchMethodError'{0x00000000d3fca138}: 'java.lang.Object java.lang.invoke.DirectMethodHandle$Holder.invokeSpecial(java.lang.Object, java.lang.Object, java.lang.Object, int, java.lang.Object, int)'> (0x00000000d3fca138) 
thrown [s\src\hotspot\share\interpreter\linkResolver.cpp, line 759]
Event: 9.754 Thread 0x00000175e60b3220 Exception <a 'java/lang/NoSuchMethodError'{0x00000000d5e91670}: 'java.lang.Object java.lang.invoke.DirectMethodHandle$Holder.invokeStatic(java.lang.Object, int, java.lang.Object)'> (0x00000000d5e91670) 
thrown [s\src\hotspot\share\interpreter\linkResolver.cpp, line 759]
Event: 9.770 Thread 0x00000175e60b23b0 Exception <a 'java/lang/NoSuchMethodError'{0x00000000d5ef57e0}: 'java.lang.Object java.lang.invoke.DirectMethodHandle$Holder.invokeStatic(java.lang.Object, java.lang.Object, java.lang.Object, int, java.lang.Object, java.lang.Object)'> (0x00000000d5ef57e0) 
thrown [s\src\hotspot\share\interpreter\linkResolver.cpp, line 759]
Event: 10.054 Thread 0x00000175e60b3220 Exception <a 'java/lang/NoSuchMethodError'{0x00000000d5599748}: 'int java.lang.invoke.DirectMethodHandle$Holder.invokeStatic(java.lang.Object)'> (0x00000000d5599748) 
thrown [s\src\hotspot\share\interpreter\linkResolver.cpp, line 759]
Event: 10.054 Thread 0x00000175e60b3220 Exception <a 'java/lang/NoSuchMethodError'{0x00000000d559cdf0}: 'int java.lang.invoke.DirectMethodHandle$Holder.invokeStaticInit(java.lang.Object)'> (0x00000000d559cdf0) 
thrown [s\src\hotspot\share\interpreter\linkResolver.cpp, line 759]

VM Operations (20 events):
Event: 9.408 Executing VM operation: HandshakeAllThreads done
Event: 9.838 Executing VM operation: HandshakeAllThreads
Event: 9.850 Executing VM operation: HandshakeAllThreads done
Event: 10.058 Executing VM operation: HandshakeAllThreads
Event: 10.059 Executing VM operation: HandshakeAllThreads done
Event: 10.315 Executing VM operation: G1CollectForAllocation
Event: 10.333 Executing VM operation: G1CollectForAllocation done
Event: 10.415 Executing VM operation: G1TryInitiateConcMark
Event: 10.424 Executing VM operation: G1TryInitiateConcMark done
Event: 10.521 Executing VM operation: G1Concurrent
Event: 10.525 Executing VM operation: G1Concurrent done
Event: 10.563 Executing VM operation: G1CollectForAllocation
Event: 10.588 Executing VM operation: G1CollectForAllocation done
Event: 10.589 Executing VM operation: G1Concurrent
Event: 10.590 Executing VM operation: G1Concurrent done
Event: 10.680 Executing VM operation: G1CollectForAllocation
Event: 10.689 Executing VM operation: G1CollectForAllocation done
Event: 10.690 Executing VM operation: G1CollectForAllocation
Event: 10.712 Executing VM operation: G1CollectForAllocation done
Event: 10.718 Executing VM operation: G1CollectForAllocation

Events (20 events):
Event: 9.856 loading class java/util/concurrent/CompletableFuture$UniApply done
Event: 9.858 Thread 0x00000175e60b3bc0 Thread added: 0x00000175e60b3bc0
Event: 9.858 loading class java/util/concurrent/CompletableFuture$UniExceptionally
Event: 9.858 loading class java/util/concurrent/CompletableFuture$UniExceptionally done
Event: 9.863 loading class java/util/concurrent/CompletableFuture$Signaller
Event: 9.864 loading class java/util/concurrent/CompletableFuture$Signaller done
Event: 9.872 loading class java/util/concurrent/CompletableFuture$UniCompose
Event: 9.872 loading class java/util/concurrent/CompletableFuture$UniCompose done
Event: 9.873 Thread 0x00000175e60b1ee0 Thread added: 0x00000175e60b1ee0
Event: 9.875 Thread 0x00000175e7c72940 Thread added: 0x00000175e7c72940
Event: 9.875 loading class java/util/concurrent/CompletableFuture$UniRelay
Event: 9.875 loading class java/util/concurrent/CompletableFuture$UniRelay done
Event: 9.931 Thread 0x00000175e7c732e0 Thread added: 0x00000175e7c732e0
Event: 10.100 Thread 0x00000175e7c74af0 Thread added: 0x00000175e7c74af0
Event: 10.117 loading class java/util/regex/Pattern$1
Event: 10.117 loading class java/util/regex/Pattern$1 done
Event: 10.481 loading class jdk/internal/vm/annotation/ForceInline
Event: 10.481 loading class jdk/internal/vm/annotation/ForceInline done
Event: 10.507 loading class java/util/stream/Nodes$SpinedNodeBuilder
Event: 10.507 loading class java/util/stream/Nodes$SpinedNodeBuilder done


Dynamic libraries:
0x00007ff61d610000 - 0x00007ff61d61e000 	c:\Users\Diana\.vscode\extensions\redhat.java-1.11.0-win32-x64\jre\17.0.4.1-win32-x86_64\bin\java.exe
0x00007ffc9c9c0000 - 0x00007ffc9cbc9000 	C:\WINDOWS\SYSTEM32\ntdll.dll
0x00007ffc70200000 - 0x00007ffc70217000 	C:\Program Files\Avast Software\Avast\aswhook.dll
0x00007ffc9b9f0000 - 0x00007ffc9baad000 	C:\WINDOWS\System32\KERNEL32.DLL
0x00007ffc99e90000 - 0x00007ffc9a20b000 	C:\WINDOWS\System32\KERNELBASE.dll
0x00007ffc9a600000 - 0x00007ffc9a711000 	C:\WINDOWS\System32\ucrtbase.dll
0x00007ffc71860000 - 0x00007ffc71879000 	c:\Users\Diana\.vscode\extensions\redhat.java-1.11.0-win32-x64\jre\17.0.4.1-win32-x86_64\bin\VCRUNTIME140.dll
0x00007ffc71ac0000 - 0x00007ffc71ad8000 	c:\Users\Diana\.vscode\extensions\redhat.java-1.11.0-win32-x64\jre\17.0.4.1-win32-x86_64\bin\jli.dll
0x00007ffc9c770000 - 0x00007ffc9c91d000 	C:\WINDOWS\System32\USER32.dll
0x00007ffc9a5d0000 - 0x00007ffc9a5f6000 	C:\WINDOWS\System32\win32u.dll
0x00007ffc9bab0000 - 0x00007ffc9bad9000 	C:\WINDOWS\System32\GDI32.dll
0x00007ffc9a720000 - 0x00007ffc9a838000 	C:\WINDOWS\System32\gdi32full.dll
0x00007ffc9a290000 - 0x00007ffc9a32d000 	C:\WINDOWS\System32\msvcp_win.dll
0x00007ffc783f0000 - 0x00007ffc78695000 	C:\WINDOWS\WinSxS\amd64_microsoft.windows.common-controls_6595b64144ccf1df_6.0.22000.120_none_9d947278b86cc467\COMCTL32.dll
0x00007ffc9bd40000 - 0x00007ffc9bde3000 	C:\WINDOWS\System32\msvcrt.dll
0x00007ffc9bb40000 - 0x00007ffc9bb71000 	C:\WINDOWS\System32\IMM32.DLL
0x00007ffc71db0000 - 0x00007ffc71dbc000 	c:\Users\Diana\.vscode\extensions\redhat.java-1.11.0-win32-x64\jre\17.0.4.1-win32-x86_64\bin\vcruntime140_1.dll
0x00007ffbf0290000 - 0x00007ffbf0321000 	c:\Users\Diana\.vscode\extensions\redhat.java-1.11.0-win32-x64\jre\17.0.4.1-win32-x86_64\bin\msvcp140.dll
0x00007ffbe8fe0000 - 0x00007ffbe9c26000 	c:\Users\Diana\.vscode\extensions\redhat.java-1.11.0-win32-x64\jre\17.0.4.1-win32-x86_64\bin\server\jvm.dll
0x00007ffc9a8a0000 - 0x00007ffc9a94e000 	C:\WINDOWS\System32\ADVAPI32.dll
0x00007ffc9bca0000 - 0x00007ffc9bd3e000 	C:\WINDOWS\System32\sechost.dll
0x00007ffc9bb80000 - 0x00007ffc9bca0000 	C:\WINDOWS\System32\RPCRT4.dll
0x00007ffc9beb0000 - 0x00007ffc9beb8000 	C:\WINDOWS\System32\PSAPI.DLL
0x00007ffc81010000 - 0x00007ffc81019000 	C:\WINDOWS\SYSTEM32\WSOCK32.dll
0x00007ffc9b650000 - 0x00007ffc9b6bf000 	C:\WINDOWS\System32\WS2_32.dll
0x00007ffc93fd0000 - 0x00007ffc94003000 	C:\WINDOWS\SYSTEM32\WINMM.dll
0x00007ffc92720000 - 0x00007ffc9272a000 	C:\WINDOWS\SYSTEM32\VERSION.dll
0x00007ffc98f10000 - 0x00007ffc98f28000 	C:\WINDOWS\SYSTEM32\kernel.appcore.dll
0x00007ffc71cf0000 - 0x00007ffc71cfa000 	c:\Users\Diana\.vscode\extensions\redhat.java-1.11.0-win32-x64\jre\17.0.4.1-win32-x86_64\bin\jimage.dll
0x00007ffc88380000 - 0x00007ffc885a1000 	C:\WINDOWS\SYSTEM32\DBGHELP.DLL
0x00007ffc85020000 - 0x00007ffc85051000 	C:\WINDOWS\SYSTEM32\dbgcore.DLL
0x00007ffc9a210000 - 0x00007ffc9a28f000 	C:\WINDOWS\System32\bcryptPrimitives.dll
0x00007ffc5d020000 - 0x00007ffc5d045000 	c:\Users\Diana\.vscode\extensions\redhat.java-1.11.0-win32-x64\jre\17.0.4.1-win32-x86_64\bin\java.dll
0x00007ffc5f9a0000 - 0x00007ffc5f9b8000 	c:\Users\Diana\.vscode\extensions\redhat.java-1.11.0-win32-x64\jre\17.0.4.1-win32-x86_64\bin\zip.dll
0x00007ffc9a950000 - 0x00007ffc9b108000 	C:\WINDOWS\System32\SHELL32.dll
0x00007ffc97f80000 - 0x00007ffc987e5000 	C:\WINDOWS\SYSTEM32\windows.storage.dll
0x00007ffc9b110000 - 0x00007ffc9b487000 	C:\WINDOWS\System32\combase.dll
0x00007ffc97e10000 - 0x00007ffc97f76000 	C:\WINDOWS\SYSTEM32\wintypes.dll
0x00007ffc9bfb0000 - 0x00007ffc9c09a000 	C:\WINDOWS\System32\SHCORE.dll
0x00007ffc9bae0000 - 0x00007ffc9bb3d000 	C:\WINDOWS\System32\shlwapi.dll
0x00007ffc99dc0000 - 0x00007ffc99de1000 	C:\WINDOWS\SYSTEM32\profapi.dll
0x00007ffc5f930000 - 0x00007ffc5f949000 	C:\Users\Diana\.vscode\extensions\redhat.java-1.11.0-win32-x64\jre\17.0.4.1-win32-x86_64\bin\net.dll
0x00007ffc92970000 - 0x00007ffc92a7c000 	C:\WINDOWS\SYSTEM32\WINHTTP.dll
0x00007ffc993b0000 - 0x00007ffc99417000 	C:\WINDOWS\system32\mswsock.dll
0x00007ffc5c060000 - 0x00007ffc5c075000 	C:\Users\Diana\.vscode\extensions\redhat.java-1.11.0-win32-x64\jre\17.0.4.1-win32-x86_64\bin\nio.dll
0x00007ffc71b00000 - 0x00007ffc71b10000 	c:\Users\Diana\.vscode\extensions\redhat.java-1.11.0-win32-x64\jre\17.0.4.1-win32-x86_64\bin\verify.dll
0x00007ffc72050000 - 0x00007ffc72059000 	C:\Users\Diana\.vscode\extensions\redhat.java-1.11.0-win32-x64\jre\17.0.4.1-win32-x86_64\bin\management.dll
0x00007ffc71d10000 - 0x00007ffc71d1b000 	C:\Users\Diana\.vscode\extensions\redhat.java-1.11.0-win32-x64\jre\17.0.4.1-win32-x86_64\bin\management_ext.dll
0x00007ffc7a420000 - 0x00007ffc7a437000 	C:\WINDOWS\system32\napinsp.dll
0x00007ffc7a400000 - 0x00007ffc7a41b000 	C:\WINDOWS\system32\pnrpnsp.dll
0x00007ffc98a60000 - 0x00007ffc98b48000 	C:\WINDOWS\SYSTEM32\DNSAPI.dll
0x00007ffc98a30000 - 0x00007ffc98a5d000 	C:\WINDOWS\SYSTEM32\IPHLPAPI.DLL
0x00007ffc9be20000 - 0x00007ffc9be29000 	C:\WINDOWS\System32\NSI.dll
0x00007ffc7a3e0000 - 0x00007ffc7a3f2000 	C:\WINDOWS\System32\winrnr.dll
0x00007ffc79f20000 - 0x00007ffc79f35000 	C:\WINDOWS\system32\wshbth.dll
0x00007ffc79f00000 - 0x00007ffc79f1f000 	C:\WINDOWS\system32\nlansp_c.dll
0x00007ffc90040000 - 0x00007ffc9004a000 	C:\Windows\System32\rasadhlp.dll
0x00007ffc90860000 - 0x00007ffc908e1000 	C:\WINDOWS\System32\fwpuclnt.dll
0x00007ffc995f0000 - 0x00007ffc99608000 	C:\WINDOWS\SYSTEM32\CRYPTSP.dll
0x00007ffc98e70000 - 0x00007ffc98ea5000 	C:\WINDOWS\system32\rsaenh.dll
0x00007ffc994a0000 - 0x00007ffc994c9000 	C:\WINDOWS\SYSTEM32\USERENV.dll
0x00007ffc99780000 - 0x00007ffc997a7000 	C:\WINDOWS\SYSTEM32\bcrypt.dll
0x00007ffc99610000 - 0x00007ffc9961c000 	C:\WINDOWS\SYSTEM32\CRYPTBASE.dll
0x00007ffc92e10000 - 0x00007ffc92e29000 	C:\WINDOWS\SYSTEM32\dhcpcsvc6.DLL
0x00007ffc92e50000 - 0x00007ffc92e6e000 	C:\WINDOWS\SYSTEM32\dhcpcsvc.DLL

dbghelp: loaded successfully - version: 4.0.5 - missing functions: none
symbol engine: initialized successfully - sym options: 0x614 - pdb path: .;c:\Users\Diana\.vscode\extensions\redhat.java-1.11.0-win32-x64\jre\17.0.4.1-win32-x86_64\bin;C:\WINDOWS\SYSTEM32;C:\Program Files\Avast Software\Avast;C:\WINDOWS\WinSxS\amd64_microsoft.windows.common-controls_6595b64144ccf1df_6.0.22000.120_none_9d947278b86cc467;c:\Users\Diana\.vscode\extensions\redhat.java-1.11.0-win32-x64\jre\17.0.4.1-win32-x86_64\bin\server

VM Arguments:
jvm_args: -Dsts.lsp.client=vscode -Dsts.log.file=/dev/null -XX:TieredStopAtLevel=1 -Xlog:jni+resolve=off -Dspring.config.location=file:c:\Users\Diana\.vscode\extensions\pivotal.vscode-spring-boot-1.39.0\language-server\BOOT-INF\classes\application.properties 
java_command: org.springframework.ide.vscode.boot.app.BootLanguageServerBootApp
java_class_path (initial): c:\Users\Diana\.vscode\extensions\pivotal.vscode-spring-boot-1.39.0\language-server\BOOT-INF\classes;c:\Users\Diana\.vscode\extensions\pivotal.vscode-spring-boot-1.39.0\language-server\BOOT-INF\lib\annotations-23.0.0.jar;c:\Users\Diana\.vscode\extensions\pivotal.vscode-spring-boot-1.39.0\language-server\BOOT-INF\lib\antlr-runtime-3.5.2.jar;c:\Users\Diana\.vscode\extensions\pivotal.vscode-spring-boot-1.39.0\language-server\BOOT-INF\lib\antlr4-4.9.3.jar;c:\Users\Diana\.vscode\extensions\pivotal.vscode-spring-boot-1.39.0\language-server\BOOT-INF\lib\antlr4-runtime-4.9.3.jar;c:\Users\Diana\.vscode\extensions\pivotal.vscode-spring-boot-1.39.0\language-server\BOOT-INF\lib\asm-9.3.jar;c:\Users\Diana\.vscode\extensions\pivotal.vscode-spring-boot-1.39.0\language-server\BOOT-INF\lib\asm-analysis-9.3.jar;c:\Users\Diana\.vscode\extensions\pivotal.vscode-spring-boot-1.39.0\language-server\BOOT-INF\lib\asm-tree-9.3.jar;c:\Users\Diana\.vscode\extensions\pivotal.vscode-spring-boot-1.39.0\language-server\BOOT-INF\lib\asm-util-9.3.jar;c:\Users\Diana\.vscode\extensions\pivotal.vscode-spring-boot-1.39.0\language-server\BOOT-INF\lib\byte-buddy-1.12.13.jar;c:\Users\Diana\.vscode\extensions\pivotal.vscode-spring-boot-1.39.0\language-server\BOOT-INF\lib\caffeine-2.9.3.jar;c:\Users\Diana\.vscode\extensions\pivotal.vscode-spring-boot-1.39.0\language-server\BOOT-INF\lib\checker-qual-3.12.0.jar;c:\Users\Diana\.vscode\extensions\pivotal.vscode-spring-boot-1.39.0\language-server\BOOT-INF\lib\classgraph-4.8.149.jar;c:\Users\Diana\.vscode\extensions\pivotal.vscode-spring-boot-1.39.0\language-server\BOOT-INF\lib\commons-codec-1.15.jar;c:\Users\Diana\.vscode\extensions\pivotal.vscode-spring-boot-1.39.0\language-server\BOOT-INF\lib\commons-compress-1.21.jar;c:\Users\Diana\.vscode\extensions\pivotal.vscode-spring-boot-1.39.0\language-server\BOOT-INF\lib\commons-exec-1.3.jar;c:\Users\Diana\.vscode\extensions\pivotal.vscode-spring-boot-1.39.0\language-server\BOOT-INF\lib\com
Launcher Type: SUN_STANDARD

[Global flags]
     intx CICompilerCount                          = 3                                         {product} {ergonomic}
     uint ConcGCThreads                            = 1                                         {product} {ergonomic}
     uint G1ConcRefinementThreads                  = 4                                         {product} {ergonomic}
   size_t G1HeapRegionSize                         = 1048576                                   {product} {ergonomic}
    uintx GCDrainStackTargetSize                   = 64                                        {product} {ergonomic}
   size_t InitialHeapSize                          = 50331648                                  {product} {ergonomic}
   size_t MarkStackSize                            = 4194304                                   {product} {ergonomic}
   size_t MaxHeapSize                              = 788529152                                 {product} {ergonomic}
   size_t MaxNewSize                               = 472907776                                 {product} {ergonomic}
   size_t MinHeapDeltaBytes                        = 1048576                                   {product} {ergonomic}
   size_t MinHeapSize                              = 8388608                                   {product} {ergonomic}
    uintx NonProfiledCodeHeapSize                  = 0                                      {pd product} {ergonomic}
     bool ProfileInterpreter                       = false                                  {pd product} {command line}
    uintx ProfiledCodeHeapSize                     = 0                                      {pd product} {ergonomic}
   size_t SoftMaxHeapSize                          = 788529152                              {manageable} {ergonomic}
     intx TieredStopAtLevel                        = 1                                         {product} {command line}
     bool UseCompressedClassPointers               = true                           {product lp64_product} {ergonomic}
     bool UseCompressedOops                        = true                           {product lp64_product} {ergonomic}
     bool UseG1GC                                  = true                                      {product} {ergonomic}
     bool UseLargePagesIndividualAllocation        = false                                  {pd product} {ergonomic}

Logging:
Log output configuration:
 #0: stdout all=warning,jni+resolve=off uptime,level,tags
 #1: stderr all=off uptime,level,tags

Environment Variables:
JAVA_HOME=C:\Program Files\Eclipse Adoptium\jdk-17.0.3.7-hotspot\
PATH=C:\Users\Diana\bin;C:\Program Files\Git\mingw64\bin;C:\Program Files\Git\usr\local\bin;C:\Program Files\Git\usr\bin;C:\Program Files\Git\usr\bin;C:\Program Files\Git\mingw64\bin;C:\Program Files\Git\usr\bin;C:\Users\Diana\bin;C:\Python310\Scripts;C:\Python310;C:\Program Files\Eclipse Adoptium\jdk-17.0.3.7-hotspot\bin;C:\Program Files (x86)\Common Files\Oracle\Java\javapath;C:\WINDOWS\system32;C:\WINDOWS;C:\WINDOWS\System32\Wbem;C:\WINDOWS\System32\WindowsPowerShell\v1.0;C:\WINDOWS\System32\OpenSSH;C:\Program Files (x86)\Brackets\command;C:\Program Files (x86)\AMD\ATI.ACE\Core-Static;C:\Users\Diana\OneDrive\Desktop\PROYECTO_JAVA\apache-maven-3.8.5\bin;C:\Program Files\Git\cmd;C:\ProgramData\chocolatey\bin;C:\Program Files\nodejs;C:\xampp\php;C:\ProgramData\ComposerSetup\bin;C:\Users\Diana\AppData\Local\Microsoft\WindowsApps;C:\Users\Diana\AppData\Local\Programs\Microsoft VS Code\bin;C:\Users\Diana\AppData\Roaming\npm;C:\Users\Diana\AppData\Roaming\Composer\vendor\bin;C:\Users\Diana\AppData\Local\GitHubDesktop\bin;C:\Program Files\Git\usr\bin\vendor_perl;C:\Program Files\Git\usr\bin\core_perl
USERNAME=Diana
SHELL=C:\Program Files\Git\usr\bin\bash.exe
DISPLAY=needs-to-be-defined
LANG=es_ES.UTF-8
TERM=xterm-256color
TMPDIR=C:\Users\Diana\AppData\Local\Temp
OS=Windows_NT
PROCESSOR_IDENTIFIER=AMD64 Family 23 Model 24 Stepping 1, AuthenticAMD
TMP=C:\Users\Diana\AppData\Local\Temp
TEMP=C:\Users\Diana\AppData\Local\Temp



---------------  S Y S T E M  ---------------

OS:
 Windows 11 , 64 bit Build 22000 (10.0.22000.708)
OS uptime: 0 days 4:54 hours

CPU: total 4 (initial active 4) (4 cores per cpu, 2 threads per core) family 23 model 24 stepping 1 microcode 0x0, cx8, cmov, fxsr, ht, mmx, 3dnowpref, sse, sse2, sse3, ssse3, sse4a, sse4.1, sse4.2, popcnt, lzcnt, tsc, tscinvbit, avx, avx2, aes, clmul, bmi1, bmi2, adx, sha, fma, vzeroupper, clflush, clflushopt

Memory: 4k page, system-wide physical 3005M (61M free)
TotalPageFile size 12221M (AvailPageFile size 84M)
current process WorkingSet (physical memory assigned to process): 211M, peak: 211M
current process commit charge ("private bytes"): 240M, peak: 384M

vm_info: OpenJDK 64-Bit Server VM (17.0.4.1+1) for windows-amd64 JRE (17.0.4.1+1), built on Aug 17 2022 07:42:43 by "temurin" with MS VC++ 16.7 (VS2019)

END.
