#
# There is insufficient memory for the Java Runtime Environment to continue.
# Native memory allocation (mmap) failed to map 94371840 bytes for G1 virtual space
# Possible reasons:
#   The system is out of physical RAM or swap space
#   The process is running with CompressedOops enabled, and the Java Heap may be blocking the growth of the native heap
# Possible solutions:
#   Reduce memory load on the system
#   Increase physical memory or swap space
#   Check if swap backing store is full
#   Decrease Java heap size (-Xmx/-Xms)
#   Decrease number of Java threads
#   Decrease Java thread stack sizes (-Xss)
#   Set larger code cache with -XX:ReservedCodeCacheSize=
#   JVM is running with Unscaled Compressed Oops mode in which the Java heap is
#     placed in the first 4GB address space. The Java Heap base address is the
#     maximum limit for the native heap growth. Please use -XX:HeapBaseMinAddress
#     to set the Java Heap base and to place the Java Heap above 4GB virtual address.
# This output file may be truncated or incomplete.
#
#  Out of Memory Error (os_windows.cpp:3535), pid=13728, tid=12048
#
# JRE version: OpenJDK Runtime Environment Temurin-17.0.3+7 (17.0.3+7) (build 17.0.3+7)
# Java VM: OpenJDK 64-Bit Server VM Temurin-17.0.3+7 (17.0.3+7, mixed mode, sharing, tiered, compressed oops, compressed class ptrs, g1 gc, windows-amd64)
# No core dump will be written. Minidumps are not enabled by default on client versions of Windows
#

---------------  S U M M A R Y ------------

Command Line: -Dcom.sun.management.jmxremote -Dcom.sun.management.jmxremote.port=59813 -Dcom.sun.management.jmxremote.authenticate=false -Dcom.sun.management.jmxremote.ssl=false -Djava.rmi.server.hostname=localhost -Dspring.application.admin.enabled=true -Dspring.jmx.enabled=true -Dspring.boot.project.name=proyecto -XX:+ShowCodeDetailsInExceptionMessages yeilux.com.proyecto.ProyectoApplication

Host: AMD Ryzen 3 3250U with Radeon Graphics         , 4 cores, 2G,  Windows 11 , 64 bit Build 22000 (10.0.22000.708)
Time: Mon Oct 17 11:15:07 2022 Hora est. Pacífico, Sudamérica elapsed time: 1319.003282 seconds (0d 0h 21m 59s)

---------------  T H R E A D  ---------------

Current thread (0x0000029f4bace470):  VMThread "VM Thread" [stack: 0x000000a937c00000,0x000000a937d00000] [id=12048]

Stack: [0x000000a937c00000,0x000000a937d00000]
Native frames: (J=compiled Java code, j=interpreted, Vv=VM code, C=native code)
V  [jvm.dll+0x675efa]
V  [jvm.dll+0x830a24]
V  [jvm.dll+0x8321ce]
V  [jvm.dll+0x832833]
V  [jvm.dll+0x2454b5]
V  [jvm.dll+0x672de9]
V  [jvm.dll+0x667732]
V  [jvm.dll+0x3043ab]
V  [jvm.dll+0x30b8f6]
V  [jvm.dll+0x35b62e]
V  [jvm.dll+0x35b85f]
V  [jvm.dll+0x2db248]
V  [jvm.dll+0x2d94fc]
V  [jvm.dll+0x2d8acc]
V  [jvm.dll+0x31ca2b]
V  [jvm.dll+0x836cdb]
V  [jvm.dll+0x837a14]
V  [jvm.dll+0x837f2c]
V  [jvm.dll+0x838304]
V  [jvm.dll+0x8383d0]
V  [jvm.dll+0x7e0cfa]
V  [jvm.dll+0x674d85]
C  [ucrtbase.dll+0x26c0c]
C  [KERNEL32.DLL+0x154e0]
C  [ntdll.dll+0x485b]

VM_Operation (0x000000a9396fe640): G1CollectForAllocation, mode: safepoint, requested by thread 0x0000029f6c648b80


---------------  P R O C E S S  ---------------

Threads class SMR info:
_java_thread_list=0x0000029f6c57b1c0, length=21, elements={
0x0000029f4bad45b0, 0x0000029f4bad4f60, 0x0000029f4baee1f0, 0x0000029f664ddf50,
0x0000029f664de510, 0x0000029f664deec0, 0x0000029f664dfc50, 0x0000029f664e2700,
0x0000029f6654be80, 0x0000029f670200a0, 0x0000029f670d5810, 0x0000029f67525370,
0x0000029f675d5120, 0x0000029f676d0a00, 0x0000029f687522e0, 0x0000029f6ab17550,
0x0000029f6ab14530, 0x0000029f6c6439b0, 0x0000029f6c646500, 0x0000029f6c646030,
0x0000029f6c648b80
}

Java Threads: ( => current thread )
  0x0000029f4bad45b0 JavaThread "Reference Handler" daemon [_thread_blocked, id=6580, stack(0x000000a937d00000,0x000000a937e00000)]
  0x0000029f4bad4f60 JavaThread "Finalizer" daemon [_thread_blocked, id=7596, stack(0x000000a937e00000,0x000000a937f00000)]
  0x0000029f4baee1f0 JavaThread "Signal Dispatcher" daemon [_thread_blocked, id=9264, stack(0x000000a937f00000,0x000000a938000000)]
  0x0000029f664ddf50 JavaThread "Attach Listener" daemon [_thread_blocked, id=14380, stack(0x000000a938000000,0x000000a938100000)]
  0x0000029f664de510 JavaThread "Service Thread" daemon [_thread_blocked, id=1156, stack(0x000000a938100000,0x000000a938200000)]
  0x0000029f664deec0 JavaThread "Monitor Deflation Thread" daemon [_thread_blocked, id=3908, stack(0x000000a938200000,0x000000a938300000)]
  0x0000029f664dfc50 JavaThread "C2 CompilerThread0" daemon [_thread_blocked, id=4172, stack(0x000000a938300000,0x000000a938400000)]
  0x0000029f664e2700 JavaThread "C1 CompilerThread0" daemon [_thread_blocked, id=4192, stack(0x000000a938400000,0x000000a938500000)]
  0x0000029f6654be80 JavaThread "Sweeper thread" daemon [_thread_blocked, id=3672, stack(0x000000a938500000,0x000000a938600000)]
  0x0000029f670200a0 JavaThread "Common-Cleaner" daemon [_thread_blocked, id=2696, stack(0x000000a938600000,0x000000a938700000)]
  0x0000029f670d5810 JavaThread "Notification Thread" daemon [_thread_blocked, id=16172, stack(0x000000a938700000,0x000000a938800000)]
  0x0000029f67525370 JavaThread "RMI TCP Accept-0" daemon [_thread_in_native, id=9584, stack(0x000000a938800000,0x000000a938900000)]
  0x0000029f675d5120 JavaThread "RMI TCP Accept-59813" daemon [_thread_in_native, id=4784, stack(0x000000a938900000,0x000000a938a00000)]
  0x0000029f676d0a00 JavaThread "RMI TCP Accept-0" daemon [_thread_in_native, id=11696, stack(0x000000a938a00000,0x000000a938b00000)]
  0x0000029f687522e0 JavaThread "mysql-cj-abandoned-connection-cleanup" daemon [_thread_blocked, id=8332, stack(0x000000a939500000,0x000000a939600000)]
  0x0000029f6ab17550 JavaThread "Live Reload Server" daemon [_thread_in_native, id=8596, stack(0x000000a939a00000,0x000000a939b00000)]
  0x0000029f6ab14530 JavaThread "DestroyJavaVM" [_thread_blocked, id=12672, stack(0x000000a937600000,0x000000a937700000)]
  0x0000029f6c6439b0 JavaThread "File Watcher" daemon [_thread_blocked, id=10764, stack(0x000000a937500000,0x000000a937600000)]
  0x0000029f6c646500 JavaThread "File Watcher" daemon [_thread_blocked, id=9288, stack(0x000000a939100000,0x000000a939200000)]
  0x0000029f6c646030 JavaThread "HikariPool-15 housekeeper" daemon [_thread_blocked, id=6696, stack(0x000000a939800000,0x000000a939900000)]
  0x0000029f6c648b80 JavaThread "Thread-57" [_thread_blocked, id=15188, stack(0x000000a939600000,0x000000a939700000)]

Other Threads:
=>0x0000029f4bace470 VMThread "VM Thread" [stack: 0x000000a937c00000,0x000000a937d00000] [id=12048]
  0x0000029f4ba2dc40 WatcherThread [stack: 0x000000a938b00000,0x000000a938c00000] [id=12356]
  0x0000029f4ba69190 GCTaskThread "GC Thread#0" [stack: 0x000000a937700000,0x000000a937800000] [id=15136]
  0x0000029f67727670 GCTaskThread "GC Thread#1" [stack: 0x000000a938c00000,0x000000a938d00000] [id=15844]
  0x0000029f6774bd90 GCTaskThread "GC Thread#2" [stack: 0x000000a938d00000,0x000000a938e00000] [id=9860]
  0x0000029f6774c040 GCTaskThread "GC Thread#3" [stack: 0x000000a938e00000,0x000000a938f00000] [id=8052]
  0x0000029f4ba6fdd0 ConcurrentGCThread "G1 Main Marker" [stack: 0x000000a937800000,0x000000a937900000] [id=15784]
  0x0000029f4ba716f0 ConcurrentGCThread "G1 Conc#0" [stack: 0x000000a937900000,0x000000a937a00000] [id=5584]
  0x0000029f4baabed0 ConcurrentGCThread "G1 Refine#0" [stack: 0x000000a937a00000,0x000000a937b00000] [id=3468]
  0x0000029f678d0190 ConcurrentGCThread "G1 Refine#1" [stack: 0x000000a938f00000,0x000000a939000000] [id=12944]
  0x0000029f4baad6a0 ConcurrentGCThread "G1 Service" [stack: 0x000000a937b00000,0x000000a937c00000] [id=13072]

Threads with active compile tasks:

VM state: at safepoint (normal execution)

VM Mutex/Monitor currently owned by a thread:  ([mutex/lock_event])
[0x0000029f4ba27760] Threads_lock - owner thread: 0x0000029f4bace470
[0x0000029f4ba27640] Heap_lock - owner thread: 0x0000029f6c648b80

Heap address: 0x00000000d1000000, size: 752 MB, Compressed Oops mode: 32-bit

CDS archive(s) mapped at: [0x0000000800000000-0x0000000800bc0000-0x0000000800bc0000), size 12320768, SharedBaseAddress: 0x0000000800000000, ArchiveRelocationMode: 0.
Compressed class space mapped at: 0x0000000800c00000-0x0000000840c00000, reserved size: 1073741824
Narrow klass base: 0x0000000800000000, Narrow klass shift: 0, Narrow klass range: 0x100000000

GC Precious Log:
 CPUs: 4 total, 4 available
 Memory: 3005M
 Large Page Support: Disabled
 NUMA Support: Disabled
 Compressed Oops: Enabled (32-bit)
 Heap Region Size: 1M
 Heap Min Capacity: 8M
 Heap Initial Capacity: 48M
 Heap Max Capacity: 752M
 Pre-touch: Disabled
 Parallel Workers: 4
 Concurrent Workers: 1
 Concurrent Refinement Workers: 4
 Periodic GC: Disabled

Heap:
 garbage-first heap   total 92160K, used 38504K [0x00000000d1000000, 0x0000000100000000)
  region size 1024K, 2 young (2048K), 2 survivors (2048K)
 Metaspace       used 78766K, committed 79616K, reserved 1122304K
  class space    used 9301K, committed 9728K, reserved 1048576K

Heap Regions: E=young(eden), S=young(survivor), O=old, HS=humongous(starts), HC=humongous(continues), CS=collection set, F=free, OA=open archive, CA=closed archive, TAMS=top-at-mark-start (previous, next)
|   0|0x00000000d1000000, 0x00000000d1100000, 0x00000000d1100000|100%|HS|  |TAMS 0x00000000d1100000, 0x00000000d1000000| Untracked 
|   1|0x00000000d1100000, 0x00000000d1200000, 0x00000000d1200000|100%| O|  |TAMS 0x00000000d1200000, 0x00000000d1100000| Untracked 
|   2|0x00000000d1200000, 0x00000000d12f7430, 0x00000000d1300000| 96%| O|  |TAMS 0x00000000d12f7430, 0x00000000d1200000| Untracked 
|   3|0x00000000d1300000, 0x00000000d13fffc8, 0x00000000d1400000| 99%| O|  |TAMS 0x00000000d13fffc8, 0x00000000d1300000| Untracked 
|   4|0x00000000d1400000, 0x00000000d14ffff8, 0x00000000d1500000| 99%| O|  |TAMS 0x00000000d14ffff8, 0x00000000d1400000| Untracked 
|   5|0x00000000d1500000, 0x00000000d1600000, 0x00000000d1600000|100%| O|  |TAMS 0x00000000d1600000, 0x00000000d1500000| Untracked 
|   6|0x00000000d1600000, 0x00000000d16ffff0, 0x00000000d1700000| 99%| O|  |TAMS 0x00000000d16ffff0, 0x00000000d1600000| Untracked 
|   7|0x00000000d1700000, 0x00000000d17ffff0, 0x00000000d1800000| 99%| O|  |TAMS 0x00000000d17ffff0, 0x00000000d1700000| Untracked 
|   8|0x00000000d1800000, 0x00000000d18fffe8, 0x00000000d1900000| 99%| O|  |TAMS 0x00000000d18fffe8, 0x00000000d1800000| Untracked 
|   9|0x00000000d1900000, 0x00000000d19fffe8, 0x00000000d1a00000| 99%| O|  |TAMS 0x00000000d19fffe8, 0x00000000d1900000| Untracked 
|  10|0x00000000d1a00000, 0x00000000d1b00000, 0x00000000d1b00000|100%| O|  |TAMS 0x00000000d1b00000, 0x00000000d1a00000| Untracked 
|  11|0x00000000d1b00000, 0x00000000d1bffee8, 0x00000000d1c00000| 99%| O|  |TAMS 0x00000000d1bffee8, 0x00000000d1b00000| Untracked 
|  12|0x00000000d1c00000, 0x00000000d1cffff8, 0x00000000d1d00000| 99%| O|  |TAMS 0x00000000d1cffff8, 0x00000000d1c00000| Untracked 
|  13|0x00000000d1d00000, 0x00000000d1e00000, 0x00000000d1e00000|100%| O|  |TAMS 0x00000000d1e00000, 0x00000000d1d00000| Untracked 
|  14|0x00000000d1e00000, 0x00000000d1efffd8, 0x00000000d1f00000| 99%| O|  |TAMS 0x00000000d1efffd8, 0x00000000d1e00000| Untracked 
|  15|0x00000000d1f00000, 0x00000000d1ffffd8, 0x00000000d2000000| 99%| O|  |TAMS 0x00000000d1ffffd8, 0x00000000d1f00000| Untracked 
|  16|0x00000000d2000000, 0x00000000d2100000, 0x00000000d2100000|100%| O|  |TAMS 0x00000000d2100000, 0x00000000d2000000| Untracked 
|  17|0x00000000d2100000, 0x00000000d2200000, 0x00000000d2200000|100%| O|  |TAMS 0x00000000d2200000, 0x00000000d2100000| Untracked 
|  18|0x00000000d2200000, 0x00000000d2300000, 0x00000000d2300000|100%| O|  |TAMS 0x00000000d2300000, 0x00000000d2200000| Untracked 
|  19|0x00000000d2300000, 0x00000000d23ffff8, 0x00000000d2400000| 99%| O|  |TAMS 0x00000000d23ffff8, 0x00000000d2300000| Untracked 
|  20|0x00000000d2400000, 0x00000000d24ffff8, 0x00000000d2500000| 99%| O|  |TAMS 0x00000000d24ffff8, 0x00000000d2400000| Untracked 
|  21|0x00000000d2500000, 0x00000000d25fffe8, 0x00000000d2600000| 99%| O|  |TAMS 0x00000000d25fffe8, 0x00000000d2500000| Untracked 
|  22|0x00000000d2600000, 0x00000000d26fffd8, 0x00000000d2700000| 99%| O|  |TAMS 0x00000000d26fffd8, 0x00000000d2600000| Untracked 
|  23|0x00000000d2700000, 0x00000000d2800000, 0x00000000d2800000|100%| O|  |TAMS 0x00000000d2800000, 0x00000000d2700000| Untracked 
|  24|0x00000000d2800000, 0x00000000d28ffff8, 0x00000000d2900000| 99%| O|  |TAMS 0x00000000d28ffff8, 0x00000000d2800000| Untracked 
|  25|0x00000000d2900000, 0x00000000d29ffff0, 0x00000000d2a00000| 99%| O|  |TAMS 0x00000000d2900000, 0x00000000d2900000| Untracked 
|  26|0x00000000d2a00000, 0x00000000d2afffd8, 0x00000000d2b00000| 99%| O|  |TAMS 0x00000000d2a00000, 0x00000000d2a00000| Untracked 
|  27|0x00000000d2b00000, 0x00000000d2b9b9c0, 0x00000000d2c00000| 60%| O|  |TAMS 0x00000000d2b00000, 0x00000000d2b00000| Untracked 
|  28|0x00000000d2c00000, 0x00000000d2d00000, 0x00000000d2d00000|100%| O|  |TAMS 0x00000000d2c00000, 0x00000000d2c00000| Untracked 
|  29|0x00000000d2d00000, 0x00000000d2dfc2b8, 0x00000000d2e00000| 98%| O|  |TAMS 0x00000000d2d00000, 0x00000000d2d00000| Untracked 
|  30|0x00000000d2e00000, 0x00000000d2e8a1d8, 0x00000000d2f00000| 53%| O|  |TAMS 0x00000000d2e00000, 0x00000000d2e00000| Untracked 
|  31|0x00000000d2f00000, 0x00000000d3000000, 0x00000000d3000000|100%| O|  |TAMS 0x00000000d2f00000, 0x00000000d2f00000| Untracked 
|  32|0x00000000d3000000, 0x00000000d3100000, 0x00000000d3100000|100%| O|  |TAMS 0x00000000d3000000, 0x00000000d3000000| Untracked 
|  33|0x00000000d3100000, 0x00000000d3200000, 0x00000000d3200000|100%| O|  |TAMS 0x00000000d3100000, 0x00000000d3100000| Untracked 
|  34|0x00000000d3200000, 0x00000000d3300000, 0x00000000d3300000|100%| O|  |TAMS 0x00000000d3200000, 0x00000000d3200000| Untracked 
|  35|0x00000000d3300000, 0x00000000d3400000, 0x00000000d3400000|100%| O|  |TAMS 0x00000000d3300000, 0x00000000d3300000| Untracked 
|  36|0x00000000d3400000, 0x00000000d3481400, 0x00000000d3500000| 50%| O|  |TAMS 0x00000000d3400000, 0x00000000d3400000| Untracked 
|  37|0x00000000d3500000, 0x00000000d3500000, 0x00000000d3600000|  0%| F|  |TAMS 0x00000000d3500000, 0x00000000d3500000| Untracked 
|  38|0x00000000d3600000, 0x00000000d3600000, 0x00000000d3700000|  0%| F|  |TAMS 0x00000000d3600000, 0x00000000d3600000| Untracked 
|  39|0x00000000d3700000, 0x00000000d3700000, 0x00000000d3800000|  0%| F|  |TAMS 0x00000000d3700000, 0x00000000d3700000| Untracked 
|  40|0x00000000d3800000, 0x00000000d3800000, 0x00000000d3900000|  0%| F|  |TAMS 0x00000000d3800000, 0x00000000d3800000| Untracked 
|  41|0x00000000d3900000, 0x00000000d3900000, 0x00000000d3a00000|  0%| F|  |TAMS 0x00000000d3900000, 0x00000000d3900000| Untracked 
|  42|0x00000000d3a00000, 0x00000000d3a00000, 0x00000000d3b00000|  0%| F|  |TAMS 0x00000000d3a00000, 0x00000000d3a00000| Untracked 
|  43|0x00000000d3b00000, 0x00000000d3b00000, 0x00000000d3c00000|  0%| F|  |TAMS 0x00000000d3b00000, 0x00000000d3b00000| Untracked 
|  44|0x00000000d3c00000, 0x00000000d3c00000, 0x00000000d3d00000|  0%| F|  |TAMS 0x00000000d3c00000, 0x00000000d3c00000| Untracked 
|  45|0x00000000d3d00000, 0x00000000d3d00000, 0x00000000d3e00000|  0%| F|  |TAMS 0x00000000d3d00000, 0x00000000d3d00000| Untracked 
|  46|0x00000000d3e00000, 0x00000000d3e00000, 0x00000000d3f00000|  0%| F|  |TAMS 0x00000000d3e00000, 0x00000000d3e00000| Untracked 
|  47|0x00000000d3f00000, 0x00000000d3f00000, 0x00000000d4000000|  0%| F|  |TAMS 0x00000000d3f00000, 0x00000000d3f00000| Untracked 
|  48|0x00000000d4000000, 0x00000000d4000000, 0x00000000d4100000|  0%| F|  |TAMS 0x00000000d4000000, 0x00000000d4000000| Untracked 
|  49|0x00000000d4100000, 0x00000000d4100000, 0x00000000d4200000|  0%| F|  |TAMS 0x00000000d4100000, 0x00000000d4100000| Untracked 
|  50|0x00000000d4200000, 0x00000000d4200000, 0x00000000d4300000|  0%| F|  |TAMS 0x00000000d4200000, 0x00000000d4200000| Untracked 
|  51|0x00000000d4300000, 0x00000000d4400000, 0x00000000d4400000|100%| S|CS|TAMS 0x00000000d4300000, 0x00000000d4300000| Complete 
|  52|0x00000000d4400000, 0x00000000d4500000, 0x00000000d4500000|100%| S|CS|TAMS 0x00000000d4400000, 0x00000000d4400000| Complete 
|  53|0x00000000d4500000, 0x00000000d4500000, 0x00000000d4600000|  0%| F|  |TAMS 0x00000000d4500000, 0x00000000d4500000| Untracked 
|  54|0x00000000d4600000, 0x00000000d4600000, 0x00000000d4700000|  0%| F|  |TAMS 0x00000000d4600000, 0x00000000d4600000| Untracked 
|  55|0x00000000d4700000, 0x00000000d4700000, 0x00000000d4800000|  0%| F|  |TAMS 0x00000000d4700000, 0x00000000d4700000| Untracked 
|  56|0x00000000d4800000, 0x00000000d4800000, 0x00000000d4900000|  0%| F|  |TAMS 0x00000000d4800000, 0x00000000d4800000| Untracked 
|  57|0x00000000d4900000, 0x00000000d4900000, 0x00000000d4a00000|  0%| F|  |TAMS 0x00000000d4900000, 0x00000000d4900000| Untracked 
|  58|0x00000000d4a00000, 0x00000000d4a00000, 0x00000000d4b00000|  0%| F|  |TAMS 0x00000000d4a00000, 0x00000000d4a00000| Untracked 
|  59|0x00000000d4b00000, 0x00000000d4b00000, 0x00000000d4c00000|  0%| F|  |TAMS 0x00000000d4b00000, 0x00000000d4b00000| Untracked 
|  60|0x00000000d4c00000, 0x00000000d4c00000, 0x00000000d4d00000|  0%| F|  |TAMS 0x00000000d4c00000, 0x00000000d4c00000| Untracked 
|  61|0x00000000d4d00000, 0x00000000d4d00000, 0x00000000d4e00000|  0%| F|  |TAMS 0x00000000d4d00000, 0x00000000d4d00000| Untracked 
|  62|0x00000000d4e00000, 0x00000000d4e00000, 0x00000000d4f00000|  0%| F|  |TAMS 0x00000000d4e00000, 0x00000000d4e00000| Untracked 
|  63|0x00000000d4f00000, 0x00000000d4f00000, 0x00000000d5000000|  0%| F|  |TAMS 0x00000000d4f00000, 0x00000000d4f00000| Untracked 
|  64|0x00000000d5000000, 0x00000000d5000000, 0x00000000d5100000|  0%| F|  |TAMS 0x00000000d5000000, 0x00000000d5000000| Untracked 
|  65|0x00000000d5100000, 0x00000000d5100000, 0x00000000d5200000|  0%| F|  |TAMS 0x00000000d5100000, 0x00000000d5100000| Untracked 
|  66|0x00000000d5200000, 0x00000000d5200000, 0x00000000d5300000|  0%| F|  |TAMS 0x00000000d5200000, 0x00000000d5200000| Untracked 
|  67|0x00000000d5300000, 0x00000000d5300000, 0x00000000d5400000|  0%| F|  |TAMS 0x00000000d5300000, 0x00000000d5300000| Untracked 
|  68|0x00000000d5400000, 0x00000000d5400000, 0x00000000d5500000|  0%| F|  |TAMS 0x00000000d5400000, 0x00000000d5400000| Untracked 
|  69|0x00000000d5500000, 0x00000000d5500000, 0x00000000d5600000|  0%| F|  |TAMS 0x00000000d5500000, 0x00000000d5500000| Untracked 
|  70|0x00000000d5600000, 0x00000000d5600000, 0x00000000d5700000|  0%| F|  |TAMS 0x00000000d5600000, 0x00000000d5600000| Untracked 
|  71|0x00000000d5700000, 0x00000000d5700000, 0x00000000d5800000|  0%| F|  |TAMS 0x00000000d5700000, 0x00000000d5700000| Untracked 
|  72|0x00000000d5800000, 0x00000000d5800000, 0x00000000d5900000|  0%| F|  |TAMS 0x00000000d5800000, 0x00000000d5800000| Untracked 
|  73|0x00000000d5900000, 0x00000000d5900000, 0x00000000d5a00000|  0%| F|  |TAMS 0x00000000d5900000, 0x00000000d5900000| Untracked 
|  74|0x00000000d5a00000, 0x00000000d5a00000, 0x00000000d5b00000|  0%| F|  |TAMS 0x00000000d5a00000, 0x00000000d5a00000| Untracked 
|  75|0x00000000d5b00000, 0x00000000d5b00000, 0x00000000d5c00000|  0%| F|  |TAMS 0x00000000d5b00000, 0x00000000d5b00000| Untracked 
|  76|0x00000000d5c00000, 0x00000000d5c00000, 0x00000000d5d00000|  0%| F|  |TAMS 0x00000000d5c00000, 0x00000000d5c00000| Untracked 
|  77|0x00000000d5d00000, 0x00000000d5d00000, 0x00000000d5e00000|  0%| F|  |TAMS 0x00000000d5d00000, 0x00000000d5d00000| Untracked 
|  78|0x00000000d5e00000, 0x00000000d5e00000, 0x00000000d5f00000|  0%| F|  |TAMS 0x00000000d5e00000, 0x00000000d5e00000| Untracked 
|  79|0x00000000d5f00000, 0x00000000d5f00000, 0x00000000d6000000|  0%| F|  |TAMS 0x00000000d5f00000, 0x00000000d5f00000| Untracked 
|  80|0x00000000d6000000, 0x00000000d6000000, 0x00000000d6100000|  0%| F|  |TAMS 0x00000000d6000000, 0x00000000d6000000| Untracked 
|  81|0x00000000d6100000, 0x00000000d6100000, 0x00000000d6200000|  0%| F|  |TAMS 0x00000000d6100000, 0x00000000d6100000| Untracked 
|  82|0x00000000d6200000, 0x00000000d6200000, 0x00000000d6300000|  0%| F|  |TAMS 0x00000000d6200000, 0x00000000d6200000| Untracked 
|  83|0x00000000d6300000, 0x00000000d6300000, 0x00000000d6400000|  0%| F|  |TAMS 0x00000000d6300000, 0x00000000d6300000| Untracked 
|  84|0x00000000d6400000, 0x00000000d6400000, 0x00000000d6500000|  0%| F|  |TAMS 0x00000000d6400000, 0x00000000d6400000| Untracked 
|  85|0x00000000d6500000, 0x00000000d6500000, 0x00000000d6600000|  0%| F|  |TAMS 0x00000000d6500000, 0x00000000d6500000| Untracked 
|  86|0x00000000d6600000, 0x00000000d6600000, 0x00000000d6700000|  0%| F|  |TAMS 0x00000000d6600000, 0x00000000d6600000| Untracked 
|  87|0x00000000d6700000, 0x00000000d6700000, 0x00000000d6800000|  0%| F|  |TAMS 0x00000000d6700000, 0x00000000d6700000| Untracked 
|  88|0x00000000d6800000, 0x00000000d6800000, 0x00000000d6900000|  0%| F|  |TAMS 0x00000000d6800000, 0x00000000d6800000| Untracked 
|  89|0x00000000d6900000, 0x00000000d6900000, 0x00000000d6a00000|  0%| F|  |TAMS 0x00000000d6900000, 0x00000000d6900000| Untracked 

Card table byte_map: [0x0000029f62500000,0x0000029f62680000] _byte_map_base: 0x0000029f61e78000

Marking Bits (Prev, Next): (CMBitMap*) 0x0000029f4ba696a0, (CMBitMap*) 0x0000029f4ba696e0
 Prev Bits: [0x0000029f62800000, 0x0000029f633c0000)
 Next Bits: [0x0000029f633c0000, 0x0000029f63f80000)

Polling page: 0x0000029f49960000

Metaspace:

Usage:
  Non-class:     67.84 MB used.
      Class:      9.08 MB used.
       Both:     76.92 MB used.

Virtual space:
  Non-class space:       72.00 MB reserved,      68.25 MB ( 95%) committed,  9 nodes.
      Class space:        1.00 GB reserved,       9.50 MB ( <1%) committed,  1 nodes.
             Both:        1.07 GB reserved,      77.75 MB (  7%) committed. 

Chunk freelists:
   Non-Class:  2.98 MB
       Class:  2.36 MB
        Both:  5.34 MB

MaxMetaspaceSize: unlimited
CompressedClassSpaceSize: 1.00 GB
Initial GC threshold: 21.00 MB
Current GC threshold: 127.81 MB
CDS: on
MetaspaceReclaimPolicy: balanced
 - commit_granule_bytes: 65536.
 - commit_granule_words: 8192.
 - virtual_space_node_default_size: 1048576.
 - enlarge_chunks_in_place: 1.
 - new_chunks_are_fully_committed: 0.
 - uncommit_free_chunks: 1.
 - use_allocation_guard: 0.
 - handle_deallocations: 1.


Internal statistics:

num_allocs_failed_limit: 6.
num_arena_births: 1146.
num_arena_deaths: 136.
num_vsnodes_births: 10.
num_vsnodes_deaths: 0.
num_space_committed: 1244.
num_space_uncommitted: 0.
num_chunks_returned_to_freelist: 167.
num_chunks_taken_from_freelist: 4484.
num_chunk_merges: 41.
num_chunk_splits: 2856.
num_chunks_enlarged: 1888.
num_purges: 24.
num_inconsistent_stats: 0.

CodeHeap 'non-profiled nmethods': size=120000Kb used=10786Kb max_used=10786Kb free=109214Kb
 bounds [0x0000029f5afd0000, 0x0000029f5ba60000, 0x0000029f62500000]
CodeHeap 'profiled nmethods': size=120000Kb used=28114Kb max_used=28114Kb free=91885Kb
 bounds [0x0000029f53aa0000, 0x0000029f55620000, 0x0000029f5afd0000]
CodeHeap 'non-nmethods': size=5760Kb used=1317Kb max_used=1380Kb free=4442Kb
 bounds [0x0000029f53500000, 0x0000029f53770000, 0x0000029f53aa0000]
 total_blobs=13213 nmethods=12570 adapters=554
 compilation: enabled
              stopped_count=0, restarted_count=0
 full_count=0

Compilation events (20 events):
Event: 1303.758 Thread 0x0000029f664e2700 15184       3       org.springframework.boot.devtools.restart.ClassLoaderFilesResourcePatternResolver::getAdditionalResources (204 bytes)
Event: 1303.760 Thread 0x0000029f664e2700 nmethod 15184 0x0000029f5560e310 code [0x0000029f5560e780, 0x0000029f55610bd8]
Event: 1303.807 Thread 0x0000029f664dfc50 15185       4       org.springframework.beans.factory.support.DefaultListableBeanFactory::findAutowireCandidates (389 bytes)
Event: 1303.838 Thread 0x0000029f664e2700 15186       3       com.sun.jmx.mbeanserver.Util::cast (2 bytes)
Event: 1303.838 Thread 0x0000029f664e2700 nmethod 15186 0x0000029f53ec8610 code [0x0000029f53ec87a0, 0x0000029f53ec8898]
Event: 1303.838 Thread 0x0000029f664e2700 15187       3       javax.management.openmbean.OpenMBeanAttributeInfoSupport::comparableValueFrom (42 bytes)
Event: 1303.838 Thread 0x0000029f664e2700 nmethod 15187 0x0000029f55611910 code [0x0000029f55611ae0, 0x0000029f55611fe8]
Event: 1303.840 Thread 0x0000029f664e2700 15188       1       org.apache.tomcat.util.threads.ThreadPoolExecutor::getThreadFactory (5 bytes)
Event: 1303.841 Thread 0x0000029f664e2700 nmethod 15188 0x0000029f5ba47290 code [0x0000029f5ba47420, 0x0000029f5ba474f8]
Event: 1304.729 Thread 0x0000029f664dfc50 nmethod 15185 0x0000029f5ba47590 code [0x0000029f5ba47e20, 0x0000029f5ba519a0]
Event: 1318.749 Thread 0x0000029f664e2700 15189       3       java.net.NetworkInterface$1::nextElement (37 bytes)
Event: 1318.785 Thread 0x0000029f664e2700 nmethod 15189 0x0000029f55612110 code [0x0000029f556122c0, 0x0000029f55612508]
Event: 1318.837 Thread 0x0000029f664e2700 15190       1       org.apache.tomcat.util.net.NioEndpoint::getUnixDomainSocketPath (5 bytes)
Event: 1318.840 Thread 0x0000029f664e2700 nmethod 15190 0x0000029f5ba58210 code [0x0000029f5ba583a0, 0x0000029f5ba58478]
Event: 1318.918 Thread 0x0000029f664e2700 15191       3       java.lang.invoke.VarHandleGuards::guard_LI_V (125 bytes)
Event: 1318.929 Thread 0x0000029f664e2700 nmethod 15191 0x0000029f55612610 code [0x0000029f55612a60, 0x0000029f55615578]
Event: 1318.929 Thread 0x0000029f664e2700 15192       3       java.lang.invoke.VarHandleInts$FieldInstanceReadWrite::setRelease (28 bytes)
Event: 1318.931 Thread 0x0000029f664e2700 nmethod 15192 0x0000029f55616190 code [0x0000029f556163a0, 0x0000029f55616998]
Event: 1318.931 Thread 0x0000029f664e2700 15193       3       jdk.internal.misc.Unsafe::putIntRelease (9 bytes)
Event: 1318.931 Thread 0x0000029f664e2700 nmethod 15193 0x0000029f55616c10 code [0x0000029f55616da0, 0x0000029f55616eb8]

GC Heap History (20 events):
Event: 1270.066 GC heap after
{Heap after GC invocations=86 (full 10):
 garbage-first heap   total 92160K, used 35357K [0x00000000d1000000, 0x0000000100000000)
  region size 1024K, 3 young (3072K), 3 survivors (3072K)
 Metaspace       used 76005K, committed 76864K, reserved 1122304K
  class space    used 9122K, committed 9536K, reserved 1048576K
}
Event: 1271.416 GC heap before
{Heap before GC invocations=86 (full 10):
 garbage-first heap   total 92160K, used 73245K [0x00000000d1000000, 0x0000000100000000)
  region size 1024K, 40 young (40960K), 3 survivors (3072K)
 Metaspace       used 76266K, committed 77120K, reserved 1122304K
  class space    used 9136K, committed 9536K, reserved 1048576K
}
Event: 1271.445 GC heap after
{Heap after GC invocations=87 (full 10):
 garbage-first heap   total 92160K, used 36638K [0x00000000d1000000, 0x0000000100000000)
  region size 1024K, 4 young (4096K), 4 survivors (4096K)
 Metaspace       used 76266K, committed 77120K, reserved 1122304K
  class space    used 9136K, committed 9536K, reserved 1048576K
}
Event: 1274.661 GC heap before
{Heap before GC invocations=87 (full 10):
 garbage-first heap   total 92160K, used 68382K [0x00000000d1000000, 0x0000000100000000)
  region size 1024K, 36 young (36864K), 4 survivors (4096K)
 Metaspace       used 76472K, committed 77312K, reserved 1122304K
  class space    used 9148K, committed 9536K, reserved 1048576K
}
Event: 1275.156 GC heap after
{Heap after GC invocations=88 (full 11):
 garbage-first heap   total 92160K, used 29194K [0x00000000d1000000, 0x0000000100000000)
  region size 1024K, 0 young (0K), 0 survivors (0K)
 Metaspace       used 76470K, committed 77312K, reserved 1122304K
  class space    used 9147K, committed 9536K, reserved 1048576K
}
Event: 1281.154 GC heap before
{Heap before GC invocations=88 (full 11):
 garbage-first heap   total 92160K, used 74250K [0x00000000d1000000, 0x0000000100000000)
  region size 1024K, 44 young (45056K), 0 survivors (0K)
 Metaspace       used 76889K, committed 77760K, reserved 1122304K
  class space    used 9177K, committed 9600K, reserved 1048576K
}
Event: 1281.174 GC heap after
{Heap after GC invocations=89 (full 11):
 garbage-first heap   total 92160K, used 33816K [0x00000000d1000000, 0x0000000100000000)
  region size 1024K, 5 young (5120K), 5 survivors (5120K)
 Metaspace       used 76889K, committed 77760K, reserved 1122304K
  class space    used 9177K, committed 9600K, reserved 1048576K
}
Event: 1282.922 GC heap before
{Heap before GC invocations=89 (full 11):
 garbage-first heap   total 92160K, used 73752K [0x00000000d1000000, 0x0000000100000000)
  region size 1024K, 44 young (45056K), 5 survivors (5120K)
 Metaspace       used 77274K, committed 78080K, reserved 1122304K
  class space    used 9198K, committed 9600K, reserved 1048576K
}
Event: 1282.951 GC heap after
{Heap after GC invocations=90 (full 11):
 garbage-first heap   total 92160K, used 36080K [0x00000000d1000000, 0x0000000100000000)
  region size 1024K, 3 young (3072K), 3 survivors (3072K)
 Metaspace       used 77274K, committed 78080K, reserved 1122304K
  class space    used 9198K, committed 9600K, reserved 1048576K
}
Event: 1284.106 GC heap before
{Heap before GC invocations=90 (full 11):
 garbage-first heap   total 92160K, used 73968K [0x00000000d1000000, 0x0000000100000000)
  region size 1024K, 40 young (40960K), 3 survivors (3072K)
 Metaspace       used 77504K, committed 78336K, reserved 1122304K
  class space    used 9212K, committed 9600K, reserved 1048576K
}
Event: 1284.119 GC heap after
{Heap after GC invocations=91 (full 11):
 garbage-first heap   total 92160K, used 37192K [0x00000000d1000000, 0x0000000100000000)
  region size 1024K, 2 young (2048K), 2 survivors (2048K)
 Metaspace       used 77504K, committed 78336K, reserved 1122304K
  class space    used 9212K, committed 9600K, reserved 1048576K
}
Event: 1298.806 GC heap before
{Heap before GC invocations=91 (full 11):
 garbage-first heap   total 92160K, used 69960K [0x00000000d1000000, 0x0000000100000000)
  region size 1024K, 35 young (35840K), 2 survivors (2048K)
 Metaspace       used 77714K, committed 78528K, reserved 1122304K
  class space    used 9224K, committed 9600K, reserved 1048576K
}
Event: 1299.883 GC heap after
{Heap after GC invocations=92 (full 12):
 garbage-first heap   total 92160K, used 29795K [0x00000000d1000000, 0x0000000100000000)
  region size 1024K, 0 young (0K), 0 survivors (0K)
 Metaspace       used 77711K, committed 78528K, reserved 1122304K
  class space    used 9224K, committed 9600K, reserved 1048576K
}
Event: 1302.739 GC heap before
{Heap before GC invocations=92 (full 12):
 garbage-first heap   total 92160K, used 73827K [0x00000000d1000000, 0x0000000100000000)
  region size 1024K, 43 young (44032K), 0 survivors (0K)
 Metaspace       used 78000K, committed 78848K, reserved 1122304K
  class space    used 9252K, committed 9664K, reserved 1048576K
}
Event: 1302.754 GC heap after
{Heap after GC invocations=93 (full 12):
 garbage-first heap   total 92160K, used 33665K [0x00000000d1000000, 0x0000000100000000)
  region size 1024K, 4 young (4096K), 4 survivors (4096K)
 Metaspace       used 78000K, committed 78848K, reserved 1122304K
  class space    used 9252K, committed 9664K, reserved 1048576K
}
Event: 1303.545 GC heap before
{Heap before GC invocations=93 (full 12):
 garbage-first heap   total 92160K, used 73601K [0x00000000d1000000, 0x0000000100000000)
  region size 1024K, 43 young (44032K), 4 survivors (4096K)
 Metaspace       used 78324K, committed 79104K, reserved 1122304K
  class space    used 9274K, committed 9664K, reserved 1048576K
}
Event: 1303.557 GC heap after
{Heap after GC invocations=94 (full 12):
 garbage-first heap   total 92160K, used 36445K [0x00000000d1000000, 0x0000000100000000)
  region size 1024K, 4 young (4096K), 4 survivors (4096K)
 Metaspace       used 78324K, committed 79104K, reserved 1122304K
  class space    used 9274K, committed 9664K, reserved 1048576K
}
Event: 1303.714 GC heap before
{Heap before GC invocations=94 (full 12):
 garbage-first heap   total 92160K, used 72285K [0x00000000d1000000, 0x0000000100000000)
  region size 1024K, 39 young (39936K), 4 survivors (4096K)
 Metaspace       used 78571K, committed 79360K, reserved 1122304K
  class space    used 9288K, committed 9664K, reserved 1048576K
}
Event: 1303.725 GC heap after
{Heap after GC invocations=95 (full 12):
 garbage-first heap   total 92160K, used 38073K [0x00000000d1000000, 0x0000000100000000)
  region size 1024K, 2 young (2048K), 2 survivors (2048K)
 Metaspace       used 78571K, committed 79360K, reserved 1122304K
  class space    used 9288K, committed 9664K, reserved 1048576K
}
Event: 1318.944 GC heap before
{Heap before GC invocations=95 (full 12):
 garbage-first heap   total 92160K, used 73913K [0x00000000d1000000, 0x0000000100000000)
  region size 1024K, 37 young (37888K), 2 survivors (2048K)
 Metaspace       used 78766K, committed 79616K, reserved 1122304K
  class space    used 9301K, committed 9728K, reserved 1048576K
}

Deoptimization events (20 events):
Event: 1283.157 Thread 0x0000029f6c6434e0 Uncommon trap: trap_request=0xffffffde fr.pc=0x0000029f5b9ee480 relative=0x0000000000000ea0
Event: 1283.157 Thread 0x0000029f6c6434e0 Uncommon trap: reason=class_check action=maybe_recompile pc=0x0000029f5b9ee480 method=org.springframework.data.util.Streamable$$Lambda$463/0x0000000800f46818.iterator()Ljava/util/Iterator; @ 4 c2
Event: 1283.157 Thread 0x0000029f6c6434e0 DEOPT PACKING pc=0x0000029f5b9ee480 sp=0x000000a9396fd630
Event: 1283.157 Thread 0x0000029f6c6434e0 DEOPT UNPACKING pc=0x0000029f535523a3 sp=0x000000a9396fd410 mode 2
Event: 1283.157 Thread 0x0000029f6c6434e0 Uncommon trap: trap_request=0xffffffde fr.pc=0x0000029f5b9ee480 relative=0x0000000000000ea0
Event: 1283.157 Thread 0x0000029f6c6434e0 Uncommon trap: reason=class_check action=maybe_recompile pc=0x0000029f5b9ee480 method=org.springframework.data.util.Streamable$$Lambda$463/0x0000000800f46818.iterator()Ljava/util/Iterator; @ 4 c2
Event: 1283.157 Thread 0x0000029f6c6434e0 DEOPT PACKING pc=0x0000029f5b9ee480 sp=0x000000a9396fd630
Event: 1283.157 Thread 0x0000029f6c6434e0 DEOPT UNPACKING pc=0x0000029f535523a3 sp=0x000000a9396fd410 mode 2
Event: 1283.157 Thread 0x0000029f6c6434e0 Uncommon trap: trap_request=0xffffffde fr.pc=0x0000029f5b9ee480 relative=0x0000000000000ea0
Event: 1283.157 Thread 0x0000029f6c6434e0 Uncommon trap: reason=class_check action=maybe_recompile pc=0x0000029f5b9ee480 method=org.springframework.data.util.Streamable$$Lambda$463/0x0000000800f46818.iterator()Ljava/util/Iterator; @ 4 c2
Event: 1283.157 Thread 0x0000029f6c6434e0 DEOPT PACKING pc=0x0000029f5b9ee480 sp=0x000000a9396fd630
Event: 1283.157 Thread 0x0000029f6c6434e0 DEOPT UNPACKING pc=0x0000029f535523a3 sp=0x000000a9396fd410 mode 2
Event: 1283.158 Thread 0x0000029f6c6434e0 Uncommon trap: trap_request=0xffffffde fr.pc=0x0000029f5b9ee480 relative=0x0000000000000ea0
Event: 1283.158 Thread 0x0000029f6c6434e0 Uncommon trap: reason=class_check action=maybe_recompile pc=0x0000029f5b9ee480 method=org.springframework.data.util.Streamable$$Lambda$463/0x0000000800f46818.iterator()Ljava/util/Iterator; @ 4 c2
Event: 1283.158 Thread 0x0000029f6c6434e0 DEOPT PACKING pc=0x0000029f5b9ee480 sp=0x000000a9396fd630
Event: 1283.158 Thread 0x0000029f6c6434e0 DEOPT UNPACKING pc=0x0000029f535523a3 sp=0x000000a9396fd410 mode 2
Event: 1285.298 Thread 0x0000029f6c6434e0 DEOPT PACKING pc=0x0000029f547452a8 sp=0x000000a9396fcf30
Event: 1285.298 Thread 0x0000029f6c6434e0 DEOPT UNPACKING pc=0x0000029f53552b43 sp=0x000000a9396fc388 mode 0
Event: 1303.340 Thread 0x0000029f6c648b80 DEOPT PACKING pc=0x0000029f5435ced1 sp=0x000000a9397fb410
Event: 1303.340 Thread 0x0000029f6c648b80 DEOPT UNPACKING pc=0x0000029f53552b43 sp=0x000000a9397fa870 mode 0

Classes unloaded (20 events):
Event: 1008.093 Thread 0x0000029f4bace470 Unloading class 0x0000000800c01400 'java/lang/invoke/LambdaForm$MH+0x0000000800c01400'
Event: 1049.932 Thread 0x0000029f4bace470 Unloading class 0x000000080136bc00 'jdk/internal/reflect/GeneratedMethodAccessor83'
Event: 1049.932 Thread 0x0000029f4bace470 Unloading class 0x000000080136b800 'jdk/internal/reflect/GeneratedConstructorAccessor56'
Event: 1049.932 Thread 0x0000029f4bace470 Unloading class 0x000000080136b400 'jdk/internal/reflect/GeneratedConstructorAccessor55'
Event: 1049.932 Thread 0x0000029f4bace470 Unloading class 0x000000080136a400 'jdk/internal/reflect/GeneratedMethodAccessor80'
Event: 1049.932 Thread 0x0000029f4bace470 Unloading class 0x000000080136a000 'jdk/internal/reflect/GeneratedMethodAccessor79'
Event: 1049.932 Thread 0x0000029f4bace470 Unloading class 0x000000080141c000 'org/apache/catalina/loader/JdbcLeakPrevention'
Event: 1049.932 Thread 0x0000029f4bace470 Unloading class 0x0000000800f9c000 'jdk/internal/reflect/GeneratedConstructorAccessor29'
Event: 1065.816 Thread 0x0000029f4bace470 Unloading class 0x0000000801487800 'org/apache/catalina/loader/JdbcLeakPrevention'
Event: 1078.199 Thread 0x0000029f4bace470 Unloading class 0x00000008014a0000 'org/apache/catalina/loader/JdbcLeakPrevention'
Event: 1109.472 Thread 0x0000029f4bace470 Unloading class 0x00000008014b3000 'org/apache/catalina/loader/JdbcLeakPrevention'
Event: 1138.878 Thread 0x0000029f4bace470 Unloading class 0x00000008014c9800 'org/apache/catalina/loader/JdbcLeakPrevention'
Event: 1148.278 Thread 0x0000029f4bace470 Unloading class 0x00000008014e0800 'org/apache/catalina/loader/JdbcLeakPrevention'
Event: 1177.150 Thread 0x0000029f4bace470 Unloading class 0x00000008014f2c00 'org/apache/catalina/loader/JdbcLeakPrevention'
Event: 1213.088 Thread 0x0000029f4bace470 Unloading class 0x0000000801524000 'org/apache/catalina/loader/JdbcLeakPrevention'
Event: 1213.088 Thread 0x0000029f4bace470 Unloading class 0x0000000801510000 'org/apache/catalina/loader/JdbcLeakPrevention'
Event: 1253.150 Thread 0x0000029f4bace470 Unloading class 0x0000000801550000 'org/apache/catalina/loader/JdbcLeakPrevention'
Event: 1253.150 Thread 0x0000029f4bace470 Unloading class 0x0000000801544800 'org/apache/catalina/loader/JdbcLeakPrevention'
Event: 1274.732 Thread 0x0000029f4bace470 Unloading class 0x0000000801560800 'org/apache/catalina/loader/JdbcLeakPrevention'
Event: 1298.959 Thread 0x0000029f4bace470 Unloading class 0x0000000801574800 'org/apache/catalina/loader/JdbcLeakPrevention'

Classes redefined (0 events):
No events

Internal exceptions (20 events):
Event: 1303.292 Thread 0x0000029f6c648b80 Exception <a 'java/lang/ClassNotFoundException'{0x00000000d56b9d48}: yeilux/com/proyecto/Model/Class/inventario/insumo/salidaCustomizer> (0x00000000d56b9d48) 
thrown [e:\jenkins\tmp\workspace\build\src\src\hotspot\share\classfile\systemDictionary.cpp, line 256]
Event: 1303.300 Thread 0x0000029f6c648b80 Exception <a 'java/lang/ClassNotFoundException'{0x00000000d56f8448}: java/lang/ObjectCustomizer> (0x00000000d56f8448) 
thrown [e:\jenkins\tmp\workspace\build\src\src\hotspot\share\classfile\systemDictionary.cpp, line 256]
Event: 1303.300 Thread 0x0000029f6c648b80 Exception <a 'java/lang/ClassNotFoundException'{0x00000000d55028f0}: yeilux/com/proyecto/Model/Class/inventario/insumo/entradaCustomizer> (0x00000000d55028f0) 
thrown [e:\jenkins\tmp\workspace\build\src\src\hotspot\share\classfile\systemDictionary.cpp, line 256]
Event: 1303.303 Thread 0x0000029f6c648b80 Exception <a 'java/lang/ClassNotFoundException'{0x00000000d554d9b8}: java/lang/ObjectCustomizer> (0x00000000d554d9b8) 
thrown [e:\jenkins\tmp\workspace\build\src\src\hotspot\share\classfile\systemDictionary.cpp, line 256]
Event: 1303.303 Thread 0x0000029f6c648b80 Exception <a 'java/lang/ClassNotFoundException'{0x00000000d55568f0}: yeilux/com/proyecto/Model/Class/producto/productoCustomizer> (0x00000000d55568f0) 
thrown [e:\jenkins\tmp\workspace\build\src\src\hotspot\share\classfile\systemDictionary.cpp, line 256]
Event: 1303.306 Thread 0x0000029f6c648b80 Exception <a 'java/lang/ClassNotFoundException'{0x00000000d558bbf0}: java/lang/ObjectCustomizer> (0x00000000d558bbf0) 
thrown [e:\jenkins\tmp\workspace\build\src\src\hotspot\share\classfile\systemDictionary.cpp, line 256]
Event: 1303.307 Thread 0x0000029f6c648b80 Exception <a 'java/lang/ClassNotFoundException'{0x00000000d5595608}: yeilux/com/proyecto/Model/Class/producto/categoriaCustomizer> (0x00000000d5595608) 
thrown [e:\jenkins\tmp\workspace\build\src\src\hotspot\share\classfile\systemDictionary.cpp, line 256]
Event: 1303.316 Thread 0x0000029f6c648b80 Exception <a 'java/lang/ClassNotFoundException'{0x00000000d55ce768}: java/lang/ObjectCustomizer> (0x00000000d55ce768) 
thrown [e:\jenkins\tmp\workspace\build\src\src\hotspot\share\classfile\systemDictionary.cpp, line 256]
Event: 1303.317 Thread 0x0000029f6c648b80 Exception <a 'java/lang/ClassNotFoundException'{0x00000000d55d8640}: yeilux/com/proyecto/Model/Class/inventario/producto/inventarioproCustomizer> (0x00000000d55d8640) 
thrown [e:\jenkins\tmp\workspace\build\src\src\hotspot\share\classfile\systemDictionary.cpp, line 256]
Event: 1303.318 Thread 0x0000029f6c648b80 Exception <a 'java/lang/ClassNotFoundException'{0x00000000d55f7fd8}: java/lang/ObjectCustomizer> (0x00000000d55f7fd8) 
thrown [e:\jenkins\tmp\workspace\build\src\src\hotspot\share\classfile\systemDictionary.cpp, line 256]
Event: 1303.319 Thread 0x0000029f6c648b80 Exception <a 'java/lang/ClassNotFoundException'{0x00000000d5402538}: yeilux/com/proyecto/Model/Class/inventario/producto/salidaproCustomizer> (0x00000000d5402538) 
thrown [e:\jenkins\tmp\workspace\build\src\src\hotspot\share\classfile\systemDictionary.cpp, line 256]
Event: 1303.321 Thread 0x0000029f6c648b80 Exception <a 'java/lang/ClassNotFoundException'{0x00000000d543ff20}: java/lang/ObjectCustomizer> (0x00000000d543ff20) 
thrown [e:\jenkins\tmp\workspace\build\src\src\hotspot\share\classfile\systemDictionary.cpp, line 256]
Event: 1303.322 Thread 0x0000029f6c648b80 Exception <a 'java/lang/ClassNotFoundException'{0x00000000d5449f90}: yeilux/com/proyecto/Model/Class/inventario/producto/entradaproCustomizer> (0x00000000d5449f90) 
thrown [e:\jenkins\tmp\workspace\build\src\src\hotspot\share\classfile\systemDictionary.cpp, line 256]
Event: 1303.325 Thread 0x0000029f6c648b80 Exception <a 'java/lang/ClassNotFoundException'{0x00000000d54967e8}: java/lang/ObjectCustomizer> (0x00000000d54967e8) 
thrown [e:\jenkins\tmp\workspace\build\src\src\hotspot\share\classfile\systemDictionary.cpp, line 256]
Event: 1303.327 Thread 0x0000029f6c648b80 Exception <a 'java/lang/ClassNotFoundException'{0x00000000d549f890}: yeilux/com/proyecto/Model/Class/fabricacion/produccionCustomizer> (0x00000000d549f890) 
thrown [e:\jenkins\tmp\workspace\build\src\src\hotspot\share\classfile\systemDictionary.cpp, line 256]
Event: 1303.331 Thread 0x0000029f6c648b80 Exception <a 'java/lang/ClassNotFoundException'{0x00000000d54df518}: java/lang/ObjectCustomizer> (0x00000000d54df518) 
thrown [e:\jenkins\tmp\workspace\build\src\src\hotspot\share\classfile\systemDictionary.cpp, line 256]
Event: 1303.331 Thread 0x0000029f6c648b80 Exception <a 'java/lang/ClassNotFoundException'{0x00000000d54e8658}: yeilux/com/proyecto/Model/Class/empresa/empresaCustomizer> (0x00000000d54e8658) 
thrown [e:\jenkins\tmp\workspace\build\src\src\hotspot\share\classfile\systemDictionary.cpp, line 256]
Event: 1303.336 Thread 0x0000029f6c648b80 Exception <a 'java/lang/ClassNotFoundException'{0x00000000d532dbb0}: java/lang/ObjectCustomizer> (0x00000000d532dbb0) 
thrown [e:\jenkins\tmp\workspace\build\src\src\hotspot\share\classfile\systemDictionary.cpp, line 256]
Event: 1303.339 Thread 0x0000029f6c648b80 Exception <a 'java/lang/ClassNotFoundException'{0x00000000d5336b78}: yeilux/com/proyecto/Model/Class/empresa/especialidadCustomizer> (0x00000000d5336b78) 
thrown [e:\jenkins\tmp\workspace\build\src\src\hotspot\share\classfile\systemDictionary.cpp, line 256]
Event: 1318.925 Thread 0x0000029f6c647d10 Exception <a 'java/lang/InterruptedException'{0x00000000d47cc1a8}: sleep interrupted> (0x00000000d47cc1a8) 
thrown [e:\jenkins\tmp\workspace\build\src\src\hotspot\share\prims\jvm.cpp, line 3067]

VM Operations (20 events):
Event: 1284.119 Executing VM operation: G1CollectForAllocation done
Event: 1286.133 Executing VM operation: Cleanup
Event: 1286.133 Executing VM operation: Cleanup done
Event: 1291.161 Executing VM operation: Cleanup
Event: 1291.161 Executing VM operation: Cleanup done
Event: 1298.803 Executing VM operation: G1CollectFull
Event: 1299.892 Executing VM operation: G1CollectFull done
Event: 1301.914 Executing VM operation: Cleanup
Event: 1301.915 Executing VM operation: Cleanup done
Event: 1302.739 Executing VM operation: G1CollectForAllocation
Event: 1302.760 Executing VM operation: G1CollectForAllocation done
Event: 1303.529 Executing VM operation: G1CollectForAllocation
Event: 1303.560 Executing VM operation: G1CollectForAllocation done
Event: 1303.714 Executing VM operation: G1CollectForAllocation
Event: 1303.725 Executing VM operation: G1CollectForAllocation done
Event: 1304.737 Executing VM operation: Cleanup
Event: 1304.737 Executing VM operation: Cleanup done
Event: 1318.855 Executing VM operation: Cleanup
Event: 1318.856 Executing VM operation: Cleanup done
Event: 1318.944 Executing VM operation: G1CollectForAllocation

Events (20 events):
Event: 1303.891 Thread 0x0000029f6c646ea0 Thread exited: 0x0000029f6c646ea0
Event: 1303.892 Thread 0x0000029f6c648b80 Thread exited: 0x0000029f6c648b80
Event: 1307.910 Thread 0x0000029f6c6469d0 Thread exited: 0x0000029f6c6469d0
Event: 1318.592 Thread 0x0000029f6c648b80 Thread added: 0x0000029f6c648b80
Event: 1318.595 Thread 0x0000029f6c644820 Thread exited: 0x0000029f6c644820
Event: 1318.830 Thread 0x0000029f6c643010 Thread exited: 0x0000029f6c643010
Event: 1318.920 Thread 0x0000029f6c6481e0 Thread exited: 0x0000029f6c6481e0
Event: 1318.923 Thread 0x0000029f6c642670 Thread exited: 0x0000029f6c642670
Event: 1318.924 Thread 0x0000029f6c647370 Thread exited: 0x0000029f6c647370
Event: 1318.924 Thread 0x0000029f6c6434e0 Thread exited: 0x0000029f6c6434e0
Event: 1318.923 Thread 0x0000029f6c644cf0 Thread exited: 0x0000029f6c644cf0
Event: 1318.924 Thread 0x0000029f6c6451c0 Thread exited: 0x0000029f6c6451c0
Event: 1318.924 Thread 0x0000029f6c647840 Thread exited: 0x0000029f6c647840
Event: 1318.924 Thread 0x0000029f6c641cd0 Thread exited: 0x0000029f6c641cd0
Event: 1318.924 Thread 0x0000029f6c642b40 Thread exited: 0x0000029f6c642b40
Event: 1318.924 Thread 0x0000029f6c645690 Thread exited: 0x0000029f6c645690
Event: 1318.924 Thread 0x0000029f6c649050 Thread exited: 0x0000029f6c649050
Event: 1318.925 Thread 0x0000029f6c647d10 Thread exited: 0x0000029f6c647d10
Event: 1318.934 Thread 0x0000029f6c644350 Thread exited: 0x0000029f6c644350
Event: 1318.934 Thread 0x0000029f6c6486b0 Thread exited: 0x0000029f6c6486b0


Dynamic libraries:
0x00007ff7f4f90000 - 0x00007ff7f4f9e000 	C:\Program Files\Eclipse Adoptium\jdk-17.0.3.7-hotspot\bin\java.exe
0x00007ffee9480000 - 0x00007ffee9689000 	C:\WINDOWS\SYSTEM32\ntdll.dll
0x00007ffebccc0000 - 0x00007ffebccd7000 	C:\Program Files\Avast Software\Avast\aswhook.dll
0x00007ffee8250000 - 0x00007ffee830d000 	C:\WINDOWS\System32\KERNEL32.DLL
0x00007ffee6cb0000 - 0x00007ffee702b000 	C:\WINDOWS\System32\KERNELBASE.dll
0x00007ffee6af0000 - 0x00007ffee6c01000 	C:\WINDOWS\System32\ucrtbase.dll
0x00007ffe4fed0000 - 0x00007ffe4fee8000 	C:\Program Files\Eclipse Adoptium\jdk-17.0.3.7-hotspot\bin\jli.dll
0x00007ffe4fef0000 - 0x00007ffe4ff09000 	C:\Program Files\Eclipse Adoptium\jdk-17.0.3.7-hotspot\bin\VCRUNTIME140.dll
0x00007ffee7540000 - 0x00007ffee76ed000 	C:\WINDOWS\System32\USER32.dll
0x00007ffee7260000 - 0x00007ffee7286000 	C:\WINDOWS\System32\win32u.dll
0x00007ffee8310000 - 0x00007ffee8339000 	C:\WINDOWS\System32\GDI32.dll
0x00007ffec4de0000 - 0x00007ffec5085000 	C:\WINDOWS\WinSxS\amd64_microsoft.windows.common-controls_6595b64144ccf1df_6.0.22000.120_none_9d947278b86cc467\COMCTL32.dll
0x00007ffee69d0000 - 0x00007ffee6ae8000 	C:\WINDOWS\System32\gdi32full.dll
0x00007ffee6c10000 - 0x00007ffee6cad000 	C:\WINDOWS\System32\msvcp_win.dll
0x00007ffee8880000 - 0x00007ffee8923000 	C:\WINDOWS\System32\msvcrt.dll
0x00007ffee7750000 - 0x00007ffee7781000 	C:\WINDOWS\System32\IMM32.DLL
0x00007ffeab710000 - 0x00007ffeab71c000 	C:\Program Files\Eclipse Adoptium\jdk-17.0.3.7-hotspot\bin\vcruntime140_1.dll
0x00007ffe4fe30000 - 0x00007ffe4fec1000 	C:\Program Files\Eclipse Adoptium\jdk-17.0.3.7-hotspot\bin\msvcp140.dll
0x00007ffe4f0a0000 - 0x00007ffe4fce8000 	C:\Program Files\Eclipse Adoptium\jdk-17.0.3.7-hotspot\bin\server\jvm.dll
0x00007ffee8050000 - 0x00007ffee80fe000 	C:\WINDOWS\System32\ADVAPI32.dll
0x00007ffee8cb0000 - 0x00007ffee8d4e000 	C:\WINDOWS\System32\sechost.dll
0x00007ffee8340000 - 0x00007ffee8460000 	C:\WINDOWS\System32\RPCRT4.dll
0x00007ffee8160000 - 0x00007ffee8168000 	C:\WINDOWS\System32\PSAPI.DLL
0x00007ffedff90000 - 0x00007ffedffc3000 	C:\WINDOWS\SYSTEM32\WINMM.dll
0x00007ffecdb60000 - 0x00007ffecdb69000 	C:\WINDOWS\SYSTEM32\WSOCK32.dll
0x00007ffee7fe0000 - 0x00007ffee804f000 	C:\WINDOWS\System32\WS2_32.dll
0x00007ffede3e0000 - 0x00007ffede3ea000 	C:\WINDOWS\SYSTEM32\VERSION.dll
0x00007ffee59d0000 - 0x00007ffee59e8000 	C:\WINDOWS\SYSTEM32\kernel.appcore.dll
0x00007ffeab610000 - 0x00007ffeab61a000 	C:\Program Files\Eclipse Adoptium\jdk-17.0.3.7-hotspot\bin\jimage.dll
0x00007ffed4d40000 - 0x00007ffed4f61000 	C:\WINDOWS\SYSTEM32\DBGHELP.DLL
0x00007ffed23e0000 - 0x00007ffed2411000 	C:\WINDOWS\SYSTEM32\dbgcore.DLL
0x00007ffee6950000 - 0x00007ffee69cf000 	C:\WINDOWS\System32\bcryptPrimitives.dll
0x00007ffe4f070000 - 0x00007ffe4f095000 	C:\Program Files\Eclipse Adoptium\jdk-17.0.3.7-hotspot\bin\java.dll
0x00007ffe52e90000 - 0x00007ffe52f66000 	C:\Program Files\Eclipse Adoptium\jdk-17.0.3.7-hotspot\bin\jsvml.dll
0x00007ffee77f0000 - 0x00007ffee7fa8000 	C:\WINDOWS\System32\SHELL32.dll
0x00007ffee4a40000 - 0x00007ffee52a5000 	C:\WINDOWS\SYSTEM32\windows.storage.dll
0x00007ffee8930000 - 0x00007ffee8ca7000 	C:\WINDOWS\System32\combase.dll
0x00007ffee48d0000 - 0x00007ffee4a36000 	C:\WINDOWS\SYSTEM32\wintypes.dll
0x00007ffee8790000 - 0x00007ffee887a000 	C:\WINDOWS\System32\SHCORE.dll
0x00007ffee7790000 - 0x00007ffee77ed000 	C:\WINDOWS\System32\shlwapi.dll
0x00007ffee6880000 - 0x00007ffee68a1000 	C:\WINDOWS\SYSTEM32\profapi.dll
0x00007ffe50040000 - 0x00007ffe50059000 	C:\Program Files\Eclipse Adoptium\jdk-17.0.3.7-hotspot\bin\net.dll
0x00007ffedf290000 - 0x00007ffedf39c000 	C:\WINDOWS\SYSTEM32\WINHTTP.dll
0x00007ffee5e70000 - 0x00007ffee5ed7000 	C:\WINDOWS\system32\mswsock.dll
0x00007ffe50020000 - 0x00007ffe50035000 	C:\Program Files\Eclipse Adoptium\jdk-17.0.3.7-hotspot\bin\nio.dll
0x00007ffe50060000 - 0x00007ffe50078000 	C:\Program Files\Eclipse Adoptium\jdk-17.0.3.7-hotspot\bin\zip.dll
0x00007ffe533b0000 - 0x00007ffe533b9000 	C:\Program Files\Eclipse Adoptium\jdk-17.0.3.7-hotspot\bin\management.dll
0x00007ffe533a0000 - 0x00007ffe533ab000 	C:\Program Files\Eclipse Adoptium\jdk-17.0.3.7-hotspot\bin\management_ext.dll
0x00007ffec7700000 - 0x00007ffec7717000 	C:\WINDOWS\system32\napinsp.dll
0x00007ffec76e0000 - 0x00007ffec76fb000 	C:\WINDOWS\system32\pnrpnsp.dll
0x00007ffee5520000 - 0x00007ffee5608000 	C:\WINDOWS\SYSTEM32\DNSAPI.dll
0x00007ffee54f0000 - 0x00007ffee551d000 	C:\WINDOWS\SYSTEM32\IPHLPAPI.DLL
0x00007ffee74c0000 - 0x00007ffee74c9000 	C:\WINDOWS\System32\NSI.dll
0x00007ffec76c0000 - 0x00007ffec76d2000 	C:\WINDOWS\System32\winrnr.dll
0x00007ffec76a0000 - 0x00007ffec76b5000 	C:\WINDOWS\system32\wshbth.dll
0x00007ffec7680000 - 0x00007ffec769f000 	C:\WINDOWS\system32\nlansp_c.dll
0x00007ffedcb80000 - 0x00007ffedcb8a000 	C:\Windows\System32\rasadhlp.dll
0x00007ffedcfa0000 - 0x00007ffedd021000 	C:\WINDOWS\System32\fwpuclnt.dll
0x00007ffee60b0000 - 0x00007ffee60c8000 	C:\WINDOWS\SYSTEM32\CRYPTSP.dll
0x00007ffee5930000 - 0x00007ffee5965000 	C:\WINDOWS\system32\rsaenh.dll
0x00007ffee5f60000 - 0x00007ffee5f89000 	C:\WINDOWS\SYSTEM32\USERENV.dll
0x00007ffee6240000 - 0x00007ffee6267000 	C:\WINDOWS\SYSTEM32\bcrypt.dll
0x00007ffee60d0000 - 0x00007ffee60dc000 	C:\WINDOWS\SYSTEM32\CRYPTBASE.dll
0x00007ffedf680000 - 0x00007ffedf699000 	C:\WINDOWS\SYSTEM32\dhcpcsvc6.DLL
0x00007ffedf770000 - 0x00007ffedf78e000 	C:\WINDOWS\SYSTEM32\dhcpcsvc.DLL
0x00007ffe50010000 - 0x00007ffe50020000 	C:\Program Files\Eclipse Adoptium\jdk-17.0.3.7-hotspot\bin\verify.dll
0x00007ffebee70000 - 0x00007ffebee7e000 	C:\Program Files\Eclipse Adoptium\jdk-17.0.3.7-hotspot\bin\sunmscapi.dll
0x00007ffee70f0000 - 0x00007ffee7252000 	C:\WINDOWS\System32\CRYPT32.dll
0x00007ffee6210000 - 0x00007ffee6238000 	C:\WINDOWS\SYSTEM32\ncrypt.dll
0x00007ffee61d0000 - 0x00007ffee6207000 	C:\WINDOWS\SYSTEM32\NTASN1.dll
0x00007ffebee30000 - 0x00007ffebee38000 	C:\WINDOWS\system32\wshunix.dll

dbghelp: loaded successfully - version: 4.0.5 - missing functions: none
symbol engine: initialized successfully - sym options: 0x614 - pdb path: .;C:\Program Files\Eclipse Adoptium\jdk-17.0.3.7-hotspot\bin;C:\WINDOWS\SYSTEM32;C:\Program Files\Avast Software\Avast;C:\WINDOWS\WinSxS\amd64_microsoft.windows.common-controls_6595b64144ccf1df_6.0.22000.120_none_9d947278b86cc467;C:\Program Files\Eclipse Adoptium\jdk-17.0.3.7-hotspot\bin\server

VM Arguments:
jvm_args: -Dcom.sun.management.jmxremote -Dcom.sun.management.jmxremote.port=59813 -Dcom.sun.management.jmxremote.authenticate=false -Dcom.sun.management.jmxremote.ssl=false -Djava.rmi.server.hostname=localhost -Dspring.application.admin.enabled=true -Dspring.jmx.enabled=true -Dspring.boot.project.name=proyecto -XX:+ShowCodeDetailsInExceptionMessages 
java_command: yeilux.com.proyecto.ProyectoApplication
java_class_path (initial): C:\Users\Diana\FASTOCK\target\classes;C:\Users\Diana\.m2\repository\org\springframework\boot\spring-boot-starter-data-jpa\2.7.4\spring-boot-starter-data-jpa-2.7.4.jar;C:\Users\Diana\.m2\repository\org\springframework\boot\spring-boot-starter-aop\2.7.4\spring-boot-starter-aop-2.7.4.jar;C:\Users\Diana\.m2\repository\org\springframework\spring-aop\5.3.23\spring-aop-5.3.23.jar;C:\Users\Diana\.m2\repository\org\aspectj\aspectjweaver\1.9.7\aspectjweaver-1.9.7.jar;C:\Users\Diana\.m2\repository\org\springframework\boot\spring-boot-starter-jdbc\2.7.4\spring-boot-starter-jdbc-2.7.4.jar;C:\Users\Diana\.m2\repository\com\zaxxer\HikariCP\4.0.3\HikariCP-4.0.3.jar;C:\Users\Diana\.m2\repository\org\springframework\spring-jdbc\5.3.23\spring-jdbc-5.3.23.jar;C:\Users\Diana\.m2\repository\jakarta\transaction\jakarta.transaction-api\1.3.3\jakarta.transaction-api-1.3.3.jar;C:\Users\Diana\.m2\repository\jakarta\persistence\jakarta.persistence-api\2.2.3\jakarta.persistence-api-2.2.3.jar;C:\Users\Diana\.m2\repository\org\hibernate\hibernate-core\5.6.11.Final\hibernate-core-5.6.11.Final.jar;C:\Users\Diana\.m2\repository\org\jboss\logging\jboss-logging\3.4.3.Final\jboss-logging-3.4.3.Final.jar;C:\Users\Diana\.m2\repository\net\bytebuddy\byte-buddy\1.12.17\byte-buddy-1.12.17.jar;C:\Users\Diana\.m2\repository\antlr\antlr\2.7.7\antlr-2.7.7.jar;C:\Users\Diana\.m2\repository\org\jboss\jandex\2.4.2.Final\jandex-2.4.2.Final.jar;C:\Users\Diana\.m2\repository\com\fasterxml\classmate\1.5.1\classmate-1.5.1.jar;C:\Users\Diana\.m2\repository\org\hibernate\common\hibernate-commons-annotations\5.1.2.Final\hibernate-commons-annotations-5.1.2.Final.jar;C:\Users\Diana\.m2\repository\org\glassfish\jaxb\jaxb-runtime\2.3.6\jaxb-runtime-2.3.6.jar;C:\Users\Diana\.m2\repository\org\glassfish\jaxb\txw2\2.3.6\txw2-2.3.6.jar;C:\Users\Diana\.m2\repository\com\sun\istack\istack-commons-runtime\3.0.12\istack-commons-runtime-3.0.12.jar;C:\Users\Diana\.m2\repository\com\sun\activation\jakarta.ac
Launcher Type: SUN_STANDARD

[Global flags]
     intx CICompilerCount                          = 3                                         {product} {ergonomic}
     uint ConcGCThreads                            = 1                                         {product} {ergonomic}
     uint G1ConcRefinementThreads                  = 4                                         {product} {ergonomic}
   size_t G1HeapRegionSize                         = 1048576                                   {product} {ergonomic}
    uintx GCDrainStackTargetSize                   = 64                                        {product} {ergonomic}
   size_t InitialHeapSize                          = 50331648                                  {product} {ergonomic}
     bool ManagementServer                         = true                                      {product} {command line}
   size_t MarkStackSize                            = 4194304                                   {product} {ergonomic}
   size_t MaxHeapSize                              = 788529152                                 {product} {ergonomic}
   size_t MaxNewSize                               = 472907776                                 {product} {ergonomic}
   size_t MinHeapDeltaBytes                        = 1048576                                   {product} {ergonomic}
   size_t MinHeapSize                              = 8388608                                   {product} {ergonomic}
    uintx NonNMethodCodeHeapSize                   = 5832780                                {pd product} {ergonomic}
    uintx NonProfiledCodeHeapSize                  = 122912730                              {pd product} {ergonomic}
    uintx ProfiledCodeHeapSize                     = 122912730                              {pd product} {ergonomic}
    uintx ReservedCodeCacheSize                    = 251658240                              {pd product} {ergonomic}
     bool SegmentedCodeCache                       = true                                      {product} {ergonomic}
     bool ShowCodeDetailsInExceptionMessages       = true                                   {manageable} {command line}
   size_t SoftMaxHeapSize                          = 788529152                              {manageable} {ergonomic}
     bool UseCompressedClassPointers               = true                           {product lp64_product} {ergonomic}
     bool UseCompressedOops                        = true                           {product lp64_product} {ergonomic}
     bool UseG1GC                                  = true                                      {product} {ergonomic}
     bool UseLargePagesIndividualAllocation        = false                                  {pd product} {ergonomic}

Logging:
Log output configuration:
 #0: stdout all=warning uptime,level,tags
 #1: stderr all=off uptime,level,tags

Environment Variables:
JAVA_HOME=C:\Program Files\Eclipse Adoptium\jdk-17.0.3.7-hotspot\
PATH=C:\Python310\Scripts\;C:\Python310\;C:\Program Files\Eclipse Adoptium\jdk-17.0.3.7-hotspot\bin;C:\Program Files (x86)\Common Files\Oracle\Java\javapath;C:\WINDOWS\system32;C:\WINDOWS;C:\WINDOWS\System32\Wbem;C:\WINDOWS\System32\WindowsPowerShell\v1.0\;C:\WINDOWS\System32\OpenSSH\;C:\Program Files (x86)\Brackets\command;C:\Program Files (x86)\AMD\ATI.ACE\Core-Static;C:\Users\Diana\OneDrive\Desktop\PROYECTO_JAVA\apache-maven-3.8.5\bin;C:\Program Files\Git\cmd;C:\ProgramData\chocolatey\bin;C:\Program Files\nodejs\;C:\xampp\php;C:\ProgramData\ComposerSetup\bin;C:\Users\Diana\AppData\Local\Microsoft\WindowsApps;C:\Users\Diana\AppData\Local\Programs\Microsoft VS Code\bin;C:\Users\Diana\AppData\Roaming\npm;C:\Users\Diana\AppData\Roaming\Composer\vendor\bin;C:\Users\Diana\AppData\Local\GitHubDesktop\bin
USERNAME=Diana
LANG=es_ES.UTF-8
OS=Windows_NT
PROCESSOR_IDENTIFIER=AMD64 Family 23 Model 24 Stepping 1, AuthenticAMD



---------------  S Y S T E M  ---------------

OS:
 Windows 11 , 64 bit Build 22000 (10.0.22000.708)
OS uptime: 0 days 0:26 hours

CPU: total 4 (initial active 4) (4 cores per cpu, 2 threads per core) family 23 model 24 stepping 1 microcode 0x0, cx8, cmov, fxsr, ht, mmx, 3dnowpref, sse, sse2, sse3, ssse3, sse4a, sse4.1, sse4.2, popcnt, lzcnt, tsc, tscinvbit, avx, avx2, aes, clmul, bmi1, bmi2, adx, sha, fma, vzeroupper, clflush, clflushopt

Memory: 4k page, system-wide physical 3005M (50M free)
TotalPageFile size 12221M (AvailPageFile size 102M)
current process WorkingSet (physical memory assigned to process): 96M, peak: 301M
current process commit charge ("private bytes"): 334M, peak: 424M

vm_info: OpenJDK 64-Bit Server VM (17.0.3+7) for windows-amd64 JRE (17.0.3+7), built on Apr 19 2022 16:55:35 by "" with MS VC++ 16.7 (VS2019)

END.
