#
# There is insufficient memory for the Java Runtime Environment to continue.
# Native memory allocation (mmap) failed to map 3194880 bytes for G1 virtual space
# Possible reasons:
#   The system is out of physical RAM or swap space
#   The process is running with CompressedOops enabled, and the Java Heap may be blocking the growth of the native heap
# Possible solutions:
#   Reduce memory load on the system
#   Increase physical memory or swap space
#   Check if swap backing store is full
#   Decrease Java heap size (-Xmx/-Xms)
#   Decrease number of Java threads
#   Decrease Java thread stack sizes (-Xss)
#   Set larger code cache with -XX:ReservedCodeCacheSize=
#   JVM is running with Unscaled Compressed Oops mode in which the Java heap is
#     placed in the first 4GB address space. The Java Heap base address is the
#     maximum limit for the native heap growth. Please use -XX:HeapBaseMinAddress
#     to set the Java Heap base and to place the Java Heap above 4GB virtual address.
# This output file may be truncated or incomplete.
#
#  Out of Memory Error (os_windows.cpp:3535), pid=12572, tid=15040
#
# JRE version: OpenJDK Runtime Environment Temurin-17.0.3+7 (17.0.3+7) (build 17.0.3+7)
# Java VM: OpenJDK 64-Bit Server VM Temurin-17.0.3+7 (17.0.3+7, mixed mode, sharing, tiered, compressed oops, compressed class ptrs, g1 gc, windows-amd64)
# No core dump will be written. Minidumps are not enabled by default on client versions of Windows
#

---------------  S U M M A R Y ------------

Command Line: -Dcom.sun.management.jmxremote -Dcom.sun.management.jmxremote.port=50489 -Dcom.sun.management.jmxremote.authenticate=false -Dcom.sun.management.jmxremote.ssl=false -Djava.rmi.server.hostname=localhost -Dspring.application.admin.enabled=true -Dspring.jmx.enabled=true -Dspring.boot.project.name=proyecto -XX:+ShowCodeDetailsInExceptionMessages yeilux.com.proyecto.ProyectoApplication

Host: AMD Ryzen 3 3250U with Radeon Graphics         , 4 cores, 2G,  Windows 11 , 64 bit Build 22000 (10.0.22000.708)
Time: Mon Oct 17 18:41:57 2022 Hora est. Pacífico, Sudamérica elapsed time: 691.144600 seconds (0d 0h 11m 31s)

---------------  T H R E A D  ---------------

Current thread (0x00000263c0cc0d60):  VMThread "VM Thread" [stack: 0x000000cb89a00000,0x000000cb89b00000] [id=15040]

Stack: [0x000000cb89a00000,0x000000cb89b00000]
Native frames: (J=compiled Java code, j=interpreted, Vv=VM code, C=native code)
V  [jvm.dll+0x675efa]
V  [jvm.dll+0x830a24]
V  [jvm.dll+0x8321ce]
V  [jvm.dll+0x832833]
V  [jvm.dll+0x2454b5]
V  [jvm.dll+0x672de9]
V  [jvm.dll+0x667732]
V  [jvm.dll+0x3043ab]
V  [jvm.dll+0x30b8f6]
V  [jvm.dll+0x35b643]
V  [jvm.dll+0x35b85f]
V  [jvm.dll+0x2db248]
V  [jvm.dll+0x2d94fc]
V  [jvm.dll+0x2d8acc]
V  [jvm.dll+0x31ca2b]
V  [jvm.dll+0x836cdb]
V  [jvm.dll+0x837a14]
V  [jvm.dll+0x837f2c]
V  [jvm.dll+0x838304]
V  [jvm.dll+0x8383d0]
V  [jvm.dll+0x7e0cfa]
V  [jvm.dll+0x674d85]
C  [ucrtbase.dll+0x26c0c]
C  [KERNEL32.DLL+0x154e0]
C  [ntdll.dll+0x485b]

VM_Operation (0x000000cb891fc1c0): G1CollectForAllocation, mode: safepoint, requested by thread 0x00000263c374de70


---------------  P R O C E S S  ---------------

Threads class SMR info:
_java_thread_list=0x00000263c57685f0, length=33, elements={
0x00000263c0cc6eb0, 0x00000263c0cc8200, 0x00000263c0ce0b60, 0x00000263c0ce1510,
0x00000263c0ce1ec0, 0x00000263c0ce2870, 0x00000263c0ce3600, 0x00000263c0ce60b0,
0x00000263c0d62be0, 0x00000263c0d8e7b0, 0x00000263c18df050, 0x00000263c1d21bc0,
0x00000263c1e1e880, 0x00000263c1d5c4e0, 0x00000263c374d000, 0x00000263c374fb50,
0x00000263c4f12c90, 0x00000263c4f15cb0, 0x00000263c374f1b0, 0x00000263c4f13630,
0x00000263c4f157e0, 0x00000263c4f16650, 0x00000263c4f17990, 0x00000263c4f16ff0,
0x00000263c4f174c0, 0x00000263c4f18330, 0x00000263c374d4d0, 0x00000263c374de70,
0x00000263c374e810, 0x00000263c374ece0, 0x00000263c374f680, 0x00000263c374c190,
0x00000263c374c660
}

Java Threads: ( => current thread )
  0x00000263c0cc6eb0 JavaThread "Reference Handler" daemon [_thread_blocked, id=1436, stack(0x000000cb89b00000,0x000000cb89c00000)]
  0x00000263c0cc8200 JavaThread "Finalizer" daemon [_thread_blocked, id=2952, stack(0x000000cb89c00000,0x000000cb89d00000)]
  0x00000263c0ce0b60 JavaThread "Signal Dispatcher" daemon [_thread_blocked, id=2384, stack(0x000000cb89d00000,0x000000cb89e00000)]
  0x00000263c0ce1510 JavaThread "Attach Listener" daemon [_thread_blocked, id=16252, stack(0x000000cb89e00000,0x000000cb89f00000)]
  0x00000263c0ce1ec0 JavaThread "Service Thread" daemon [_thread_blocked, id=12052, stack(0x000000cb89f00000,0x000000cb8a000000)]
  0x00000263c0ce2870 JavaThread "Monitor Deflation Thread" daemon [_thread_blocked, id=9944, stack(0x000000cb8a000000,0x000000cb8a100000)]
  0x00000263c0ce3600 JavaThread "C2 CompilerThread0" daemon [_thread_blocked, id=16956, stack(0x000000cb8a100000,0x000000cb8a200000)]
  0x00000263c0ce60b0 JavaThread "C1 CompilerThread0" daemon [_thread_blocked, id=9504, stack(0x000000cb8a200000,0x000000cb8a300000)]
  0x00000263c0d62be0 JavaThread "Sweeper thread" daemon [_thread_blocked, id=3492, stack(0x000000cb8a300000,0x000000cb8a400000)]
  0x00000263c0d8e7b0 JavaThread "Common-Cleaner" daemon [_thread_blocked, id=3400, stack(0x000000cb8a400000,0x000000cb8a500000)]
  0x00000263c18df050 JavaThread "Notification Thread" daemon [_thread_blocked, id=4368, stack(0x000000cb8a500000,0x000000cb8a600000)]
  0x00000263c1d21bc0 JavaThread "RMI TCP Accept-0" daemon [_thread_in_native, id=17380, stack(0x000000cb8a600000,0x000000cb8a700000)]
  0x00000263c1e1e880 JavaThread "RMI TCP Accept-50489" daemon [_thread_in_native, id=2412, stack(0x000000cb8a700000,0x000000cb8a800000)]
  0x00000263c1d5c4e0 JavaThread "RMI TCP Accept-0" daemon [_thread_in_native, id=9992, stack(0x000000cb8a800000,0x000000cb8a900000)]
  0x00000263c374d000 JavaThread "mysql-cj-abandoned-connection-cleanup" daemon [_thread_blocked, id=2780, stack(0x000000cb8b300000,0x000000cb8b400000)]
  0x00000263c374fb50 JavaThread "Live Reload Server" daemon [_thread_in_native, id=9436, stack(0x000000cb8b800000,0x000000cb8b900000)]
  0x00000263c4f12c90 JavaThread "DestroyJavaVM" [_thread_blocked, id=10920, stack(0x000000cb89400000,0x000000cb89500000)]
  0x00000263c4f15cb0 JavaThread "File Watcher" daemon [_thread_blocked, id=18068, stack(0x000000cb8b000000,0x000000cb8b100000)]
  0x00000263c374f1b0 JavaThread "Thread-7" [_thread_blocked, id=16112, stack(0x000000cb8b400000,0x000000cb8b500000)]
  0x00000263c4f13630 JavaThread "File Watcher" daemon [_thread_blocked, id=14716, stack(0x000000cb8b200000,0x000000cb8b300000)]
  0x00000263c4f157e0 JavaThread "File Watcher" daemon [_thread_blocked, id=7448, stack(0x000000cb8ae00000,0x000000cb8af00000)]
  0x00000263c4f16650 JavaThread "File Watcher" daemon [_thread_blocked, id=17456, stack(0x000000cb8af00000,0x000000cb8b000000)]
  0x00000263c4f17990 JavaThread "File Watcher" daemon [_thread_blocked, id=2184, stack(0x000000cb8b700000,0x000000cb8b800000)]
  0x00000263c4f16ff0 JavaThread "File Watcher" daemon [_thread_blocked, id=16840, stack(0x000000cb8b900000,0x000000cb8ba00000)]
  0x00000263c4f174c0 JavaThread "File Watcher" daemon [_thread_blocked, id=13320, stack(0x000000cb8b100000,0x000000cb8b200000)]
  0x00000263c4f18330 JavaThread "File Watcher" daemon [_thread_blocked, id=5844, stack(0x000000cb8b500000,0x000000cb8b600000)]
  0x00000263c374d4d0 JavaThread "File Watcher" daemon [_thread_blocked, id=17600, stack(0x000000cb8ba00000,0x000000cb8bb00000)]
  0x00000263c374de70 JavaThread "restartedMain" [_thread_blocked, id=5860, stack(0x000000cb89100000,0x000000cb89200000)]
  0x00000263c374e810 JavaThread "Catalina-utility-1" [_thread_blocked, id=1352, stack(0x000000cb89300000,0x000000cb89400000)]
  0x00000263c374ece0 JavaThread "Catalina-utility-2" [_thread_blocked, id=10752, stack(0x000000cb8b600000,0x000000cb8b700000)]
  0x00000263c374f680 JavaThread "container-9" [_thread_blocked, id=10008, stack(0x000000cb8bb00000,0x000000cb8bc00000)]
  0x00000263c374c190 JavaThread "HikariPool-11 housekeeper" daemon [_thread_blocked, id=16636, stack(0x000000cb8bc00000,0x000000cb8bd00000)]
  0x00000263c374c660 JavaThread "HikariPool-11 connection adder" daemon [_thread_blocked, id=16392, stack(0x000000cb8bd00000,0x000000cb8be00000)]

Other Threads:
=>0x00000263c0cc0d60 VMThread "VM Thread" [stack: 0x000000cb89a00000,0x000000cb89b00000] [id=15040]
  0x00000263c1d5c9b0 WatcherThread [stack: 0x000000cb8a900000,0x000000cb8aa00000] [id=5244]
  0x00000263a62353e0 GCTaskThread "GC Thread#0" [stack: 0x000000cb89500000,0x000000cb89600000] [id=3176]
  0x00000263c1f368a0 GCTaskThread "GC Thread#1" [stack: 0x000000cb8aa00000,0x000000cb8ab00000] [id=13676]
  0x00000263c21a17f0 GCTaskThread "GC Thread#2" [stack: 0x000000cb8ab00000,0x000000cb8ac00000] [id=10104]
  0x00000263c1f58e20 GCTaskThread "GC Thread#3" [stack: 0x000000cb8ac00000,0x000000cb8ad00000] [id=16932]
  0x00000263a623ca20 ConcurrentGCThread "G1 Main Marker" [stack: 0x000000cb89600000,0x000000cb89700000] [id=8308]
  0x00000263a623e440 ConcurrentGCThread "G1 Conc#0" [stack: 0x000000cb89700000,0x000000cb89800000] [id=9512]
  0x00000263a62b0b70 ConcurrentGCThread "G1 Refine#0" [stack: 0x000000cb89800000,0x000000cb89900000] [id=9708]
  0x00000263c1f9ad80 ConcurrentGCThread "G1 Refine#1" [stack: 0x000000cb8ad00000,0x000000cb8ae00000] [id=2332]
  0x00000263a62b2440 ConcurrentGCThread "G1 Service" [stack: 0x000000cb89900000,0x000000cb89a00000] [id=8364]

Threads with active compile tasks:
C2 CompilerThread0   691213 14001       4       org.hibernate.validator.internal.metadata.aggregated.ExecutableMetaData$Builder::assertCorrectnessOfConfiguration (136 bytes)

VM state: at safepoint (normal execution)

VM Mutex/Monitor currently owned by a thread:  ([mutex/lock_event])
[0x00000263a61f3380] Threads_lock - owner thread: 0x00000263c0cc0d60
[0x00000263a61f4220] Heap_lock - owner thread: 0x00000263c374de70

Heap address: 0x00000000d1000000, size: 752 MB, Compressed Oops mode: 32-bit

CDS archive(s) mapped at: [0x0000000800000000-0x0000000800bc0000-0x0000000800bc0000), size 12320768, SharedBaseAddress: 0x0000000800000000, ArchiveRelocationMode: 0.
Compressed class space mapped at: 0x0000000800c00000-0x0000000840c00000, reserved size: 1073741824
Narrow klass base: 0x0000000800000000, Narrow klass shift: 0, Narrow klass range: 0x100000000

GC Precious Log:
 CPUs: 4 total, 4 available
 Memory: 3005M
 Large Page Support: Disabled
 NUMA Support: Disabled
 Compressed Oops: Enabled (32-bit)
 Heap Region Size: 1M
 Heap Min Capacity: 8M
 Heap Initial Capacity: 48M
 Heap Max Capacity: 752M
 Pre-touch: Disabled
 Parallel Workers: 4
 Concurrent Workers: 1
 Concurrent Refinement Workers: 4
 Periodic GC: Disabled

Heap:
 garbage-first heap   total 204800K, used 71293K [0x00000000d1000000, 0x0000000100000000)
  region size 1024K, 5 young (5120K), 5 survivors (5120K)
 Metaspace       used 73341K, committed 74112K, reserved 1114112K
  class space    used 8886K, committed 9280K, reserved 1048576K

Heap Regions: E=young(eden), S=young(survivor), O=old, HS=humongous(starts), HC=humongous(continues), CS=collection set, F=free, OA=open archive, CA=closed archive, TAMS=top-at-mark-start (previous, next)
|   0|0x00000000d1000000, 0x00000000d1100000, 0x00000000d1100000|100%|HS|  |TAMS 0x00000000d1100000, 0x00000000d1100000| Complete 
|   1|0x00000000d1100000, 0x00000000d1200000, 0x00000000d1200000|100%| O|  |TAMS 0x00000000d1200000, 0x00000000d1200000| Untracked 
|   2|0x00000000d1200000, 0x00000000d1300000, 0x00000000d1300000|100%| O|  |TAMS 0x00000000d1300000, 0x00000000d1300000| Untracked 
|   3|0x00000000d1300000, 0x00000000d1400000, 0x00000000d1400000|100%| O|  |TAMS 0x00000000d1400000, 0x00000000d1400000| Untracked 
|   4|0x00000000d1400000, 0x00000000d1500000, 0x00000000d1500000|100%| O|  |TAMS 0x00000000d1500000, 0x00000000d1500000| Untracked 
|   5|0x00000000d1500000, 0x00000000d1600000, 0x00000000d1600000|100%| O|  |TAMS 0x00000000d1600000, 0x00000000d1600000| Untracked 
|   6|0x00000000d1600000, 0x00000000d1700000, 0x00000000d1700000|100%| O|  |TAMS 0x00000000d1700000, 0x00000000d1700000| Untracked 
|   7|0x00000000d1700000, 0x00000000d17f6cd8, 0x00000000d1800000| 96%| O|  |TAMS 0x00000000d17f6cd8, 0x00000000d17f6cd8| Untracked 
|   8|0x00000000d1800000, 0x00000000d18ffff8, 0x00000000d1900000| 99%| O|  |TAMS 0x00000000d18ffff8, 0x00000000d18ffff8| Untracked 
|   9|0x00000000d1900000, 0x00000000d19fffb0, 0x00000000d1a00000| 99%| O|  |TAMS 0x00000000d19fffb0, 0x00000000d19fffb0| Untracked 
|  10|0x00000000d1a00000, 0x00000000d1afffe0, 0x00000000d1b00000| 99%| O|  |TAMS 0x00000000d1afffe0, 0x00000000d1afffe0| Untracked 
|  11|0x00000000d1b00000, 0x00000000d1bff130, 0x00000000d1c00000| 99%| O|  |TAMS 0x00000000d1bff130, 0x00000000d1bff130| Untracked 
|  12|0x00000000d1c00000, 0x00000000d1cffff8, 0x00000000d1d00000| 99%| O|  |TAMS 0x00000000d1cffff8, 0x00000000d1cffff8| Untracked 
|  13|0x00000000d1d00000, 0x00000000d1dfffd8, 0x00000000d1e00000| 99%| O|  |TAMS 0x00000000d1dfffd8, 0x00000000d1dfffd8| Untracked 
|  14|0x00000000d1e00000, 0x00000000d1f00000, 0x00000000d1f00000|100%| O|  |TAMS 0x00000000d1f00000, 0x00000000d1f00000| Untracked 
|  15|0x00000000d1f00000, 0x00000000d1ffffe8, 0x00000000d2000000| 99%| O|  |TAMS 0x00000000d1ffffe8, 0x00000000d1ffffe8| Untracked 
|  16|0x00000000d2000000, 0x00000000d20fffa0, 0x00000000d2100000| 99%| O|  |TAMS 0x00000000d20fffa0, 0x00000000d20fffa0| Untracked 
|  17|0x00000000d2100000, 0x00000000d21fffb0, 0x00000000d2200000| 99%| O|  |TAMS 0x00000000d21fffb0, 0x00000000d21fffb0| Untracked 
|  18|0x00000000d2200000, 0x00000000d22ffff8, 0x00000000d2300000| 99%| O|  |TAMS 0x00000000d22ffff8, 0x00000000d22ffff8| Untracked 
|  19|0x00000000d2300000, 0x00000000d23ffff0, 0x00000000d2400000| 99%| O|  |TAMS 0x00000000d23ffff0, 0x00000000d23ffff0| Untracked 
|  20|0x00000000d2400000, 0x00000000d24fffa0, 0x00000000d2500000| 99%| O|  |TAMS 0x00000000d24fffa0, 0x00000000d24fffa0| Untracked 
|  21|0x00000000d2500000, 0x00000000d25ab5e0, 0x00000000d2600000| 66%| O|  |TAMS 0x00000000d25ab5e0, 0x00000000d25ab5e0| Untracked 
|  22|0x00000000d2600000, 0x00000000d26d2180, 0x00000000d2700000| 82%| O|  |TAMS 0x00000000d26d2180, 0x00000000d26d2180| Untracked 
|  23|0x00000000d2700000, 0x00000000d27fffb8, 0x00000000d2800000| 99%| O|  |TAMS 0x00000000d27fffb8, 0x00000000d27fffb8| Untracked 
|  24|0x00000000d2800000, 0x00000000d2900000, 0x00000000d2900000|100%| O|  |TAMS 0x00000000d2900000, 0x00000000d2900000| Untracked 
|  25|0x00000000d2900000, 0x00000000d2a00000, 0x00000000d2a00000|100%| O|  |TAMS 0x00000000d2a00000, 0x00000000d2a00000| Untracked 
|  26|0x00000000d2a00000, 0x00000000d2b00000, 0x00000000d2b00000|100%| O|  |TAMS 0x00000000d2b00000, 0x00000000d2b00000| Untracked 
|  27|0x00000000d2b00000, 0x00000000d2c00000, 0x00000000d2c00000|100%| O|  |TAMS 0x00000000d2c00000, 0x00000000d2c00000| Untracked 
|  28|0x00000000d2c00000, 0x00000000d2d00000, 0x00000000d2d00000|100%| O|  |TAMS 0x00000000d2d00000, 0x00000000d2d00000| Untracked 
|  29|0x00000000d2d00000, 0x00000000d2e00000, 0x00000000d2e00000|100%| O|  |TAMS 0x00000000d2d00000, 0x00000000d2e00000| Untracked 
|  30|0x00000000d2e00000, 0x00000000d2f00000, 0x00000000d2f00000|100%| O|  |TAMS 0x00000000d2f00000, 0x00000000d2f00000| Untracked 
|  31|0x00000000d2f00000, 0x00000000d3000000, 0x00000000d3000000|100%| O|  |TAMS 0x00000000d3000000, 0x00000000d3000000| Untracked 
|  32|0x00000000d3000000, 0x00000000d3100000, 0x00000000d3100000|100%| O|  |TAMS 0x00000000d3100000, 0x00000000d3100000| Untracked 
|  33|0x00000000d3100000, 0x00000000d3200000, 0x00000000d3200000|100%| O|  |TAMS 0x00000000d3100000, 0x00000000d3200000| Untracked 
|  34|0x00000000d3200000, 0x00000000d3300000, 0x00000000d3300000|100%| O|  |TAMS 0x00000000d3300000, 0x00000000d3300000| Untracked 
|  35|0x00000000d3300000, 0x00000000d3400000, 0x00000000d3400000|100%| O|  |TAMS 0x00000000d3400000, 0x00000000d3400000| Untracked 
|  36|0x00000000d3400000, 0x00000000d3500000, 0x00000000d3500000|100%| O|  |TAMS 0x00000000d3500000, 0x00000000d3500000| Untracked 
|  37|0x00000000d3500000, 0x00000000d3600000, 0x00000000d3600000|100%| O|  |TAMS 0x00000000d3600000, 0x00000000d3600000| Untracked 
|  38|0x00000000d3600000, 0x00000000d3700000, 0x00000000d3700000|100%| O|  |TAMS 0x00000000d3700000, 0x00000000d3700000| Untracked 
|  39|0x00000000d3700000, 0x00000000d3800000, 0x00000000d3800000|100%| O|  |TAMS 0x00000000d3800000, 0x00000000d3800000| Untracked 
|  40|0x00000000d3800000, 0x00000000d3900000, 0x00000000d3900000|100%| O|  |TAMS 0x00000000d3900000, 0x00000000d3900000| Untracked 
|  41|0x00000000d3900000, 0x00000000d3a00000, 0x00000000d3a00000|100%| O|  |TAMS 0x00000000d3900000, 0x00000000d3a00000| Untracked 
|  42|0x00000000d3a00000, 0x00000000d3b00000, 0x00000000d3b00000|100%| O|  |TAMS 0x00000000d3b00000, 0x00000000d3b00000| Untracked 
|  43|0x00000000d3b00000, 0x00000000d3c00000, 0x00000000d3c00000|100%| O|  |TAMS 0x00000000d3c00000, 0x00000000d3c00000| Untracked 
|  44|0x00000000d3c00000, 0x00000000d3d00000, 0x00000000d3d00000|100%| O|  |TAMS 0x00000000d3d00000, 0x00000000d3d00000| Untracked 
|  45|0x00000000d3d00000, 0x00000000d3e00000, 0x00000000d3e00000|100%| O|  |TAMS 0x00000000d3e00000, 0x00000000d3e00000| Untracked 
|  46|0x00000000d3e00000, 0x00000000d3f00000, 0x00000000d3f00000|100%| O|  |TAMS 0x00000000d3f00000, 0x00000000d3f00000| Untracked 
|  47|0x00000000d3f00000, 0x00000000d4000000, 0x00000000d4000000|100%| O|  |TAMS 0x00000000d4000000, 0x00000000d4000000| Untracked 
|  48|0x00000000d4000000, 0x00000000d4100000, 0x00000000d4100000|100%| O|  |TAMS 0x00000000d4100000, 0x00000000d4100000| Untracked 
|  49|0x00000000d4100000, 0x00000000d4200000, 0x00000000d4200000|100%| O|  |TAMS 0x00000000d4200000, 0x00000000d4200000| Untracked 
|  50|0x00000000d4200000, 0x00000000d4300000, 0x00000000d4300000|100%| O|  |TAMS 0x00000000d4300000, 0x00000000d4300000| Untracked 
|  51|0x00000000d4300000, 0x00000000d4400000, 0x00000000d4400000|100%| O|  |TAMS 0x00000000d4400000, 0x00000000d4400000| Untracked 
|  52|0x00000000d4400000, 0x00000000d4400000, 0x00000000d4500000|  0%| F|  |TAMS 0x00000000d4400000, 0x00000000d4400000| Untracked 
|  53|0x00000000d4500000, 0x00000000d4600000, 0x00000000d4600000|100%| O|  |TAMS 0x00000000d4600000, 0x00000000d4600000| Untracked 
|  54|0x00000000d4600000, 0x00000000d4600000, 0x00000000d4700000|  0%| F|  |TAMS 0x00000000d4600000, 0x00000000d4600000| Untracked 
|  55|0x00000000d4700000, 0x00000000d4800000, 0x00000000d4800000|100%| O|  |TAMS 0x00000000d4800000, 0x00000000d4800000| Untracked 
|  56|0x00000000d4800000, 0x00000000d4900000, 0x00000000d4900000|100%| O|  |TAMS 0x00000000d4900000, 0x00000000d4900000| Untracked 
|  57|0x00000000d4900000, 0x00000000d4a00000, 0x00000000d4a00000|100%| O|  |TAMS 0x00000000d4a00000, 0x00000000d4a00000| Untracked 
|  58|0x00000000d4a00000, 0x00000000d4a00000, 0x00000000d4b00000|  0%| F|  |TAMS 0x00000000d4a00000, 0x00000000d4a00000| Untracked 
|  59|0x00000000d4b00000, 0x00000000d4b00000, 0x00000000d4c00000|  0%| F|  |TAMS 0x00000000d4b00000, 0x00000000d4b00000| Untracked 
|  60|0x00000000d4c00000, 0x00000000d4d00000, 0x00000000d4d00000|100%| O|  |TAMS 0x00000000d4d00000, 0x00000000d4d00000| Untracked 
|  61|0x00000000d4d00000, 0x00000000d4d00000, 0x00000000d4e00000|  0%| F|  |TAMS 0x00000000d4d00000, 0x00000000d4d00000| Untracked 
|  62|0x00000000d4e00000, 0x00000000d4f00000, 0x00000000d4f00000|100%| O|  |TAMS 0x00000000d4f00000, 0x00000000d4f00000| Untracked 
|  63|0x00000000d4f00000, 0x00000000d5000000, 0x00000000d5000000|100%| O|  |TAMS 0x00000000d4f1f200, 0x00000000d5000000| Untracked 
|  64|0x00000000d5000000, 0x00000000d5100000, 0x00000000d5100000|100%| O|  |TAMS 0x00000000d5000000, 0x00000000d5100000| Untracked 
|  65|0x00000000d5100000, 0x00000000d5200000, 0x00000000d5200000|100%| O|  |TAMS 0x00000000d5100000, 0x00000000d5200000| Untracked 
|  66|0x00000000d5200000, 0x00000000d5300000, 0x00000000d5300000|100%| O|  |TAMS 0x00000000d5200000, 0x00000000d5300000| Untracked 
|  67|0x00000000d5300000, 0x00000000d5400000, 0x00000000d5400000|100%| O|  |TAMS 0x00000000d5300000, 0x00000000d5400000| Untracked 
|  68|0x00000000d5400000, 0x00000000d5500000, 0x00000000d5500000|100%| O|  |TAMS 0x00000000d5400000, 0x00000000d5500000| Untracked 
|  69|0x00000000d5500000, 0x00000000d5600000, 0x00000000d5600000|100%| O|  |TAMS 0x00000000d5500000, 0x00000000d5600000| Untracked 
|  70|0x00000000d5600000, 0x00000000d562c200, 0x00000000d5700000| 17%| O|  |TAMS 0x00000000d5600000, 0x00000000d562c200| Untracked 
|  71|0x00000000d5700000, 0x00000000d5700000, 0x00000000d5800000|  0%| F|  |TAMS 0x00000000d5700000, 0x00000000d5700000| Untracked 
|  72|0x00000000d5800000, 0x00000000d5800000, 0x00000000d5900000|  0%| F|  |TAMS 0x00000000d5800000, 0x00000000d5800000| Untracked 
|  73|0x00000000d5900000, 0x00000000d5900000, 0x00000000d5a00000|  0%| F|  |TAMS 0x00000000d5900000, 0x00000000d5900000| Untracked 
|  74|0x00000000d5a00000, 0x00000000d5a00000, 0x00000000d5b00000|  0%| F|  |TAMS 0x00000000d5a00000, 0x00000000d5a00000| Untracked 
|  75|0x00000000d5b00000, 0x00000000d5b00000, 0x00000000d5c00000|  0%| F|  |TAMS 0x00000000d5b00000, 0x00000000d5b00000| Untracked 
|  76|0x00000000d5c00000, 0x00000000d5c00000, 0x00000000d5d00000|  0%| F|  |TAMS 0x00000000d5c00000, 0x00000000d5c00000| Untracked 
|  77|0x00000000d5d00000, 0x00000000d5d00000, 0x00000000d5e00000|  0%| F|  |TAMS 0x00000000d5d00000, 0x00000000d5d00000| Untracked 
|  78|0x00000000d5e00000, 0x00000000d5e00000, 0x00000000d5f00000|  0%| F|  |TAMS 0x00000000d5e00000, 0x00000000d5e00000| Untracked 
|  79|0x00000000d5f00000, 0x00000000d5f00000, 0x00000000d6000000|  0%| F|  |TAMS 0x00000000d5f00000, 0x00000000d5f00000| Untracked 
|  80|0x00000000d6000000, 0x00000000d6000000, 0x00000000d6100000|  0%| F|  |TAMS 0x00000000d6000000, 0x00000000d6000000| Untracked 
|  81|0x00000000d6100000, 0x00000000d6100000, 0x00000000d6200000|  0%| F|  |TAMS 0x00000000d6100000, 0x00000000d6100000| Untracked 
|  82|0x00000000d6200000, 0x00000000d6200000, 0x00000000d6300000|  0%| F|  |TAMS 0x00000000d6200000, 0x00000000d6200000| Untracked 
|  83|0x00000000d6300000, 0x00000000d6300000, 0x00000000d6400000|  0%| F|  |TAMS 0x00000000d6300000, 0x00000000d6300000| Untracked 
|  84|0x00000000d6400000, 0x00000000d6400000, 0x00000000d6500000|  0%| F|  |TAMS 0x00000000d6400000, 0x00000000d6400000| Untracked 
|  85|0x00000000d6500000, 0x00000000d6500000, 0x00000000d6600000|  0%| F|  |TAMS 0x00000000d6500000, 0x00000000d6500000| Untracked 
|  86|0x00000000d6600000, 0x00000000d6600000, 0x00000000d6700000|  0%| F|  |TAMS 0x00000000d6600000, 0x00000000d6600000| Untracked 
|  87|0x00000000d6700000, 0x00000000d6700000, 0x00000000d6800000|  0%| F|  |TAMS 0x00000000d6700000, 0x00000000d6700000| Untracked 
|  88|0x00000000d6800000, 0x00000000d6800000, 0x00000000d6900000|  0%| F|  |TAMS 0x00000000d6800000, 0x00000000d6800000| Untracked 
|  89|0x00000000d6900000, 0x00000000d6900000, 0x00000000d6a00000|  0%| F|  |TAMS 0x00000000d6900000, 0x00000000d6900000| Untracked 
|  90|0x00000000d6a00000, 0x00000000d6b00000, 0x00000000d6b00000|100%| S|CS|TAMS 0x00000000d6a00000, 0x00000000d6a00000| Complete 
|  91|0x00000000d6b00000, 0x00000000d6c00000, 0x00000000d6c00000|100%| S|CS|TAMS 0x00000000d6b00000, 0x00000000d6b00000| Complete 
|  92|0x00000000d6c00000, 0x00000000d6d00000, 0x00000000d6d00000|100%| S|CS|TAMS 0x00000000d6c00000, 0x00000000d6c00000| Complete 
|  93|0x00000000d6d00000, 0x00000000d6e00000, 0x00000000d6e00000|100%| S|CS|TAMS 0x00000000d6d00000, 0x00000000d6d00000| Complete 
|  94|0x00000000d6e00000, 0x00000000d6f00000, 0x00000000d6f00000|100%| S|CS|TAMS 0x00000000d6e00000, 0x00000000d6e00000| Complete 
|  95|0x00000000d6f00000, 0x00000000d6f00000, 0x00000000d7000000|  0%| F|  |TAMS 0x00000000d6f00000, 0x00000000d6f00000| Untracked 
|  96|0x00000000d7000000, 0x00000000d7000000, 0x00000000d7100000|  0%| F|  |TAMS 0x00000000d7000000, 0x00000000d7000000| Untracked 
|  97|0x00000000d7100000, 0x00000000d7100000, 0x00000000d7200000|  0%| F|  |TAMS 0x00000000d7100000, 0x00000000d7100000| Untracked 
|  98|0x00000000d7200000, 0x00000000d7200000, 0x00000000d7300000|  0%| F|  |TAMS 0x00000000d7200000, 0x00000000d7200000| Untracked 
|  99|0x00000000d7300000, 0x00000000d7300000, 0x00000000d7400000|  0%| F|  |TAMS 0x00000000d7300000, 0x00000000d7300000| Untracked 
| 100|0x00000000d7400000, 0x00000000d7400000, 0x00000000d7500000|  0%| F|  |TAMS 0x00000000d7400000, 0x00000000d7400000| Untracked 
| 101|0x00000000d7500000, 0x00000000d7500000, 0x00000000d7600000|  0%| F|  |TAMS 0x00000000d7500000, 0x00000000d7500000| Untracked 
| 102|0x00000000d7600000, 0x00000000d7600000, 0x00000000d7700000|  0%| F|  |TAMS 0x00000000d7600000, 0x00000000d7600000| Untracked 
| 103|0x00000000d7700000, 0x00000000d7700000, 0x00000000d7800000|  0%| F|  |TAMS 0x00000000d7700000, 0x00000000d7700000| Untracked 
| 104|0x00000000d7800000, 0x00000000d7800000, 0x00000000d7900000|  0%| F|  |TAMS 0x00000000d7800000, 0x00000000d7800000| Untracked 
| 105|0x00000000d7900000, 0x00000000d7900000, 0x00000000d7a00000|  0%| F|  |TAMS 0x00000000d7900000, 0x00000000d7900000| Untracked 
| 106|0x00000000d7a00000, 0x00000000d7a00000, 0x00000000d7b00000|  0%| F|  |TAMS 0x00000000d7a00000, 0x00000000d7a00000| Untracked 
| 107|0x00000000d7b00000, 0x00000000d7b00000, 0x00000000d7c00000|  0%| F|  |TAMS 0x00000000d7b00000, 0x00000000d7b00000| Untracked 
| 108|0x00000000d7c00000, 0x00000000d7c00000, 0x00000000d7d00000|  0%| F|  |TAMS 0x00000000d7c00000, 0x00000000d7c00000| Untracked 
| 109|0x00000000d7d00000, 0x00000000d7d00000, 0x00000000d7e00000|  0%| F|  |TAMS 0x00000000d7d00000, 0x00000000d7d00000| Untracked 
| 110|0x00000000d7e00000, 0x00000000d7e00000, 0x00000000d7f00000|  0%| F|  |TAMS 0x00000000d7e00000, 0x00000000d7e00000| Untracked 
| 111|0x00000000d7f00000, 0x00000000d7f00000, 0x00000000d8000000|  0%| F|  |TAMS 0x00000000d7f00000, 0x00000000d7f00000| Untracked 
| 112|0x00000000d8000000, 0x00000000d8000000, 0x00000000d8100000|  0%| F|  |TAMS 0x00000000d8000000, 0x00000000d8000000| Untracked 
| 113|0x00000000d8100000, 0x00000000d8100000, 0x00000000d8200000|  0%| F|  |TAMS 0x00000000d8100000, 0x00000000d8100000| Untracked 
| 114|0x00000000d8200000, 0x00000000d8200000, 0x00000000d8300000|  0%| F|  |TAMS 0x00000000d8200000, 0x00000000d8200000| Untracked 
| 115|0x00000000d8300000, 0x00000000d8300000, 0x00000000d8400000|  0%| F|  |TAMS 0x00000000d8300000, 0x00000000d8300000| Untracked 
| 116|0x00000000d8400000, 0x00000000d8400000, 0x00000000d8500000|  0%| F|  |TAMS 0x00000000d8400000, 0x00000000d8400000| Untracked 
| 117|0x00000000d8500000, 0x00000000d8500000, 0x00000000d8600000|  0%| F|  |TAMS 0x00000000d8500000, 0x00000000d8500000| Untracked 
| 118|0x00000000d8600000, 0x00000000d8600000, 0x00000000d8700000|  0%| F|  |TAMS 0x00000000d8600000, 0x00000000d8600000| Untracked 
| 119|0x00000000d8700000, 0x00000000d8700000, 0x00000000d8800000|  0%| F|  |TAMS 0x00000000d8700000, 0x00000000d8700000| Untracked 
| 120|0x00000000d8800000, 0x00000000d8800000, 0x00000000d8900000|  0%| F|  |TAMS 0x00000000d8800000, 0x00000000d8800000| Untracked 
| 121|0x00000000d8900000, 0x00000000d8900000, 0x00000000d8a00000|  0%| F|  |TAMS 0x00000000d8900000, 0x00000000d8900000| Untracked 
| 122|0x00000000d8a00000, 0x00000000d8a00000, 0x00000000d8b00000|  0%| F|  |TAMS 0x00000000d8a00000, 0x00000000d8a00000| Untracked 
| 123|0x00000000d8b00000, 0x00000000d8b00000, 0x00000000d8c00000|  0%| F|  |TAMS 0x00000000d8b00000, 0x00000000d8b00000| Untracked 
| 124|0x00000000d8c00000, 0x00000000d8c00000, 0x00000000d8d00000|  0%| F|  |TAMS 0x00000000d8c00000, 0x00000000d8c00000| Untracked 
| 125|0x00000000d8d00000, 0x00000000d8d00000, 0x00000000d8e00000|  0%| F|  |TAMS 0x00000000d8d00000, 0x00000000d8d00000| Untracked 
| 126|0x00000000d8e00000, 0x00000000d8e00000, 0x00000000d8f00000|  0%| F|  |TAMS 0x00000000d8e00000, 0x00000000d8e00000| Untracked 
| 127|0x00000000d8f00000, 0x00000000d8f00000, 0x00000000d9000000|  0%| F|  |TAMS 0x00000000d8f00000, 0x00000000d8f00000| Untracked 
| 128|0x00000000d9000000, 0x00000000d9000000, 0x00000000d9100000|  0%| F|  |TAMS 0x00000000d9000000, 0x00000000d9000000| Untracked 
| 129|0x00000000d9100000, 0x00000000d9100000, 0x00000000d9200000|  0%| F|  |TAMS 0x00000000d9100000, 0x00000000d9100000| Untracked 
| 130|0x00000000d9200000, 0x00000000d9200000, 0x00000000d9300000|  0%| F|  |TAMS 0x00000000d9200000, 0x00000000d9200000| Untracked 
| 131|0x00000000d9300000, 0x00000000d9300000, 0x00000000d9400000|  0%| F|  |TAMS 0x00000000d9300000, 0x00000000d9300000| Untracked 
| 132|0x00000000d9400000, 0x00000000d9400000, 0x00000000d9500000|  0%| F|  |TAMS 0x00000000d9400000, 0x00000000d9400000| Untracked 
| 133|0x00000000d9500000, 0x00000000d9500000, 0x00000000d9600000|  0%| F|  |TAMS 0x00000000d9500000, 0x00000000d9500000| Untracked 
| 134|0x00000000d9600000, 0x00000000d9600000, 0x00000000d9700000|  0%| F|  |TAMS 0x00000000d9600000, 0x00000000d9600000| Untracked 
| 135|0x00000000d9700000, 0x00000000d9700000, 0x00000000d9800000|  0%| F|  |TAMS 0x00000000d9700000, 0x00000000d9700000| Untracked 
| 136|0x00000000d9800000, 0x00000000d9800000, 0x00000000d9900000|  0%| F|  |TAMS 0x00000000d9800000, 0x00000000d9800000| Untracked 
| 137|0x00000000d9900000, 0x00000000d9900000, 0x00000000d9a00000|  0%| F|  |TAMS 0x00000000d9900000, 0x00000000d9900000| Untracked 
| 138|0x00000000d9a00000, 0x00000000d9a00000, 0x00000000d9b00000|  0%| F|  |TAMS 0x00000000d9a00000, 0x00000000d9a00000| Untracked 
| 139|0x00000000d9b00000, 0x00000000d9b00000, 0x00000000d9c00000|  0%| F|  |TAMS 0x00000000d9b00000, 0x00000000d9b00000| Untracked 
| 140|0x00000000d9c00000, 0x00000000d9c00000, 0x00000000d9d00000|  0%| F|  |TAMS 0x00000000d9c00000, 0x00000000d9c00000| Untracked 
| 141|0x00000000d9d00000, 0x00000000d9d00000, 0x00000000d9e00000|  0%| F|  |TAMS 0x00000000d9d00000, 0x00000000d9d00000| Untracked 
| 142|0x00000000d9e00000, 0x00000000d9e00000, 0x00000000d9f00000|  0%| F|  |TAMS 0x00000000d9e00000, 0x00000000d9e00000| Untracked 
| 143|0x00000000d9f00000, 0x00000000d9f00000, 0x00000000da000000|  0%| F|  |TAMS 0x00000000d9f00000, 0x00000000d9f00000| Untracked 
| 144|0x00000000da000000, 0x00000000da000000, 0x00000000da100000|  0%| F|  |TAMS 0x00000000da000000, 0x00000000da000000| Untracked 
| 145|0x00000000da100000, 0x00000000da100000, 0x00000000da200000|  0%| F|  |TAMS 0x00000000da100000, 0x00000000da100000| Untracked 
| 146|0x00000000da200000, 0x00000000da200000, 0x00000000da300000|  0%| F|  |TAMS 0x00000000da200000, 0x00000000da200000| Untracked 
| 147|0x00000000da300000, 0x00000000da300000, 0x00000000da400000|  0%| F|  |TAMS 0x00000000da300000, 0x00000000da300000| Untracked 
| 148|0x00000000da400000, 0x00000000da400000, 0x00000000da500000|  0%| F|  |TAMS 0x00000000da400000, 0x00000000da400000| Untracked 
| 149|0x00000000da500000, 0x00000000da500000, 0x00000000da600000|  0%| F|  |TAMS 0x00000000da500000, 0x00000000da500000| Untracked 
| 150|0x00000000da600000, 0x00000000da600000, 0x00000000da700000|  0%| F|  |TAMS 0x00000000da600000, 0x00000000da600000| Untracked 
| 151|0x00000000da700000, 0x00000000da700000, 0x00000000da800000|  0%| F|  |TAMS 0x00000000da700000, 0x00000000da700000| Untracked 
| 152|0x00000000da800000, 0x00000000da800000, 0x00000000da900000|  0%| F|  |TAMS 0x00000000da800000, 0x00000000da800000| Untracked 
| 153|0x00000000da900000, 0x00000000da900000, 0x00000000daa00000|  0%| F|  |TAMS 0x00000000da900000, 0x00000000da900000| Untracked 
| 154|0x00000000daa00000, 0x00000000daa00000, 0x00000000dab00000|  0%| F|  |TAMS 0x00000000daa00000, 0x00000000daa00000| Untracked 
| 155|0x00000000dab00000, 0x00000000dab00000, 0x00000000dac00000|  0%| F|  |TAMS 0x00000000dab00000, 0x00000000dab00000| Untracked 
| 156|0x00000000dac00000, 0x00000000dac00000, 0x00000000dad00000|  0%| F|  |TAMS 0x00000000dac00000, 0x00000000dac00000| Untracked 
| 157|0x00000000dad00000, 0x00000000dad00000, 0x00000000dae00000|  0%| F|  |TAMS 0x00000000dad00000, 0x00000000dad00000| Untracked 
| 158|0x00000000dae00000, 0x00000000dae00000, 0x00000000daf00000|  0%| F|  |TAMS 0x00000000dae00000, 0x00000000dae00000| Untracked 
| 159|0x00000000daf00000, 0x00000000daf00000, 0x00000000db000000|  0%| F|  |TAMS 0x00000000daf00000, 0x00000000daf00000| Untracked 
| 160|0x00000000db000000, 0x00000000db000000, 0x00000000db100000|  0%| F|  |TAMS 0x00000000db000000, 0x00000000db000000| Untracked 
| 161|0x00000000db100000, 0x00000000db100000, 0x00000000db200000|  0%| F|  |TAMS 0x00000000db100000, 0x00000000db100000| Untracked 
| 162|0x00000000db200000, 0x00000000db200000, 0x00000000db300000|  0%| F|  |TAMS 0x00000000db200000, 0x00000000db200000| Untracked 
| 163|0x00000000db300000, 0x00000000db300000, 0x00000000db400000|  0%| F|  |TAMS 0x00000000db300000, 0x00000000db300000| Untracked 
| 164|0x00000000db400000, 0x00000000db400000, 0x00000000db500000|  0%| F|  |TAMS 0x00000000db400000, 0x00000000db400000| Untracked 
| 165|0x00000000db500000, 0x00000000db500000, 0x00000000db600000|  0%| F|  |TAMS 0x00000000db500000, 0x00000000db500000| Untracked 
| 166|0x00000000db600000, 0x00000000db600000, 0x00000000db700000|  0%| F|  |TAMS 0x00000000db600000, 0x00000000db600000| Untracked 
| 167|0x00000000db700000, 0x00000000db700000, 0x00000000db800000|  0%| F|  |TAMS 0x00000000db700000, 0x00000000db700000| Untracked 
| 168|0x00000000db800000, 0x00000000db800000, 0x00000000db900000|  0%| F|  |TAMS 0x00000000db800000, 0x00000000db800000| Untracked 
| 169|0x00000000db900000, 0x00000000db900000, 0x00000000dba00000|  0%| F|  |TAMS 0x00000000db900000, 0x00000000db900000| Untracked 
| 170|0x00000000dba00000, 0x00000000dba00000, 0x00000000dbb00000|  0%| F|  |TAMS 0x00000000dba00000, 0x00000000dba00000| Untracked 
| 171|0x00000000dbb00000, 0x00000000dbb00000, 0x00000000dbc00000|  0%| F|  |TAMS 0x00000000dbb00000, 0x00000000dbb00000| Untracked 
| 172|0x00000000dbc00000, 0x00000000dbc00000, 0x00000000dbd00000|  0%| F|  |TAMS 0x00000000dbc00000, 0x00000000dbc00000| Untracked 
| 173|0x00000000dbd00000, 0x00000000dbd00000, 0x00000000dbe00000|  0%| F|  |TAMS 0x00000000dbd00000, 0x00000000dbd00000| Untracked 
| 174|0x00000000dbe00000, 0x00000000dbe00000, 0x00000000dbf00000|  0%| F|  |TAMS 0x00000000dbe00000, 0x00000000dbe00000| Untracked 
| 175|0x00000000dbf00000, 0x00000000dbf00000, 0x00000000dc000000|  0%| F|  |TAMS 0x00000000dbf00000, 0x00000000dbf00000| Untracked 
| 176|0x00000000dc000000, 0x00000000dc000000, 0x00000000dc100000|  0%| F|  |TAMS 0x00000000dc000000, 0x00000000dc000000| Untracked 
| 177|0x00000000dc100000, 0x00000000dc100000, 0x00000000dc200000|  0%| F|  |TAMS 0x00000000dc100000, 0x00000000dc100000| Untracked 
| 178|0x00000000dc200000, 0x00000000dc200000, 0x00000000dc300000|  0%| F|  |TAMS 0x00000000dc200000, 0x00000000dc200000| Untracked 
| 179|0x00000000dc300000, 0x00000000dc300000, 0x00000000dc400000|  0%| F|  |TAMS 0x00000000dc300000, 0x00000000dc300000| Untracked 
| 180|0x00000000dc400000, 0x00000000dc400000, 0x00000000dc500000|  0%| F|  |TAMS 0x00000000dc400000, 0x00000000dc400000| Untracked 
| 181|0x00000000dc500000, 0x00000000dc500000, 0x00000000dc600000|  0%| F|  |TAMS 0x00000000dc500000, 0x00000000dc500000| Untracked 
| 182|0x00000000dc600000, 0x00000000dc600000, 0x00000000dc700000|  0%| F|  |TAMS 0x00000000dc600000, 0x00000000dc600000| Untracked 
| 183|0x00000000dc700000, 0x00000000dc700000, 0x00000000dc800000|  0%| F|  |TAMS 0x00000000dc700000, 0x00000000dc700000| Untracked 
| 184|0x00000000dc800000, 0x00000000dc800000, 0x00000000dc900000|  0%| F|  |TAMS 0x00000000dc800000, 0x00000000dc800000| Untracked 
| 185|0x00000000dc900000, 0x00000000dc900000, 0x00000000dca00000|  0%| F|  |TAMS 0x00000000dc900000, 0x00000000dc900000| Untracked 
| 186|0x00000000dca00000, 0x00000000dca00000, 0x00000000dcb00000|  0%| F|  |TAMS 0x00000000dca00000, 0x00000000dca00000| Untracked 
| 187|0x00000000dcb00000, 0x00000000dcb00000, 0x00000000dcc00000|  0%| F|  |TAMS 0x00000000dcb00000, 0x00000000dcb00000| Untracked 
| 188|0x00000000dcc00000, 0x00000000dcc00000, 0x00000000dcd00000|  0%| F|  |TAMS 0x00000000dcc00000, 0x00000000dcc00000| Untracked 
| 189|0x00000000dcd00000, 0x00000000dcd00000, 0x00000000dce00000|  0%| F|  |TAMS 0x00000000dcd00000, 0x00000000dcd00000| Untracked 
| 190|0x00000000dce00000, 0x00000000dce00000, 0x00000000dcf00000|  0%| F|  |TAMS 0x00000000dce00000, 0x00000000dce00000| Untracked 
| 191|0x00000000dcf00000, 0x00000000dcf00000, 0x00000000dd000000|  0%| F|  |TAMS 0x00000000dcf00000, 0x00000000dcf00000| Untracked 
| 192|0x00000000dd000000, 0x00000000dd000000, 0x00000000dd100000|  0%| F|  |TAMS 0x00000000dd000000, 0x00000000dd000000| Untracked 
| 193|0x00000000dd100000, 0x00000000dd100000, 0x00000000dd200000|  0%| F|  |TAMS 0x00000000dd100000, 0x00000000dd100000| Untracked 
| 194|0x00000000dd200000, 0x00000000dd200000, 0x00000000dd300000|  0%| F|  |TAMS 0x00000000dd200000, 0x00000000dd200000| Untracked 
| 195|0x00000000dd300000, 0x00000000dd300000, 0x00000000dd400000|  0%| F|  |TAMS 0x00000000dd300000, 0x00000000dd300000| Untracked 
| 196|0x00000000dd400000, 0x00000000dd400000, 0x00000000dd500000|  0%| F|  |TAMS 0x00000000dd400000, 0x00000000dd400000| Untracked 
| 197|0x00000000dd500000, 0x00000000dd500000, 0x00000000dd600000|  0%| F|  |TAMS 0x00000000dd500000, 0x00000000dd500000| Untracked 
| 198|0x00000000dd600000, 0x00000000dd600000, 0x00000000dd700000|  0%| F|  |TAMS 0x00000000dd600000, 0x00000000dd600000| Untracked 
| 199|0x00000000dd700000, 0x00000000dd700000, 0x00000000dd800000|  0%| F|  |TAMS 0x00000000dd700000, 0x00000000dd700000| Untracked 

Card table byte_map: [0x00000263bccd0000,0x00000263bce50000] _byte_map_base: 0x00000263bc648000

Marking Bits (Prev, Next): (CMBitMap*) 0x00000263a6235a30, (CMBitMap*) 0x00000263a62359f0
 Prev Bits: [0x00000263bdb90000, 0x00000263be750000)
 Next Bits: [0x00000263bcfd0000, 0x00000263bdb90000)

Polling page: 0x00000263a59c0000

Metaspace:

Usage:
  Non-class:     62.94 MB used.
      Class:      8.68 MB used.
       Both:     71.62 MB used.

Virtual space:
  Non-class space:       64.00 MB reserved,      63.31 MB ( 99%) committed,  8 nodes.
      Class space:        1.00 GB reserved,       9.06 MB ( <1%) committed,  1 nodes.
             Both:        1.06 GB reserved,      72.38 MB (  7%) committed. 

Chunk freelists:
   Non-Class:  736.00 KB
       Class:  2.86 MB
        Both:  3.58 MB

MaxMetaspaceSize: unlimited
CompressedClassSpaceSize: 1.00 GB
Initial GC threshold: 21.00 MB
Current GC threshold: 119.00 MB
CDS: on
MetaspaceReclaimPolicy: balanced
 - commit_granule_bytes: 65536.
 - commit_granule_words: 8192.
 - virtual_space_node_default_size: 1048576.
 - enlarge_chunks_in_place: 1.
 - new_chunks_are_fully_committed: 0.
 - uncommit_free_chunks: 1.
 - use_allocation_guard: 0.
 - handle_deallocations: 1.


Internal statistics:

num_allocs_failed_limit: 8.
num_arena_births: 924.
num_arena_deaths: 4.
num_vsnodes_births: 9.
num_vsnodes_deaths: 0.
num_space_committed: 1158.
num_space_uncommitted: 0.
num_chunks_returned_to_freelist: 12.
num_chunks_taken_from_freelist: 3864.
num_chunk_merges: 8.
num_chunk_splits: 2574.
num_chunks_enlarged: 1783.
num_purges: 16.
num_inconsistent_stats: 0.

CodeHeap 'non-profiled nmethods': size=120000Kb used=9289Kb max_used=9289Kb free=110710Kb
 bounds [0x00000263b57a0000, 0x00000263b60c0000, 0x00000263bccd0000]
CodeHeap 'profiled nmethods': size=120000Kb used=23301Kb max_used=25214Kb free=96698Kb
 bounds [0x00000263ae270000, 0x00000263afb20000, 0x00000263b57a0000]
CodeHeap 'non-nmethods': size=5760Kb used=1318Kb max_used=1374Kb free=4441Kb
 bounds [0x00000263adcd0000, 0x00000263adf40000, 0x00000263ae270000]
 total_blobs=11771 nmethods=11129 adapters=553
 compilation: enabled
              stopped_count=0, restarted_count=0
 full_count=0

Compilation events (20 events):
Event: 691.073 Thread 0x00000263c0ce60b0 13992   !   3       java.util.TimeZone::clone (15 bytes)
Event: 691.073 Thread 0x00000263c0ce60b0 nmethod 13992 0x00000263ae7e6310 code [0x00000263ae7e64c0, 0x00000263ae7e66f8]
Event: 691.083 Thread 0x00000263c0ce3600 nmethod 13945 0x00000263b60a6710 code [0x00000263b60a6d60, 0x00000263b60ad8b0]
Event: 691.083 Thread 0x00000263c0ce3600 13943       4       java.lang.invoke.Invokers$Holder::linkToTargetMethod (11 bytes)
Event: 691.084 Thread 0x00000263c0ce3600 nmethod 13943 0x00000263b60b0a10 code [0x00000263b60b0ba0, 0x00000263b60b0c78]
Event: 691.084 Thread 0x00000263c0ce3600 13946       4       java.io.File::exists (34 bytes)
Event: 691.094 Thread 0x00000263c0ce60b0 13997       3       org.hibernate.validator.internal.metadata.provider.ProgrammaticMetaDataProvider::getBeanConfiguration (17 bytes)
Event: 691.095 Thread 0x00000263c0ce60b0 nmethod 13997 0x00000263aedfab90 code [0x00000263aedfad60, 0x00000263aedfb138]
Event: 691.095 Thread 0x00000263c0ce60b0 13998       3       org.hibernate.validator.internal.util.ConcurrentReferenceHashMap::hashOf (22 bytes)
Event: 691.095 Thread 0x00000263c0ce60b0 nmethod 13998 0x00000263aec65d90 code [0x00000263aec65f60, 0x00000263aec661e8]
Event: 691.095 Thread 0x00000263c0ce60b0 13999       3       org.hibernate.validator.internal.util.ConcurrentReferenceHashMap::segmentFor (17 bytes)
Event: 691.096 Thread 0x00000263c0ce60b0 nmethod 13999 0x00000263aea8e610 code [0x00000263aea8e7a0, 0x00000263aea8e8d8]
Event: 691.097 Thread 0x00000263c0ce3600 nmethod 13946 0x00000263b60b0d90 code [0x00000263b60b0f40, 0x00000263b60b1508]
Event: 691.097 Thread 0x00000263c0ce3600 13962       4       org.springframework.aop.framework.autoproxy.AbstractAutoProxyCreator::postProcessProperties (2 bytes)
Event: 691.098 Thread 0x00000263c0ce3600 nmethod 13962 0x00000263b60b1a10 code [0x00000263b60b1b80, 0x00000263b60b1bf8]
Event: 691.098 Thread 0x00000263c0ce3600 13984       4       org.hibernate.annotations.common.reflection.java.JavaAnnotationReader::isAnnotationPresent (11 bytes)
Event: 691.098 Thread 0x00000263c0ce3600 nmethod 13984 0x00000263b60b1d10 code [0x00000263b60b1e80, 0x00000263b60b1f18]
Event: 691.103 Thread 0x00000263c0ce3600 14000       4       org.hibernate.validator.internal.metadata.aggregated.rule.MethodConfigurationRule::isDefinedOnParallelType (45 bytes)
Event: 691.105 Thread 0x00000263c0ce3600 nmethod 14000 0x00000263b60b2010 code [0x00000263b60b21a0, 0x00000263b60b2338]
Event: 691.105 Thread 0x00000263c0ce3600 14001       4       org.hibernate.validator.internal.metadata.aggregated.ExecutableMetaData$Builder::assertCorrectnessOfConfiguration (136 bytes)

GC Heap History (20 events):
Event: 646.060 GC heap after
{Heap after GC invocations=78 (full 2):
 garbage-first heap   total 160768K, used 47419K [0x00000000d1000000, 0x0000000100000000)
  region size 1024K, 1 young (1024K), 1 survivors (1024K)
 Metaspace       used 69247K, committed 69888K, reserved 1114112K
  class space    used 8591K, committed 8896K, reserved 1048576K
}
Event: 650.457 GC heap before
{Heap before GC invocations=78 (full 2):
 garbage-first heap   total 160768K, used 126267K [0x00000000d1000000, 0x0000000100000000)
  region size 1024K, 78 young (79872K), 1 survivors (1024K)
 Metaspace       used 70016K, committed 70784K, reserved 1114112K
  class space    used 8654K, committed 9024K, reserved 1048576K
}
Event: 650.477 GC heap after
{Heap after GC invocations=79 (full 2):
 garbage-first heap   total 160768K, used 52569K [0x00000000d1000000, 0x0000000100000000)
  region size 1024K, 6 young (6144K), 6 survivors (6144K)
 Metaspace       used 70016K, committed 70784K, reserved 1114112K
  class space    used 8654K, committed 9024K, reserved 1048576K
}
Event: 661.577 GC heap before
{Heap before GC invocations=80 (full 2):
 garbage-first heap   total 160768K, used 126297K [0x00000000d1000000, 0x0000000100000000)
  region size 1024K, 79 young (80896K), 6 survivors (6144K)
 Metaspace       used 70599K, committed 71296K, reserved 1114112K
  class space    used 8699K, committed 9088K, reserved 1048576K
}
Event: 661.629 GC heap after
{Heap after GC invocations=81 (full 2):
 garbage-first heap   total 160768K, used 55461K [0x00000000d1000000, 0x0000000100000000)
  region size 1024K, 5 young (5120K), 5 survivors (5120K)
 Metaspace       used 70599K, committed 71296K, reserved 1114112K
  class space    used 8699K, committed 9088K, reserved 1048576K
}
Event: 661.843 GC heap before
{Heap before GC invocations=81 (full 2):
 garbage-first heap   total 160768K, used 57509K [0x00000000d1000000, 0x0000000100000000)
  region size 1024K, 7 young (7168K), 5 survivors (5120K)
 Metaspace       used 70604K, committed 71296K, reserved 1114112K
  class space    used 8699K, committed 9088K, reserved 1048576K
}
Event: 661.866 GC heap after
{Heap after GC invocations=82 (full 2):
 garbage-first heap   total 160768K, used 55038K [0x00000000d1000000, 0x0000000100000000)
  region size 1024K, 1 young (1024K), 1 survivors (1024K)
 Metaspace       used 70604K, committed 71296K, reserved 1114112K
  class space    used 8699K, committed 9088K, reserved 1048576K
}
Event: 671.304 GC heap before
{Heap before GC invocations=82 (full 2):
 garbage-first heap   total 160768K, used 127742K [0x00000000d1000000, 0x0000000100000000)
  region size 1024K, 72 young (73728K), 1 survivors (1024K)
 Metaspace       used 71132K, committed 71808K, reserved 1114112K
  class space    used 8728K, committed 9088K, reserved 1048576K
}
Event: 671.353 GC heap after
{Heap after GC invocations=83 (full 2):
 garbage-first heap   total 160768K, used 58431K [0x00000000d1000000, 0x0000000100000000)
  region size 1024K, 4 young (4096K), 4 survivors (4096K)
 Metaspace       used 71132K, committed 71808K, reserved 1114112K
  class space    used 8728K, committed 9088K, reserved 1048576K
}
Event: 674.717 GC heap before
{Heap before GC invocations=84 (full 2):
 garbage-first heap   total 160768K, used 128063K [0x00000000d1000000, 0x0000000100000000)
  region size 1024K, 73 young (74752K), 4 survivors (4096K)
 Metaspace       used 71854K, committed 72576K, reserved 1114112K
  class space    used 8779K, committed 9152K, reserved 1048576K
}
Event: 674.740 GC heap after
{Heap after GC invocations=85 (full 2):
 garbage-first heap   total 160768K, used 62855K [0x00000000d1000000, 0x0000000100000000)
  region size 1024K, 9 young (9216K), 9 survivors (9216K)
 Metaspace       used 71854K, committed 72576K, reserved 1114112K
  class space    used 8779K, committed 9152K, reserved 1048576K
}
Event: 674.753 GC heap before
{Heap before GC invocations=85 (full 2):
 garbage-first heap   total 160768K, used 63879K [0x00000000d1000000, 0x0000000100000000)
  region size 1024K, 10 young (10240K), 9 survivors (9216K)
 Metaspace       used 71855K, committed 72576K, reserved 1114112K
  class space    used 8779K, committed 9152K, reserved 1048576K
}
Event: 674.812 GC heap after
{Heap after GC invocations=86 (full 2):
 garbage-first heap   total 160768K, used 62366K [0x00000000d1000000, 0x0000000100000000)
  region size 1024K, 2 young (2048K), 2 survivors (2048K)
 Metaspace       used 71855K, committed 72576K, reserved 1114112K
  class space    used 8779K, committed 9152K, reserved 1048576K
}
Event: 683.096 GC heap before
{Heap before GC invocations=86 (full 2):
 garbage-first heap   total 160768K, used 127902K [0x00000000d1000000, 0x0000000100000000)
  region size 1024K, 67 young (68608K), 2 survivors (2048K)
 Metaspace       used 72426K, committed 73088K, reserved 1114112K
  class space    used 8824K, committed 9152K, reserved 1048576K
}
Event: 683.110 GC heap after
{Heap after GC invocations=87 (full 2):
 garbage-first heap   total 160768K, used 65279K [0x00000000d1000000, 0x0000000100000000)
  region size 1024K, 5 young (5120K), 5 survivors (5120K)
 Metaspace       used 72426K, committed 73088K, reserved 1114112K
  class space    used 8824K, committed 9152K, reserved 1048576K
}
Event: 687.412 GC heap before
{Heap before GC invocations=88 (full 2):
 garbage-first heap   total 160768K, used 128767K [0x00000000d1000000, 0x0000000100000000)
  region size 1024K, 67 young (68608K), 5 survivors (5120K)
 Metaspace       used 72850K, committed 73600K, reserved 1114112K
  class space    used 8847K, committed 9216K, reserved 1048576K
}
Event: 687.428 GC heap after
{Heap after GC invocations=89 (full 2):
 garbage-first heap   total 160768K, used 69042K [0x00000000d1000000, 0x0000000100000000)
  region size 1024K, 8 young (8192K), 8 survivors (8192K)
 Metaspace       used 72850K, committed 73600K, reserved 1114112K
  class space    used 8847K, committed 9216K, reserved 1048576K
}
Event: 687.547 GC heap before
{Heap before GC invocations=89 (full 2):
 garbage-first heap   total 160768K, used 70066K [0x00000000d1000000, 0x0000000100000000)
  region size 1024K, 9 young (9216K), 8 survivors (8192K)
 Metaspace       used 72850K, committed 73600K, reserved 1114112K
  class space    used 8847K, committed 9216K, reserved 1048576K
}
Event: 687.625 GC heap after
{Heap after GC invocations=90 (full 2):
 garbage-first heap   total 160768K, used 66499K [0x00000000d1000000, 0x0000000100000000)
  region size 1024K, 1 young (1024K), 1 survivors (1024K)
 Metaspace       used 72850K, committed 73600K, reserved 1114112K
  class space    used 8847K, committed 9216K, reserved 1048576K
}
Event: 691.122 GC heap before
{Heap before GC invocations=90 (full 2):
 garbage-first heap   total 160768K, used 127939K [0x00000000d1000000, 0x0000000100000000)
  region size 1024K, 62 young (63488K), 1 survivors (1024K)
 Metaspace       used 73341K, committed 74112K, reserved 1114112K
  class space    used 8886K, committed 9280K, reserved 1048576K
}

Deoptimization events (20 events):
Event: 663.529 Thread 0x00000263c4f13b00 DEOPT PACKING pc=0x00000263b5fef0fc sp=0x000000cb8b1fa6a0
Event: 663.529 Thread 0x00000263c4f13b00 DEOPT UNPACKING pc=0x00000263add223a3 sp=0x000000cb8b1fa650 mode 2
Event: 663.546 Thread 0x00000263c4f13b00 Uncommon trap: trap_request=0xffffff76 fr.pc=0x00000263b5fef724 relative=0x0000000000000204
Event: 663.546 Thread 0x00000263c4f13b00 Uncommon trap: reason=predicate action=maybe_recompile pc=0x00000263b5fef724 method=java.util.HashMap.valuesToArray([Ljava/lang/Object;)[Ljava/lang/Object; @ 48 c2
Event: 663.546 Thread 0x00000263c4f13b00 DEOPT PACKING pc=0x00000263b5fef724 sp=0x000000cb8b1fb550
Event: 663.546 Thread 0x00000263c4f13b00 DEOPT UNPACKING pc=0x00000263add223a3 sp=0x000000cb8b1fb4e8 mode 2
Event: 663.578 Thread 0x00000263c4f13b00 Uncommon trap: trap_request=0xffffffbe fr.pc=0x00000263b5f953c8 relative=0x0000000000000328
Event: 663.578 Thread 0x00000263c4f13b00 Uncommon trap: reason=profile_predicate action=maybe_recompile pc=0x00000263b5f953c8 method=java.util.HashMap.valuesToArray([Ljava/lang/Object;)[Ljava/lang/Object; @ 32 c2
Event: 663.578 Thread 0x00000263c4f13b00 DEOPT PACKING pc=0x00000263b5f953c8 sp=0x000000cb8b1faac0
Event: 663.578 Thread 0x00000263c4f13b00 DEOPT UNPACKING pc=0x00000263add223a3 sp=0x000000cb8b1faa70 mode 2
Event: 674.660 Thread 0x00000263c4f17e60 DEOPT PACKING pc=0x00000263aef362f6 sp=0x000000cb8b5fc4c0
Event: 674.660 Thread 0x00000263c4f17e60 DEOPT UNPACKING pc=0x00000263add22b43 sp=0x000000cb8b5fb9b0 mode 0
Event: 690.665 Thread 0x00000263c374de70 Uncommon trap: trap_request=0xfffffff4 fr.pc=0x00000263b6088a48 relative=0x0000000000006108
Event: 690.665 Thread 0x00000263c374de70 Uncommon trap: reason=null_check action=make_not_entrant pc=0x00000263b6088a48 method=org.springframework.core.convert.TypeDescriptor.isCollection()Z @ 6 c2
Event: 690.665 Thread 0x00000263c374de70 DEOPT PACKING pc=0x00000263b6088a48 sp=0x000000cb891fa900
Event: 690.665 Thread 0x00000263c374de70 DEOPT UNPACKING pc=0x00000263add223a3 sp=0x000000cb891fa8b0 mode 2
Event: 690.675 Thread 0x00000263c374de70 Uncommon trap: trap_request=0xffffff76 fr.pc=0x00000263b60a33a8 relative=0x0000000000000088
Event: 690.675 Thread 0x00000263c374de70 Uncommon trap: reason=predicate action=maybe_recompile pc=0x00000263b60a33a8 method=java.util.TimSort.binarySort([Ljava/lang/Object;IIILjava/util/Comparator;)V @ 34 c2
Event: 690.675 Thread 0x00000263c374de70 DEOPT PACKING pc=0x00000263b60a33a8 sp=0x000000cb891f9ff0
Event: 690.675 Thread 0x00000263c374de70 DEOPT UNPACKING pc=0x00000263add223a3 sp=0x000000cb891f9fa0 mode 2

Classes unloaded (2 events):
Event: 524.798 Thread 0x00000263c0cc0d60 Unloading class 0x0000000801456800 'org/apache/catalina/loader/JdbcLeakPrevention'
Event: 562.049 Thread 0x00000263c0cc0d60 Unloading class 0x0000000801448000 'org/apache/catalina/loader/JdbcLeakPrevention'

Classes redefined (0 events):
No events

Internal exceptions (20 events):
Event: 687.122 Thread 0x00000263c4f17e60 Exception <a 'java/lang/ClassNotFoundException'{0x00000000d7c168f0}: yeilux/com/proyecto/Model/Class/empresa/empresaCustomizer> (0x00000000d7c168f0) 
thrown [e:\jenkins\tmp\workspace\build\src\src\hotspot\share\classfile\systemDictionary.cpp, line 256]
Event: 687.129 Thread 0x00000263c4f17e60 Exception <a 'java/lang/ClassNotFoundException'{0x00000000d7c59258}: java/lang/ObjectCustomizer> (0x00000000d7c59258) 
thrown [e:\jenkins\tmp\workspace\build\src\src\hotspot\share\classfile\systemDictionary.cpp, line 256]
Event: 687.131 Thread 0x00000263c4f17e60 Exception <a 'java/lang/ClassNotFoundException'{0x00000000d7c62220}: yeilux/com/proyecto/Model/Class/empresa/especialidadCustomizer> (0x00000000d7c62220) 
thrown [e:\jenkins\tmp\workspace\build\src\src\hotspot\share\classfile\systemDictionary.cpp, line 256]
Event: 687.778 Thread 0x00000263c4f17e60 Exception <a 'java/lang/NoClassDefFoundError'{0x00000000da23ae90}: insumo> (0x00000000da23ae90) 
thrown [e:\jenkins\tmp\workspace\build\src\src\hotspot\share\classfile\systemDictionary.cpp, line 245]
Event: 688.171 Thread 0x00000263c4f18800 Exception <a 'java/lang/InterruptedException'{0x00000000da12a3b0}: sleep interrupted> (0x00000000da12a3b0) 
thrown [e:\jenkins\tmp\workspace\build\src\src\hotspot\share\prims\jvm.cpp, line 3067]
Event: 688.182 Thread 0x00000263c4f17e60 Exception <a 'java/lang/NoClassDefFoundError'{0x00000000da29aa78}: liquibase/exception/ChangeLogParseException> (0x00000000da29aa78) 
thrown [e:\jenkins\tmp\workspace\build\src\src\hotspot\share\classfile\systemDictionary.cpp, line 245]
Event: 688.252 Thread 0x00000263c4f17e60 Exception <a 'java/lang/reflect/InvocationTargetException'{0x00000000da188f10}> (0x00000000da188f10) 
thrown [e:\jenkins\tmp\workspace\build\src\src\hotspot\share\runtime\reflection.cpp, line 1121]
Event: 690.065 Thread 0x00000263c374de70 Exception <a 'sun/nio/fs/WindowsException'{0x00000000d9fcac28}> (0x00000000d9fcac28) 
thrown [e:\jenkins\tmp\workspace\build\src\src\hotspot\share\prims\jni.cpp, line 516]
Event: 690.636 Thread 0x00000263c374de70 Exception <a 'java/lang/NoClassDefFoundError'{0x00000000d8572108}: org/flywaydb/core/Flyway> (0x00000000d8572108) 
thrown [e:\jenkins\tmp\workspace\build\src\src\hotspot\share\oops\constantPool.cpp, line 835]
Event: 690.636 Thread 0x00000263c374de70 Exception <a 'java/lang/NoClassDefFoundError'{0x00000000d8572758}: liquibase/integration/spring/SpringLiquibase> (0x00000000d8572758) 
thrown [e:\jenkins\tmp\workspace\build\src\src\hotspot\share\oops\constantPool.cpp, line 835]
Event: 690.642 Thread 0x00000263c374de70 Exception <a 'java/lang/NoClassDefFoundError'{0x00000000d8403078}: org/jooq/DSLContext> (0x00000000d8403078) 
thrown [e:\jenkins\tmp\workspace\build\src\src\hotspot\share\oops\constantPool.cpp, line 835]
Event: 690.642 Thread 0x00000263c374de70 Exception <a 'java/lang/NoClassDefFoundError'{0x00000000d8418c50}: org/springframework/batch/core/repository/JobRepository> (0x00000000d8418c50) 
thrown [e:\jenkins\tmp\workspace\build\src\src\hotspot\share\oops\constantPool.cpp, line 835]
Event: 690.642 Thread 0x00000263c374de70 Exception <a 'java/lang/NoClassDefFoundError'{0x00000000d8419298}: org/quartz/Scheduler> (0x00000000d8419298) 
thrown [e:\jenkins\tmp\workspace\build\src\src\hotspot\share\oops\constantPool.cpp, line 835]
Event: 690.642 Thread 0x00000263c374de70 Exception <a 'java/lang/NoClassDefFoundError'{0x00000000d8419908}: org/springframework/session/jdbc/JdbcIndexedSessionRepository> (0x00000000d8419908) 
thrown [e:\jenkins\tmp\workspace\build\src\src\hotspot\share\oops\constantPool.cpp, line 835]
Event: 690.665 Thread 0x00000263c374de70 Implicit null exception at 0x00000263b6082b76 to 0x00000263b6088a34
Event: 690.700 Thread 0x00000263c374de70 Exception <a 'sun/nio/fs/WindowsException'{0x00000000d7e424f0}> (0x00000000d7e424f0) 
thrown [e:\jenkins\tmp\workspace\build\src\src\hotspot\share\prims\jni.cpp, line 516]
Event: 690.701 Thread 0x00000263c374de70 Exception <a 'sun/nio/fs/WindowsException'{0x00000000d7e42b58}> (0x00000000d7e42b58) 
thrown [e:\jenkins\tmp\workspace\build\src\src\hotspot\share\prims\jni.cpp, line 516]
Event: 690.701 Thread 0x00000263c374de70 Exception <a 'sun/nio/fs/WindowsException'{0x00000000d7e43230}> (0x00000000d7e43230) 
thrown [e:\jenkins\tmp\workspace\build\src\src\hotspot\share\prims\jni.cpp, line 516]
Event: 690.750 Thread 0x00000263c374de70 Exception <a 'java/io/FileNotFoundException'{0x00000000d7e78888}> (0x00000000d7e78888) 
thrown [e:\jenkins\tmp\workspace\build\src\src\hotspot\share\prims\jni.cpp, line 516]
Event: 690.784 Thread 0x00000263c374de70 Exception <a 'java/io/FileNotFoundException'{0x00000000d7c22640}> (0x00000000d7c22640) 
thrown [e:\jenkins\tmp\workspace\build\src\src\hotspot\share\prims\jni.cpp, line 516]

VM Operations (20 events):
Event: 682.358 Executing VM operation: Cleanup done
Event: 683.095 Executing VM operation: G1CollectForAllocation
Event: 683.126 Executing VM operation: G1CollectForAllocation done
Event: 683.485 Executing VM operation: G1Concurrent
Event: 684.249 Executing VM operation: G1Concurrent done
Event: 684.327 Executing VM operation: G1Concurrent
Event: 684.400 Executing VM operation: G1Concurrent done
Event: 685.415 Executing VM operation: Cleanup
Event: 685.449 Executing VM operation: Cleanup done
Event: 686.458 Executing VM operation: Cleanup
Event: 686.458 Executing VM operation: Cleanup done
Event: 687.411 Executing VM operation: G1CollectForAllocation
Event: 687.428 Executing VM operation: G1CollectForAllocation done
Event: 687.547 Executing VM operation: G1CollectForAllocation
Event: 687.625 Executing VM operation: G1CollectForAllocation done
Event: 688.626 Executing VM operation: Cleanup
Event: 688.626 Executing VM operation: Cleanup done
Event: 690.638 Executing VM operation: Cleanup
Event: 690.638 Executing VM operation: Cleanup done
Event: 691.122 Executing VM operation: G1CollectForAllocation

Events (20 events):
Event: 687.129 loading class java/lang/ObjectCustomizer done
Event: 687.129 loading class java/lang/ObjectCustomizer
Event: 687.129 loading class java/lang/ObjectCustomizer done
Event: 687.882 Thread 0x00000263c374ece0 Thread added: 0x00000263c374ece0
Event: 687.883 Thread 0x00000263c4f16180 Thread exited: 0x00000263c4f16180
Event: 687.883 Thread 0x00000263c4f13b00 Thread exited: 0x00000263c4f13b00
Event: 687.950 Thread 0x00000263c374ece0 Thread exited: 0x00000263c374ece0
Event: 688.171 Thread 0x00000263c4f18800 Thread exited: 0x00000263c4f18800
Event: 688.252 Thread 0x00000263c374d4d0 Thread added: 0x00000263c374d4d0
Event: 688.257 Thread 0x00000263c4f17e60 Thread exited: 0x00000263c4f17e60
Event: 688.654 Thread 0x00000263c4f14970 Thread exited: 0x00000263c4f14970
Event: 688.657 Thread 0x00000263c4f144a0 Thread exited: 0x00000263c4f144a0
Event: 690.044 Thread 0x00000263c374de70 Thread added: 0x00000263c374de70
Event: 690.246 Thread 0x00000263c374e810 Thread added: 0x00000263c374e810
Event: 690.275 Thread 0x00000263c374e810 Thread exited: 0x00000263c374e810
Event: 690.785 Thread 0x00000263c374e810 Thread added: 0x00000263c374e810
Event: 690.786 Thread 0x00000263c374ece0 Thread added: 0x00000263c374ece0
Event: 690.786 Thread 0x00000263c374f680 Thread added: 0x00000263c374f680
Event: 690.891 Thread 0x00000263c374c190 Thread added: 0x00000263c374c190
Event: 691.008 Thread 0x00000263c374c660 Thread added: 0x00000263c374c660


Dynamic libraries:
0x00007ff7756e0000 - 0x00007ff7756ee000 	C:\Program Files\Eclipse Adoptium\jdk-17.0.3.7-hotspot\bin\java.exe
0x00007ff8cae40000 - 0x00007ff8cb049000 	C:\WINDOWS\SYSTEM32\ntdll.dll
0x00007ff8918e0000 - 0x00007ff8918f7000 	C:\Program Files\Avast Software\Avast\aswhook.dll
0x00007ff8ca190000 - 0x00007ff8ca24d000 	C:\WINDOWS\System32\KERNEL32.DLL
0x00007ff8c8430000 - 0x00007ff8c87ab000 	C:\WINDOWS\System32\KERNELBASE.dll
0x00007ff8c89c0000 - 0x00007ff8c8ad1000 	C:\WINDOWS\System32\ucrtbase.dll
0x00007ff8b9680000 - 0x00007ff8b9698000 	C:\Program Files\Eclipse Adoptium\jdk-17.0.3.7-hotspot\bin\jli.dll
0x00007ff8b0690000 - 0x00007ff8b06a9000 	C:\Program Files\Eclipse Adoptium\jdk-17.0.3.7-hotspot\bin\VCRUNTIME140.dll
0x00007ff8c99f0000 - 0x00007ff8c9b9d000 	C:\WINDOWS\System32\USER32.dll
0x00007ff8c8820000 - 0x00007ff8c8846000 	C:\WINDOWS\System32\win32u.dll
0x00007ff8ca5f0000 - 0x00007ff8ca619000 	C:\WINDOWS\System32\GDI32.dll
0x00007ff8a65f0000 - 0x00007ff8a6895000 	C:\WINDOWS\WinSxS\amd64_microsoft.windows.common-controls_6595b64144ccf1df_6.0.22000.120_none_9d947278b86cc467\COMCTL32.dll
0x00007ff8c8db0000 - 0x00007ff8c8e53000 	C:\WINDOWS\System32\msvcrt.dll
0x00007ff8c8310000 - 0x00007ff8c8428000 	C:\WINDOWS\System32\gdi32full.dll
0x00007ff8c8c20000 - 0x00007ff8c8cbd000 	C:\WINDOWS\System32\msvcp_win.dll
0x00007ff8cacd0000 - 0x00007ff8cad01000 	C:\WINDOWS\System32\IMM32.DLL
0x00007ff8b9670000 - 0x00007ff8b967c000 	C:\Program Files\Eclipse Adoptium\jdk-17.0.3.7-hotspot\bin\vcruntime140_1.dll
0x00007ff887470000 - 0x00007ff887501000 	C:\Program Files\Eclipse Adoptium\jdk-17.0.3.7-hotspot\bin\msvcp140.dll
0x00007ff819ea0000 - 0x00007ff81aae8000 	C:\Program Files\Eclipse Adoptium\jdk-17.0.3.7-hotspot\bin\server\jvm.dll
0x00007ff8cac10000 - 0x00007ff8cacbe000 	C:\WINDOWS\System32\ADVAPI32.dll
0x00007ff8ca960000 - 0x00007ff8ca9fe000 	C:\WINDOWS\System32\sechost.dll
0x00007ff8c9ba0000 - 0x00007ff8c9cc0000 	C:\WINDOWS\System32\RPCRT4.dll
0x00007ff8c9920000 - 0x00007ff8c9928000 	C:\WINDOWS\System32\PSAPI.DLL
0x00007ff8af4e0000 - 0x00007ff8af4e9000 	C:\WINDOWS\SYSTEM32\WSOCK32.dll
0x00007ff8c97d0000 - 0x00007ff8c983f000 	C:\WINDOWS\System32\WS2_32.dll
0x00007ff8c3670000 - 0x00007ff8c36a3000 	C:\WINDOWS\SYSTEM32\WINMM.dll
0x00007ff8c2950000 - 0x00007ff8c295a000 	C:\WINDOWS\SYSTEM32\VERSION.dll
0x00007ff8c7390000 - 0x00007ff8c73a8000 	C:\WINDOWS\SYSTEM32\kernel.appcore.dll
0x00007ff8b9630000 - 0x00007ff8b963a000 	C:\Program Files\Eclipse Adoptium\jdk-17.0.3.7-hotspot\bin\jimage.dll
0x00007ff8bb440000 - 0x00007ff8bb661000 	C:\WINDOWS\SYSTEM32\DBGHELP.DLL
0x00007ff8bae40000 - 0x00007ff8bae71000 	C:\WINDOWS\SYSTEM32\dbgcore.DLL
0x00007ff8c8ba0000 - 0x00007ff8c8c1f000 	C:\WINDOWS\System32\bcryptPrimitives.dll
0x00007ff8b0650000 - 0x00007ff8b0675000 	C:\Program Files\Eclipse Adoptium\jdk-17.0.3.7-hotspot\bin\java.dll
0x00007ff887390000 - 0x00007ff887466000 	C:\Program Files\Eclipse Adoptium\jdk-17.0.3.7-hotspot\bin\jsvml.dll
0x00007ff8c8f70000 - 0x00007ff8c9728000 	C:\WINDOWS\System32\SHELL32.dll
0x00007ff8c6400000 - 0x00007ff8c6c65000 	C:\WINDOWS\SYSTEM32\windows.storage.dll
0x00007ff8ca250000 - 0x00007ff8ca5c7000 	C:\WINDOWS\System32\combase.dll
0x00007ff8c6290000 - 0x00007ff8c63f6000 	C:\WINDOWS\SYSTEM32\wintypes.dll
0x00007ff8c8cc0000 - 0x00007ff8c8daa000 	C:\WINDOWS\System32\SHCORE.dll
0x00007ff8ca900000 - 0x00007ff8ca95d000 	C:\WINDOWS\System32\shlwapi.dll
0x00007ff8c8240000 - 0x00007ff8c8261000 	C:\WINDOWS\SYSTEM32\profapi.dll
0x00007ff8b0340000 - 0x00007ff8b0359000 	C:\Program Files\Eclipse Adoptium\jdk-17.0.3.7-hotspot\bin\net.dll
0x00007ff8c2ae0000 - 0x00007ff8c2bec000 	C:\WINDOWS\SYSTEM32\WINHTTP.dll
0x00007ff8c7830000 - 0x00007ff8c7897000 	C:\WINDOWS\system32\mswsock.dll
0x00007ff8b0250000 - 0x00007ff8b0265000 	C:\Program Files\Eclipse Adoptium\jdk-17.0.3.7-hotspot\bin\nio.dll
0x00007ff8b0360000 - 0x00007ff8b0378000 	C:\Program Files\Eclipse Adoptium\jdk-17.0.3.7-hotspot\bin\zip.dll
0x00007ff8af190000 - 0x00007ff8af199000 	C:\Program Files\Eclipse Adoptium\jdk-17.0.3.7-hotspot\bin\management.dll
0x00007ff8ae730000 - 0x00007ff8ae73b000 	C:\Program Files\Eclipse Adoptium\jdk-17.0.3.7-hotspot\bin\management_ext.dll
0x00007ff8a9260000 - 0x00007ff8a9277000 	C:\WINDOWS\system32\napinsp.dll
0x00007ff8a9240000 - 0x00007ff8a925b000 	C:\WINDOWS\system32\pnrpnsp.dll
0x00007ff8c6ee0000 - 0x00007ff8c6fc8000 	C:\WINDOWS\SYSTEM32\DNSAPI.dll
0x00007ff8c6eb0000 - 0x00007ff8c6edd000 	C:\WINDOWS\SYSTEM32\IPHLPAPI.DLL
0x00007ff8c9730000 - 0x00007ff8c9739000 	C:\WINDOWS\System32\NSI.dll
0x00007ff8a9220000 - 0x00007ff8a9232000 	C:\WINDOWS\System32\winrnr.dll
0x00007ff8a9200000 - 0x00007ff8a9215000 	C:\WINDOWS\system32\wshbth.dll
0x00007ff8a91e0000 - 0x00007ff8a91ff000 	C:\WINDOWS\system32\nlansp_c.dll
0x00007ff8bd5d0000 - 0x00007ff8bd5da000 	C:\Windows\System32\rasadhlp.dll
0x00007ff8bfdd0000 - 0x00007ff8bfe51000 	C:\WINDOWS\System32\fwpuclnt.dll
0x00007ff8c7a80000 - 0x00007ff8c7a98000 	C:\WINDOWS\SYSTEM32\CRYPTSP.dll
0x00007ff8c72f0000 - 0x00007ff8c7325000 	C:\WINDOWS\system32\rsaenh.dll
0x00007ff8c7920000 - 0x00007ff8c7949000 	C:\WINDOWS\SYSTEM32\USERENV.dll
0x00007ff8c7c00000 - 0x00007ff8c7c27000 	C:\WINDOWS\SYSTEM32\bcrypt.dll
0x00007ff8c7a70000 - 0x00007ff8c7a7c000 	C:\WINDOWS\SYSTEM32\CRYPTBASE.dll
0x00007ff8c2910000 - 0x00007ff8c2929000 	C:\WINDOWS\SYSTEM32\dhcpcsvc6.DLL
0x00007ff8c2cf0000 - 0x00007ff8c2d0e000 	C:\WINDOWS\SYSTEM32\dhcpcsvc.DLL
0x00007ff8b0640000 - 0x00007ff8b0650000 	C:\Program Files\Eclipse Adoptium\jdk-17.0.3.7-hotspot\bin\verify.dll
0x00007ff8b0330000 - 0x00007ff8b033e000 	C:\Program Files\Eclipse Adoptium\jdk-17.0.3.7-hotspot\bin\sunmscapi.dll
0x00007ff8c8850000 - 0x00007ff8c89b2000 	C:\WINDOWS\System32\CRYPT32.dll
0x00007ff8c7bd0000 - 0x00007ff8c7bf8000 	C:\WINDOWS\SYSTEM32\ncrypt.dll
0x00007ff8c7b90000 - 0x00007ff8c7bc7000 	C:\WINDOWS\SYSTEM32\NTASN1.dll
0x00007ff8ad430000 - 0x00007ff8ad438000 	C:\WINDOWS\system32\wshunix.dll

dbghelp: loaded successfully - version: 4.0.5 - missing functions: none
symbol engine: initialized successfully - sym options: 0x614 - pdb path: .;C:\Program Files\Eclipse Adoptium\jdk-17.0.3.7-hotspot\bin;C:\WINDOWS\SYSTEM32;C:\Program Files\Avast Software\Avast;C:\WINDOWS\WinSxS\amd64_microsoft.windows.common-controls_6595b64144ccf1df_6.0.22000.120_none_9d947278b86cc467;C:\Program Files\Eclipse Adoptium\jdk-17.0.3.7-hotspot\bin\server

VM Arguments:
jvm_args: -Dcom.sun.management.jmxremote -Dcom.sun.management.jmxremote.port=50489 -Dcom.sun.management.jmxremote.authenticate=false -Dcom.sun.management.jmxremote.ssl=false -Djava.rmi.server.hostname=localhost -Dspring.application.admin.enabled=true -Dspring.jmx.enabled=true -Dspring.boot.project.name=proyecto -XX:+ShowCodeDetailsInExceptionMessages 
java_command: yeilux.com.proyecto.ProyectoApplication
java_class_path (initial): C:\Users\Diana\FASTOCK\target\classes;C:\Users\Diana\.m2\repository\org\springframework\boot\spring-boot-starter-data-jpa\2.7.4\spring-boot-starter-data-jpa-2.7.4.jar;C:\Users\Diana\.m2\repository\org\springframework\boot\spring-boot-starter-aop\2.7.4\spring-boot-starter-aop-2.7.4.jar;C:\Users\Diana\.m2\repository\org\springframework\spring-aop\5.3.23\spring-aop-5.3.23.jar;C:\Users\Diana\.m2\repository\org\aspectj\aspectjweaver\1.9.7\aspectjweaver-1.9.7.jar;C:\Users\Diana\.m2\repository\org\springframework\boot\spring-boot-starter-jdbc\2.7.4\spring-boot-starter-jdbc-2.7.4.jar;C:\Users\Diana\.m2\repository\com\zaxxer\HikariCP\4.0.3\HikariCP-4.0.3.jar;C:\Users\Diana\.m2\repository\org\springframework\spring-jdbc\5.3.23\spring-jdbc-5.3.23.jar;C:\Users\Diana\.m2\repository\jakarta\transaction\jakarta.transaction-api\1.3.3\jakarta.transaction-api-1.3.3.jar;C:\Users\Diana\.m2\repository\jakarta\persistence\jakarta.persistence-api\2.2.3\jakarta.persistence-api-2.2.3.jar;C:\Users\Diana\.m2\repository\org\hibernate\hibernate-core\5.6.11.Final\hibernate-core-5.6.11.Final.jar;C:\Users\Diana\.m2\repository\org\jboss\logging\jboss-logging\3.4.3.Final\jboss-logging-3.4.3.Final.jar;C:\Users\Diana\.m2\repository\net\bytebuddy\byte-buddy\1.12.17\byte-buddy-1.12.17.jar;C:\Users\Diana\.m2\repository\antlr\antlr\2.7.7\antlr-2.7.7.jar;C:\Users\Diana\.m2\repository\org\jboss\jandex\2.4.2.Final\jandex-2.4.2.Final.jar;C:\Users\Diana\.m2\repository\com\fasterxml\classmate\1.5.1\classmate-1.5.1.jar;C:\Users\Diana\.m2\repository\org\hibernate\common\hibernate-commons-annotations\5.1.2.Final\hibernate-commons-annotations-5.1.2.Final.jar;C:\Users\Diana\.m2\repository\org\glassfish\jaxb\jaxb-runtime\2.3.6\jaxb-runtime-2.3.6.jar;C:\Users\Diana\.m2\repository\org\glassfish\jaxb\txw2\2.3.6\txw2-2.3.6.jar;C:\Users\Diana\.m2\repository\com\sun\istack\istack-commons-runtime\3.0.12\istack-commons-runtime-3.0.12.jar;C:\Users\Diana\.m2\repository\com\sun\activation\jakarta.ac
Launcher Type: SUN_STANDARD

[Global flags]
     intx CICompilerCount                          = 3                                         {product} {ergonomic}
     uint ConcGCThreads                            = 1                                         {product} {ergonomic}
     uint G1ConcRefinementThreads                  = 4                                         {product} {ergonomic}
   size_t G1HeapRegionSize                         = 1048576                                   {product} {ergonomic}
    uintx GCDrainStackTargetSize                   = 64                                        {product} {ergonomic}
   size_t InitialHeapSize                          = 50331648                                  {product} {ergonomic}
     bool ManagementServer                         = true                                      {product} {command line}
   size_t MarkStackSize                            = 4194304                                   {product} {ergonomic}
   size_t MaxHeapSize                              = 788529152                                 {product} {ergonomic}
   size_t MaxNewSize                               = 472907776                                 {product} {ergonomic}
   size_t MinHeapDeltaBytes                        = 1048576                                   {product} {ergonomic}
   size_t MinHeapSize                              = 8388608                                   {product} {ergonomic}
    uintx NonNMethodCodeHeapSize                   = 5832780                                {pd product} {ergonomic}
    uintx NonProfiledCodeHeapSize                  = 122912730                              {pd product} {ergonomic}
    uintx ProfiledCodeHeapSize                     = 122912730                              {pd product} {ergonomic}
    uintx ReservedCodeCacheSize                    = 251658240                              {pd product} {ergonomic}
     bool SegmentedCodeCache                       = true                                      {product} {ergonomic}
     bool ShowCodeDetailsInExceptionMessages       = true                                   {manageable} {command line}
   size_t SoftMaxHeapSize                          = 788529152                              {manageable} {ergonomic}
     bool UseCompressedClassPointers               = true                           {product lp64_product} {ergonomic}
     bool UseCompressedOops                        = true                           {product lp64_product} {ergonomic}
     bool UseG1GC                                  = true                                      {product} {ergonomic}
     bool UseLargePagesIndividualAllocation        = false                                  {pd product} {ergonomic}

Logging:
Log output configuration:
 #0: stdout all=warning uptime,level,tags
 #1: stderr all=off uptime,level,tags

Environment Variables:
JAVA_HOME=C:\Program Files\Eclipse Adoptium\jdk-17.0.3.7-hotspot\
PATH=C:\Python310\Scripts\;C:\Python310\;C:\Program Files\Eclipse Adoptium\jdk-17.0.3.7-hotspot\bin;C:\Program Files (x86)\Common Files\Oracle\Java\javapath;C:\WINDOWS\system32;C:\WINDOWS;C:\WINDOWS\System32\Wbem;C:\WINDOWS\System32\WindowsPowerShell\v1.0\;C:\WINDOWS\System32\OpenSSH\;C:\Program Files (x86)\Brackets\command;C:\Program Files (x86)\AMD\ATI.ACE\Core-Static;C:\Users\Diana\OneDrive\Desktop\PROYECTO_JAVA\apache-maven-3.8.5\bin;C:\Program Files\Git\cmd;C:\ProgramData\chocolatey\bin;C:\Program Files\nodejs\;C:\xampp\php;C:\ProgramData\ComposerSetup\bin;C:\Users\Diana\AppData\Local\Microsoft\WindowsApps;C:\Users\Diana\AppData\Local\Programs\Microsoft VS Code\bin;C:\Users\Diana\AppData\Roaming\npm;C:\Users\Diana\AppData\Roaming\Composer\vendor\bin;C:\Users\Diana\AppData\Local\GitHubDesktop\bin
USERNAME=Diana
LANG=es_ES.UTF-8
OS=Windows_NT
PROCESSOR_IDENTIFIER=AMD64 Family 23 Model 24 Stepping 1, AuthenticAMD



---------------  S Y S T E M  ---------------

OS:
 Windows 11 , 64 bit Build 22000 (10.0.22000.708)
OS uptime: 0 days 0:17 hours

CPU: total 4 (initial active 4) (4 cores per cpu, 2 threads per core) family 23 model 24 stepping 1 microcode 0x0, cx8, cmov, fxsr, ht, mmx, 3dnowpref, sse, sse2, sse3, ssse3, sse4a, sse4.1, sse4.2, popcnt, lzcnt, tsc, tscinvbit, avx, avx2, aes, clmul, bmi1, bmi2, adx, sha, fma, vzeroupper, clflush, clflushopt

Memory: 4k page, system-wide physical 3005M (59M free)
TotalPageFile size 12221M (AvailPageFile size 5M)
current process WorkingSet (physical memory assigned to process): 282M, peak: 316M
current process commit charge ("private bytes"): 632M, peak: 635M

vm_info: OpenJDK 64-Bit Server VM (17.0.3+7) for windows-amd64 JRE (17.0.3+7), built on Apr 19 2022 16:55:35 by "" with MS VC++ 16.7 (VS2019)

END.
