#
# There is insufficient memory for the Java Runtime Environment to continue.
# Native memory allocation (mmap) failed to map 66060288 bytes for G1 virtual space
# Possible reasons:
#   The system is out of physical RAM or swap space
#   The process is running with CompressedOops enabled, and the Java Heap may be blocking the growth of the native heap
# Possible solutions:
#   Reduce memory load on the system
#   Increase physical memory or swap space
#   Check if swap backing store is full
#   Decrease Java heap size (-Xmx/-Xms)
#   Decrease number of Java threads
#   Decrease Java thread stack sizes (-Xss)
#   Set larger code cache with -XX:ReservedCodeCacheSize=
#   JVM is running with Unscaled Compressed Oops mode in which the Java heap is
#     placed in the first 4GB address space. The Java Heap base address is the
#     maximum limit for the native heap growth. Please use -XX:HeapBaseMinAddress
#     to set the Java Heap base and to place the Java Heap above 4GB virtual address.
# This output file may be truncated or incomplete.
#
#  Out of Memory Error (os_windows.cpp:3541), pid=7816, tid=6860
#
# JRE version: OpenJDK Runtime Environment Temurin-17.0.4.1+1 (17.0.4.1+1) (build 17.0.4.1+1)
# Java VM: OpenJDK 64-Bit Server VM Temurin-17.0.4.1+1 (17.0.4.1+1, mixed mode, emulated-client, tiered, compressed oops, compressed class ptrs, g1 gc, windows-amd64)
# No core dump will be written. Minidumps are not enabled by default on client versions of Windows
#

---------------  S U M M A R Y ------------

Command Line: -Dsts.lsp.client=vscode -Dsts.log.file=/dev/null -XX:TieredStopAtLevel=1 -Xlog:jni+resolve=off -Dspring.config.location=file:c:\Users\Diana\.vscode\extensions\pivotal.vscode-spring-boot-1.39.0\language-server\BOOT-INF\classes\application.properties org.springframework.ide.vscode.boot.app.BootLanguageServerBootApp

Host: AMD Ryzen 3 3250U with Radeon Graphics         , 4 cores, 2G,  Windows 11 , 64 bit Build 22000 (10.0.22000.708)
Time: Mon Oct 17 18:18:27 2022 Hora est. Pacífico, Sudamérica elapsed time: 20.209616 seconds (0d 0h 0m 20s)

---------------  T H R E A D  ---------------

Current thread (0x0000025bc4067bf0):  VMThread "VM Thread" [stack: 0x000000df96e00000,0x000000df96f00000] [id=6860]

Stack: [0x000000df96e00000,0x000000df96f00000]
Native frames: (J=compiled Java code, j=interpreted, Vv=VM code, C=native code)
V  [jvm.dll+0x67731a]
V  [jvm.dll+0x832284]
V  [jvm.dll+0x833a2e]
V  [jvm.dll+0x834093]
V  [jvm.dll+0x245775]
V  [jvm.dll+0x674209]
V  [jvm.dll+0x668a92]
V  [jvm.dll+0x30471b]
V  [jvm.dll+0x30bc66]
V  [jvm.dll+0x35ba9e]
V  [jvm.dll+0x35bccf]
V  [jvm.dll+0x2db5b8]
V  [jvm.dll+0x2de646]
V  [jvm.dll+0x2e8d08]
V  [jvm.dll+0x31cfb0]
V  [jvm.dll+0x83853b]
V  [jvm.dll+0x839274]
V  [jvm.dll+0x83978c]
V  [jvm.dll+0x839b64]
V  [jvm.dll+0x839c30]
V  [jvm.dll+0x7e240a]
V  [jvm.dll+0x6761a5]
C  [ucrtbase.dll+0x26c0c]
C  [KERNEL32.DLL+0x154e0]
C  [ntdll.dll+0x485b]

VM_Operation (0x000000df96aff420): G1Concurrent, mode: safepoint, requested by thread 0x0000025bc3ff3910


---------------  P R O C E S S  ---------------

Threads class SMR info:
_java_thread_list=0x0000025bd2814c10, length=35, elements={
0x0000025bcfa68780, 0x0000025bcfa69330, 0x0000025bcfaa6130, 0x0000025bcfaa69f0,
0x0000025bcfaa92c0, 0x0000025bcfaabb90, 0x0000025bcfaac500, 0x0000025bcfab55d0,
0x0000025bd06ee700, 0x0000025bd06f4ad0, 0x0000025bd217c040, 0x0000025bd0e33860,
0x0000025bd1ea47b0, 0x0000025bd2331620, 0x0000025bd0d00050, 0x0000025bd0d00520,
0x0000025bd0d009f0, 0x0000025bd0dbb030, 0x0000025bd0e2e5e0, 0x0000025bd0e2dc40,
0x0000025bd0e2cdd0, 0x0000025bd0e2d770, 0x0000025bd0e2d2a0, 0x0000025bd0e2ef80,
0x0000025bd0e2c900, 0x0000025bd0e2eab0, 0x0000025bd0e2bf60, 0x0000025bd0e2e110,
0x0000025bd0e2c430, 0x0000025bd0e2f450, 0x0000025bd0d344c0, 0x0000025bd0d37010,
0x0000025bd0d36b40, 0x0000025bd0d374e0, 0x0000025bd0d35330
}

Java Threads: ( => current thread )
  0x0000025bcfa68780 JavaThread "Reference Handler" daemon [_thread_blocked, id=18336, stack(0x000000df96f00000,0x000000df97000000)]
  0x0000025bcfa69330 JavaThread "Finalizer" daemon [_thread_blocked, id=2700, stack(0x000000df97000000,0x000000df97100000)]
  0x0000025bcfaa6130 JavaThread "Signal Dispatcher" daemon [_thread_blocked, id=14100, stack(0x000000df97100000,0x000000df97200000)]
  0x0000025bcfaa69f0 JavaThread "Attach Listener" daemon [_thread_blocked, id=6220, stack(0x000000df97200000,0x000000df97300000)]
  0x0000025bcfaa92c0 JavaThread "Service Thread" daemon [_thread_blocked, id=3728, stack(0x000000df97300000,0x000000df97400000)]
  0x0000025bcfaabb90 JavaThread "Monitor Deflation Thread" daemon [_thread_blocked, id=4520, stack(0x000000df97400000,0x000000df97500000)]
  0x0000025bcfaac500 JavaThread "C1 CompilerThread0" daemon [_thread_blocked, id=17984, stack(0x000000df97500000,0x000000df97600000)]
  0x0000025bcfab55d0 JavaThread "Sweeper thread" daemon [_thread_blocked, id=8852, stack(0x000000df97600000,0x000000df97700000)]
  0x0000025bd06ee700 JavaThread "Notification Thread" daemon [_thread_blocked, id=18148, stack(0x000000df97800000,0x000000df97900000)]
  0x0000025bd06f4ad0 JavaThread "Common-Cleaner" daemon [_thread_blocked, id=17640, stack(0x000000df97a00000,0x000000df97b00000)]
  0x0000025bd217c040 JavaThread "boundedElastic-evictor-1" daemon [_thread_blocked, id=17504, stack(0x000000df97e00000,0x000000df97f00000)]
  0x0000025bd0e33860 JavaThread "ForkJoinPool.commonPool-worker-1" daemon [_thread_blocked, id=18036, stack(0x000000df97f00000,0x000000df98000000)]
  0x0000025bd1ea47b0 JavaThread "ClassGraph-worker-0" daemon [_thread_blocked, id=18064, stack(0x000000df98000000,0x000000df98100000)]
  0x0000025bd2331620 JavaThread "ClassGraph-worker-1" daemon [_thread_blocked, id=14136, stack(0x000000df98100000,0x000000df98200000)]
  0x0000025bd0d00050 JavaThread "pool-9-thread-1" [_thread_blocked, id=17416, stack(0x000000df98200000,0x000000df98300000)]
  0x0000025bd0d00520 JavaThread "ClassGraph-worker-2" daemon [_thread_blocked, id=17400, stack(0x000000df98300000,0x000000df98400000)]
  0x0000025bd0d009f0 JavaThread "ClassGraph-worker-3" daemon [_thread_blocked, id=1940, stack(0x000000df98400000,0x000000df98500000)]
  0x0000025bd0dbb030 JavaThread "ClassGraph-worker-4" daemon [_thread_blocked, id=11068, stack(0x000000df98500000,0x000000df98600000)]
  0x0000025bd0e2e5e0 JavaThread "ClassGraph-worker-5" daemon [_thread_blocked, id=18204, stack(0x000000df98600000,0x000000df98700000)]
  0x0000025bd0e2dc40 JavaThread "ClassGraph-worker-6" daemon [_thread_blocked, id=18048, stack(0x000000df98700000,0x000000df98800000)]
  0x0000025bd0e2cdd0 JavaThread "ClassGraph-worker-7" daemon [_thread_blocked, id=7132, stack(0x000000df98800000,0x000000df98900000)]
  0x0000025bd0e2d770 JavaThread "LanguageServerApp-lifecycle" [_thread_blocked, id=17564, stack(0x000000df98900000,0x000000df98a00000)]
  0x0000025bd0e2d2a0 JavaThread "DestroyJavaVM" [_thread_blocked, id=2708, stack(0x000000df96800000,0x000000df96900000)]
  0x0000025bd0e2ef80 JavaThread "pool-10-thread-1" [_thread_in_native, id=17556, stack(0x000000df98b00000,0x000000df98c00000)]
  0x0000025bd0e2c900 JavaThread "Simple-Language-Server main thread" daemon [_thread_blocked, id=10288, stack(0x000000df98c00000,0x000000df98d00000)]
  0x0000025bd0e2eab0 JavaThread "pool-7-thread-1" [_thread_blocked, id=17212, stack(0x000000df98d00000,0x000000df98e00000)]
  0x0000025bd0e2bf60 JavaThread "parallel-1" daemon [_thread_blocked, id=11424, stack(0x000000df98e00000,0x000000df98f00000)]
  0x0000025bd0e2e110 JavaThread "parallel-2" daemon [_thread_blocked, id=9068, stack(0x000000df98f00000,0x000000df99000000)]
  0x0000025bd0e2c430 JavaThread "parallel-3" daemon [_thread_blocked, id=17788, stack(0x000000df99000000,0x000000df99100000)]
  0x0000025bd0e2f450 JavaThread "pool-4-thread-1" [_thread_blocked, id=11740, stack(0x000000df99200000,0x000000df99300000)]
  0x0000025bd0d344c0 JavaThread "ForkJoinPool.commonPool-worker-2" daemon [_thread_blocked, id=4160, stack(0x000000df99300000,0x000000df99400000)]
  0x0000025bd0d37010 JavaThread "Reconciler-1" daemon [_thread_blocked, id=3372, stack(0x000000df99400000,0x000000df99500000)]
  0x0000025bd0d36b40 JavaThread "pool-4-thread-2" [_thread_blocked, id=15964, stack(0x000000df99500000,0x000000df99600000)]
  0x0000025bd0d374e0 JavaThread "parallel-4" daemon [_thread_blocked, id=13136, stack(0x000000df99600000,0x000000df99700000)]
  0x0000025bd0d35330 JavaThread "pool-5-thread-1" [_thread_blocked, id=16204, stack(0x000000df97700000,0x000000df97800000)]

Other Threads:
=>0x0000025bc4067bf0 VMThread "VM Thread" [stack: 0x000000df96e00000,0x000000df96f00000] [id=6860]
  0x0000025bd06eebd0 WatcherThread [stack: 0x000000df97900000,0x000000df97a00000] [id=9412]
  0x0000025bc3fecbd0 GCTaskThread "GC Thread#0" [stack: 0x000000df96900000,0x000000df96a00000] [id=9308]
  0x0000025bd0f39d10 GCTaskThread "GC Thread#1" [stack: 0x000000df97b00000,0x000000df97c00000] [id=252]
  0x0000025bd0f223d0 GCTaskThread "GC Thread#2" [stack: 0x000000df97c00000,0x000000df97d00000] [id=2712]
  0x0000025bd100a640 GCTaskThread "GC Thread#3" [stack: 0x000000df97d00000,0x000000df97e00000] [id=2540]
  0x0000025bc3ff3910 ConcurrentGCThread "G1 Main Marker" [stack: 0x000000df96a00000,0x000000df96b00000] [id=9376]
  0x0000025bc3ff5560 ConcurrentGCThread "G1 Conc#0" [stack: 0x000000df96b00000,0x000000df96c00000] [id=16764]
  0x0000025bc402e570 ConcurrentGCThread "G1 Refine#0" [stack: 0x000000df96c00000,0x000000df96d00000] [id=11916]
  0x0000025bd25e56f0 ConcurrentGCThread "G1 Refine#1" [stack: 0x000000df98a00000,0x000000df98b00000] [id=16796]
  0x0000025bd239e480 ConcurrentGCThread "G1 Refine#2" [stack: 0x000000df99100000,0x000000df99200000] [id=2724]
  0x0000025bc402fc20 ConcurrentGCThread "G1 Service" [stack: 0x000000df96d00000,0x000000df96e00000] [id=4972]

Threads with active compile tasks:

VM state: at safepoint (normal execution)

VM Mutex/Monitor currently owned by a thread:  ([mutex/lock_event])
[0x0000025bc3ddeef0] Threads_lock - owner thread: 0x0000025bc4067bf0
[0x0000025bc3fb2b20] Heap_lock - owner thread: 0x0000025bc3ff3910

Heap address: 0x00000000d1000000, size: 752 MB, Compressed Oops mode: 32-bit

CDS archive(s) not mapped
Compressed class space mapped at: 0x0000000100000000-0x0000000140000000, reserved size: 1073741824
Narrow klass base: 0x0000000000000000, Narrow klass shift: 3, Narrow klass range: 0x140000000

GC Precious Log:
 CPUs: 4 total, 4 available
 Memory: 3005M
 Large Page Support: Disabled
 NUMA Support: Disabled
 Compressed Oops: Enabled (32-bit)
 Heap Region Size: 1M
 Heap Min Capacity: 8M
 Heap Initial Capacity: 48M
 Heap Max Capacity: 752M
 Pre-touch: Disabled
 Parallel Workers: 4
 Concurrent Workers: 1
 Concurrent Refinement Workers: 4
 Periodic GC: Disabled

Heap:
 garbage-first heap   total 273408K, used 200122K [0x00000000d1000000, 0x0000000100000000)
  region size 1024K, 39 young (39936K), 7 survivors (7168K)
 Metaspace       used 46834K, committed 47232K, reserved 1097728K
  class space    used 5780K, committed 5952K, reserved 1048576K

Heap Regions: E=young(eden), S=young(survivor), O=old, HS=humongous(starts), HC=humongous(continues), CS=collection set, F=free, OA=open archive, CA=closed archive, TAMS=top-at-mark-start (previous, next)
|   0|0x00000000d1000000, 0x00000000d1100000, 0x00000000d1100000|100%| O|  |TAMS 0x00000000d1100000, 0x00000000d1000000| Untracked 
|   1|0x00000000d1100000, 0x00000000d1200000, 0x00000000d1200000|100%| O|  |TAMS 0x00000000d1200000, 0x00000000d1100000| Updating 
|   2|0x00000000d1200000, 0x00000000d1300000, 0x00000000d1300000|100%| O|  |TAMS 0x00000000d1300000, 0x00000000d1200000| Untracked 
|   3|0x00000000d1300000, 0x00000000d1400000, 0x00000000d1400000|100%| O|  |TAMS 0x00000000d1400000, 0x00000000d1300000| Untracked 
|   4|0x00000000d1400000, 0x00000000d1500000, 0x00000000d1500000|100%| O|  |TAMS 0x00000000d1500000, 0x00000000d1400000| Untracked 
|   5|0x00000000d1500000, 0x00000000d1600000, 0x00000000d1600000|100%| O|  |TAMS 0x00000000d1600000, 0x00000000d1500000| Updating 
|   6|0x00000000d1600000, 0x00000000d1700000, 0x00000000d1700000|100%| O|  |TAMS 0x00000000d1700000, 0x00000000d1600000| Untracked 
|   7|0x00000000d1700000, 0x00000000d1800000, 0x00000000d1800000|100%| O|  |TAMS 0x00000000d1800000, 0x00000000d1700000| Untracked 
|   8|0x00000000d1800000, 0x00000000d1900000, 0x00000000d1900000|100%| O|  |TAMS 0x00000000d1900000, 0x00000000d1800000| Updating 
|   9|0x00000000d1900000, 0x00000000d1a00000, 0x00000000d1a00000|100%| O|  |TAMS 0x00000000d1a00000, 0x00000000d1900000| Updating 
|  10|0x00000000d1a00000, 0x00000000d1adc800, 0x00000000d1b00000| 86%| O|  |TAMS 0x00000000d1adc800, 0x00000000d1a00000| Updating 
|  11|0x00000000d1b00000, 0x00000000d1c00000, 0x00000000d1c00000|100%| O|  |TAMS 0x00000000d1c00000, 0x00000000d1b00000| Untracked 
|  12|0x00000000d1c00000, 0x00000000d1d00000, 0x00000000d1d00000|100%| O|  |TAMS 0x00000000d1d00000, 0x00000000d1c00000| Updating 
|  13|0x00000000d1d00000, 0x00000000d1e00000, 0x00000000d1e00000|100%| O|  |TAMS 0x00000000d1e00000, 0x00000000d1d00000| Untracked 
|  14|0x00000000d1e00000, 0x00000000d1f00000, 0x00000000d1f00000|100%| O|  |TAMS 0x00000000d1f00000, 0x00000000d1e00000| Untracked 
|  15|0x00000000d1f00000, 0x00000000d2000000, 0x00000000d2000000|100%| O|  |TAMS 0x00000000d2000000, 0x00000000d1f00000| Updating 
|  16|0x00000000d2000000, 0x00000000d2100000, 0x00000000d2100000|100%| O|  |TAMS 0x00000000d2100000, 0x00000000d2000000| Untracked 
|  17|0x00000000d2100000, 0x00000000d2200000, 0x00000000d2200000|100%| O|  |TAMS 0x00000000d2200000, 0x00000000d2100000| Updating 
|  18|0x00000000d2200000, 0x00000000d2300000, 0x00000000d2300000|100%| O|  |TAMS 0x00000000d2300000, 0x00000000d2200000| Untracked 
|  19|0x00000000d2300000, 0x00000000d2400000, 0x00000000d2400000|100%| O|  |TAMS 0x00000000d2400000, 0x00000000d2300000| Untracked 
|  20|0x00000000d2400000, 0x00000000d2500000, 0x00000000d2500000|100%| O|  |TAMS 0x00000000d2500000, 0x00000000d2400000| Updating 
|  21|0x00000000d2500000, 0x00000000d2600000, 0x00000000d2600000|100%| O|  |TAMS 0x00000000d2600000, 0x00000000d2500000| Untracked 
|  22|0x00000000d2600000, 0x00000000d2700000, 0x00000000d2700000|100%| O|  |TAMS 0x00000000d2700000, 0x00000000d2600000| Untracked 
|  23|0x00000000d2700000, 0x00000000d2800000, 0x00000000d2800000|100%| O|  |TAMS 0x00000000d2800000, 0x00000000d2700000| Untracked 
|  24|0x00000000d2800000, 0x00000000d2900000, 0x00000000d2900000|100%| O|  |TAMS 0x00000000d2900000, 0x00000000d2800000| Untracked 
|  25|0x00000000d2900000, 0x00000000d2a00000, 0x00000000d2a00000|100%| O|  |TAMS 0x00000000d2a00000, 0x00000000d2900000| Updating 
|  26|0x00000000d2a00000, 0x00000000d2b00000, 0x00000000d2b00000|100%| O|  |TAMS 0x00000000d2b00000, 0x00000000d2a00000| Untracked 
|  27|0x00000000d2b00000, 0x00000000d2c00000, 0x00000000d2c00000|100%| O|  |TAMS 0x00000000d2c00000, 0x00000000d2b00000| Untracked 
|  28|0x00000000d2c00000, 0x00000000d2d00000, 0x00000000d2d00000|100%| O|  |TAMS 0x00000000d2d00000, 0x00000000d2c00000| Untracked 
|  29|0x00000000d2d00000, 0x00000000d2e00000, 0x00000000d2e00000|100%| O|  |TAMS 0x00000000d2e00000, 0x00000000d2d00000| Untracked 
|  30|0x00000000d2e00000, 0x00000000d2f00000, 0x00000000d2f00000|100%| O|  |TAMS 0x00000000d2f00000, 0x00000000d2e00000| Untracked 
|  31|0x00000000d2f00000, 0x00000000d3000000, 0x00000000d3000000|100%| O|  |TAMS 0x00000000d3000000, 0x00000000d2f00000| Updating 
|  32|0x00000000d3000000, 0x00000000d3100000, 0x00000000d3100000|100%| O|  |TAMS 0x00000000d3100000, 0x00000000d3000000| Untracked 
|  33|0x00000000d3100000, 0x00000000d3200000, 0x00000000d3200000|100%| O|  |TAMS 0x00000000d3200000, 0x00000000d3100000| Untracked 
|  34|0x00000000d3200000, 0x00000000d3300000, 0x00000000d3300000|100%| O|  |TAMS 0x00000000d3300000, 0x00000000d3200000| Untracked 
|  35|0x00000000d3300000, 0x00000000d3400000, 0x00000000d3400000|100%| O|  |TAMS 0x00000000d3400000, 0x00000000d3300000| Untracked 
|  36|0x00000000d3400000, 0x00000000d3500000, 0x00000000d3500000|100%| O|  |TAMS 0x00000000d3500000, 0x00000000d3400000| Untracked 
|  37|0x00000000d3500000, 0x00000000d3600000, 0x00000000d3600000|100%| O|  |TAMS 0x00000000d3600000, 0x00000000d3500000| Untracked 
|  38|0x00000000d3600000, 0x00000000d3700000, 0x00000000d3700000|100%| O|  |TAMS 0x00000000d3700000, 0x00000000d3600000| Untracked 
|  39|0x00000000d3700000, 0x00000000d3800000, 0x00000000d3800000|100%| O|  |TAMS 0x00000000d3800000, 0x00000000d3700000| Untracked 
|  40|0x00000000d3800000, 0x00000000d3900000, 0x00000000d3900000|100%| O|  |TAMS 0x00000000d3900000, 0x00000000d3800000| Untracked 
|  41|0x00000000d3900000, 0x00000000d3a00000, 0x00000000d3a00000|100%| O|  |TAMS 0x00000000d3a00000, 0x00000000d3900000| Untracked 
|  42|0x00000000d3a00000, 0x00000000d3b00000, 0x00000000d3b00000|100%| O|  |TAMS 0x00000000d3b00000, 0x00000000d3a00000| Untracked 
|  43|0x00000000d3b00000, 0x00000000d3c00000, 0x00000000d3c00000|100%| O|  |TAMS 0x00000000d3c00000, 0x00000000d3b00000| Untracked 
|  44|0x00000000d3c00000, 0x00000000d3d00000, 0x00000000d3d00000|100%| O|  |TAMS 0x00000000d3d00000, 0x00000000d3c00000| Untracked 
|  45|0x00000000d3d00000, 0x00000000d3e00000, 0x00000000d3e00000|100%| O|  |TAMS 0x00000000d3e00000, 0x00000000d3d00000| Updating 
|  46|0x00000000d3e00000, 0x00000000d3f00000, 0x00000000d3f00000|100%| O|  |TAMS 0x00000000d3f00000, 0x00000000d3e00000| Untracked 
|  47|0x00000000d3f00000, 0x00000000d4000000, 0x00000000d4000000|100%|HS|  |TAMS 0x00000000d4000000, 0x00000000d3f00000| Complete 
|  48|0x00000000d4000000, 0x00000000d4100000, 0x00000000d4100000|100%| O|  |TAMS 0x00000000d4100000, 0x00000000d4000000| Updating 
|  49|0x00000000d4100000, 0x00000000d4200000, 0x00000000d4200000|100%|HS|  |TAMS 0x00000000d4200000, 0x00000000d4100000| Complete 
|  50|0x00000000d4200000, 0x00000000d4300000, 0x00000000d4300000|100%| O|  |TAMS 0x00000000d4300000, 0x00000000d4200000| Untracked 
|  51|0x00000000d4300000, 0x00000000d4400000, 0x00000000d4400000|100%| O|  |TAMS 0x00000000d4400000, 0x00000000d4300000| Untracked 
|  52|0x00000000d4400000, 0x00000000d4500000, 0x00000000d4500000|100%| O|  |TAMS 0x00000000d4500000, 0x00000000d4400000| Untracked 
|  53|0x00000000d4500000, 0x00000000d4600000, 0x00000000d4600000|100%| O|  |TAMS 0x00000000d4600000, 0x00000000d4500000| Untracked 
|  54|0x00000000d4600000, 0x00000000d4700000, 0x00000000d4700000|100%| O|  |TAMS 0x00000000d4700000, 0x00000000d4600000| Updating 
|  55|0x00000000d4700000, 0x00000000d4800000, 0x00000000d4800000|100%| O|  |TAMS 0x00000000d4800000, 0x00000000d4700000| Updating 
|  56|0x00000000d4800000, 0x00000000d4900000, 0x00000000d4900000|100%| O|  |TAMS 0x00000000d4900000, 0x00000000d4800000| Updating 
|  57|0x00000000d4900000, 0x00000000d4a00000, 0x00000000d4a00000|100%| O|  |TAMS 0x00000000d4a00000, 0x00000000d4900000| Updating 
|  58|0x00000000d4a00000, 0x00000000d4b00000, 0x00000000d4b00000|100%| O|  |TAMS 0x00000000d4b00000, 0x00000000d4a00000| Untracked 
|  59|0x00000000d4b00000, 0x00000000d4c00000, 0x00000000d4c00000|100%| O|  |TAMS 0x00000000d4c00000, 0x00000000d4b00000| Updating 
|  60|0x00000000d4c00000, 0x00000000d4d00000, 0x00000000d4d00000|100%| O|  |TAMS 0x00000000d4d00000, 0x00000000d4c00000| Untracked 
|  61|0x00000000d4d00000, 0x00000000d4e00000, 0x00000000d4e00000|100%| O|  |TAMS 0x00000000d4e00000, 0x00000000d4d00000| Untracked 
|  62|0x00000000d4e00000, 0x00000000d4f00000, 0x00000000d4f00000|100%| O|  |TAMS 0x00000000d4f00000, 0x00000000d4e00000| Updating 
|  63|0x00000000d4f00000, 0x00000000d5000000, 0x00000000d5000000|100%| O|  |TAMS 0x00000000d5000000, 0x00000000d4f00000| Updating 
|  64|0x00000000d5000000, 0x00000000d5100000, 0x00000000d5100000|100%| O|  |TAMS 0x00000000d5100000, 0x00000000d5000000| Untracked 
|  65|0x00000000d5100000, 0x00000000d5200000, 0x00000000d5200000|100%| O|  |TAMS 0x00000000d5200000, 0x00000000d5100000| Untracked 
|  66|0x00000000d5200000, 0x00000000d5300000, 0x00000000d5300000|100%| O|  |TAMS 0x00000000d5300000, 0x00000000d5200000| Untracked 
|  67|0x00000000d5300000, 0x00000000d5400000, 0x00000000d5400000|100%| O|  |TAMS 0x00000000d5400000, 0x00000000d5300000| Untracked 
|  68|0x00000000d5400000, 0x00000000d5500000, 0x00000000d5500000|100%| O|  |TAMS 0x00000000d5500000, 0x00000000d5400000| Untracked 
|  69|0x00000000d5500000, 0x00000000d5600000, 0x00000000d5600000|100%| O|  |TAMS 0x00000000d5600000, 0x00000000d5500000| Untracked 
|  70|0x00000000d5600000, 0x00000000d5700000, 0x00000000d5700000|100%| O|  |TAMS 0x00000000d5700000, 0x00000000d5600000| Untracked 
|  71|0x00000000d5700000, 0x00000000d5800000, 0x00000000d5800000|100%| O|  |TAMS 0x00000000d5800000, 0x00000000d5700000| Updating 
|  72|0x00000000d5800000, 0x00000000d5900000, 0x00000000d5900000|100%| O|  |TAMS 0x00000000d5900000, 0x00000000d5800000| Untracked 
|  73|0x00000000d5900000, 0x00000000d5a00000, 0x00000000d5a00000|100%| O|  |TAMS 0x00000000d5a00000, 0x00000000d5900000| Untracked 
|  74|0x00000000d5a00000, 0x00000000d5b00000, 0x00000000d5b00000|100%| O|  |TAMS 0x00000000d5b00000, 0x00000000d5a00000| Untracked 
|  75|0x00000000d5b00000, 0x00000000d5c00000, 0x00000000d5c00000|100%| O|  |TAMS 0x00000000d5c00000, 0x00000000d5b00000| Untracked 
|  76|0x00000000d5c00000, 0x00000000d5d00000, 0x00000000d5d00000|100%| O|  |TAMS 0x00000000d5d00000, 0x00000000d5c00000| Updating 
|  77|0x00000000d5d00000, 0x00000000d5e00000, 0x00000000d5e00000|100%|HS|  |TAMS 0x00000000d5e00000, 0x00000000d5d00000| Complete 
|  78|0x00000000d5e00000, 0x00000000d5f00000, 0x00000000d5f00000|100%| O|  |TAMS 0x00000000d5f00000, 0x00000000d5e00000| Untracked 
|  79|0x00000000d5f00000, 0x00000000d6000000, 0x00000000d6000000|100%| O|  |TAMS 0x00000000d6000000, 0x00000000d5f00000| Untracked 
|  80|0x00000000d6000000, 0x00000000d6100000, 0x00000000d6100000|100%| O|  |TAMS 0x00000000d6100000, 0x00000000d6000000| Untracked 
|  81|0x00000000d6100000, 0x00000000d6200000, 0x00000000d6200000|100%| O|  |TAMS 0x00000000d6200000, 0x00000000d6100000| Untracked 
|  82|0x00000000d6200000, 0x00000000d6300000, 0x00000000d6300000|100%| O|  |TAMS 0x00000000d6300000, 0x00000000d6200000| Untracked 
|  83|0x00000000d6300000, 0x00000000d6400000, 0x00000000d6400000|100%| O|  |TAMS 0x00000000d6400000, 0x00000000d6300000| Untracked 
|  84|0x00000000d6400000, 0x00000000d6500000, 0x00000000d6500000|100%| O|  |TAMS 0x00000000d6500000, 0x00000000d6400000| Updating 
|  85|0x00000000d6500000, 0x00000000d6600000, 0x00000000d6600000|100%| O|  |TAMS 0x00000000d6600000, 0x00000000d6500000| Untracked 
|  86|0x00000000d6600000, 0x00000000d6700000, 0x00000000d6700000|100%| O|  |TAMS 0x00000000d6700000, 0x00000000d6600000| Untracked 
|  87|0x00000000d6700000, 0x00000000d6800000, 0x00000000d6800000|100%| O|  |TAMS 0x00000000d6800000, 0x00000000d6700000| Untracked 
|  88|0x00000000d6800000, 0x00000000d6900000, 0x00000000d6900000|100%| O|  |TAMS 0x00000000d6900000, 0x00000000d6800000| Untracked 
|  89|0x00000000d6900000, 0x00000000d6a00000, 0x00000000d6a00000|100%| O|  |TAMS 0x00000000d6a00000, 0x00000000d6900000| Untracked 
|  90|0x00000000d6a00000, 0x00000000d6b00000, 0x00000000d6b00000|100%| O|  |TAMS 0x00000000d6b00000, 0x00000000d6a00000| Untracked 
|  91|0x00000000d6b00000, 0x00000000d6c00000, 0x00000000d6c00000|100%| O|  |TAMS 0x00000000d6c00000, 0x00000000d6b00000| Untracked 
|  92|0x00000000d6c00000, 0x00000000d6d00000, 0x00000000d6d00000|100%| O|  |TAMS 0x00000000d6d00000, 0x00000000d6c00000| Untracked 
|  93|0x00000000d6d00000, 0x00000000d6e00000, 0x00000000d6e00000|100%| O|  |TAMS 0x00000000d6e00000, 0x00000000d6d00000| Untracked 
|  94|0x00000000d6e00000, 0x00000000d6f00000, 0x00000000d6f00000|100%| O|  |TAMS 0x00000000d6f00000, 0x00000000d6e00000| Untracked 
|  95|0x00000000d6f00000, 0x00000000d7000000, 0x00000000d7000000|100%| O|  |TAMS 0x00000000d7000000, 0x00000000d6f00000| Updating 
|  96|0x00000000d7000000, 0x00000000d7100000, 0x00000000d7100000|100%| O|  |TAMS 0x00000000d7100000, 0x00000000d7000000| Updating 
|  97|0x00000000d7100000, 0x00000000d7200000, 0x00000000d7200000|100%| O|  |TAMS 0x00000000d7200000, 0x00000000d7100000| Updating 
|  98|0x00000000d7200000, 0x00000000d7300000, 0x00000000d7300000|100%| O|  |TAMS 0x00000000d7300000, 0x00000000d7200000| Updating 
|  99|0x00000000d7300000, 0x00000000d7400000, 0x00000000d7400000|100%| O|  |TAMS 0x00000000d7400000, 0x00000000d7300000| Untracked 
| 100|0x00000000d7400000, 0x00000000d7500000, 0x00000000d7500000|100%| O|  |TAMS 0x00000000d7500000, 0x00000000d7400000| Updating 
| 101|0x00000000d7500000, 0x00000000d7600000, 0x00000000d7600000|100%| O|  |TAMS 0x00000000d7600000, 0x00000000d7500000| Untracked 
| 102|0x00000000d7600000, 0x00000000d7700000, 0x00000000d7700000|100%| O|  |TAMS 0x00000000d7700000, 0x00000000d7600000| Untracked 
| 103|0x00000000d7700000, 0x00000000d7800000, 0x00000000d7800000|100%| O|  |TAMS 0x00000000d7800000, 0x00000000d7700000| Untracked 
| 104|0x00000000d7800000, 0x00000000d7900000, 0x00000000d7900000|100%| O|  |TAMS 0x00000000d7900000, 0x00000000d7800000| Updating 
| 105|0x00000000d7900000, 0x00000000d7a00000, 0x00000000d7a00000|100%| O|  |TAMS 0x00000000d7a00000, 0x00000000d7900000| Untracked 
| 106|0x00000000d7a00000, 0x00000000d7b00000, 0x00000000d7b00000|100%| O|  |TAMS 0x00000000d7b00000, 0x00000000d7a00000| Updating 
| 107|0x00000000d7b00000, 0x00000000d7c00000, 0x00000000d7c00000|100%| O|  |TAMS 0x00000000d7c00000, 0x00000000d7b00000| Updating 
| 108|0x00000000d7c00000, 0x00000000d7d00000, 0x00000000d7d00000|100%| O|  |TAMS 0x00000000d7d00000, 0x00000000d7c00000| Untracked 
| 109|0x00000000d7d00000, 0x00000000d7e00000, 0x00000000d7e00000|100%| O|  |TAMS 0x00000000d7e00000, 0x00000000d7d00000| Untracked 
| 110|0x00000000d7e00000, 0x00000000d7f00000, 0x00000000d7f00000|100%| O|  |TAMS 0x00000000d7f00000, 0x00000000d7e00000| Updating 
| 111|0x00000000d7f00000, 0x00000000d8000000, 0x00000000d8000000|100%| O|  |TAMS 0x00000000d8000000, 0x00000000d7f00000| Untracked 
| 112|0x00000000d8000000, 0x00000000d8100000, 0x00000000d8100000|100%| O|  |TAMS 0x00000000d8100000, 0x00000000d8000000| Untracked 
| 113|0x00000000d8100000, 0x00000000d8200000, 0x00000000d8200000|100%| O|  |TAMS 0x00000000d8200000, 0x00000000d8100000| Updating 
| 114|0x00000000d8200000, 0x00000000d8300000, 0x00000000d8300000|100%| O|  |TAMS 0x00000000d8300000, 0x00000000d8200000| Untracked 
| 115|0x00000000d8300000, 0x00000000d8400000, 0x00000000d8400000|100%| O|  |TAMS 0x00000000d8400000, 0x00000000d8300000| Untracked 
| 116|0x00000000d8400000, 0x00000000d8500000, 0x00000000d8500000|100%| O|  |TAMS 0x00000000d8500000, 0x00000000d8400000| Untracked 
| 117|0x00000000d8500000, 0x00000000d8600000, 0x00000000d8600000|100%| O|  |TAMS 0x00000000d8600000, 0x00000000d8500000| Untracked 
| 118|0x00000000d8600000, 0x00000000d8700000, 0x00000000d8700000|100%| O|  |TAMS 0x00000000d8700000, 0x00000000d8600000| Untracked 
| 119|0x00000000d8700000, 0x00000000d8800000, 0x00000000d8800000|100%| O|  |TAMS 0x00000000d8800000, 0x00000000d8700000| Untracked 
| 120|0x00000000d8800000, 0x00000000d8900000, 0x00000000d8900000|100%| O|  |TAMS 0x00000000d8900000, 0x00000000d8800000| Untracked 
| 121|0x00000000d8900000, 0x00000000d8a00000, 0x00000000d8a00000|100%| O|  |TAMS 0x00000000d8a00000, 0x00000000d8900000| Untracked 
| 122|0x00000000d8a00000, 0x00000000d8b00000, 0x00000000d8b00000|100%| O|  |TAMS 0x00000000d8b00000, 0x00000000d8a00000| Untracked 
| 123|0x00000000d8b00000, 0x00000000d8c00000, 0x00000000d8c00000|100%| O|  |TAMS 0x00000000d8c00000, 0x00000000d8b00000| Untracked 
| 124|0x00000000d8c00000, 0x00000000d8d00000, 0x00000000d8d00000|100%| O|  |TAMS 0x00000000d8d00000, 0x00000000d8c00000| Untracked 
| 125|0x00000000d8d00000, 0x00000000d8e00000, 0x00000000d8e00000|100%| O|  |TAMS 0x00000000d8e00000, 0x00000000d8d00000| Untracked 
| 126|0x00000000d8e00000, 0x00000000d8f00000, 0x00000000d8f00000|100%| O|  |TAMS 0x00000000d8f00000, 0x00000000d8e00000| Untracked 
| 127|0x00000000d8f00000, 0x00000000d9000000, 0x00000000d9000000|100%| O|  |TAMS 0x00000000d9000000, 0x00000000d8f00000| Untracked 
| 128|0x00000000d9000000, 0x00000000d9100000, 0x00000000d9100000|100%| O|  |TAMS 0x00000000d9100000, 0x00000000d9000000| Untracked 
| 129|0x00000000d9100000, 0x00000000d9200000, 0x00000000d9200000|100%| O|  |TAMS 0x00000000d9200000, 0x00000000d9100000| Untracked 
| 130|0x00000000d9200000, 0x00000000d9300000, 0x00000000d9300000|100%| O|  |TAMS 0x00000000d9300000, 0x00000000d9200000| Untracked 
| 131|0x00000000d9300000, 0x00000000d9400000, 0x00000000d9400000|100%| O|  |TAMS 0x00000000d9400000, 0x00000000d9300000| Untracked 
| 132|0x00000000d9400000, 0x00000000d9500000, 0x00000000d9500000|100%| O|  |TAMS 0x00000000d9500000, 0x00000000d9400000| Updating 
| 133|0x00000000d9500000, 0x00000000d9600000, 0x00000000d9600000|100%| O|  |TAMS 0x00000000d9600000, 0x00000000d9500000| Untracked 
| 134|0x00000000d9600000, 0x00000000d9700000, 0x00000000d9700000|100%| O|  |TAMS 0x00000000d9700000, 0x00000000d9600000| Untracked 
| 135|0x00000000d9700000, 0x00000000d9800000, 0x00000000d9800000|100%| O|  |TAMS 0x00000000d9800000, 0x00000000d9700000| Untracked 
| 136|0x00000000d9800000, 0x00000000d9900000, 0x00000000d9900000|100%| O|  |TAMS 0x00000000d9900000, 0x00000000d9800000| Untracked 
| 137|0x00000000d9900000, 0x00000000d9a00000, 0x00000000d9a00000|100%| O|  |TAMS 0x00000000d9a00000, 0x00000000d9900000| Untracked 
| 138|0x00000000d9a00000, 0x00000000d9b00000, 0x00000000d9b00000|100%| O|  |TAMS 0x00000000d9b00000, 0x00000000d9a00000| Untracked 
| 139|0x00000000d9b00000, 0x00000000d9c00000, 0x00000000d9c00000|100%| O|  |TAMS 0x00000000d9c00000, 0x00000000d9b00000| Untracked 
| 140|0x00000000d9c00000, 0x00000000d9d00000, 0x00000000d9d00000|100%| O|  |TAMS 0x00000000d9d00000, 0x00000000d9c00000| Untracked 
| 141|0x00000000d9d00000, 0x00000000d9e00000, 0x00000000d9e00000|100%| O|  |TAMS 0x00000000d9e00000, 0x00000000d9d00000| Untracked 
| 142|0x00000000d9e00000, 0x00000000d9f00000, 0x00000000d9f00000|100%| O|  |TAMS 0x00000000d9f00000, 0x00000000d9e00000| Untracked 
| 143|0x00000000d9f00000, 0x00000000da000000, 0x00000000da000000|100%| O|  |TAMS 0x00000000da000000, 0x00000000d9f00000| Untracked 
| 144|0x00000000da000000, 0x00000000da100000, 0x00000000da100000|100%| O|  |TAMS 0x00000000da100000, 0x00000000da000000| Untracked 
| 145|0x00000000da100000, 0x00000000da200000, 0x00000000da200000|100%| O|  |TAMS 0x00000000da200000, 0x00000000da100000| Untracked 
| 146|0x00000000da200000, 0x00000000da300000, 0x00000000da300000|100%| O|  |TAMS 0x00000000da300000, 0x00000000da200000| Untracked 
| 147|0x00000000da300000, 0x00000000da400000, 0x00000000da400000|100%| O|  |TAMS 0x00000000da400000, 0x00000000da300000| Untracked 
| 148|0x00000000da400000, 0x00000000da500000, 0x00000000da500000|100%| O|  |TAMS 0x00000000da500000, 0x00000000da400000| Untracked 
| 149|0x00000000da500000, 0x00000000da600000, 0x00000000da600000|100%| O|  |TAMS 0x00000000da600000, 0x00000000da500000| Untracked 
| 150|0x00000000da600000, 0x00000000da700000, 0x00000000da700000|100%| O|  |TAMS 0x00000000da700000, 0x00000000da600000| Untracked 
| 151|0x00000000da700000, 0x00000000da800000, 0x00000000da800000|100%| O|  |TAMS 0x00000000da800000, 0x00000000da700000| Untracked 
| 152|0x00000000da800000, 0x00000000da900000, 0x00000000da900000|100%| O|  |TAMS 0x00000000da900000, 0x00000000da800000| Untracked 
| 153|0x00000000da900000, 0x00000000daa00000, 0x00000000daa00000|100%| O|  |TAMS 0x00000000daa00000, 0x00000000da900000| Untracked 
| 154|0x00000000daa00000, 0x00000000dab00000, 0x00000000dab00000|100%| O|  |TAMS 0x00000000dab00000, 0x00000000daa00000| Untracked 
| 155|0x00000000dab00000, 0x00000000dac00000, 0x00000000dac00000|100%| O|  |TAMS 0x00000000dac00000, 0x00000000dab00000| Untracked 
| 156|0x00000000dac00000, 0x00000000dad00000, 0x00000000dad00000|100%| O|  |TAMS 0x00000000dad00000, 0x00000000dac00000| Untracked 
| 157|0x00000000dad00000, 0x00000000dae00000, 0x00000000dae00000|100%| O|  |TAMS 0x00000000dae00000, 0x00000000dad00000| Updating 
| 158|0x00000000dae00000, 0x00000000dae9cc00, 0x00000000daf00000| 61%| O|  |TAMS 0x00000000dae9cc00, 0x00000000dae00000| Updating 
| 159|0x00000000daf00000, 0x00000000daf00000, 0x00000000db000000|  0%| F|  |TAMS 0x00000000daf00000, 0x00000000daf00000| Untracked 
| 160|0x00000000db000000, 0x00000000db000000, 0x00000000db100000|  0%| F|  |TAMS 0x00000000db000000, 0x00000000db000000| Untracked 
| 161|0x00000000db100000, 0x00000000db100000, 0x00000000db200000|  0%| F|  |TAMS 0x00000000db100000, 0x00000000db100000| Untracked 
| 162|0x00000000db200000, 0x00000000db200000, 0x00000000db300000|  0%| F|  |TAMS 0x00000000db200000, 0x00000000db200000| Untracked 
| 163|0x00000000db300000, 0x00000000db300000, 0x00000000db400000|  0%| F|  |TAMS 0x00000000db300000, 0x00000000db300000| Untracked 
| 164|0x00000000db400000, 0x00000000db400000, 0x00000000db500000|  0%| F|  |TAMS 0x00000000db400000, 0x00000000db400000| Untracked 
| 165|0x00000000db500000, 0x00000000db500000, 0x00000000db600000|  0%| F|  |TAMS 0x00000000db500000, 0x00000000db500000| Untracked 
| 166|0x00000000db600000, 0x00000000db600000, 0x00000000db700000|  0%| F|  |TAMS 0x00000000db600000, 0x00000000db600000| Untracked 
| 167|0x00000000db700000, 0x00000000db700000, 0x00000000db800000|  0%| F|  |TAMS 0x00000000db700000, 0x00000000db700000| Untracked 
| 168|0x00000000db800000, 0x00000000db800000, 0x00000000db900000|  0%| F|  |TAMS 0x00000000db800000, 0x00000000db800000| Untracked 
| 169|0x00000000db900000, 0x00000000db900000, 0x00000000dba00000|  0%| F|  |TAMS 0x00000000db900000, 0x00000000db900000| Untracked 
| 170|0x00000000dba00000, 0x00000000dba00000, 0x00000000dbb00000|  0%| F|  |TAMS 0x00000000dba00000, 0x00000000dba00000| Untracked 
| 171|0x00000000dbb00000, 0x00000000dbb00000, 0x00000000dbc00000|  0%| F|  |TAMS 0x00000000dbb00000, 0x00000000dbb00000| Untracked 
| 172|0x00000000dbc00000, 0x00000000dbc00000, 0x00000000dbd00000|  0%| F|  |TAMS 0x00000000dbc00000, 0x00000000dbc00000| Untracked 
| 173|0x00000000dbd00000, 0x00000000dbd00000, 0x00000000dbe00000|  0%| F|  |TAMS 0x00000000dbd00000, 0x00000000dbd00000| Untracked 
| 174|0x00000000dbe00000, 0x00000000dbe00000, 0x00000000dbf00000|  0%| F|  |TAMS 0x00000000dbe00000, 0x00000000dbe00000| Untracked 
| 175|0x00000000dbf00000, 0x00000000dbf00000, 0x00000000dc000000|  0%| F|  |TAMS 0x00000000dbf00000, 0x00000000dbf00000| Untracked 
| 176|0x00000000dc000000, 0x00000000dc000000, 0x00000000dc100000|  0%| F|  |TAMS 0x00000000dc000000, 0x00000000dc000000| Untracked 
| 177|0x00000000dc100000, 0x00000000dc100000, 0x00000000dc200000|  0%| F|  |TAMS 0x00000000dc100000, 0x00000000dc100000| Untracked 
| 178|0x00000000dc200000, 0x00000000dc200000, 0x00000000dc300000|  0%| F|  |TAMS 0x00000000dc200000, 0x00000000dc200000| Untracked 
| 179|0x00000000dc300000, 0x00000000dc300000, 0x00000000dc400000|  0%| F|  |TAMS 0x00000000dc300000, 0x00000000dc300000| Untracked 
| 180|0x00000000dc400000, 0x00000000dc400000, 0x00000000dc500000|  0%| F|  |TAMS 0x00000000dc400000, 0x00000000dc400000| Untracked 
| 181|0x00000000dc500000, 0x00000000dc500000, 0x00000000dc600000|  0%| F|  |TAMS 0x00000000dc500000, 0x00000000dc500000| Untracked 
| 182|0x00000000dc600000, 0x00000000dc600000, 0x00000000dc700000|  0%| F|  |TAMS 0x00000000dc600000, 0x00000000dc600000| Untracked 
| 183|0x00000000dc700000, 0x00000000dc700000, 0x00000000dc800000|  0%| F|  |TAMS 0x00000000dc700000, 0x00000000dc700000| Untracked 
| 184|0x00000000dc800000, 0x00000000dc800000, 0x00000000dc900000|  0%| F|  |TAMS 0x00000000dc800000, 0x00000000dc800000| Untracked 
| 185|0x00000000dc900000, 0x00000000dc900000, 0x00000000dca00000|  0%| F|  |TAMS 0x00000000dc900000, 0x00000000dc900000| Untracked 
| 186|0x00000000dca00000, 0x00000000dca00000, 0x00000000dcb00000|  0%| F|  |TAMS 0x00000000dca00000, 0x00000000dca00000| Untracked 
| 187|0x00000000dcb00000, 0x00000000dcb00000, 0x00000000dcc00000|  0%| F|  |TAMS 0x00000000dcb00000, 0x00000000dcb00000| Untracked 
| 188|0x00000000dcc00000, 0x00000000dcc00000, 0x00000000dcd00000|  0%| F|  |TAMS 0x00000000dcc00000, 0x00000000dcc00000| Untracked 
| 189|0x00000000dcd00000, 0x00000000dcd00000, 0x00000000dce00000|  0%| F|  |TAMS 0x00000000dcd00000, 0x00000000dcd00000| Untracked 
| 190|0x00000000dce00000, 0x00000000dcef54c0, 0x00000000dcf00000| 95%| S|CS|TAMS 0x00000000dce00000, 0x00000000dce00000| Complete 
| 191|0x00000000dcf00000, 0x00000000dd000000, 0x00000000dd000000|100%| S|CS|TAMS 0x00000000dcf00000, 0x00000000dcf00000| Complete 
| 192|0x00000000dd000000, 0x00000000dd100000, 0x00000000dd100000|100%| S|CS|TAMS 0x00000000dd000000, 0x00000000dd000000| Complete 
| 193|0x00000000dd100000, 0x00000000dd200000, 0x00000000dd200000|100%| S|CS|TAMS 0x00000000dd100000, 0x00000000dd100000| Complete 
| 194|0x00000000dd200000, 0x00000000dd300000, 0x00000000dd300000|100%| S|CS|TAMS 0x00000000dd200000, 0x00000000dd200000| Complete 
| 195|0x00000000dd300000, 0x00000000dd300000, 0x00000000dd400000|  0%| F|  |TAMS 0x00000000dd300000, 0x00000000dd300000| Untracked 
| 196|0x00000000dd400000, 0x00000000dd400000, 0x00000000dd500000|  0%| F|  |TAMS 0x00000000dd400000, 0x00000000dd400000| Untracked 
| 197|0x00000000dd500000, 0x00000000dd500000, 0x00000000dd600000|  0%| F|  |TAMS 0x00000000dd500000, 0x00000000dd500000| Untracked 
| 198|0x00000000dd600000, 0x00000000dd600000, 0x00000000dd700000|  0%| F|  |TAMS 0x00000000dd600000, 0x00000000dd600000| Untracked 
| 199|0x00000000dd700000, 0x00000000dd700000, 0x00000000dd800000|  0%| F|  |TAMS 0x00000000dd700000, 0x00000000dd700000| Untracked 
| 200|0x00000000dd800000, 0x00000000dd900000, 0x00000000dd900000|100%| S|CS|TAMS 0x00000000dd800000, 0x00000000dd800000| Complete 
| 201|0x00000000dd900000, 0x00000000dda00000, 0x00000000dda00000|100%| S|CS|TAMS 0x00000000dd900000, 0x00000000dd900000| Complete 
| 202|0x00000000dda00000, 0x00000000dda00000, 0x00000000ddb00000|  0%| F|  |TAMS 0x00000000dda00000, 0x00000000dda00000| Untracked 
| 203|0x00000000ddb00000, 0x00000000ddb00000, 0x00000000ddc00000|  0%| F|  |TAMS 0x00000000ddb00000, 0x00000000ddb00000| Untracked 
| 204|0x00000000ddc00000, 0x00000000ddc00000, 0x00000000ddd00000|  0%| F|  |TAMS 0x00000000ddc00000, 0x00000000ddc00000| Untracked 
| 205|0x00000000ddd00000, 0x00000000ddd00000, 0x00000000dde00000|  0%| F|  |TAMS 0x00000000ddd00000, 0x00000000ddd00000| Untracked 
| 206|0x00000000dde00000, 0x00000000dde00000, 0x00000000ddf00000|  0%| F|  |TAMS 0x00000000dde00000, 0x00000000dde00000| Untracked 
| 207|0x00000000ddf00000, 0x00000000ddf00000, 0x00000000de000000|  0%| F|  |TAMS 0x00000000ddf00000, 0x00000000ddf00000| Untracked 
| 208|0x00000000de000000, 0x00000000de000000, 0x00000000de100000|  0%| F|  |TAMS 0x00000000de000000, 0x00000000de000000| Untracked 
| 209|0x00000000de100000, 0x00000000de100000, 0x00000000de200000|  0%| F|  |TAMS 0x00000000de100000, 0x00000000de100000| Untracked 
| 210|0x00000000de200000, 0x00000000de200000, 0x00000000de300000|  0%| F|  |TAMS 0x00000000de200000, 0x00000000de200000| Untracked 
| 211|0x00000000de300000, 0x00000000de300000, 0x00000000de400000|  0%| F|  |TAMS 0x00000000de300000, 0x00000000de300000| Untracked 
| 212|0x00000000de400000, 0x00000000de400000, 0x00000000de500000|  0%| F|  |TAMS 0x00000000de400000, 0x00000000de400000| Untracked 
| 213|0x00000000de500000, 0x00000000de500000, 0x00000000de600000|  0%| F|  |TAMS 0x00000000de500000, 0x00000000de500000| Untracked 
| 214|0x00000000de600000, 0x00000000de600000, 0x00000000de700000|  0%| F|  |TAMS 0x00000000de600000, 0x00000000de600000| Untracked 
| 215|0x00000000de700000, 0x00000000de700000, 0x00000000de800000|  0%| F|  |TAMS 0x00000000de700000, 0x00000000de700000| Untracked 
| 216|0x00000000de800000, 0x00000000de800000, 0x00000000de900000|  0%| F|  |TAMS 0x00000000de800000, 0x00000000de800000| Untracked 
| 217|0x00000000de900000, 0x00000000de900000, 0x00000000dea00000|  0%| F|  |TAMS 0x00000000de900000, 0x00000000de900000| Untracked 
| 218|0x00000000dea00000, 0x00000000dea00000, 0x00000000deb00000|  0%| F|  |TAMS 0x00000000dea00000, 0x00000000dea00000| Untracked 
| 219|0x00000000deb00000, 0x00000000deb00000, 0x00000000dec00000|  0%| F|  |TAMS 0x00000000deb00000, 0x00000000deb00000| Untracked 
| 220|0x00000000dec00000, 0x00000000dec00000, 0x00000000ded00000|  0%| F|  |TAMS 0x00000000dec00000, 0x00000000dec00000| Untracked 
| 221|0x00000000ded00000, 0x00000000ded00000, 0x00000000dee00000|  0%| F|  |TAMS 0x00000000ded00000, 0x00000000ded00000| Untracked 
| 222|0x00000000dee00000, 0x00000000dee00000, 0x00000000def00000|  0%| F|  |TAMS 0x00000000dee00000, 0x00000000dee00000| Untracked 
| 223|0x00000000def00000, 0x00000000def00000, 0x00000000df000000|  0%| F|  |TAMS 0x00000000def00000, 0x00000000def00000| Untracked 
| 224|0x00000000df000000, 0x00000000df000000, 0x00000000df100000|  0%| F|  |TAMS 0x00000000df000000, 0x00000000df000000| Untracked 
| 225|0x00000000df100000, 0x00000000df100000, 0x00000000df200000|  0%| F|  |TAMS 0x00000000df100000, 0x00000000df100000| Untracked 
| 226|0x00000000df200000, 0x00000000df200000, 0x00000000df300000|  0%| F|  |TAMS 0x00000000df200000, 0x00000000df200000| Untracked 
| 227|0x00000000df300000, 0x00000000df300000, 0x00000000df400000|  0%| F|  |TAMS 0x00000000df300000, 0x00000000df300000| Untracked 
| 228|0x00000000df400000, 0x00000000df400000, 0x00000000df500000|  0%| F|  |TAMS 0x00000000df400000, 0x00000000df400000| Untracked 
| 229|0x00000000df500000, 0x00000000df500000, 0x00000000df600000|  0%| F|  |TAMS 0x00000000df500000, 0x00000000df500000| Untracked 
| 230|0x00000000df600000, 0x00000000df600000, 0x00000000df700000|  0%| F|  |TAMS 0x00000000df600000, 0x00000000df600000| Untracked 
| 231|0x00000000df700000, 0x00000000df700000, 0x00000000df800000|  0%| F|  |TAMS 0x00000000df700000, 0x00000000df700000| Untracked 
| 232|0x00000000df800000, 0x00000000df800000, 0x00000000df900000|  0%| F|  |TAMS 0x00000000df800000, 0x00000000df800000| Untracked 
| 233|0x00000000df900000, 0x00000000df900000, 0x00000000dfa00000|  0%| F|  |TAMS 0x00000000df900000, 0x00000000df900000| Untracked 
| 234|0x00000000dfa00000, 0x00000000dfa00000, 0x00000000dfb00000|  0%| F|  |TAMS 0x00000000dfa00000, 0x00000000dfa00000| Untracked 
| 235|0x00000000dfb00000, 0x00000000dfb49be8, 0x00000000dfc00000| 28%| E|  |TAMS 0x00000000dfb00000, 0x00000000dfb00000| Complete 
| 236|0x00000000dfc00000, 0x00000000dfd00000, 0x00000000dfd00000|100%| E|CS|TAMS 0x00000000dfc00000, 0x00000000dfc00000| Complete 
| 237|0x00000000dfd00000, 0x00000000dfe00000, 0x00000000dfe00000|100%| E|CS|TAMS 0x00000000dfd00000, 0x00000000dfd00000| Complete 
| 238|0x00000000dfe00000, 0x00000000dff00000, 0x00000000dff00000|100%| E|CS|TAMS 0x00000000dfe00000, 0x00000000dfe00000| Complete 
| 239|0x00000000dff00000, 0x00000000e0000000, 0x00000000e0000000|100%| E|CS|TAMS 0x00000000dff00000, 0x00000000dff00000| Complete 
| 240|0x00000000e0000000, 0x00000000e0100000, 0x00000000e0100000|100%| E|CS|TAMS 0x00000000e0000000, 0x00000000e0000000| Complete 
| 241|0x00000000e0100000, 0x00000000e0200000, 0x00000000e0200000|100%| E|CS|TAMS 0x00000000e0100000, 0x00000000e0100000| Complete 
| 242|0x00000000e0200000, 0x00000000e0300000, 0x00000000e0300000|100%| E|CS|TAMS 0x00000000e0200000, 0x00000000e0200000| Complete 
| 243|0x00000000e0300000, 0x00000000e0400000, 0x00000000e0400000|100%| E|CS|TAMS 0x00000000e0300000, 0x00000000e0300000| Complete 
| 244|0x00000000e0400000, 0x00000000e0500000, 0x00000000e0500000|100%| E|CS|TAMS 0x00000000e0400000, 0x00000000e0400000| Complete 
| 245|0x00000000e0500000, 0x00000000e0600000, 0x00000000e0600000|100%| E|CS|TAMS 0x00000000e0500000, 0x00000000e0500000| Complete 
| 246|0x00000000e0600000, 0x00000000e0700000, 0x00000000e0700000|100%| E|CS|TAMS 0x00000000e0600000, 0x00000000e0600000| Complete 
| 247|0x00000000e0700000, 0x00000000e0800000, 0x00000000e0800000|100%| E|CS|TAMS 0x00000000e0700000, 0x00000000e0700000| Complete 
| 248|0x00000000e0800000, 0x00000000e0900000, 0x00000000e0900000|100%| E|CS|TAMS 0x00000000e0800000, 0x00000000e0800000| Complete 
| 249|0x00000000e0900000, 0x00000000e0a00000, 0x00000000e0a00000|100%| E|CS|TAMS 0x00000000e0900000, 0x00000000e0900000| Complete 
| 250|0x00000000e0a00000, 0x00000000e0b00000, 0x00000000e0b00000|100%| E|CS|TAMS 0x00000000e0a00000, 0x00000000e0a00000| Complete 
| 251|0x00000000e0b00000, 0x00000000e0c00000, 0x00000000e0c00000|100%| E|CS|TAMS 0x00000000e0b00000, 0x00000000e0b00000| Complete 
| 252|0x00000000e0c00000, 0x00000000e0cffd70, 0x00000000e0d00000| 99%| E|  |TAMS 0x00000000e0c00000, 0x00000000e0c00000| Complete 
| 253|0x00000000e0d00000, 0x00000000e0e00000, 0x00000000e0e00000|100%| E|CS|TAMS 0x00000000e0d00000, 0x00000000e0d00000| Complete 
| 254|0x00000000e0e00000, 0x00000000e0f00000, 0x00000000e0f00000|100%| E|CS|TAMS 0x00000000e0e00000, 0x00000000e0e00000| Complete 
| 255|0x00000000e0f00000, 0x00000000e1000000, 0x00000000e1000000|100%| E|CS|TAMS 0x00000000e0f00000, 0x00000000e0f00000| Complete 
| 256|0x00000000e1000000, 0x00000000e1100000, 0x00000000e1100000|100%| E|CS|TAMS 0x00000000e1000000, 0x00000000e1000000| Complete 
| 257|0x00000000e1100000, 0x00000000e1200000, 0x00000000e1200000|100%| E|CS|TAMS 0x00000000e1100000, 0x00000000e1100000| Complete 
| 258|0x00000000e1200000, 0x00000000e1300000, 0x00000000e1300000|100%| E|CS|TAMS 0x00000000e1200000, 0x00000000e1200000| Complete 
| 259|0x00000000e1300000, 0x00000000e1400000, 0x00000000e1400000|100%| E|CS|TAMS 0x00000000e1300000, 0x00000000e1300000| Complete 
| 260|0x00000000e1400000, 0x00000000e1500000, 0x00000000e1500000|100%| E|CS|TAMS 0x00000000e1400000, 0x00000000e1400000| Complete 
| 261|0x00000000e1500000, 0x00000000e1600000, 0x00000000e1600000|100%| E|CS|TAMS 0x00000000e1500000, 0x00000000e1500000| Complete 
| 262|0x00000000e1600000, 0x00000000e1700000, 0x00000000e1700000|100%| E|CS|TAMS 0x00000000e1600000, 0x00000000e1600000| Complete 
| 263|0x00000000e1700000, 0x00000000e1800000, 0x00000000e1800000|100%| E|CS|TAMS 0x00000000e1700000, 0x00000000e1700000| Complete 
| 264|0x00000000e1800000, 0x00000000e1900000, 0x00000000e1900000|100%| E|CS|TAMS 0x00000000e1800000, 0x00000000e1800000| Complete 
| 265|0x00000000e1900000, 0x00000000e1a00000, 0x00000000e1a00000|100%| E|CS|TAMS 0x00000000e1900000, 0x00000000e1900000| Complete 
| 266|0x00000000e1a00000, 0x00000000e1b00000, 0x00000000e1b00000|100%| E|CS|TAMS 0x00000000e1a00000, 0x00000000e1a00000| Complete 

Card table byte_map: [0x0000025bcba30000,0x0000025bcbbb0000] _byte_map_base: 0x0000025bcb3a8000

Marking Bits (Prev, Next): (CMBitMap*) 0x0000025bc3fed220, (CMBitMap*) 0x0000025bc3fed1e0
 Prev Bits: [0x0000025bcc8f0000, 0x0000025bcd4b0000)
 Next Bits: [0x0000025bcbd30000, 0x0000025bcc8f0000)

Polling page: 0x0000025bc3d80000

Metaspace:

Usage:
  Non-class:     40.09 MB used.
      Class:      5.64 MB used.
       Both:     45.74 MB used.

Virtual space:
  Non-class space:       48.00 MB reserved,      40.31 MB ( 84%) committed,  6 nodes.
      Class space:        1.00 GB reserved,       5.81 MB ( <1%) committed,  1 nodes.
             Both:        1.05 GB reserved,      46.12 MB (  4%) committed. 

Chunk freelists:
   Non-Class:  3.64 MB
       Class:  2.09 MB
        Both:  5.73 MB

MaxMetaspaceSize: unlimited
CompressedClassSpaceSize: 1.00 GB
Initial GC threshold: 21.00 MB
Current GC threshold: 71.50 MB
CDS: off
MetaspaceReclaimPolicy: balanced
 - commit_granule_bytes: 65536.
 - commit_granule_words: 8192.
 - virtual_space_node_default_size: 1048576.
 - enlarge_chunks_in_place: 1.
 - new_chunks_are_fully_committed: 0.
 - uncommit_free_chunks: 1.
 - use_allocation_guard: 0.
 - handle_deallocations: 1.


Internal statistics:

num_allocs_failed_limit: 5.
num_arena_births: 414.
num_arena_deaths: 0.
num_vsnodes_births: 7.
num_vsnodes_deaths: 0.
num_space_committed: 738.
num_space_uncommitted: 0.
num_chunks_returned_to_freelist: 5.
num_chunks_taken_from_freelist: 1830.
num_chunk_merges: 5.
num_chunk_splits: 1307.
num_chunks_enlarged: 1037.
num_purges: 0.
num_inconsistent_stats: 0.

CodeCache: size=49152Kb used=10003Kb max_used=10003Kb free=39148Kb
 bounds [0x0000025bc8460000, 0x0000025bc8e30000, 0x0000025bcb460000]
 total_blobs=5724 nmethods=5146 adapters=505
 compilation: enabled
              stopped_count=0, restarted_count=0
 full_count=0

Compilation events (20 events):
Event: 19.120 Thread 0x0000025bcfaac500 5138       1       ch.qos.logback.classic.Logger::<init> (25 bytes)
Event: 19.121 Thread 0x0000025bcfaac500 nmethod 5138 0x0000025bc8e21690 code [0x0000025bc8e21820, 0x0000025bc8e219f8]
Event: 19.123 Thread 0x0000025bcfaac500 5139       1       org.antlr.v4.runtime.RuleContext::getText (54 bytes)
Event: 19.124 Thread 0x0000025bcfaac500 nmethod 5139 0x0000025bc8e21a90 code [0x0000025bc8e21ca0, 0x0000025bc8e22098]
Event: 19.124 Thread 0x0000025bcfaac500 5140       1       org.antlr.v4.runtime.ANTLRInputStream::getText (58 bytes)
Event: 19.124 Thread 0x0000025bcfaac500 nmethod 5140 0x0000025bc8e22290 code [0x0000025bc8e22440, 0x0000025bc8e22658]
Event: 19.127 Thread 0x0000025bcfaac500 5141       1       java.lang.invoke.DirectMethodHandle$Holder::invokeStatic (14 bytes)
Event: 19.127 Thread 0x0000025bcfaac500 nmethod 5141 0x0000025bc8e22810 code [0x0000025bc8e229c0, 0x0000025bc8e22ad8]
Event: 19.127 Thread 0x0000025bcfaac500 5142       1       java.lang.invoke.DirectMethodHandle$Holder::invokeStatic (17 bytes)
Event: 19.127 Thread 0x0000025bcfaac500 nmethod 5142 0x0000025bc8e22b90 code [0x0000025bc8e22d40, 0x0000025bc8e22e58]
Event: 19.127 Thread 0x0000025bcfaac500 5143       1       java.lang.invoke.LambdaForm$MH/0x00000001000d0400::invoke (32 bytes)
Event: 19.127 Thread 0x0000025bcfaac500 nmethod 5143 0x0000025bc8e22f90 code [0x0000025bc8e23140, 0x0000025bc8e23298]
Event: 19.127 Thread 0x0000025bcfaac500 5144       1       java.lang.invoke.DirectMethodHandle$Holder::invokeStatic (21 bytes)
Event: 19.127 Thread 0x0000025bcfaac500 nmethod 5144 0x0000025bc8e23390 code [0x0000025bc8e23540, 0x0000025bc8e23658]
Event: 19.131 Thread 0x0000025bcfaac500 5145       1       ch.qos.logback.classic.Logger::createChildByName (128 bytes)
Event: 19.132 Thread 0x0000025bcfaac500 nmethod 5145 0x0000025bc8e23790 code [0x0000025bc8e23a00, 0x0000025bc8e24318]
Event: 19.132 Thread 0x0000025bcfaac500 5146       1       ch.qos.logback.classic.LoggerContext::incSize (11 bytes)
Event: 19.132 Thread 0x0000025bcfaac500 nmethod 5146 0x0000025bc8e24710 code [0x0000025bc8e248a0, 0x0000025bc8e24978]
Event: 19.748 Thread 0x0000025bcfaac500 5147       1       java.util.concurrent.locks.AbstractQueuedSynchronizer::acquireInterruptibly (36 bytes)
Event: 19.749 Thread 0x0000025bcfaac500 nmethod 5147 0x0000025bc8e24a10 code [0x0000025bc8e24be0, 0x0000025bc8e24e38]

GC Heap History (20 events):
Event: 16.365 GC heap before
{Heap before GC invocations=46 (full 0):
 garbage-first heap   total 256000K, used 215675K [0x00000000d1000000, 0x0000000100000000)
  region size 1024K, 98 young (100352K), 13 survivors (13312K)
 Metaspace       used 43235K, committed 43584K, reserved 1089536K
  class space    used 5403K, committed 5568K, reserved 1048576K
}
Event: 16.374 GC heap after
{Heap after GC invocations=47 (full 0):
 garbage-first heap   total 256000K, used 136235K [0x00000000d1000000, 0x0000000100000000)
  region size 1024K, 7 young (7168K), 7 survivors (7168K)
 Metaspace       used 43235K, committed 43584K, reserved 1089536K
  class space    used 5403K, committed 5568K, reserved 1048576K
}
Event: 16.456 GC heap before
{Heap before GC invocations=47 (full 0):
 garbage-first heap   total 256000K, used 215083K [0x00000000d1000000, 0x0000000100000000)
  region size 1024K, 85 young (87040K), 7 survivors (7168K)
 Metaspace       used 43528K, committed 43904K, reserved 1089536K
  class space    used 5434K, committed 5632K, reserved 1048576K
}
Event: 16.464 GC heap after
{Heap after GC invocations=48 (full 0):
 garbage-first heap   total 256000K, used 140919K [0x00000000d1000000, 0x0000000100000000)
  region size 1024K, 5 young (5120K), 5 survivors (5120K)
 Metaspace       used 43528K, committed 43904K, reserved 1089536K
  class space    used 5434K, committed 5632K, reserved 1048576K
}
Event: 17.101 GC heap before
{Heap before GC invocations=49 (full 0):
 garbage-first heap   total 273408K, used 214647K [0x00000000d1000000, 0x0000000100000000)
  region size 1024K, 78 young (79872K), 5 survivors (5120K)
 Metaspace       used 44265K, committed 44608K, reserved 1089536K
  class space    used 5515K, committed 5696K, reserved 1048576K
}
Event: 17.109 GC heap after
{Heap after GC invocations=50 (full 0):
 garbage-first heap   total 273408K, used 145005K [0x00000000d1000000, 0x0000000100000000)
  region size 1024K, 9 young (9216K), 9 survivors (9216K)
 Metaspace       used 44265K, committed 44608K, reserved 1089536K
  class space    used 5515K, committed 5696K, reserved 1048576K
}
Event: 17.122 GC heap before
{Heap before GC invocations=50 (full 0):
 garbage-first heap   total 273408K, used 148077K [0x00000000d1000000, 0x0000000100000000)
  region size 1024K, 13 young (13312K), 9 survivors (9216K)
 Metaspace       used 44265K, committed 44608K, reserved 1089536K
  class space    used 5515K, committed 5696K, reserved 1048576K
}
Event: 17.132 GC heap after
{Heap after GC invocations=51 (full 0):
 garbage-first heap   total 273408K, used 143999K [0x00000000d1000000, 0x0000000100000000)
  region size 1024K, 1 young (1024K), 1 survivors (1024K)
 Metaspace       used 44265K, committed 44608K, reserved 1089536K
  class space    used 5515K, committed 5696K, reserved 1048576K
}
Event: 17.374 GC heap before
{Heap before GC invocations=51 (full 0):
 garbage-first heap   total 273408K, used 231039K [0x00000000d1000000, 0x0000000100000000)
  region size 1024K, 87 young (89088K), 1 survivors (1024K)
 Metaspace       used 44959K, committed 45312K, reserved 1089536K
  class space    used 5569K, committed 5760K, reserved 1048576K
}
Event: 17.381 GC heap after
{Heap after GC invocations=52 (full 0):
 garbage-first heap   total 273408K, used 148095K [0x00000000d1000000, 0x0000000100000000)
  region size 1024K, 5 young (5120K), 5 survivors (5120K)
 Metaspace       used 44959K, committed 45312K, reserved 1089536K
  class space    used 5569K, committed 5760K, reserved 1048576K
}
Event: 18.065 GC heap before
{Heap before GC invocations=52 (full 0):
 garbage-first heap   total 273408K, used 232063K [0x00000000d1000000, 0x0000000100000000)
  region size 1024K, 87 young (89088K), 5 survivors (5120K)
 Metaspace       used 46373K, committed 46784K, reserved 1097728K
  class space    used 5716K, committed 5888K, reserved 1048576K
}
Event: 18.075 GC heap after
{Heap after GC invocations=53 (full 0):
 garbage-first heap   total 273408K, used 153812K [0x00000000d1000000, 0x0000000100000000)
  region size 1024K, 10 young (10240K), 10 survivors (10240K)
 Metaspace       used 46373K, committed 46784K, reserved 1097728K
  class space    used 5716K, committed 5888K, reserved 1048576K
}
Event: 18.498 GC heap before
{Heap before GC invocations=53 (full 0):
 garbage-first heap   total 273408K, used 231636K [0x00000000d1000000, 0x0000000100000000)
  region size 1024K, 87 young (89088K), 10 survivors (10240K)
 Metaspace       used 46486K, committed 46848K, reserved 1097728K
  class space    used 5733K, committed 5888K, reserved 1048576K
}
Event: 18.516 GC heap after
{Heap after GC invocations=54 (full 0):
 garbage-first heap   total 273408K, used 158210K [0x00000000d1000000, 0x0000000100000000)
  region size 1024K, 9 young (9216K), 9 survivors (9216K)
 Metaspace       used 46486K, committed 46848K, reserved 1097728K
  class space    used 5733K, committed 5888K, reserved 1048576K
}
Event: 18.876 GC heap before
{Heap before GC invocations=54 (full 0):
 garbage-first heap   total 273408K, used 237058K [0x00000000d1000000, 0x0000000100000000)
  region size 1024K, 83 young (84992K), 9 survivors (9216K)
 Metaspace       used 46666K, committed 47104K, reserved 1097728K
  class space    used 5753K, committed 5952K, reserved 1048576K
}
Event: 18.894 GC heap after
{Heap after GC invocations=55 (full 0):
 garbage-first heap   total 273408K, used 164027K [0x00000000d1000000, 0x0000000100000000)
  region size 1024K, 10 young (10240K), 10 survivors (10240K)
 Metaspace       used 46666K, committed 47104K, reserved 1097728K
  class space    used 5753K, committed 5952K, reserved 1048576K
}
Event: 19.167 GC heap before
{Heap before GC invocations=55 (full 0):
 garbage-first heap   total 273408K, used 231611K [0x00000000d1000000, 0x0000000100000000)
  region size 1024K, 77 young (78848K), 10 survivors (10240K)
 Metaspace       used 46834K, committed 47232K, reserved 1097728K
  class space    used 5780K, committed 5952K, reserved 1048576K
}
Event: 19.178 GC heap after
{Heap after GC invocations=56 (full 0):
 garbage-first heap   total 273408K, used 166835K [0x00000000d1000000, 0x0000000100000000)
  region size 1024K, 5 young (5120K), 5 survivors (5120K)
 Metaspace       used 46834K, committed 47232K, reserved 1097728K
  class space    used 5780K, committed 5952K, reserved 1048576K
}
Event: 19.875 GC heap before
{Heap before GC invocations=56 (full 0):
 garbage-first heap   total 273408K, used 232371K [0x00000000d1000000, 0x0000000100000000)
  region size 1024K, 70 young (71680K), 5 survivors (5120K)
 Metaspace       used 46834K, committed 47232K, reserved 1097728K
  class space    used 5780K, committed 5952K, reserved 1048576K
}
Event: 19.882 GC heap after
{Heap after GC invocations=57 (full 0):
 garbage-first heap   total 273408K, used 169402K [0x00000000d1000000, 0x0000000100000000)
  region size 1024K, 7 young (7168K), 7 survivors (7168K)
 Metaspace       used 46834K, committed 47232K, reserved 1097728K
  class space    used 5780K, committed 5952K, reserved 1048576K
}

Deoptimization events (14 events):
Event: 3.520 Thread 0x0000025bc3fb4930 DEOPT PACKING pc=0x0000025bc88a2a99 sp=0x000000df968fd110
Event: 3.520 Thread 0x0000025bc3fb4930 DEOPT UNPACKING pc=0x0000025bc84b2b43 sp=0x000000df968fc5f0 mode 3
Event: 7.777 Thread 0x0000025bc3fb4930 DEOPT PACKING pc=0x0000025bc8a0cb99 sp=0x000000df968fc470
Event: 7.777 Thread 0x0000025bc3fb4930 DEOPT UNPACKING pc=0x0000025bc84b2b43 sp=0x000000df968fb958 mode 3
Event: 8.038 Thread 0x0000025bd0e33860 DEOPT PACKING pc=0x0000025bc8a64e2b sp=0x000000df97ffe4e0
Event: 8.038 Thread 0x0000025bd0e33860 DEOPT UNPACKING pc=0x0000025bc84b2b43 sp=0x000000df97ffda28 mode 3
Event: 8.704 Thread 0x0000025bd2331620 DEOPT PACKING pc=0x0000025bc88a1481 sp=0x000000df981feca0
Event: 8.705 Thread 0x0000025bd2331620 DEOPT UNPACKING pc=0x0000025bc84b2b43 sp=0x000000df981fe130 mode 3
Event: 9.274 Thread 0x0000025bd2331620 DEOPT PACKING pc=0x0000025bc889f317 sp=0x000000df981febc0
Event: 9.274 Thread 0x0000025bd2331620 DEOPT UNPACKING pc=0x0000025bc84b2b43 sp=0x000000df981fe018 mode 3
Event: 10.642 Thread 0x0000025bd0e2c900 DEOPT PACKING pc=0x0000025bc8bd0f35 sp=0x000000df98cfd2b0
Event: 10.642 Thread 0x0000025bd0e2c900 DEOPT UNPACKING pc=0x0000025bc84b2b43 sp=0x000000df98cfc7c8 mode 3
Event: 17.238 Thread 0x0000025bd0d344c0 DEOPT PACKING pc=0x0000025bc8d25cee sp=0x000000df993fcde0
Event: 17.238 Thread 0x0000025bd0d344c0 DEOPT UNPACKING pc=0x0000025bc84b2b43 sp=0x000000df993fc2d8 mode 3

Classes unloaded (0 events):
No events

Classes redefined (0 events):
No events

Internal exceptions (20 events):
Event: 18.537 Thread 0x0000025bd0d37010 Exception <a 'sun/nio/fs/WindowsException'{0x00000000e1703d98}> (0x00000000e1703d98) 
thrown [s\src\hotspot\share\prims\jni.cpp, line 516]
Event: 18.537 Thread 0x0000025bd0d37010 Exception <a 'sun/nio/fs/WindowsException'{0x00000000e1704d10}> (0x00000000e1704d10) 
thrown [s\src\hotspot\share\prims\jni.cpp, line 516]
Event: 18.537 Thread 0x0000025bd0d37010 Exception <a 'sun/nio/fs/WindowsException'{0x00000000e1705070}> (0x00000000e1705070) 
thrown [s\src\hotspot\share\prims\jni.cpp, line 516]
Event: 18.538 Thread 0x0000025bd0d37010 Exception <a 'sun/nio/fs/WindowsException'{0x00000000e1705d78}> (0x00000000e1705d78) 
thrown [s\src\hotspot\share\prims\jni.cpp, line 516]
Event: 18.538 Thread 0x0000025bd0d37010 Exception <a 'sun/nio/fs/WindowsException'{0x00000000e17063d0}> (0x00000000e17063d0) 
thrown [s\src\hotspot\share\prims\jni.cpp, line 516]
Event: 18.538 Thread 0x0000025bd0d37010 Exception <a 'sun/nio/fs/WindowsException'{0x00000000e1706700}> (0x00000000e1706700) 
thrown [s\src\hotspot\share\prims\jni.cpp, line 516]
Event: 18.539 Thread 0x0000025bd0d37010 Exception <a 'sun/nio/fs/WindowsException'{0x00000000e17076b0}> (0x00000000e17076b0) 
thrown [s\src\hotspot\share\prims\jni.cpp, line 516]
Event: 18.539 Thread 0x0000025bd0d37010 Exception <a 'sun/nio/fs/WindowsException'{0x00000000e1707a30}> (0x00000000e1707a30) 
thrown [s\src\hotspot\share\prims\jni.cpp, line 516]
Event: 18.994 Thread 0x0000025bd0d37010 Exception <a 'sun/nio/fs/WindowsException'{0x00000000e104e8e8}> (0x00000000e104e8e8) 
thrown [s\src\hotspot\share\prims\jni.cpp, line 516]
Event: 18.995 Thread 0x0000025bd0d37010 Exception <a 'sun/nio/fs/WindowsException'{0x00000000e104efb8}> (0x00000000e104efb8) 
thrown [s\src\hotspot\share\prims\jni.cpp, line 516]
Event: 18.995 Thread 0x0000025bd0d37010 Exception <a 'sun/nio/fs/WindowsException'{0x00000000e104f2d8}> (0x00000000e104f2d8) 
thrown [s\src\hotspot\share\prims\jni.cpp, line 516]
Event: 18.995 Thread 0x0000025bd0d37010 Exception <a 'sun/nio/fs/WindowsException'{0x00000000e1050250}> (0x00000000e1050250) 
thrown [s\src\hotspot\share\prims\jni.cpp, line 516]
Event: 18.995 Thread 0x0000025bd0d37010 Exception <a 'sun/nio/fs/WindowsException'{0x00000000e10505b0}> (0x00000000e10505b0) 
thrown [s\src\hotspot\share\prims\jni.cpp, line 516]
Event: 18.995 Thread 0x0000025bd0d37010 Exception <a 'sun/nio/fs/WindowsException'{0x00000000e10512b8}> (0x00000000e10512b8) 
thrown [s\src\hotspot\share\prims\jni.cpp, line 516]
Event: 18.995 Thread 0x0000025bd0d37010 Exception <a 'sun/nio/fs/WindowsException'{0x00000000e1051910}> (0x00000000e1051910) 
thrown [s\src\hotspot\share\prims\jni.cpp, line 516]
Event: 18.996 Thread 0x0000025bd0d37010 Exception <a 'sun/nio/fs/WindowsException'{0x00000000e1051c40}> (0x00000000e1051c40) 
thrown [s\src\hotspot\share\prims\jni.cpp, line 516]
Event: 18.996 Thread 0x0000025bd0d37010 Exception <a 'sun/nio/fs/WindowsException'{0x00000000e1052bf0}> (0x00000000e1052bf0) 
thrown [s\src\hotspot\share\prims\jni.cpp, line 516]
Event: 18.996 Thread 0x0000025bd0d37010 Exception <a 'sun/nio/fs/WindowsException'{0x00000000e1052f70}> (0x00000000e1052f70) 
thrown [s\src\hotspot\share\prims\jni.cpp, line 516]
Event: 19.099 Thread 0x0000025bd0e2dc40 Exception <a 'sun/nio/fs/WindowsException'{0x00000000dee742c0}> (0x00000000dee742c0) 
thrown [s\src\hotspot\share\prims\jni.cpp, line 516]
Event: 19.099 Thread 0x0000025bd0e2dc40 Exception <a 'sun/nio/fs/WindowsException'{0x00000000dee74790}> (0x00000000dee74790) 
thrown [s\src\hotspot\share\prims\jni.cpp, line 516]

VM Operations (20 events):
Event: 18.076 Executing VM operation: G1CollectForAllocation done
Event: 18.239 Executing VM operation: HandshakeAllThreads
Event: 18.239 Executing VM operation: HandshakeAllThreads done
Event: 18.239 Executing VM operation: HandshakeAllThreads
Event: 18.244 Executing VM operation: HandshakeAllThreads done
Event: 18.490 Executing VM operation: G1CollectForAllocation
Event: 18.498 Executing VM operation: G1CollectForAllocation done
Event: 18.498 Executing VM operation: G1CollectForAllocation
Event: 18.521 Executing VM operation: G1CollectForAllocation done
Event: 18.611 Executing VM operation: HandshakeAllThreads
Event: 18.611 Executing VM operation: HandshakeAllThreads done
Event: 18.876 Executing VM operation: G1CollectForAllocation
Event: 18.898 Executing VM operation: G1CollectForAllocation done
Event: 19.166 Executing VM operation: G1CollectForAllocation
Event: 19.179 Executing VM operation: G1CollectForAllocation done
Event: 19.875 Executing VM operation: G1CollectForAllocation
Event: 19.875 Executing VM operation: G1CollectForAllocation done
Event: 19.875 Executing VM operation: G1CollectForAllocation
Event: 19.882 Executing VM operation: G1CollectForAllocation done
Event: 20.172 Executing VM operation: G1Concurrent

Events (20 events):
Event: 18.605 loading class sun/text/resources/BreakIteratorResources
Event: 18.605 loading class sun/util/resources/BreakIteratorResourceBundle
Event: 18.606 loading class sun/util/resources/BreakIteratorResourceBundle done
Event: 18.606 loading class sun/text/resources/BreakIteratorResources done
Event: 18.606 loading class sun/text/resources/BreakIteratorResources_en
Event: 18.606 loading class sun/text/resources/BreakIteratorResources_en done
Event: 18.606 loading class sun/text/resources/BreakIteratorResources_en_US
Event: 18.606 loading class sun/text/resources/BreakIteratorResources_en_US done
Event: 18.607 loading class sun/text/RuleBasedBreakIterator
Event: 18.608 loading class sun/text/RuleBasedBreakIterator done
Event: 18.608 loading class sun/text/CompactByteArray
Event: 18.608 loading class sun/text/CompactByteArray done
Event: 18.608 loading class sun/text/SupplementaryCharacterData
Event: 18.608 loading class sun/text/SupplementaryCharacterData done
Event: 18.608 loading class java/text/BreakIterator$BreakIteratorCache
Event: 18.608 loading class java/text/BreakIterator$BreakIteratorCache done
Event: 18.608 loading class java/text/StringCharacterIterator
Event: 18.609 loading class java/text/CharacterIterator
Event: 18.609 loading class java/text/CharacterIterator done
Event: 18.609 loading class java/text/StringCharacterIterator done


Dynamic libraries:
0x00007ff61d610000 - 0x00007ff61d61e000 	c:\Users\Diana\.vscode\extensions\redhat.java-1.11.0-win32-x64\jre\17.0.4.1-win32-x86_64\bin\java.exe
0x00007ffc9c9c0000 - 0x00007ffc9cbc9000 	C:\WINDOWS\SYSTEM32\ntdll.dll
0x00007ffc70200000 - 0x00007ffc70217000 	C:\Program Files\Avast Software\Avast\aswhook.dll
0x00007ffc9b9f0000 - 0x00007ffc9baad000 	C:\WINDOWS\System32\KERNEL32.DLL
0x00007ffc99e90000 - 0x00007ffc9a20b000 	C:\WINDOWS\System32\KERNELBASE.dll
0x00007ffc9a600000 - 0x00007ffc9a711000 	C:\WINDOWS\System32\ucrtbase.dll
0x00007ffc71ac0000 - 0x00007ffc71ad8000 	c:\Users\Diana\.vscode\extensions\redhat.java-1.11.0-win32-x64\jre\17.0.4.1-win32-x86_64\bin\jli.dll
0x00007ffc71860000 - 0x00007ffc71879000 	c:\Users\Diana\.vscode\extensions\redhat.java-1.11.0-win32-x64\jre\17.0.4.1-win32-x86_64\bin\VCRUNTIME140.dll
0x00007ffc9c770000 - 0x00007ffc9c91d000 	C:\WINDOWS\System32\USER32.dll
0x00007ffc9a5d0000 - 0x00007ffc9a5f6000 	C:\WINDOWS\System32\win32u.dll
0x00007ffc9bab0000 - 0x00007ffc9bad9000 	C:\WINDOWS\System32\GDI32.dll
0x00007ffc9a720000 - 0x00007ffc9a838000 	C:\WINDOWS\System32\gdi32full.dll
0x00007ffc9a290000 - 0x00007ffc9a32d000 	C:\WINDOWS\System32\msvcp_win.dll
0x00007ffc783f0000 - 0x00007ffc78695000 	C:\WINDOWS\WinSxS\amd64_microsoft.windows.common-controls_6595b64144ccf1df_6.0.22000.120_none_9d947278b86cc467\COMCTL32.dll
0x00007ffc9bd40000 - 0x00007ffc9bde3000 	C:\WINDOWS\System32\msvcrt.dll
0x00007ffc9bb40000 - 0x00007ffc9bb71000 	C:\WINDOWS\System32\IMM32.DLL
0x00007ffc71db0000 - 0x00007ffc71dbc000 	c:\Users\Diana\.vscode\extensions\redhat.java-1.11.0-win32-x64\jre\17.0.4.1-win32-x86_64\bin\vcruntime140_1.dll
0x00007ffbf0290000 - 0x00007ffbf0321000 	c:\Users\Diana\.vscode\extensions\redhat.java-1.11.0-win32-x64\jre\17.0.4.1-win32-x86_64\bin\msvcp140.dll
0x00007ffbe8fe0000 - 0x00007ffbe9c26000 	c:\Users\Diana\.vscode\extensions\redhat.java-1.11.0-win32-x64\jre\17.0.4.1-win32-x86_64\bin\server\jvm.dll
0x00007ffc9a8a0000 - 0x00007ffc9a94e000 	C:\WINDOWS\System32\ADVAPI32.dll
0x00007ffc9bca0000 - 0x00007ffc9bd3e000 	C:\WINDOWS\System32\sechost.dll
0x00007ffc9bb80000 - 0x00007ffc9bca0000 	C:\WINDOWS\System32\RPCRT4.dll
0x00007ffc9beb0000 - 0x00007ffc9beb8000 	C:\WINDOWS\System32\PSAPI.DLL
0x00007ffc81010000 - 0x00007ffc81019000 	C:\WINDOWS\SYSTEM32\WSOCK32.dll
0x00007ffc9b650000 - 0x00007ffc9b6bf000 	C:\WINDOWS\System32\WS2_32.dll
0x00007ffc92720000 - 0x00007ffc9272a000 	C:\WINDOWS\SYSTEM32\VERSION.dll
0x00007ffc93fd0000 - 0x00007ffc94003000 	C:\WINDOWS\SYSTEM32\WINMM.dll
0x00007ffc98f10000 - 0x00007ffc98f28000 	C:\WINDOWS\SYSTEM32\kernel.appcore.dll
0x00007ffc71cf0000 - 0x00007ffc71cfa000 	c:\Users\Diana\.vscode\extensions\redhat.java-1.11.0-win32-x64\jre\17.0.4.1-win32-x86_64\bin\jimage.dll
0x00007ffc88380000 - 0x00007ffc885a1000 	C:\WINDOWS\SYSTEM32\DBGHELP.DLL
0x00007ffc85020000 - 0x00007ffc85051000 	C:\WINDOWS\SYSTEM32\dbgcore.DLL
0x00007ffc9a210000 - 0x00007ffc9a28f000 	C:\WINDOWS\System32\bcryptPrimitives.dll
0x00007ffc5d020000 - 0x00007ffc5d045000 	c:\Users\Diana\.vscode\extensions\redhat.java-1.11.0-win32-x64\jre\17.0.4.1-win32-x86_64\bin\java.dll
0x00007ffc5f9a0000 - 0x00007ffc5f9b8000 	c:\Users\Diana\.vscode\extensions\redhat.java-1.11.0-win32-x64\jre\17.0.4.1-win32-x86_64\bin\zip.dll
0x00007ffc9a950000 - 0x00007ffc9b108000 	C:\WINDOWS\System32\SHELL32.dll
0x00007ffc97f80000 - 0x00007ffc987e5000 	C:\WINDOWS\SYSTEM32\windows.storage.dll
0x00007ffc9b110000 - 0x00007ffc9b487000 	C:\WINDOWS\System32\combase.dll
0x00007ffc97e10000 - 0x00007ffc97f76000 	C:\WINDOWS\SYSTEM32\wintypes.dll
0x00007ffc9bfb0000 - 0x00007ffc9c09a000 	C:\WINDOWS\System32\SHCORE.dll
0x00007ffc9bae0000 - 0x00007ffc9bb3d000 	C:\WINDOWS\System32\shlwapi.dll
0x00007ffc99dc0000 - 0x00007ffc99de1000 	C:\WINDOWS\SYSTEM32\profapi.dll
0x00007ffc5f930000 - 0x00007ffc5f949000 	C:\Users\Diana\.vscode\extensions\redhat.java-1.11.0-win32-x64\jre\17.0.4.1-win32-x86_64\bin\net.dll
0x00007ffc92970000 - 0x00007ffc92a7c000 	C:\WINDOWS\SYSTEM32\WINHTTP.dll
0x00007ffc993b0000 - 0x00007ffc99417000 	C:\WINDOWS\system32\mswsock.dll
0x00007ffc5c060000 - 0x00007ffc5c075000 	C:\Users\Diana\.vscode\extensions\redhat.java-1.11.0-win32-x64\jre\17.0.4.1-win32-x86_64\bin\nio.dll
0x00007ffc71b00000 - 0x00007ffc71b10000 	c:\Users\Diana\.vscode\extensions\redhat.java-1.11.0-win32-x64\jre\17.0.4.1-win32-x86_64\bin\verify.dll
0x00007ffc72050000 - 0x00007ffc72059000 	C:\Users\Diana\.vscode\extensions\redhat.java-1.11.0-win32-x64\jre\17.0.4.1-win32-x86_64\bin\management.dll
0x00007ffc71d10000 - 0x00007ffc71d1b000 	C:\Users\Diana\.vscode\extensions\redhat.java-1.11.0-win32-x64\jre\17.0.4.1-win32-x86_64\bin\management_ext.dll
0x00007ffc7a420000 - 0x00007ffc7a437000 	C:\WINDOWS\system32\napinsp.dll
0x00007ffc7a400000 - 0x00007ffc7a41b000 	C:\WINDOWS\system32\pnrpnsp.dll
0x00007ffc98a60000 - 0x00007ffc98b48000 	C:\WINDOWS\SYSTEM32\DNSAPI.dll
0x00007ffc98a30000 - 0x00007ffc98a5d000 	C:\WINDOWS\SYSTEM32\IPHLPAPI.DLL
0x00007ffc9be20000 - 0x00007ffc9be29000 	C:\WINDOWS\System32\NSI.dll
0x00007ffc7a3e0000 - 0x00007ffc7a3f2000 	C:\WINDOWS\System32\winrnr.dll
0x00007ffc79f20000 - 0x00007ffc79f35000 	C:\WINDOWS\system32\wshbth.dll
0x00007ffc79f00000 - 0x00007ffc79f1f000 	C:\WINDOWS\system32\nlansp_c.dll
0x00007ffc90040000 - 0x00007ffc9004a000 	C:\Windows\System32\rasadhlp.dll
0x00007ffc90860000 - 0x00007ffc908e1000 	C:\WINDOWS\System32\fwpuclnt.dll
0x00007ffc995f0000 - 0x00007ffc99608000 	C:\WINDOWS\SYSTEM32\CRYPTSP.dll
0x00007ffc98e70000 - 0x00007ffc98ea5000 	C:\WINDOWS\system32\rsaenh.dll
0x00007ffc994a0000 - 0x00007ffc994c9000 	C:\WINDOWS\SYSTEM32\USERENV.dll
0x00007ffc99780000 - 0x00007ffc997a7000 	C:\WINDOWS\SYSTEM32\bcrypt.dll
0x00007ffc99610000 - 0x00007ffc9961c000 	C:\WINDOWS\SYSTEM32\CRYPTBASE.dll
0x00007ffc92e10000 - 0x00007ffc92e29000 	C:\WINDOWS\SYSTEM32\dhcpcsvc6.DLL
0x00007ffc92e50000 - 0x00007ffc92e6e000 	C:\WINDOWS\SYSTEM32\dhcpcsvc.DLL

dbghelp: loaded successfully - version: 4.0.5 - missing functions: none
symbol engine: initialized successfully - sym options: 0x614 - pdb path: .;c:\Users\Diana\.vscode\extensions\redhat.java-1.11.0-win32-x64\jre\17.0.4.1-win32-x86_64\bin;C:\WINDOWS\SYSTEM32;C:\Program Files\Avast Software\Avast;C:\WINDOWS\WinSxS\amd64_microsoft.windows.common-controls_6595b64144ccf1df_6.0.22000.120_none_9d947278b86cc467;c:\Users\Diana\.vscode\extensions\redhat.java-1.11.0-win32-x64\jre\17.0.4.1-win32-x86_64\bin\server

VM Arguments:
jvm_args: -Dsts.lsp.client=vscode -Dsts.log.file=/dev/null -XX:TieredStopAtLevel=1 -Xlog:jni+resolve=off -Dspring.config.location=file:c:\Users\Diana\.vscode\extensions\pivotal.vscode-spring-boot-1.39.0\language-server\BOOT-INF\classes\application.properties 
java_command: org.springframework.ide.vscode.boot.app.BootLanguageServerBootApp
java_class_path (initial): c:\Users\Diana\.vscode\extensions\pivotal.vscode-spring-boot-1.39.0\language-server\BOOT-INF\classes;c:\Users\Diana\.vscode\extensions\pivotal.vscode-spring-boot-1.39.0\language-server\BOOT-INF\lib\annotations-23.0.0.jar;c:\Users\Diana\.vscode\extensions\pivotal.vscode-spring-boot-1.39.0\language-server\BOOT-INF\lib\antlr-runtime-3.5.2.jar;c:\Users\Diana\.vscode\extensions\pivotal.vscode-spring-boot-1.39.0\language-server\BOOT-INF\lib\antlr4-4.9.3.jar;c:\Users\Diana\.vscode\extensions\pivotal.vscode-spring-boot-1.39.0\language-server\BOOT-INF\lib\antlr4-runtime-4.9.3.jar;c:\Users\Diana\.vscode\extensions\pivotal.vscode-spring-boot-1.39.0\language-server\BOOT-INF\lib\asm-9.3.jar;c:\Users\Diana\.vscode\extensions\pivotal.vscode-spring-boot-1.39.0\language-server\BOOT-INF\lib\asm-analysis-9.3.jar;c:\Users\Diana\.vscode\extensions\pivotal.vscode-spring-boot-1.39.0\language-server\BOOT-INF\lib\asm-tree-9.3.jar;c:\Users\Diana\.vscode\extensions\pivotal.vscode-spring-boot-1.39.0\language-server\BOOT-INF\lib\asm-util-9.3.jar;c:\Users\Diana\.vscode\extensions\pivotal.vscode-spring-boot-1.39.0\language-server\BOOT-INF\lib\byte-buddy-1.12.13.jar;c:\Users\Diana\.vscode\extensions\pivotal.vscode-spring-boot-1.39.0\language-server\BOOT-INF\lib\caffeine-2.9.3.jar;c:\Users\Diana\.vscode\extensions\pivotal.vscode-spring-boot-1.39.0\language-server\BOOT-INF\lib\checker-qual-3.12.0.jar;c:\Users\Diana\.vscode\extensions\pivotal.vscode-spring-boot-1.39.0\language-server\BOOT-INF\lib\classgraph-4.8.149.jar;c:\Users\Diana\.vscode\extensions\pivotal.vscode-spring-boot-1.39.0\language-server\BOOT-INF\lib\commons-codec-1.15.jar;c:\Users\Diana\.vscode\extensions\pivotal.vscode-spring-boot-1.39.0\language-server\BOOT-INF\lib\commons-compress-1.21.jar;c:\Users\Diana\.vscode\extensions\pivotal.vscode-spring-boot-1.39.0\language-server\BOOT-INF\lib\commons-exec-1.3.jar;c:\Users\Diana\.vscode\extensions\pivotal.vscode-spring-boot-1.39.0\language-server\BOOT-INF\lib\com
Launcher Type: SUN_STANDARD

[Global flags]
     intx CICompilerCount                          = 3                                         {product} {ergonomic}
     uint ConcGCThreads                            = 1                                         {product} {ergonomic}
     uint G1ConcRefinementThreads                  = 4                                         {product} {ergonomic}
   size_t G1HeapRegionSize                         = 1048576                                   {product} {ergonomic}
    uintx GCDrainStackTargetSize                   = 64                                        {product} {ergonomic}
   size_t InitialHeapSize                          = 50331648                                  {product} {ergonomic}
   size_t MarkStackSize                            = 4194304                                   {product} {ergonomic}
   size_t MaxHeapSize                              = 788529152                                 {product} {ergonomic}
   size_t MaxNewSize                               = 472907776                                 {product} {ergonomic}
   size_t MinHeapDeltaBytes                        = 1048576                                   {product} {ergonomic}
   size_t MinHeapSize                              = 8388608                                   {product} {ergonomic}
    uintx NonProfiledCodeHeapSize                  = 0                                      {pd product} {ergonomic}
     bool ProfileInterpreter                       = false                                  {pd product} {command line}
    uintx ProfiledCodeHeapSize                     = 0                                      {pd product} {ergonomic}
   size_t SoftMaxHeapSize                          = 788529152                              {manageable} {ergonomic}
     intx TieredStopAtLevel                        = 1                                         {product} {command line}
     bool UseCompressedClassPointers               = true                           {product lp64_product} {ergonomic}
     bool UseCompressedOops                        = true                           {product lp64_product} {ergonomic}
     bool UseG1GC                                  = true                                      {product} {ergonomic}
     bool UseLargePagesIndividualAllocation        = false                                  {pd product} {ergonomic}

Logging:
Log output configuration:
 #0: stdout all=warning,jni+resolve=off uptime,level,tags
 #1: stderr all=off uptime,level,tags

Environment Variables:
JAVA_HOME=C:\Program Files\Eclipse Adoptium\jdk-17.0.3.7-hotspot\
PATH=C:\Users\Diana\bin;C:\Program Files\Git\mingw64\bin;C:\Program Files\Git\usr\local\bin;C:\Program Files\Git\usr\bin;C:\Program Files\Git\usr\bin;C:\Program Files\Git\mingw64\bin;C:\Program Files\Git\usr\bin;C:\Users\Diana\bin;C:\Python310\Scripts;C:\Python310;C:\Program Files\Eclipse Adoptium\jdk-17.0.3.7-hotspot\bin;C:\Program Files (x86)\Common Files\Oracle\Java\javapath;C:\WINDOWS\system32;C:\WINDOWS;C:\WINDOWS\System32\Wbem;C:\WINDOWS\System32\WindowsPowerShell\v1.0;C:\WINDOWS\System32\OpenSSH;C:\Program Files (x86)\Brackets\command;C:\Program Files (x86)\AMD\ATI.ACE\Core-Static;C:\Users\Diana\OneDrive\Desktop\PROYECTO_JAVA\apache-maven-3.8.5\bin;C:\Program Files\Git\cmd;C:\ProgramData\chocolatey\bin;C:\Program Files\nodejs;C:\xampp\php;C:\ProgramData\ComposerSetup\bin;C:\Users\Diana\AppData\Local\Microsoft\WindowsApps;C:\Users\Diana\AppData\Local\Programs\Microsoft VS Code\bin;C:\Users\Diana\AppData\Roaming\npm;C:\Users\Diana\AppData\Roaming\Composer\vendor\bin;C:\Users\Diana\AppData\Local\GitHubDesktop\bin;C:\Program Files\Git\usr\bin\vendor_perl;C:\Program Files\Git\usr\bin\core_perl
USERNAME=Diana
SHELL=C:\Program Files\Git\usr\bin\bash.exe
DISPLAY=needs-to-be-defined
LANG=es_ES.UTF-8
TERM=xterm-256color
TMPDIR=C:\Users\Diana\AppData\Local\Temp
OS=Windows_NT
PROCESSOR_IDENTIFIER=AMD64 Family 23 Model 24 Stepping 1, AuthenticAMD
TMP=C:\Users\Diana\AppData\Local\Temp
TEMP=C:\Users\Diana\AppData\Local\Temp



---------------  S Y S T E M  ---------------

OS:
 Windows 11 , 64 bit Build 22000 (10.0.22000.708)
OS uptime: 0 days 4:54 hours

CPU: total 4 (initial active 4) (4 cores per cpu, 2 threads per core) family 23 model 24 stepping 1 microcode 0x0, cx8, cmov, fxsr, ht, mmx, 3dnowpref, sse, sse2, sse3, ssse3, sse4a, sse4.1, sse4.2, popcnt, lzcnt, tsc, tscinvbit, avx, avx2, aes, clmul, bmi1, bmi2, adx, sha, fma, vzeroupper, clflush, clflushopt

Memory: 4k page, system-wide physical 3005M (59M free)
TotalPageFile size 12221M (AvailPageFile size 9M)
current process WorkingSet (physical memory assigned to process): 373M, peak: 379M
current process commit charge ("private bytes"): 417M, peak: 480M

vm_info: OpenJDK 64-Bit Server VM (17.0.4.1+1) for windows-amd64 JRE (17.0.4.1+1), built on Aug 17 2022 07:42:43 by "temurin" with MS VC++ 16.7 (VS2019)

END.
