#
# There is insufficient memory for the Java Runtime Environment to continue.
# Native memory allocation (mmap) failed to map 162529280 bytes for G1 virtual space
# Possible reasons:
#   The system is out of physical RAM or swap space
#   The process is running with CompressedOops enabled, and the Java Heap may be blocking the growth of the native heap
# Possible solutions:
#   Reduce memory load on the system
#   Increase physical memory or swap space
#   Check if swap backing store is full
#   Decrease Java heap size (-Xmx/-Xms)
#   Decrease number of Java threads
#   Decrease Java thread stack sizes (-Xss)
#   Set larger code cache with -XX:ReservedCodeCacheSize=
#   JVM is running with Unscaled Compressed Oops mode in which the Java heap is
#     placed in the first 4GB address space. The Java Heap base address is the
#     maximum limit for the native heap growth. Please use -XX:HeapBaseMinAddress
#     to set the Java Heap base and to place the Java Heap above 4GB virtual address.
# This output file may be truncated or incomplete.
#
#  Out of Memory Error (os_windows.cpp:3535), pid=17968, tid=3492
#
# JRE version: OpenJDK Runtime Environment Temurin-17.0.3+7 (17.0.3+7) (build 17.0.3+7)
# Java VM: OpenJDK 64-Bit Server VM Temurin-17.0.3+7 (17.0.3+7, mixed mode, sharing, tiered, compressed oops, compressed class ptrs, g1 gc, windows-amd64)
# No core dump will be written. Minidumps are not enabled by default on client versions of Windows
#

---------------  S U M M A R Y ------------

Command Line: -Dcom.sun.management.jmxremote -Dcom.sun.management.jmxremote.port=58411 -Dcom.sun.management.jmxremote.authenticate=false -Dcom.sun.management.jmxremote.ssl=false -Djava.rmi.server.hostname=localhost -Dspring.application.admin.enabled=true -Dspring.jmx.enabled=true -Dspring.boot.project.name=proyecto -XX:+ShowCodeDetailsInExceptionMessages yeilux.com.proyecto.ProyectoApplication

Host: AMD Ryzen 3 3250U with Radeon Graphics         , 4 cores, 2G,  Windows 11 , 64 bit Build 22000 (10.0.22000.708)
Time: Mon Oct 17 11:42:43 2022 Hora est. Pacífico, Sudamérica elapsed time: 1239.175974 seconds (0d 0h 20m 39s)

---------------  T H R E A D  ---------------

Current thread (0x000001caa40dedd0):  VMThread "VM Thread" [stack: 0x0000001985900000,0x0000001985a00000] [id=3492]

Stack: [0x0000001985900000,0x0000001985a00000]
Native frames: (J=compiled Java code, j=interpreted, Vv=VM code, C=native code)
V  [jvm.dll+0x675efa]
V  [jvm.dll+0x830a24]
V  [jvm.dll+0x8321ce]
V  [jvm.dll+0x832833]
V  [jvm.dll+0x2454b5]
V  [jvm.dll+0x672de9]
V  [jvm.dll+0x667732]
V  [jvm.dll+0x3043ab]
V  [jvm.dll+0x30b8f6]
V  [jvm.dll+0x35b62e]
V  [jvm.dll+0x35b85f]
V  [jvm.dll+0x2db248]
V  [jvm.dll+0x2d94fc]
V  [jvm.dll+0x2d8acc]
V  [jvm.dll+0x31ca2b]
V  [jvm.dll+0x836cdb]
V  [jvm.dll+0x837a14]
V  [jvm.dll+0x837f2c]
V  [jvm.dll+0x838304]
V  [jvm.dll+0x8383d0]
V  [jvm.dll+0x7e0cfa]
V  [jvm.dll+0x674d85]
C  [ucrtbase.dll+0x26c0c]
C  [KERNEL32.DLL+0x154e0]
C  [ntdll.dll+0x485b]

VM_Operation (0x0000001987ffcb90): G1CollectForAllocation, mode: safepoint, requested by thread 0x000001cac2b86880


---------------  P R O C E S S  ---------------

Threads class SMR info:
_java_thread_list=0x000001cac68f3e80, length=35, elements={
0x000001caa40e6880, 0x000001caa40e9440, 0x000001caa40fd6d0, 0x000001caa40fe080,
0x000001caa40fea30, 0x000001cabeaf1980, 0x000001cabeaf4a70, 0x000001cabeafdb30,
0x000001cabeb0ac30, 0x000001cabf55f590, 0x000001cabf55d3e0, 0x000001cabf55c0a0,
0x000001cabf55c570, 0x000001cabf55d8b0, 0x000001cabf55f0c0, 0x000001cac2b8abe0,
0x000001cac2b876f0, 0x000001cac2b85070, 0x000001cabf55ca40, 0x000001cac2b86d50,
0x000001cac579c700, 0x000001cac579cbd0, 0x000001cac579d0a0, 0x000001cac579e3e0,
0x000001cac57a35b0, 0x000001cac57a2c10, 0x000001cac579fbf0, 0x000001cac579da40,
0x000001cac2b8c8c0, 0x000001cac2b86880, 0x000001cac57a1da0, 0x000001cac579d570,
0x000001cac57a3a80, 0x000001cac579f720, 0x000001cac57a3f50
}

Java Threads: ( => current thread )
  0x000001caa40e6880 JavaThread "Reference Handler" daemon [_thread_blocked, id=17604, stack(0x0000001985a00000,0x0000001985b00000)]
  0x000001caa40e9440 JavaThread "Finalizer" daemon [_thread_blocked, id=17608, stack(0x0000001985b00000,0x0000001985c00000)]
  0x000001caa40fd6d0 JavaThread "Signal Dispatcher" daemon [_thread_blocked, id=14068, stack(0x0000001985c00000,0x0000001985d00000)]
  0x000001caa40fe080 JavaThread "Attach Listener" daemon [_thread_blocked, id=1512, stack(0x0000001985d00000,0x0000001985e00000)]
  0x000001caa40fea30 JavaThread "Service Thread" daemon [_thread_blocked, id=14128, stack(0x0000001985e00000,0x0000001985f00000)]
  0x000001cabeaf1980 JavaThread "Monitor Deflation Thread" daemon [_thread_blocked, id=14156, stack(0x0000001985f00000,0x0000001986000000)]
  0x000001cabeaf4a70 JavaThread "C2 CompilerThread0" daemon [_thread_blocked, id=3448, stack(0x0000001986000000,0x0000001986100000)]
  0x000001cabeafdb30 JavaThread "C1 CompilerThread0" daemon [_thread_blocked, id=2544, stack(0x0000001986100000,0x0000001986200000)]
  0x000001cabeb0ac30 JavaThread "Sweeper thread" daemon [_thread_blocked, id=16772, stack(0x0000001986200000,0x0000001986300000)]
  0x000001cabf55f590 JavaThread "Common-Cleaner" daemon [_thread_blocked, id=17160, stack(0x0000001986300000,0x0000001986400000)]
  0x000001cabf55d3e0 JavaThread "Notification Thread" daemon [_thread_blocked, id=13892, stack(0x0000001986400000,0x0000001986500000)]
  0x000001cabf55c0a0 JavaThread "RMI TCP Accept-0" daemon [_thread_in_native, id=5300, stack(0x0000001986500000,0x0000001986600000)]
  0x000001cabf55c570 JavaThread "RMI TCP Accept-58411" daemon [_thread_in_native, id=12592, stack(0x0000001986600000,0x0000001986700000)]
  0x000001cabf55d8b0 JavaThread "RMI TCP Accept-0" daemon [_thread_in_native, id=1500, stack(0x0000001986700000,0x0000001986800000)]
  0x000001cabf55f0c0 JavaThread "mysql-cj-abandoned-connection-cleanup" daemon [_thread_blocked, id=17576, stack(0x0000001987300000,0x0000001987400000)]
  0x000001cac2b8abe0 JavaThread "Live Reload Server" daemon [_thread_in_native, id=16468, stack(0x0000001987a00000,0x0000001987b00000)]
  0x000001cac2b876f0 JavaThread "DestroyJavaVM" [_thread_blocked, id=17940, stack(0x0000001985300000,0x0000001985400000)]
  0x000001cac2b85070 JavaThread "File Watcher" daemon [_thread_blocked, id=17168, stack(0x0000001985200000,0x0000001985300000)]
  0x000001cabf55ca40 JavaThread "File Watcher" daemon [_thread_blocked, id=1700, stack(0x0000001986e00000,0x0000001986f00000)]
  0x000001cac2b86d50 JavaThread "File Watcher" daemon [_thread_blocked, id=13588, stack(0x0000001987400000,0x0000001987500000)]
  0x000001cac579c700 JavaThread "File Watcher" daemon [_thread_blocked, id=1988, stack(0x0000001986f00000,0x0000001987000000)]
  0x000001cac579cbd0 JavaThread "File Watcher" daemon [_thread_blocked, id=10572, stack(0x0000001987100000,0x0000001987200000)]
  0x000001cac579d0a0 JavaThread "File Watcher" daemon [_thread_blocked, id=12004, stack(0x0000001987000000,0x0000001987100000)]
  0x000001cac579e3e0 JavaThread "File Watcher" daemon [_thread_blocked, id=18208, stack(0x0000001987900000,0x0000001987a00000)]
  0x000001cac57a35b0 JavaThread "File Watcher" daemon [_thread_blocked, id=1436, stack(0x0000001987200000,0x0000001987300000)]
  0x000001cac57a2c10 JavaThread "File Watcher" daemon [_thread_blocked, id=9280, stack(0x0000001987500000,0x0000001987600000)]
  0x000001cac579fbf0 JavaThread "File Watcher" daemon [_thread_blocked, id=16404, stack(0x0000001987b00000,0x0000001987c00000)]
  0x000001cac579da40 JavaThread "File Watcher" daemon [_thread_blocked, id=14748, stack(0x0000001987c00000,0x0000001987d00000)]
  0x000001cac2b8c8c0 JavaThread "Thread-84" [_thread_blocked, id=7724, stack(0x0000001987700000,0x0000001987800000)]
  0x000001cac2b86880 JavaThread "restartedMain" [_thread_blocked, id=14908, stack(0x0000001987f00000,0x0000001988000000)]
  0x000001cac57a1da0 JavaThread "Catalina-utility-1" [_thread_blocked, id=5228, stack(0x0000001987800000,0x0000001987900000)]
  0x000001cac579d570 JavaThread "Catalina-utility-2" [_thread_blocked, id=4696, stack(0x0000001987d00000,0x0000001987e00000)]
  0x000001cac57a3a80 JavaThread "container-11" [_thread_blocked, id=17664, stack(0x0000001987e00000,0x0000001987f00000)]
  0x000001cac579f720 JavaThread "HikariPool-25 housekeeper" daemon [_thread_blocked, id=17392, stack(0x0000001988000000,0x0000001988100000)]
  0x000001cac57a3f50 JavaThread "HikariPool-25 connection adder" daemon [_thread_blocked, id=6568, stack(0x0000001988100000,0x0000001988200000)]

Other Threads:
=>0x000001caa40dedd0 VMThread "VM Thread" [stack: 0x0000001985900000,0x0000001985a00000] [id=3492]
  0x000001caa4038930 WatcherThread [stack: 0x0000001986800000,0x0000001986900000] [id=17572]
  0x000001caa4074f70 GCTaskThread "GC Thread#0" [stack: 0x0000001985400000,0x0000001985500000] [id=17996]
  0x000001cabfc2a830 GCTaskThread "GC Thread#1" [stack: 0x0000001986900000,0x0000001986a00000] [id=8]
  0x000001cabfccc7b0 GCTaskThread "GC Thread#2" [stack: 0x0000001986a00000,0x0000001986b00000] [id=14016]
  0x000001cabff262c0 GCTaskThread "GC Thread#3" [stack: 0x0000001986b00000,0x0000001986c00000] [id=13040]
  0x000001caa407be10 ConcurrentGCThread "G1 Main Marker" [stack: 0x0000001985500000,0x0000001985600000] [id=17988]
  0x000001caa407ee80 ConcurrentGCThread "G1 Conc#0" [stack: 0x0000001985600000,0x0000001985700000] [id=18000]
  0x000001caa40bbf80 ConcurrentGCThread "G1 Refine#0" [stack: 0x0000001985700000,0x0000001985800000] [id=12936]
  0x000001cabff46680 ConcurrentGCThread "G1 Refine#1" [stack: 0x0000001986c00000,0x0000001986d00000] [id=9948]
  0x000001cabfccbbe0 ConcurrentGCThread "G1 Refine#2" [stack: 0x0000001986d00000,0x0000001986e00000] [id=12856]
  0x000001caa40bc840 ConcurrentGCThread "G1 Service" [stack: 0x0000001985800000,0x0000001985900000] [id=16196]

Threads with active compile tasks:

VM state: at safepoint (normal execution)

VM Mutex/Monitor currently owned by a thread:  ([mutex/lock_event])
[0x000001caa4034860] Threads_lock - owner thread: 0x000001caa40dedd0
[0x000001caa4033930] Heap_lock - owner thread: 0x000001cac2b86880

Heap address: 0x00000000d1000000, size: 752 MB, Compressed Oops mode: 32-bit

CDS archive(s) mapped at: [0x0000000800000000-0x0000000800bc0000-0x0000000800bc0000), size 12320768, SharedBaseAddress: 0x0000000800000000, ArchiveRelocationMode: 0.
Compressed class space mapped at: 0x0000000800c00000-0x0000000840c00000, reserved size: 1073741824
Narrow klass base: 0x0000000800000000, Narrow klass shift: 0, Narrow klass range: 0x100000000

GC Precious Log:
 CPUs: 4 total, 4 available
 Memory: 3005M
 Large Page Support: Disabled
 NUMA Support: Disabled
 Compressed Oops: Enabled (32-bit)
 Heap Region Size: 1M
 Heap Min Capacity: 8M
 Heap Initial Capacity: 48M
 Heap Max Capacity: 752M
 Pre-touch: Disabled
 Parallel Workers: 4
 Concurrent Workers: 1
 Concurrent Refinement Workers: 4
 Periodic GC: Disabled

Heap:
 garbage-first heap   total 116736K, used 40546K [0x00000000d1000000, 0x0000000100000000)
  region size 1024K, 6 young (6144K), 6 survivors (6144K)
 Metaspace       used 85488K, committed 86592K, reserved 1130496K
  class space    used 9938K, committed 10496K, reserved 1048576K

Heap Regions: E=young(eden), S=young(survivor), O=old, HS=humongous(starts), HC=humongous(continues), CS=collection set, F=free, OA=open archive, CA=closed archive, TAMS=top-at-mark-start (previous, next)
|   0|0x00000000d1000000, 0x00000000d1100000, 0x00000000d1100000|100%|HS|  |TAMS 0x00000000d1100000, 0x00000000d1000000| Untracked 
|   1|0x00000000d1100000, 0x00000000d1200000, 0x00000000d1200000|100%| O|  |TAMS 0x00000000d1200000, 0x00000000d1100000| Untracked 
|   2|0x00000000d1200000, 0x00000000d1300000, 0x00000000d1300000|100%| O|  |TAMS 0x00000000d1300000, 0x00000000d1200000| Untracked 
|   3|0x00000000d1300000, 0x00000000d13fffa0, 0x00000000d1400000| 99%| O|  |TAMS 0x00000000d13fffa0, 0x00000000d1300000| Untracked 
|   4|0x00000000d1400000, 0x00000000d1500000, 0x00000000d1500000|100%| O|  |TAMS 0x00000000d1500000, 0x00000000d1400000| Untracked 
|   5|0x00000000d1500000, 0x00000000d1600000, 0x00000000d1600000|100%| O|  |TAMS 0x00000000d1600000, 0x00000000d1500000| Untracked 
|   6|0x00000000d1600000, 0x00000000d16ffff0, 0x00000000d1700000| 99%| O|  |TAMS 0x00000000d16ffff0, 0x00000000d1600000| Untracked 
|   7|0x00000000d1700000, 0x00000000d1800000, 0x00000000d1800000|100%| O|  |TAMS 0x00000000d1800000, 0x00000000d1700000| Untracked 
|   8|0x00000000d1800000, 0x00000000d18fffb8, 0x00000000d1900000| 99%| O|  |TAMS 0x00000000d18fffb8, 0x00000000d1800000| Untracked 
|   9|0x00000000d1900000, 0x00000000d19fffd8, 0x00000000d1a00000| 99%| O|  |TAMS 0x00000000d19fffd8, 0x00000000d1900000| Untracked 
|  10|0x00000000d1a00000, 0x00000000d1afff28, 0x00000000d1b00000| 99%| O|  |TAMS 0x00000000d1afff28, 0x00000000d1a00000| Untracked 
|  11|0x00000000d1b00000, 0x00000000d1bffff0, 0x00000000d1c00000| 99%| O|  |TAMS 0x00000000d1bffff0, 0x00000000d1b00000| Untracked 
|  12|0x00000000d1c00000, 0x00000000d1cffff8, 0x00000000d1d00000| 99%| O|  |TAMS 0x00000000d1cffff8, 0x00000000d1c00000| Untracked 
|  13|0x00000000d1d00000, 0x00000000d1dffff0, 0x00000000d1e00000| 99%| O|  |TAMS 0x00000000d1dffff0, 0x00000000d1d00000| Untracked 
|  14|0x00000000d1e00000, 0x00000000d1efffd8, 0x00000000d1f00000| 99%| O|  |TAMS 0x00000000d1efffd8, 0x00000000d1e00000| Untracked 
|  15|0x00000000d1f00000, 0x00000000d2000000, 0x00000000d2000000|100%| O|  |TAMS 0x00000000d2000000, 0x00000000d1f00000| Untracked 
|  16|0x00000000d2000000, 0x00000000d20ffff8, 0x00000000d2100000| 99%| O|  |TAMS 0x00000000d20ffff8, 0x00000000d2000000| Untracked 
|  17|0x00000000d2100000, 0x00000000d21ffff0, 0x00000000d2200000| 99%| O|  |TAMS 0x00000000d21ffff0, 0x00000000d2100000| Untracked 
|  18|0x00000000d2200000, 0x00000000d22ffff8, 0x00000000d2300000| 99%| O|  |TAMS 0x00000000d22ffff8, 0x00000000d2200000| Untracked 
|  19|0x00000000d2300000, 0x00000000d23ffff8, 0x00000000d2400000| 99%| O|  |TAMS 0x00000000d23ffff8, 0x00000000d2300000| Untracked 
|  20|0x00000000d2400000, 0x00000000d24fffb8, 0x00000000d2500000| 99%| O|  |TAMS 0x00000000d24fffb8, 0x00000000d2400000| Untracked 
|  21|0x00000000d2500000, 0x00000000d25ffff0, 0x00000000d2600000| 99%| O|  |TAMS 0x00000000d25ffff0, 0x00000000d2500000| Untracked 
|  22|0x00000000d2600000, 0x00000000d2700000, 0x00000000d2700000|100%| O|  |TAMS 0x00000000d2700000, 0x00000000d2600000| Untracked 
|  23|0x00000000d2700000, 0x00000000d27ffff0, 0x00000000d2800000| 99%| O|  |TAMS 0x00000000d27ffff0, 0x00000000d2700000| Untracked 
|  24|0x00000000d2800000, 0x00000000d28ffff8, 0x00000000d2900000| 99%| O|  |TAMS 0x00000000d28ffff8, 0x00000000d2800000| Untracked 
|  25|0x00000000d2900000, 0x00000000d2a00000, 0x00000000d2a00000|100%| O|  |TAMS 0x00000000d2a00000, 0x00000000d2900000| Untracked 
|  26|0x00000000d2a00000, 0x00000000d2affff8, 0x00000000d2b00000| 99%| O|  |TAMS 0x00000000d2affff8, 0x00000000d2a00000| Untracked 
|  27|0x00000000d2b00000, 0x00000000d2bfffe8, 0x00000000d2c00000| 99%| O|  |TAMS 0x00000000d2bfffe8, 0x00000000d2b00000| Untracked 
|  28|0x00000000d2c00000, 0x00000000d2cfffc8, 0x00000000d2d00000| 99%| O|  |TAMS 0x00000000d2cfffc8, 0x00000000d2c00000| Untracked 
|  29|0x00000000d2d00000, 0x00000000d2dffff8, 0x00000000d2e00000| 99%| O|  |TAMS 0x00000000d2dffff8, 0x00000000d2d00000| Untracked 
|  30|0x00000000d2e00000, 0x00000000d2effff8, 0x00000000d2f00000| 99%| O|  |TAMS 0x00000000d2e00000, 0x00000000d2e00000| Untracked 
|  31|0x00000000d2f00000, 0x00000000d2fffff8, 0x00000000d3000000| 99%| O|  |TAMS 0x00000000d2f00000, 0x00000000d2f00000| Untracked 
|  32|0x00000000d3000000, 0x00000000d30a34a8, 0x00000000d3100000| 63%| O|  |TAMS 0x00000000d3000000, 0x00000000d3000000| Untracked 
|  33|0x00000000d3100000, 0x00000000d3100000, 0x00000000d3200000|  0%| F|  |TAMS 0x00000000d3100000, 0x00000000d3100000| Untracked 
|  34|0x00000000d3200000, 0x00000000d3200000, 0x00000000d3300000|  0%| F|  |TAMS 0x00000000d3200000, 0x00000000d3200000| Untracked 
|  35|0x00000000d3300000, 0x00000000d3300000, 0x00000000d3400000|  0%| F|  |TAMS 0x00000000d3300000, 0x00000000d3300000| Untracked 
|  36|0x00000000d3400000, 0x00000000d3500000, 0x00000000d3500000|100%| O|  |TAMS 0x00000000d3400000, 0x00000000d3400000| Untracked 
|  37|0x00000000d3500000, 0x00000000d3500000, 0x00000000d3600000|  0%| F|  |TAMS 0x00000000d3500000, 0x00000000d3500000| Untracked 
|  38|0x00000000d3600000, 0x00000000d36711e0, 0x00000000d3700000| 44%| O|  |TAMS 0x00000000d3600000, 0x00000000d3600000| Untracked 
|  39|0x00000000d3700000, 0x00000000d3700000, 0x00000000d3800000|  0%| F|  |TAMS 0x00000000d3700000, 0x00000000d3700000| Untracked 
|  40|0x00000000d3800000, 0x00000000d385acb0, 0x00000000d3900000| 35%| O|  |TAMS 0x00000000d3800000, 0x00000000d3800000| Untracked 
|  41|0x00000000d3900000, 0x00000000d3900000, 0x00000000d3a00000|  0%| F|  |TAMS 0x00000000d3900000, 0x00000000d3900000| Untracked 
|  42|0x00000000d3a00000, 0x00000000d3a00000, 0x00000000d3b00000|  0%| F|  |TAMS 0x00000000d3a00000, 0x00000000d3a00000| Untracked 
|  43|0x00000000d3b00000, 0x00000000d3b00000, 0x00000000d3c00000|  0%| F|  |TAMS 0x00000000d3b00000, 0x00000000d3b00000| Untracked 
|  44|0x00000000d3c00000, 0x00000000d3c00000, 0x00000000d3d00000|  0%| F|  |TAMS 0x00000000d3c00000, 0x00000000d3c00000| Untracked 
|  45|0x00000000d3d00000, 0x00000000d3d00000, 0x00000000d3e00000|  0%| F|  |TAMS 0x00000000d3d00000, 0x00000000d3d00000| Untracked 
|  46|0x00000000d3e00000, 0x00000000d3e00000, 0x00000000d3f00000|  0%| F|  |TAMS 0x00000000d3e00000, 0x00000000d3e00000| Untracked 
|  47|0x00000000d3f00000, 0x00000000d3f00000, 0x00000000d4000000|  0%| F|  |TAMS 0x00000000d3f00000, 0x00000000d3f00000| Untracked 
|  48|0x00000000d4000000, 0x00000000d4000000, 0x00000000d4100000|  0%| F|  |TAMS 0x00000000d4000000, 0x00000000d4000000| Untracked 
|  49|0x00000000d4100000, 0x00000000d4100000, 0x00000000d4200000|  0%| F|  |TAMS 0x00000000d4100000, 0x00000000d4100000| Untracked 
|  50|0x00000000d4200000, 0x00000000d4200000, 0x00000000d4300000|  0%| F|  |TAMS 0x00000000d4200000, 0x00000000d4200000| Untracked 
|  51|0x00000000d4300000, 0x00000000d4300000, 0x00000000d4400000|  0%| F|  |TAMS 0x00000000d4300000, 0x00000000d4300000| Untracked 
|  52|0x00000000d4400000, 0x00000000d4429920, 0x00000000d4500000| 16%| S|CS|TAMS 0x00000000d4400000, 0x00000000d4400000| Complete 
|  53|0x00000000d4500000, 0x00000000d4600000, 0x00000000d4600000|100%| S|CS|TAMS 0x00000000d4500000, 0x00000000d4500000| Complete 
|  54|0x00000000d4600000, 0x00000000d4700000, 0x00000000d4700000|100%| S|CS|TAMS 0x00000000d4600000, 0x00000000d4600000| Complete 
|  55|0x00000000d4700000, 0x00000000d4800000, 0x00000000d4800000|100%| S|CS|TAMS 0x00000000d4700000, 0x00000000d4700000| Complete 
|  56|0x00000000d4800000, 0x00000000d4900000, 0x00000000d4900000|100%| S|CS|TAMS 0x00000000d4800000, 0x00000000d4800000| Complete 
|  57|0x00000000d4900000, 0x00000000d4a00000, 0x00000000d4a00000|100%| S|CS|TAMS 0x00000000d4900000, 0x00000000d4900000| Complete 
|  58|0x00000000d4a00000, 0x00000000d4a00000, 0x00000000d4b00000|  0%| F|  |TAMS 0x00000000d4a00000, 0x00000000d4a00000| Untracked 
|  59|0x00000000d4b00000, 0x00000000d4b00000, 0x00000000d4c00000|  0%| F|  |TAMS 0x00000000d4b00000, 0x00000000d4b00000| Untracked 
|  60|0x00000000d4c00000, 0x00000000d4c00000, 0x00000000d4d00000|  0%| F|  |TAMS 0x00000000d4c00000, 0x00000000d4c00000| Untracked 
|  61|0x00000000d4d00000, 0x00000000d4d00000, 0x00000000d4e00000|  0%| F|  |TAMS 0x00000000d4d00000, 0x00000000d4d00000| Untracked 
|  62|0x00000000d4e00000, 0x00000000d4e00000, 0x00000000d4f00000|  0%| F|  |TAMS 0x00000000d4e00000, 0x00000000d4e00000| Untracked 
|  63|0x00000000d4f00000, 0x00000000d4f00000, 0x00000000d5000000|  0%| F|  |TAMS 0x00000000d4f00000, 0x00000000d4f00000| Untracked 
|  64|0x00000000d5000000, 0x00000000d5000000, 0x00000000d5100000|  0%| F|  |TAMS 0x00000000d5000000, 0x00000000d5000000| Untracked 
|  65|0x00000000d5100000, 0x00000000d5100000, 0x00000000d5200000|  0%| F|  |TAMS 0x00000000d5100000, 0x00000000d5100000| Untracked 
|  66|0x00000000d5200000, 0x00000000d5200000, 0x00000000d5300000|  0%| F|  |TAMS 0x00000000d5200000, 0x00000000d5200000| Untracked 
|  67|0x00000000d5300000, 0x00000000d5300000, 0x00000000d5400000|  0%| F|  |TAMS 0x00000000d5300000, 0x00000000d5300000| Untracked 
|  68|0x00000000d5400000, 0x00000000d5400000, 0x00000000d5500000|  0%| F|  |TAMS 0x00000000d5400000, 0x00000000d5400000| Untracked 
|  69|0x00000000d5500000, 0x00000000d5500000, 0x00000000d5600000|  0%| F|  |TAMS 0x00000000d5500000, 0x00000000d5500000| Untracked 
|  70|0x00000000d5600000, 0x00000000d5600000, 0x00000000d5700000|  0%| F|  |TAMS 0x00000000d5600000, 0x00000000d5600000| Untracked 
|  71|0x00000000d5700000, 0x00000000d5700000, 0x00000000d5800000|  0%| F|  |TAMS 0x00000000d5700000, 0x00000000d5700000| Untracked 
|  72|0x00000000d5800000, 0x00000000d5800000, 0x00000000d5900000|  0%| F|  |TAMS 0x00000000d5800000, 0x00000000d5800000| Untracked 
|  73|0x00000000d5900000, 0x00000000d5900000, 0x00000000d5a00000|  0%| F|  |TAMS 0x00000000d5900000, 0x00000000d5900000| Untracked 
|  74|0x00000000d5a00000, 0x00000000d5a00000, 0x00000000d5b00000|  0%| F|  |TAMS 0x00000000d5a00000, 0x00000000d5a00000| Untracked 
|  75|0x00000000d5b00000, 0x00000000d5b00000, 0x00000000d5c00000|  0%| F|  |TAMS 0x00000000d5b00000, 0x00000000d5b00000| Untracked 
|  76|0x00000000d5c00000, 0x00000000d5c00000, 0x00000000d5d00000|  0%| F|  |TAMS 0x00000000d5c00000, 0x00000000d5c00000| Untracked 
|  77|0x00000000d5d00000, 0x00000000d5d00000, 0x00000000d5e00000|  0%| F|  |TAMS 0x00000000d5d00000, 0x00000000d5d00000| Untracked 
|  78|0x00000000d5e00000, 0x00000000d5e00000, 0x00000000d5f00000|  0%| F|  |TAMS 0x00000000d5e00000, 0x00000000d5e00000| Untracked 
|  79|0x00000000d5f00000, 0x00000000d5f00000, 0x00000000d6000000|  0%| F|  |TAMS 0x00000000d5f00000, 0x00000000d5f00000| Untracked 
|  80|0x00000000d6000000, 0x00000000d6000000, 0x00000000d6100000|  0%| F|  |TAMS 0x00000000d6000000, 0x00000000d6000000| Untracked 
|  81|0x00000000d6100000, 0x00000000d6100000, 0x00000000d6200000|  0%| F|  |TAMS 0x00000000d6100000, 0x00000000d6100000| Untracked 
|  82|0x00000000d6200000, 0x00000000d6200000, 0x00000000d6300000|  0%| F|  |TAMS 0x00000000d6200000, 0x00000000d6200000| Untracked 
|  83|0x00000000d6300000, 0x00000000d6300000, 0x00000000d6400000|  0%| F|  |TAMS 0x00000000d6300000, 0x00000000d6300000| Untracked 
|  84|0x00000000d6400000, 0x00000000d6400000, 0x00000000d6500000|  0%| F|  |TAMS 0x00000000d6400000, 0x00000000d6400000| Untracked 
|  85|0x00000000d6500000, 0x00000000d6500000, 0x00000000d6600000|  0%| F|  |TAMS 0x00000000d6500000, 0x00000000d6500000| Untracked 
|  86|0x00000000d6600000, 0x00000000d6600000, 0x00000000d6700000|  0%| F|  |TAMS 0x00000000d6600000, 0x00000000d6600000| Untracked 
|  87|0x00000000d6700000, 0x00000000d6700000, 0x00000000d6800000|  0%| F|  |TAMS 0x00000000d6700000, 0x00000000d6700000| Untracked 
|  88|0x00000000d6800000, 0x00000000d6800000, 0x00000000d6900000|  0%| F|  |TAMS 0x00000000d6800000, 0x00000000d6800000| Untracked 
|  89|0x00000000d6900000, 0x00000000d6900000, 0x00000000d6a00000|  0%| F|  |TAMS 0x00000000d6900000, 0x00000000d6900000| Untracked 
|  90|0x00000000d6a00000, 0x00000000d6a00000, 0x00000000d6b00000|  0%| F|  |TAMS 0x00000000d6a00000, 0x00000000d6a00000| Untracked 
|  91|0x00000000d6b00000, 0x00000000d6b00000, 0x00000000d6c00000|  0%| F|  |TAMS 0x00000000d6b00000, 0x00000000d6b00000| Untracked 
|  92|0x00000000d6c00000, 0x00000000d6c00000, 0x00000000d6d00000|  0%| F|  |TAMS 0x00000000d6c00000, 0x00000000d6c00000| Untracked 
|  93|0x00000000d6d00000, 0x00000000d6d00000, 0x00000000d6e00000|  0%| F|  |TAMS 0x00000000d6d00000, 0x00000000d6d00000| Untracked 
|  94|0x00000000d6e00000, 0x00000000d6e00000, 0x00000000d6f00000|  0%| F|  |TAMS 0x00000000d6e00000, 0x00000000d6e00000| Untracked 
|  95|0x00000000d6f00000, 0x00000000d6f00000, 0x00000000d7000000|  0%| F|  |TAMS 0x00000000d6f00000, 0x00000000d6f00000| Untracked 
|  96|0x00000000d7000000, 0x00000000d7000000, 0x00000000d7100000|  0%| F|  |TAMS 0x00000000d7000000, 0x00000000d7000000| Untracked 
|  97|0x00000000d7100000, 0x00000000d7100000, 0x00000000d7200000|  0%| F|  |TAMS 0x00000000d7100000, 0x00000000d7100000| Untracked 
|  98|0x00000000d7200000, 0x00000000d7200000, 0x00000000d7300000|  0%| F|  |TAMS 0x00000000d7200000, 0x00000000d7200000| Untracked 
|  99|0x00000000d7300000, 0x00000000d7300000, 0x00000000d7400000|  0%| F|  |TAMS 0x00000000d7300000, 0x00000000d7300000| Untracked 
| 100|0x00000000d7400000, 0x00000000d7400000, 0x00000000d7500000|  0%| F|  |TAMS 0x00000000d7400000, 0x00000000d7400000| Untracked 
| 101|0x00000000d7500000, 0x00000000d7500000, 0x00000000d7600000|  0%| F|  |TAMS 0x00000000d7500000, 0x00000000d7500000| Untracked 
| 102|0x00000000d7600000, 0x00000000d7600000, 0x00000000d7700000|  0%| F|  |TAMS 0x00000000d7600000, 0x00000000d7600000| Untracked 
| 103|0x00000000d7700000, 0x00000000d7700000, 0x00000000d7800000|  0%| F|  |TAMS 0x00000000d7700000, 0x00000000d7700000| Untracked 
| 104|0x00000000d7800000, 0x00000000d7800000, 0x00000000d7900000|  0%| F|  |TAMS 0x00000000d7800000, 0x00000000d7800000| Untracked 
| 105|0x00000000d7900000, 0x00000000d7900000, 0x00000000d7a00000|  0%| F|  |TAMS 0x00000000d7900000, 0x00000000d7900000| Untracked 
| 106|0x00000000d7a00000, 0x00000000d7a00000, 0x00000000d7b00000|  0%| F|  |TAMS 0x00000000d7a00000, 0x00000000d7a00000| Untracked 
| 107|0x00000000d7b00000, 0x00000000d7b00000, 0x00000000d7c00000|  0%| F|  |TAMS 0x00000000d7b00000, 0x00000000d7b00000| Untracked 
| 108|0x00000000d7c00000, 0x00000000d7c00000, 0x00000000d7d00000|  0%| F|  |TAMS 0x00000000d7c00000, 0x00000000d7c00000| Untracked 
| 109|0x00000000d7d00000, 0x00000000d7d00000, 0x00000000d7e00000|  0%| F|  |TAMS 0x00000000d7d00000, 0x00000000d7d00000| Untracked 
| 110|0x00000000d7e00000, 0x00000000d7e00000, 0x00000000d7f00000|  0%| F|  |TAMS 0x00000000d7e00000, 0x00000000d7e00000| Untracked 
| 111|0x00000000d7f00000, 0x00000000d7f00000, 0x00000000d8000000|  0%| F|  |TAMS 0x00000000d7f00000, 0x00000000d7f00000| Untracked 
| 112|0x00000000d8000000, 0x00000000d8000000, 0x00000000d8100000|  0%| F|  |TAMS 0x00000000d8000000, 0x00000000d8000000| Untracked 
| 113|0x00000000d8100000, 0x00000000d8100000, 0x00000000d8200000|  0%| F|  |TAMS 0x00000000d8100000, 0x00000000d8100000| Untracked 

Card table byte_map: [0x000001cabab10000,0x000001cabac90000] _byte_map_base: 0x000001caba488000

Marking Bits (Prev, Next): (CMBitMap*) 0x000001caa40755c0, (CMBitMap*) 0x000001caa4075580
 Prev Bits: [0x000001cabb9d0000, 0x000001cabc590000)
 Next Bits: [0x000001cabae10000, 0x000001cabb9d0000)

Polling page: 0x000001caa1ff0000

Metaspace:

Usage:
  Non-class:     73.78 MB used.
      Class:      9.71 MB used.
       Both:     83.48 MB used.

Virtual space:
  Non-class space:       80.00 MB reserved,      74.31 MB ( 93%) committed,  10 nodes.
      Class space:        1.00 GB reserved,      10.25 MB (  1%) committed,  1 nodes.
             Both:        1.08 GB reserved,      84.56 MB (  8%) committed. 

Chunk freelists:
   Non-Class:  864.00 KB
       Class:  1.62 MB
        Both:  2.47 MB

MaxMetaspaceSize: unlimited
CompressedClassSpaceSize: 1.00 GB
Initial GC threshold: 21.00 MB
Current GC threshold: 140.44 MB
CDS: on
MetaspaceReclaimPolicy: balanced
 - commit_granule_bytes: 65536.
 - commit_granule_words: 8192.
 - virtual_space_node_default_size: 1048576.
 - enlarge_chunks_in_place: 1.
 - new_chunks_are_fully_committed: 0.
 - uncommit_free_chunks: 1.
 - use_allocation_guard: 0.
 - handle_deallocations: 1.


Internal statistics:

num_allocs_failed_limit: 6.
num_arena_births: 1602.
num_arena_deaths: 154.
num_vsnodes_births: 11.
num_vsnodes_deaths: 0.
num_space_committed: 1353.
num_space_uncommitted: 0.
num_chunks_returned_to_freelist: 185.
num_chunks_taken_from_freelist: 5465.
num_chunk_merges: 36.
num_chunk_splits: 3367.
num_chunks_enlarged: 2078.
num_purges: 38.
num_inconsistent_stats: 0.

CodeHeap 'non-profiled nmethods': size=120000Kb used=12933Kb max_used=12933Kb free=107066Kb
 bounds [0x000001cab35e0000, 0x000001cab4290000, 0x000001cabab10000]
CodeHeap 'profiled nmethods': size=120000Kb used=31938Kb max_used=31938Kb free=88061Kb
 bounds [0x000001caac0b0000, 0x000001caadff0000, 0x000001cab35e0000]
CodeHeap 'non-nmethods': size=5760Kb used=1322Kb max_used=1406Kb free=4437Kb
 bounds [0x000001caabb10000, 0x000001caabd80000, 0x000001caac0b0000]
 total_blobs=14577 nmethods=13931 adapters=557
 compilation: enabled
              stopped_count=0, restarted_count=0
 full_count=0

Compilation events (20 events):
Event: 1238.847 Thread 0x000001cabeafdb30 nmethod 16442 0x000001caadfdd310 code [0x000001caadfdd720, 0x000001caadfdf038]
Event: 1238.847 Thread 0x000001cabeaf4a70 nmethod 16441 0x000001cab427b990 code [0x000001cab427bb00, 0x000001cab427bc18]
Event: 1238.847 Thread 0x000001cabeaf4a70 16440       4       net.bytebuddy.description.method.ParameterList$Empty::asTypeList (8 bytes)
Event: 1238.848 Thread 0x000001cabeaf4a70 nmethod 16440 0x000001cab427bd10 code [0x000001cab427bea0, 0x000001cab427bf78]
Event: 1238.848 Thread 0x000001cabeaf4a70 16443       4       org.hibernate.boot.model.relational.QualifiedNameParser$NameParts::<init> (100 bytes)
Event: 1238.848 Thread 0x000001cabeafdb30 16445       3       java.time.ZoneId::<init> (33 bytes)
Event: 1238.849 Thread 0x000001cabeafdb30 nmethod 16445 0x000001caadfdf910 code [0x000001caadfdfac0, 0x000001caadfdfde8]
Event: 1238.852 Thread 0x000001cabeafdb30 16448       3       org.hibernate.persister.entity.AbstractEntityPersister::useGetGeneratedKeys (15 bytes)
Event: 1238.852 Thread 0x000001cabeafdb30 nmethod 16448 0x000001caadfdff10 code [0x000001caadfe00c0, 0x000001caadfe0318]
Event: 1238.854 Thread 0x000001cabeafdb30 16450       3       sun.util.calendar.ZoneInfo::getTimeZone (5 bytes)
Event: 1238.855 Thread 0x000001cabeafdb30 nmethod 16450 0x000001caadfe0490 code [0x000001caadfe06c0, 0x000001caadfe0e98]
Event: 1238.855 Thread 0x000001cabeafdb30 16451       3       sun.util.calendar.ZoneInfoFile::getZoneInfo (30 bytes)
Event: 1238.856 Thread 0x000001cabeafdb30 nmethod 16451 0x000001caadfe1110 code [0x000001caadfe1320, 0x000001caadfe1a98]
Event: 1239.104 Thread 0x000001cabeaf4a70 nmethod 16443 0x000001cab427c010 code [0x000001cab427c260, 0x000001cab427e6f0]
Event: 1239.104 Thread 0x000001cabeaf4a70 16449       4       org.hibernate.loader.plan.build.internal.returns.AbstractEntityReference::getEntityPersister (10 bytes)
Event: 1239.105 Thread 0x000001cabeaf4a70 nmethod 16449 0x000001cab427f490 code [0x000001cab427f620, 0x000001cab427f6f8]
Event: 1239.105 Thread 0x000001cabeaf4a70 16446       4       org.hibernate.type.CollectionType::getAssociatedJoinable (14 bytes)
Event: 1239.121 Thread 0x000001cabeaf4a70 nmethod 16446 0x000001cab427f810 code [0x000001cab427f9e0, 0x000001cab42801e8]
Event: 1239.121 Thread 0x000001cabeaf4a70 16447       4       org.hibernate.metamodel.internal.MetamodelImpl::collectionPersister (47 bytes)
Event: 1239.135 Thread 0x000001cabeaf4a70 nmethod 16447 0x000001cab4280790 code [0x000001cab4280940, 0x000001cab4281048]

GC Heap History (20 events):
Event: 1187.761 GC heap after
{Heap after GC invocations=137 (full 10):
 garbage-first heap   total 116736K, used 41593K [0x00000000d1000000, 0x0000000100000000)
  region size 1024K, 4 young (4096K), 4 survivors (4096K)
 Metaspace       used 83053K, committed 84160K, reserved 1130496K
  class space    used 9747K, committed 10304K, reserved 1048576K
}
Event: 1189.247 GC heap before
{Heap before GC invocations=137 (full 10):
 garbage-first heap   total 116736K, used 44665K [0x00000000d1000000, 0x0000000100000000)
  region size 1024K, 8 young (8192K), 4 survivors (4096K)
 Metaspace       used 83062K, committed 84160K, reserved 1130496K
  class space    used 9747K, committed 10304K, reserved 1048576K
}
Event: 1189.357 GC heap after
{Heap after GC invocations=138 (full 11):
 garbage-first heap   total 116736K, used 33968K [0x00000000d1000000, 0x0000000100000000)
  region size 1024K, 0 young (0K), 0 survivors (0K)
 Metaspace       used 83059K, committed 84160K, reserved 1130496K
  class space    used 9747K, committed 10304K, reserved 1048576K
}
Event: 1191.527 GC heap before
{Heap before GC invocations=138 (full 11):
 garbage-first heap   total 116736K, used 90288K [0x00000000d1000000, 0x0000000100000000)
  region size 1024K, 56 young (57344K), 0 survivors (0K)
 Metaspace       used 83434K, committed 84544K, reserved 1130496K
  class space    used 9786K, committed 10368K, reserved 1048576K
}
Event: 1191.535 GC heap after
{Heap after GC invocations=139 (full 11):
 garbage-first heap   total 116736K, used 39434K [0x00000000d1000000, 0x0000000100000000)
  region size 1024K, 6 young (6144K), 6 survivors (6144K)
 Metaspace       used 83434K, committed 84544K, reserved 1130496K
  class space    used 9786K, committed 10368K, reserved 1048576K
}
Event: 1192.206 GC heap before
{Heap before GC invocations=139 (full 11):
 garbage-first heap   total 116736K, used 90634K [0x00000000d1000000, 0x0000000100000000)
  region size 1024K, 56 young (57344K), 6 survivors (6144K)
 Metaspace       used 83772K, committed 84864K, reserved 1130496K
  class space    used 9805K, committed 10368K, reserved 1048576K
}
Event: 1192.218 GC heap after
{Heap after GC invocations=140 (full 11):
 garbage-first heap   total 116736K, used 41687K [0x00000000d1000000, 0x0000000100000000)
  region size 1024K, 4 young (4096K), 4 survivors (4096K)
 Metaspace       used 83772K, committed 84864K, reserved 1130496K
  class space    used 9805K, committed 10368K, reserved 1048576K
}
Event: 1196.290 GC heap before
{Heap before GC invocations=140 (full 11):
 garbage-first heap   total 116736K, used 90839K [0x00000000d1000000, 0x0000000100000000)
  region size 1024K, 52 young (53248K), 4 survivors (4096K)
 Metaspace       used 84077K, committed 85120K, reserved 1130496K
  class space    used 9824K, committed 10368K, reserved 1048576K
}
Event: 1196.297 GC heap after
{Heap after GC invocations=141 (full 11):
 garbage-first heap   total 116736K, used 42099K [0x00000000d1000000, 0x0000000100000000)
  region size 1024K, 4 young (4096K), 4 survivors (4096K)
 Metaspace       used 84077K, committed 85120K, reserved 1130496K
  class space    used 9824K, committed 10368K, reserved 1048576K
}
Event: 1227.812 GC heap before
{Heap before GC invocations=141 (full 11):
 garbage-first heap   total 116736K, used 71795K [0x00000000d1000000, 0x0000000100000000)
  region size 1024K, 34 young (34816K), 4 survivors (4096K)
 Metaspace       used 84083K, committed 85248K, reserved 1130496K
  class space    used 9824K, committed 10432K, reserved 1048576K
}
Event: 1227.956 GC heap after
{Heap after GC invocations=142 (full 12):
 garbage-first heap   total 116736K, used 34591K [0x00000000d1000000, 0x0000000100000000)
  region size 1024K, 0 young (0K), 0 survivors (0K)
 Metaspace       used 84080K, committed 85248K, reserved 1130496K
  class space    used 9824K, committed 10432K, reserved 1048576K
}
Event: 1230.356 GC heap before
{Heap before GC invocations=142 (full 12):
 garbage-first heap   total 116736K, used 91935K [0x00000000d1000000, 0x0000000100000000)
  region size 1024K, 56 young (57344K), 0 survivors (0K)
 Metaspace       used 84460K, committed 85568K, reserved 1130496K
  class space    used 9864K, committed 10432K, reserved 1048576K
}
Event: 1230.371 GC heap after
{Heap after GC invocations=143 (full 12):
 garbage-first heap   total 116736K, used 39877K [0x00000000d1000000, 0x0000000100000000)
  region size 1024K, 6 young (6144K), 6 survivors (6144K)
 Metaspace       used 84460K, committed 85568K, reserved 1130496K
  class space    used 9864K, committed 10432K, reserved 1048576K
}
Event: 1231.151 GC heap before
{Heap before GC invocations=143 (full 12):
 garbage-first heap   total 116736K, used 91077K [0x00000000d1000000, 0x0000000100000000)
  region size 1024K, 56 young (57344K), 6 survivors (6144K)
 Metaspace       used 84814K, committed 86016K, reserved 1130496K
  class space    used 9881K, committed 10496K, reserved 1048576K
}
Event: 1231.175 GC heap after
{Heap after GC invocations=144 (full 12):
 garbage-first heap   total 116736K, used 41989K [0x00000000d1000000, 0x0000000100000000)
  region size 1024K, 3 young (3072K), 3 survivors (3072K)
 Metaspace       used 84814K, committed 86016K, reserved 1130496K
  class space    used 9881K, committed 10496K, reserved 1048576K
}
Event: 1236.756 GC heap before
{Heap before GC invocations=144 (full 12):
 garbage-first heap   total 116736K, used 92165K [0x00000000d1000000, 0x0000000100000000)
  region size 1024K, 52 young (53248K), 3 survivors (3072K)
 Metaspace       used 85121K, committed 86272K, reserved 1130496K
  class space    used 9898K, committed 10496K, reserved 1048576K
}
Event: 1236.761 GC heap after
{Heap after GC invocations=145 (full 12):
 garbage-first heap   total 116736K, used 42740K [0x00000000d1000000, 0x0000000100000000)
  region size 1024K, 4 young (4096K), 4 survivors (4096K)
 Metaspace       used 85121K, committed 86272K, reserved 1130496K
  class space    used 9898K, committed 10496K, reserved 1048576K
}
Event: 1236.824 GC heap before
{Heap before GC invocations=145 (full 12):
 garbage-first heap   total 116736K, used 42740K [0x00000000d1000000, 0x0000000100000000)
  region size 1024K, 5 young (5120K), 4 survivors (4096K)
 Metaspace       used 85121K, committed 86272K, reserved 1130496K
  class space    used 9898K, committed 10496K, reserved 1048576K
}
Event: 1236.941 GC heap after
{Heap after GC invocations=146 (full 13):
 garbage-first heap   total 116736K, used 35260K [0x00000000d1000000, 0x0000000100000000)
  region size 1024K, 0 young (0K), 0 survivors (0K)
 Metaspace       used 85118K, committed 86272K, reserved 1130496K
  class space    used 9898K, committed 10496K, reserved 1048576K
}
Event: 1239.145 GC heap before
{Heap before GC invocations=146 (full 13):
 garbage-first heap   total 116736K, used 91580K [0x00000000d1000000, 0x0000000100000000)
  region size 1024K, 56 young (57344K), 0 survivors (0K)
 Metaspace       used 85488K, committed 86592K, reserved 1130496K
  class space    used 9938K, committed 10496K, reserved 1048576K
}

Deoptimization events (20 events):
Event: 1229.410 Thread 0x000001cac57a7260 DEOPT PACKING pc=0x000001cab42245f4 sp=0x0000001987dfb5f0
Event: 1229.410 Thread 0x000001cac57a7260 DEOPT UNPACKING pc=0x000001caabb623a3 sp=0x0000001987dfb520 mode 2
Event: 1229.411 Thread 0x000001cac57a7260 Uncommon trap: trap_request=0xffffffde fr.pc=0x000001cab42245f4 relative=0x00000000000003b4
Event: 1229.411 Thread 0x000001cac57a7260 Uncommon trap: reason=class_check action=maybe_recompile pc=0x000001cab42245f4 method=java.lang.reflect.Array.newInstance(Ljava/lang/Class;I)Ljava/lang/Object; @ 2 c2
Event: 1229.411 Thread 0x000001cac57a7260 DEOPT PACKING pc=0x000001cab42245f4 sp=0x0000001987dfae90
Event: 1229.414 Thread 0x000001cac57a7260 DEOPT UNPACKING pc=0x000001caabb623a3 sp=0x0000001987dfadc0 mode 2
Event: 1229.415 Thread 0x000001cac57a7260 Uncommon trap: trap_request=0xffffffde fr.pc=0x000001cab42245f4 relative=0x00000000000003b4
Event: 1229.415 Thread 0x000001cac57a7260 Uncommon trap: reason=class_check action=maybe_recompile pc=0x000001cab42245f4 method=java.lang.reflect.Array.newInstance(Ljava/lang/Class;I)Ljava/lang/Object; @ 2 c2
Event: 1229.415 Thread 0x000001cac57a7260 DEOPT PACKING pc=0x000001cab42245f4 sp=0x0000001987dfae90
Event: 1229.415 Thread 0x000001cac57a7260 DEOPT UNPACKING pc=0x000001caabb623a3 sp=0x0000001987dfadc0 mode 2
Event: 1229.994 Thread 0x000001cac57a7260 Uncommon trap: trap_request=0xfffffff4 fr.pc=0x000001cab41f8408 relative=0x00000000000000e8
Event: 1229.994 Thread 0x000001cac57a7260 Uncommon trap: reason=null_check action=make_not_entrant pc=0x000001cab41f8408 method=org.hibernate.annotations.common.reflection.java.generics.TypeUtils.isCollectionClass(Ljava/lang/Class;)Z @ 3 c2
Event: 1229.994 Thread 0x000001cac57a7260 DEOPT PACKING pc=0x000001cab41f8408 sp=0x0000001987dfd060
Event: 1229.994 Thread 0x000001cac57a7260 DEOPT UNPACKING pc=0x000001caabb623a3 sp=0x0000001987dfcec0 mode 2
Event: 1230.005 Thread 0x000001cac57a7260 Uncommon trap: trap_request=0xfffffff4 fr.pc=0x000001cab423d984 relative=0x0000000000000164
Event: 1230.005 Thread 0x000001cac57a7260 Uncommon trap: reason=null_check action=make_not_entrant pc=0x000001cab423d984 method=org.hibernate.annotations.common.reflection.java.generics.TypeUtils.isCollectionClass(Ljava/lang/Class;)Z @ 12 c2
Event: 1230.005 Thread 0x000001cac57a7260 DEOPT PACKING pc=0x000001cab423d984 sp=0x0000001987dfd040
Event: 1230.005 Thread 0x000001cac57a7260 DEOPT UNPACKING pc=0x000001caabb623a3 sp=0x0000001987dfcec0 mode 2
Event: 1230.744 Thread 0x000001cac57a7260 DEOPT PACKING pc=0x000001caaca09450 sp=0x0000001987dfcb30
Event: 1230.744 Thread 0x000001cac57a7260 DEOPT UNPACKING pc=0x000001caabb62b43 sp=0x0000001987dfc030 mode 0

Classes unloaded (20 events):
Event: 1093.251 Thread 0x000001caa40dedd0 Unloading class 0x0000000801528800 'org/apache/catalina/loader/JdbcLeakPrevention'
Event: 1093.251 Thread 0x000001caa40dedd0 Unloading class 0x0000000801520000 'org/apache/catalina/loader/JdbcLeakPrevention'
Event: 1093.251 Thread 0x000001caa40dedd0 Unloading class 0x0000000801510000 'org/apache/catalina/loader/JdbcLeakPrevention'
Event: 1093.251 Thread 0x000001caa40dedd0 Unloading class 0x00000008014f9c00 'org/apache/catalina/loader/JdbcLeakPrevention'
Event: 1093.251 Thread 0x000001caa40dedd0 Unloading class 0x00000008014ec000 'org/apache/catalina/loader/JdbcLeakPrevention'
Event: 1093.251 Thread 0x000001caa40dedd0 Unloading class 0x00000008014d5400 'org/apache/catalina/loader/JdbcLeakPrevention'
Event: 1093.251 Thread 0x000001caa40dedd0 Unloading class 0x00000008014c8000 'org/apache/catalina/loader/JdbcLeakPrevention'
Event: 1093.251 Thread 0x000001caa40dedd0 Unloading class 0x00000008014bc800 'org/apache/catalina/loader/JdbcLeakPrevention'
Event: 1103.282 Thread 0x000001caa40dedd0 Unloading class 0x000000080153d400 'org/apache/catalina/loader/JdbcLeakPrevention'
Event: 1114.294 Thread 0x000001caa40dedd0 Unloading class 0x0000000801552c00 'org/apache/catalina/loader/JdbcLeakPrevention'
Event: 1123.268 Thread 0x000001caa40dedd0 Unloading class 0x0000000801564c00 'org/apache/catalina/loader/JdbcLeakPrevention'
Event: 1144.320 Thread 0x000001caa40dedd0 Unloading class 0x0000000801584000 'org/apache/catalina/loader/JdbcLeakPrevention'
Event: 1164.946 Thread 0x000001caa40dedd0 Unloading class 0x00000008010b8000 'jdk/internal/reflect/GeneratedConstructorAccessor31'
Event: 1167.537 Thread 0x000001caa40dedd0 Unloading class 0x00000008015dc000 'org/apache/catalina/loader/JdbcLeakPrevention'
Event: 1167.537 Thread 0x000001caa40dedd0 Unloading class 0x00000008015c9800 'org/apache/catalina/loader/JdbcLeakPrevention'
Event: 1173.984 Thread 0x000001caa40dedd0 Unloading class 0x00000008010b8000 'org/apache/catalina/loader/JdbcLeakPrevention'
Event: 1181.861 Thread 0x000001caa40dedd0 Unloading class 0x0000000801600c00 'org/apache/catalina/loader/JdbcLeakPrevention'
Event: 1189.275 Thread 0x000001caa40dedd0 Unloading class 0x0000000801618000 'org/apache/catalina/loader/JdbcLeakPrevention'
Event: 1227.851 Thread 0x000001caa40dedd0 Unloading class 0x0000000801628800 'org/apache/catalina/loader/JdbcLeakPrevention'
Event: 1236.857 Thread 0x000001caa40dedd0 Unloading class 0x0000000801640000 'org/apache/catalina/loader/JdbcLeakPrevention'

Classes redefined (0 events):
No events

Internal exceptions (20 events):
Event: 1230.688 Thread 0x000001cac57a7260 Exception <a 'java/lang/ClassNotFoundException'{0x00000000d78b9ea8}: yeilux/com/proyecto/Model/Class/inventario/producto/entradaproCustomizer> (0x00000000d78b9ea8) 
thrown [e:\jenkins\tmp\workspace\build\src\src\hotspot\share\classfile\systemDictionary.cpp, line 256]
Event: 1230.691 Thread 0x000001cac57a7260 Exception <a 'java/lang/ClassNotFoundException'{0x00000000d7708c98}: java/lang/ObjectCustomizer> (0x00000000d7708c98) 
thrown [e:\jenkins\tmp\workspace\build\src\src\hotspot\share\classfile\systemDictionary.cpp, line 256]
Event: 1230.691 Thread 0x000001cac57a7260 Exception <a 'java/lang/ClassNotFoundException'{0x00000000d7711d40}: yeilux/com/proyecto/Model/Class/fabricacion/produccionCustomizer> (0x00000000d7711d40) 
thrown [e:\jenkins\tmp\workspace\build\src\src\hotspot\share\classfile\systemDictionary.cpp, line 256]
Event: 1230.694 Thread 0x000001cac57a7260 Exception <a 'java/lang/ClassNotFoundException'{0x00000000d7754a88}: java/lang/ObjectCustomizer> (0x00000000d7754a88) 
thrown [e:\jenkins\tmp\workspace\build\src\src\hotspot\share\classfile\systemDictionary.cpp, line 256]
Event: 1230.695 Thread 0x000001cac57a7260 Exception <a 'java/lang/ClassNotFoundException'{0x00000000d775d960}: yeilux/com/proyecto/Model/Class/empresa/empresaCustomizer> (0x00000000d775d960) 
thrown [e:\jenkins\tmp\workspace\build\src\src\hotspot\share\classfile\systemDictionary.cpp, line 256]
Event: 1230.721 Thread 0x000001cac57a7260 Exception <a 'java/lang/ClassNotFoundException'{0x00000000d77a9f50}: java/lang/ObjectCustomizer> (0x00000000d77a9f50) 
thrown [e:\jenkins\tmp\workspace\build\src\src\hotspot\share\classfile\systemDictionary.cpp, line 256]
Event: 1230.722 Thread 0x000001cac57a7260 Exception <a 'java/lang/ClassNotFoundException'{0x00000000d77b2f18}: yeilux/com/proyecto/Model/Class/empresa/especialidadCustomizer> (0x00000000d77b2f18) 
thrown [e:\jenkins\tmp\workspace\build\src\src\hotspot\share\classfile\systemDictionary.cpp, line 256]
Event: 1236.318 Thread 0x000001cac57a4be0 Exception <a 'java/lang/InterruptedException'{0x00000000d52dc270}: sleep interrupted> (0x00000000d52dc270) 
thrown [e:\jenkins\tmp\workspace\build\src\src\hotspot\share\prims\jvm.cpp, line 3067]
Event: 1237.124 Thread 0x000001cac2b86880 Exception <a 'sun/nio/fs/WindowsException'{0x00000000d81a9950}> (0x00000000d81a9950) 
thrown [e:\jenkins\tmp\workspace\build\src\src\hotspot\share\prims\jni.cpp, line 516]
Event: 1238.220 Thread 0x000001cac2b86880 Exception <a 'java/lang/NoClassDefFoundError'{0x00000000d6845d88}: org/flywaydb/core/Flyway> (0x00000000d6845d88) 
thrown [e:\jenkins\tmp\workspace\build\src\src\hotspot\share\oops\constantPool.cpp, line 835]
Event: 1238.220 Thread 0x000001cac2b86880 Exception <a 'java/lang/NoClassDefFoundError'{0x00000000d68463d8}: liquibase/integration/spring/SpringLiquibase> (0x00000000d68463d8) 
thrown [e:\jenkins\tmp\workspace\build\src\src\hotspot\share\oops\constantPool.cpp, line 835]
Event: 1238.228 Thread 0x000001cac2b86880 Exception <a 'java/lang/NoClassDefFoundError'{0x00000000d68bf990}: org/jooq/DSLContext> (0x00000000d68bf990) 
thrown [e:\jenkins\tmp\workspace\build\src\src\hotspot\share\oops\constantPool.cpp, line 835]
Event: 1238.228 Thread 0x000001cac2b86880 Exception <a 'java/lang/NoClassDefFoundError'{0x00000000d68d08a0}: org/springframework/batch/core/repository/JobRepository> (0x00000000d68d08a0) 
thrown [e:\jenkins\tmp\workspace\build\src\src\hotspot\share\oops\constantPool.cpp, line 835]
Event: 1238.228 Thread 0x000001cac2b86880 Exception <a 'java/lang/NoClassDefFoundError'{0x00000000d68d0ee8}: org/quartz/Scheduler> (0x00000000d68d0ee8) 
thrown [e:\jenkins\tmp\workspace\build\src\src\hotspot\share\oops\constantPool.cpp, line 835]
Event: 1238.228 Thread 0x000001cac2b86880 Exception <a 'java/lang/NoClassDefFoundError'{0x00000000d68d1558}: org/springframework/session/jdbc/JdbcIndexedSessionRepository> (0x00000000d68d1558) 
thrown [e:\jenkins\tmp\workspace\build\src\src\hotspot\share\oops\constantPool.cpp, line 835]
Event: 1238.322 Thread 0x000001cac2b86880 Exception <a 'sun/nio/fs/WindowsException'{0x00000000d6290608}> (0x00000000d6290608) 
thrown [e:\jenkins\tmp\workspace\build\src\src\hotspot\share\prims\jni.cpp, line 516]
Event: 1238.322 Thread 0x000001cac2b86880 Exception <a 'sun/nio/fs/WindowsException'{0x00000000d6290c70}> (0x00000000d6290c70) 
thrown [e:\jenkins\tmp\workspace\build\src\src\hotspot\share\prims\jni.cpp, line 516]
Event: 1238.323 Thread 0x000001cac2b86880 Exception <a 'sun/nio/fs/WindowsException'{0x00000000d6291348}> (0x00000000d6291348) 
thrown [e:\jenkins\tmp\workspace\build\src\src\hotspot\share\prims\jni.cpp, line 516]
Event: 1238.376 Thread 0x000001cac2b86880 Exception <a 'java/io/FileNotFoundException'{0x00000000d62ccfd8}> (0x00000000d62ccfd8) 
thrown [e:\jenkins\tmp\workspace\build\src\src\hotspot\share\prims\jni.cpp, line 516]
Event: 1238.432 Thread 0x000001cac2b86880 Exception <a 'java/io/FileNotFoundException'{0x00000000d6060260}> (0x00000000d6060260) 
thrown [e:\jenkins\tmp\workspace\build\src\src\hotspot\share\prims\jni.cpp, line 516]

VM Operations (20 events):
Event: 1224.475 Executing VM operation: Cleanup done
Event: 1227.812 Executing VM operation: G1CollectFull
Event: 1227.956 Executing VM operation: G1CollectFull done
Event: 1229.956 Executing VM operation: Cleanup
Event: 1230.356 Executing VM operation: Cleanup done
Event: 1230.356 Executing VM operation: G1CollectForAllocation
Event: 1230.379 Executing VM operation: G1CollectForAllocation done
Event: 1231.151 Executing VM operation: G1CollectForAllocation
Event: 1231.176 Executing VM operation: G1CollectForAllocation done
Event: 1232.189 Executing VM operation: Cleanup
Event: 1232.189 Executing VM operation: Cleanup done
Event: 1236.756 Executing VM operation: G1CollectForAllocation
Event: 1236.761 Executing VM operation: G1CollectForAllocation done
Event: 1236.824 Executing VM operation: G1CollectFull
Event: 1236.941 Executing VM operation: G1CollectFull done
Event: 1237.955 Executing VM operation: Cleanup
Event: 1237.955 Executing VM operation: Cleanup done
Event: 1238.956 Executing VM operation: Cleanup
Event: 1239.145 Executing VM operation: Cleanup done
Event: 1239.145 Executing VM operation: G1CollectForAllocation

Events (20 events):
Event: 1236.318 Thread 0x000001cac57a5a50 Thread exited: 0x000001cac57a5a50
Event: 1236.318 Thread 0x000001cac57a63f0 Thread exited: 0x000001cac57a63f0
Event: 1236.318 Thread 0x000001cac579e8b0 Thread exited: 0x000001cac579e8b0
Event: 1236.318 Thread 0x000001cac57a6d90 Thread exited: 0x000001cac57a6d90
Event: 1236.318 Thread 0x000001cac57a4be0 Thread exited: 0x000001cac57a4be0
Event: 1236.485 Thread 0x000001cac2b85ee0 Thread added: 0x000001cac2b85ee0
Event: 1236.485 Thread 0x000001cac57a80d0 Thread exited: 0x000001cac57a80d0
Event: 1236.734 Thread 0x000001cac2b85ee0 Thread exited: 0x000001cac2b85ee0
Event: 1236.942 Thread 0x000001cac2b85ee0 Thread added: 0x000001cac2b85ee0
Event: 1237.041 Thread 0x000001cac2b85ee0 Thread exited: 0x000001cac2b85ee0
Event: 1237.041 Thread 0x000001cac2b86880 Thread added: 0x000001cac2b86880
Event: 1237.296 Thread 0x000001cac57a7c00 Thread exited: 0x000001cac57a7c00
Event: 1237.297 Thread 0x000001cac57a5f20 Thread exited: 0x000001cac57a5f20
Event: 1237.444 Thread 0x000001cac57a3a80 Thread added: 0x000001cac57a3a80
Event: 1237.494 Thread 0x000001cac57a3a80 Thread exited: 0x000001cac57a3a80
Event: 1238.434 Thread 0x000001cac57a1da0 Thread added: 0x000001cac57a1da0
Event: 1238.434 Thread 0x000001cac579d570 Thread added: 0x000001cac579d570
Event: 1238.435 Thread 0x000001cac57a3a80 Thread added: 0x000001cac57a3a80
Event: 1238.640 Thread 0x000001cac579f720 Thread added: 0x000001cac579f720
Event: 1238.770 Thread 0x000001cac57a3f50 Thread added: 0x000001cac57a3f50


Dynamic libraries:
0x00007ff7f4f90000 - 0x00007ff7f4f9e000 	C:\Program Files\Eclipse Adoptium\jdk-17.0.3.7-hotspot\bin\java.exe
0x00007ffee9480000 - 0x00007ffee9689000 	C:\WINDOWS\SYSTEM32\ntdll.dll
0x00007ffebccc0000 - 0x00007ffebccd7000 	C:\Program Files\Avast Software\Avast\aswhook.dll
0x00007ffee8250000 - 0x00007ffee830d000 	C:\WINDOWS\System32\KERNEL32.DLL
0x00007ffee6cb0000 - 0x00007ffee702b000 	C:\WINDOWS\System32\KERNELBASE.dll
0x00007ffee6af0000 - 0x00007ffee6c01000 	C:\WINDOWS\System32\ucrtbase.dll
0x00007ffe4fed0000 - 0x00007ffe4fee8000 	C:\Program Files\Eclipse Adoptium\jdk-17.0.3.7-hotspot\bin\jli.dll
0x00007ffe4fef0000 - 0x00007ffe4ff09000 	C:\Program Files\Eclipse Adoptium\jdk-17.0.3.7-hotspot\bin\VCRUNTIME140.dll
0x00007ffec4de0000 - 0x00007ffec5085000 	C:\WINDOWS\WinSxS\amd64_microsoft.windows.common-controls_6595b64144ccf1df_6.0.22000.120_none_9d947278b86cc467\COMCTL32.dll
0x00007ffee7540000 - 0x00007ffee76ed000 	C:\WINDOWS\System32\USER32.dll
0x00007ffee8880000 - 0x00007ffee8923000 	C:\WINDOWS\System32\msvcrt.dll
0x00007ffee7260000 - 0x00007ffee7286000 	C:\WINDOWS\System32\win32u.dll
0x00007ffee8310000 - 0x00007ffee8339000 	C:\WINDOWS\System32\GDI32.dll
0x00007ffee69d0000 - 0x00007ffee6ae8000 	C:\WINDOWS\System32\gdi32full.dll
0x00007ffee6c10000 - 0x00007ffee6cad000 	C:\WINDOWS\System32\msvcp_win.dll
0x00007ffee7750000 - 0x00007ffee7781000 	C:\WINDOWS\System32\IMM32.DLL
0x00007ffeab710000 - 0x00007ffeab71c000 	C:\Program Files\Eclipse Adoptium\jdk-17.0.3.7-hotspot\bin\vcruntime140_1.dll
0x00007ffe4fe30000 - 0x00007ffe4fec1000 	C:\Program Files\Eclipse Adoptium\jdk-17.0.3.7-hotspot\bin\msvcp140.dll
0x00007ffe4f0a0000 - 0x00007ffe4fce8000 	C:\Program Files\Eclipse Adoptium\jdk-17.0.3.7-hotspot\bin\server\jvm.dll
0x00007ffee8050000 - 0x00007ffee80fe000 	C:\WINDOWS\System32\ADVAPI32.dll
0x00007ffee8cb0000 - 0x00007ffee8d4e000 	C:\WINDOWS\System32\sechost.dll
0x00007ffee8340000 - 0x00007ffee8460000 	C:\WINDOWS\System32\RPCRT4.dll
0x00007ffee8160000 - 0x00007ffee8168000 	C:\WINDOWS\System32\PSAPI.DLL
0x00007ffede3e0000 - 0x00007ffede3ea000 	C:\WINDOWS\SYSTEM32\VERSION.dll
0x00007ffedff90000 - 0x00007ffedffc3000 	C:\WINDOWS\SYSTEM32\WINMM.dll
0x00007ffecdb60000 - 0x00007ffecdb69000 	C:\WINDOWS\SYSTEM32\WSOCK32.dll
0x00007ffee7fe0000 - 0x00007ffee804f000 	C:\WINDOWS\System32\WS2_32.dll
0x00007ffee59d0000 - 0x00007ffee59e8000 	C:\WINDOWS\SYSTEM32\kernel.appcore.dll
0x00007ffeab610000 - 0x00007ffeab61a000 	C:\Program Files\Eclipse Adoptium\jdk-17.0.3.7-hotspot\bin\jimage.dll
0x00007ffed4d40000 - 0x00007ffed4f61000 	C:\WINDOWS\SYSTEM32\DBGHELP.DLL
0x00007ffed23e0000 - 0x00007ffed2411000 	C:\WINDOWS\SYSTEM32\dbgcore.DLL
0x00007ffee6950000 - 0x00007ffee69cf000 	C:\WINDOWS\System32\bcryptPrimitives.dll
0x00007ffe4f070000 - 0x00007ffe4f095000 	C:\Program Files\Eclipse Adoptium\jdk-17.0.3.7-hotspot\bin\java.dll
0x00007ffe52e90000 - 0x00007ffe52f66000 	C:\Program Files\Eclipse Adoptium\jdk-17.0.3.7-hotspot\bin\jsvml.dll
0x00007ffee77f0000 - 0x00007ffee7fa8000 	C:\WINDOWS\System32\SHELL32.dll
0x00007ffee4a40000 - 0x00007ffee52a5000 	C:\WINDOWS\SYSTEM32\windows.storage.dll
0x00007ffee8930000 - 0x00007ffee8ca7000 	C:\WINDOWS\System32\combase.dll
0x00007ffee48d0000 - 0x00007ffee4a36000 	C:\WINDOWS\SYSTEM32\wintypes.dll
0x00007ffee8790000 - 0x00007ffee887a000 	C:\WINDOWS\System32\SHCORE.dll
0x00007ffee7790000 - 0x00007ffee77ed000 	C:\WINDOWS\System32\shlwapi.dll
0x00007ffee6880000 - 0x00007ffee68a1000 	C:\WINDOWS\SYSTEM32\profapi.dll
0x00007ffe50040000 - 0x00007ffe50059000 	C:\Program Files\Eclipse Adoptium\jdk-17.0.3.7-hotspot\bin\net.dll
0x00007ffedf290000 - 0x00007ffedf39c000 	C:\WINDOWS\SYSTEM32\WINHTTP.dll
0x00007ffee5e70000 - 0x00007ffee5ed7000 	C:\WINDOWS\system32\mswsock.dll
0x00007ffe50020000 - 0x00007ffe50035000 	C:\Program Files\Eclipse Adoptium\jdk-17.0.3.7-hotspot\bin\nio.dll
0x00007ffe50060000 - 0x00007ffe50078000 	C:\Program Files\Eclipse Adoptium\jdk-17.0.3.7-hotspot\bin\zip.dll
0x00007ffed0d70000 - 0x00007ffed0d79000 	C:\Program Files\Eclipse Adoptium\jdk-17.0.3.7-hotspot\bin\management.dll
0x00007ffed0d60000 - 0x00007ffed0d6b000 	C:\Program Files\Eclipse Adoptium\jdk-17.0.3.7-hotspot\bin\management_ext.dll
0x00007ffec7700000 - 0x00007ffec7717000 	C:\WINDOWS\system32\napinsp.dll
0x00007ffec76e0000 - 0x00007ffec76fb000 	C:\WINDOWS\system32\pnrpnsp.dll
0x00007ffee5520000 - 0x00007ffee5608000 	C:\WINDOWS\SYSTEM32\DNSAPI.dll
0x00007ffee54f0000 - 0x00007ffee551d000 	C:\WINDOWS\SYSTEM32\IPHLPAPI.DLL
0x00007ffee74c0000 - 0x00007ffee74c9000 	C:\WINDOWS\System32\NSI.dll
0x00007ffec76c0000 - 0x00007ffec76d2000 	C:\WINDOWS\System32\winrnr.dll
0x00007ffec76a0000 - 0x00007ffec76b5000 	C:\WINDOWS\system32\wshbth.dll
0x00007ffec7680000 - 0x00007ffec769f000 	C:\WINDOWS\system32\nlansp_c.dll
0x00007ffedcb80000 - 0x00007ffedcb8a000 	C:\Windows\System32\rasadhlp.dll
0x00007ffedcfa0000 - 0x00007ffedd021000 	C:\WINDOWS\System32\fwpuclnt.dll
0x00007ffee60b0000 - 0x00007ffee60c8000 	C:\WINDOWS\SYSTEM32\CRYPTSP.dll
0x00007ffee5930000 - 0x00007ffee5965000 	C:\WINDOWS\system32\rsaenh.dll
0x00007ffee5f60000 - 0x00007ffee5f89000 	C:\WINDOWS\SYSTEM32\USERENV.dll
0x00007ffee6240000 - 0x00007ffee6267000 	C:\WINDOWS\SYSTEM32\bcrypt.dll
0x00007ffee60d0000 - 0x00007ffee60dc000 	C:\WINDOWS\SYSTEM32\CRYPTBASE.dll
0x00007ffedf680000 - 0x00007ffedf699000 	C:\WINDOWS\SYSTEM32\dhcpcsvc6.DLL
0x00007ffedf770000 - 0x00007ffedf78e000 	C:\WINDOWS\SYSTEM32\dhcpcsvc.DLL
0x00007ffe50010000 - 0x00007ffe50020000 	C:\Program Files\Eclipse Adoptium\jdk-17.0.3.7-hotspot\bin\verify.dll
0x00007ffebee70000 - 0x00007ffebee7e000 	C:\Program Files\Eclipse Adoptium\jdk-17.0.3.7-hotspot\bin\sunmscapi.dll
0x00007ffee70f0000 - 0x00007ffee7252000 	C:\WINDOWS\System32\CRYPT32.dll
0x00007ffee6210000 - 0x00007ffee6238000 	C:\WINDOWS\SYSTEM32\ncrypt.dll
0x00007ffee61d0000 - 0x00007ffee6207000 	C:\WINDOWS\SYSTEM32\NTASN1.dll
0x00007ffee36a0000 - 0x00007ffee36a8000 	C:\WINDOWS\system32\wshunix.dll

dbghelp: loaded successfully - version: 4.0.5 - missing functions: none
symbol engine: initialized successfully - sym options: 0x614 - pdb path: .;C:\Program Files\Eclipse Adoptium\jdk-17.0.3.7-hotspot\bin;C:\WINDOWS\SYSTEM32;C:\Program Files\Avast Software\Avast;C:\WINDOWS\WinSxS\amd64_microsoft.windows.common-controls_6595b64144ccf1df_6.0.22000.120_none_9d947278b86cc467;C:\Program Files\Eclipse Adoptium\jdk-17.0.3.7-hotspot\bin\server

VM Arguments:
jvm_args: -Dcom.sun.management.jmxremote -Dcom.sun.management.jmxremote.port=58411 -Dcom.sun.management.jmxremote.authenticate=false -Dcom.sun.management.jmxremote.ssl=false -Djava.rmi.server.hostname=localhost -Dspring.application.admin.enabled=true -Dspring.jmx.enabled=true -Dspring.boot.project.name=proyecto -XX:+ShowCodeDetailsInExceptionMessages 
java_command: yeilux.com.proyecto.ProyectoApplication
java_class_path (initial): C:\Users\Diana\FASTOCK\target\classes;C:\Users\Diana\.m2\repository\org\springframework\boot\spring-boot-starter-data-jpa\2.7.4\spring-boot-starter-data-jpa-2.7.4.jar;C:\Users\Diana\.m2\repository\org\springframework\boot\spring-boot-starter-aop\2.7.4\spring-boot-starter-aop-2.7.4.jar;C:\Users\Diana\.m2\repository\org\springframework\spring-aop\5.3.23\spring-aop-5.3.23.jar;C:\Users\Diana\.m2\repository\org\aspectj\aspectjweaver\1.9.7\aspectjweaver-1.9.7.jar;C:\Users\Diana\.m2\repository\org\springframework\boot\spring-boot-starter-jdbc\2.7.4\spring-boot-starter-jdbc-2.7.4.jar;C:\Users\Diana\.m2\repository\com\zaxxer\HikariCP\4.0.3\HikariCP-4.0.3.jar;C:\Users\Diana\.m2\repository\org\springframework\spring-jdbc\5.3.23\spring-jdbc-5.3.23.jar;C:\Users\Diana\.m2\repository\jakarta\transaction\jakarta.transaction-api\1.3.3\jakarta.transaction-api-1.3.3.jar;C:\Users\Diana\.m2\repository\jakarta\persistence\jakarta.persistence-api\2.2.3\jakarta.persistence-api-2.2.3.jar;C:\Users\Diana\.m2\repository\org\hibernate\hibernate-core\5.6.11.Final\hibernate-core-5.6.11.Final.jar;C:\Users\Diana\.m2\repository\org\jboss\logging\jboss-logging\3.4.3.Final\jboss-logging-3.4.3.Final.jar;C:\Users\Diana\.m2\repository\net\bytebuddy\byte-buddy\1.12.17\byte-buddy-1.12.17.jar;C:\Users\Diana\.m2\repository\antlr\antlr\2.7.7\antlr-2.7.7.jar;C:\Users\Diana\.m2\repository\org\jboss\jandex\2.4.2.Final\jandex-2.4.2.Final.jar;C:\Users\Diana\.m2\repository\com\fasterxml\classmate\1.5.1\classmate-1.5.1.jar;C:\Users\Diana\.m2\repository\org\hibernate\common\hibernate-commons-annotations\5.1.2.Final\hibernate-commons-annotations-5.1.2.Final.jar;C:\Users\Diana\.m2\repository\org\glassfish\jaxb\jaxb-runtime\2.3.6\jaxb-runtime-2.3.6.jar;C:\Users\Diana\.m2\repository\org\glassfish\jaxb\txw2\2.3.6\txw2-2.3.6.jar;C:\Users\Diana\.m2\repository\com\sun\istack\istack-commons-runtime\3.0.12\istack-commons-runtime-3.0.12.jar;C:\Users\Diana\.m2\repository\com\sun\activation\jakarta.ac
Launcher Type: SUN_STANDARD

[Global flags]
     intx CICompilerCount                          = 3                                         {product} {ergonomic}
     uint ConcGCThreads                            = 1                                         {product} {ergonomic}
     uint G1ConcRefinementThreads                  = 4                                         {product} {ergonomic}
   size_t G1HeapRegionSize                         = 1048576                                   {product} {ergonomic}
    uintx GCDrainStackTargetSize                   = 64                                        {product} {ergonomic}
   size_t InitialHeapSize                          = 50331648                                  {product} {ergonomic}
     bool ManagementServer                         = true                                      {product} {command line}
   size_t MarkStackSize                            = 4194304                                   {product} {ergonomic}
   size_t MaxHeapSize                              = 788529152                                 {product} {ergonomic}
   size_t MaxNewSize                               = 472907776                                 {product} {ergonomic}
   size_t MinHeapDeltaBytes                        = 1048576                                   {product} {ergonomic}
   size_t MinHeapSize                              = 8388608                                   {product} {ergonomic}
    uintx NonNMethodCodeHeapSize                   = 5832780                                {pd product} {ergonomic}
    uintx NonProfiledCodeHeapSize                  = 122912730                              {pd product} {ergonomic}
    uintx ProfiledCodeHeapSize                     = 122912730                              {pd product} {ergonomic}
    uintx ReservedCodeCacheSize                    = 251658240                              {pd product} {ergonomic}
     bool SegmentedCodeCache                       = true                                      {product} {ergonomic}
     bool ShowCodeDetailsInExceptionMessages       = true                                   {manageable} {command line}
   size_t SoftMaxHeapSize                          = 788529152                              {manageable} {ergonomic}
     bool UseCompressedClassPointers               = true                           {product lp64_product} {ergonomic}
     bool UseCompressedOops                        = true                           {product lp64_product} {ergonomic}
     bool UseG1GC                                  = true                                      {product} {ergonomic}
     bool UseLargePagesIndividualAllocation        = false                                  {pd product} {ergonomic}

Logging:
Log output configuration:
 #0: stdout all=warning uptime,level,tags
 #1: stderr all=off uptime,level,tags

Environment Variables:
JAVA_HOME=C:\Program Files\Eclipse Adoptium\jdk-17.0.3.7-hotspot\
PATH=C:\Python310\Scripts\;C:\Python310\;C:\Program Files\Eclipse Adoptium\jdk-17.0.3.7-hotspot\bin;C:\Program Files (x86)\Common Files\Oracle\Java\javapath;C:\WINDOWS\system32;C:\WINDOWS;C:\WINDOWS\System32\Wbem;C:\WINDOWS\System32\WindowsPowerShell\v1.0\;C:\WINDOWS\System32\OpenSSH\;C:\Program Files (x86)\Brackets\command;C:\Program Files (x86)\AMD\ATI.ACE\Core-Static;C:\Users\Diana\OneDrive\Desktop\PROYECTO_JAVA\apache-maven-3.8.5\bin;C:\Program Files\Git\cmd;C:\ProgramData\chocolatey\bin;C:\Program Files\nodejs\;C:\xampp\php;C:\ProgramData\ComposerSetup\bin;C:\Users\Diana\AppData\Local\Microsoft\WindowsApps;C:\Users\Diana\AppData\Local\Programs\Microsoft VS Code\bin;C:\Users\Diana\AppData\Roaming\npm;C:\Users\Diana\AppData\Roaming\Composer\vendor\bin;C:\Users\Diana\AppData\Local\GitHubDesktop\bin
USERNAME=Diana
LANG=es_ES.UTF-8
OS=Windows_NT
PROCESSOR_IDENTIFIER=AMD64 Family 23 Model 24 Stepping 1, AuthenticAMD



---------------  S Y S T E M  ---------------

OS:
 Windows 11 , 64 bit Build 22000 (10.0.22000.708)
OS uptime: 0 days 0:54 hours

CPU: total 4 (initial active 4) (4 cores per cpu, 2 threads per core) family 23 model 24 stepping 1 microcode 0x0, cx8, cmov, fxsr, ht, mmx, 3dnowpref, sse, sse2, sse3, ssse3, sse4a, sse4.1, sse4.2, popcnt, lzcnt, tsc, tscinvbit, avx, avx2, aes, clmul, bmi1, bmi2, adx, sha, fma, vzeroupper, clflush, clflushopt

Memory: 4k page, system-wide physical 3005M (82M free)
TotalPageFile size 12221M (AvailPageFile size 135M)
current process WorkingSet (physical memory assigned to process): 306M, peak: 375M
current process commit charge ("private bytes"): 379M, peak: 534M

vm_info: OpenJDK 64-Bit Server VM (17.0.3+7) for windows-amd64 JRE (17.0.3+7), built on Apr 19 2022 16:55:35 by "" with MS VC++ 16.7 (VS2019)

END.
