#
# There is insufficient memory for the Java Runtime Environment to continue.
# Native memory allocation (mmap) failed to map 141557760 bytes for G1 virtual space
# Possible reasons:
#   The system is out of physical RAM or swap space
#   The process is running with CompressedOops enabled, and the Java Heap may be blocking the growth of the native heap
# Possible solutions:
#   Reduce memory load on the system
#   Increase physical memory or swap space
#   Check if swap backing store is full
#   Decrease Java heap size (-Xmx/-Xms)
#   Decrease number of Java threads
#   Decrease Java thread stack sizes (-Xss)
#   Set larger code cache with -XX:ReservedCodeCacheSize=
#   JVM is running with Unscaled Compressed Oops mode in which the Java heap is
#     placed in the first 4GB address space. The Java Heap base address is the
#     maximum limit for the native heap growth. Please use -XX:HeapBaseMinAddress
#     to set the Java Heap base and to place the Java Heap above 4GB virtual address.
# This output file may be truncated or incomplete.
#
#  Out of Memory Error (os_windows.cpp:3541), pid=14552, tid=9260
#
# JRE version: OpenJDK Runtime Environment Temurin-17.0.4.1+1 (17.0.4.1+1) (build 17.0.4.1+1)
# Java VM: OpenJDK 64-Bit Server VM Temurin-17.0.4.1+1 (17.0.4.1+1, mixed mode, emulated-client, tiered, compressed oops, compressed class ptrs, g1 gc, windows-amd64)
# No core dump will be written. Minidumps are not enabled by default on client versions of Windows
#

---------------  S U M M A R Y ------------

Command Line: -Dsts.lsp.client=vscode -Dsts.log.file=/dev/null -XX:TieredStopAtLevel=1 -Xlog:jni+resolve=off -Dspring.config.location=file:c:\Users\Diana\.vscode\extensions\pivotal.vscode-spring-boot-1.39.0\language-server\BOOT-INF\classes\application.properties org.springframework.ide.vscode.boot.app.BootLanguageServerBootApp

Host: AMD Ryzen 3 3250U with Radeon Graphics         , 4 cores, 2G,  Windows 11 , 64 bit Build 22000 (10.0.22000.708)
Time: Mon Oct 17 11:32:20 2022 Hora est. Pacífico, Sudamérica elapsed time: 17.455636 seconds (0d 0h 0m 17s)

---------------  T H R E A D  ---------------

Current thread (0x000001efbd7c7c90):  VMThread "VM Thread" [stack: 0x00000028fef00000,0x00000028ff000000] [id=9260]

Stack: [0x00000028fef00000,0x00000028ff000000]
Native frames: (J=compiled Java code, j=interpreted, Vv=VM code, C=native code)
V  [jvm.dll+0x67731a]
V  [jvm.dll+0x832284]
V  [jvm.dll+0x833a2e]
V  [jvm.dll+0x834093]
V  [jvm.dll+0x245775]
V  [jvm.dll+0x674209]
V  [jvm.dll+0x668a92]
V  [jvm.dll+0x30471b]
V  [jvm.dll+0x30bc66]
V  [jvm.dll+0x35ba9e]
V  [jvm.dll+0x35bccf]
V  [jvm.dll+0x2db5b8]
V  [jvm.dll+0x2d986c]
V  [jvm.dll+0x2d8e3c]
V  [jvm.dll+0x31cd9b]
V  [jvm.dll+0x83853b]
V  [jvm.dll+0x839274]
V  [jvm.dll+0x83978c]
V  [jvm.dll+0x839b64]
V  [jvm.dll+0x839c30]
V  [jvm.dll+0x7e240a]
V  [jvm.dll+0x6761a5]
C  [ucrtbase.dll+0x26c0c]
C  [KERNEL32.DLL+0x154e0]
C  [ntdll.dll+0x485b]

VM_Operation (0x00000028805fe580): G1CollectForAllocation, mode: safepoint, requested by thread 0x000001efc9d11030


---------------  P R O C E S S  ---------------

Threads class SMR info:
_java_thread_list=0x000001efcbb31810, length=34, elements={
0x000001efc722c390, 0x000001efc722cd40, 0x000001efc726e130, 0x000001efc726e9f0,
0x000001efc726f3a0, 0x000001efc726fd50, 0x000001efc72707b0, 0x000001efc72711a0,
0x000001efc7d9a170, 0x000001efc7db0fb0, 0x000001efc7dc9310, 0x000001efc9940090,
0x000001efc9ae1610, 0x000001efc7c0fa10, 0x000001efc9ae1ae0, 0x000001efc8417560,
0x000001efc8500530, 0x000001efc9d11030, 0x000001efc9d11500, 0x000001efc9d14570,
0x000001efc9d13bd0, 0x000001efc9d140a0, 0x000001efc9d14a40, 0x000001efc9d13700,
0x000001efc9d14f10, 0x000001efc9d153e0, 0x000001efc9d12d60, 0x000001efc9d11a20,
0x000001efc9d11ef0, 0x000001efc9d123c0, 0x000001efc9d12890, 0x000001efc9d13230,
0x000001efc7c90860, 0x000001efc7c8f520
}

Java Threads: ( => current thread )
  0x000001efc722c390 JavaThread "Reference Handler" daemon [_thread_blocked, id=8908, stack(0x00000028ff000000,0x00000028ff100000)]
  0x000001efc722cd40 JavaThread "Finalizer" daemon [_thread_blocked, id=9280, stack(0x00000028ff100000,0x00000028ff200000)]
  0x000001efc726e130 JavaThread "Signal Dispatcher" daemon [_thread_blocked, id=9332, stack(0x00000028ff200000,0x00000028ff300000)]
  0x000001efc726e9f0 JavaThread "Attach Listener" daemon [_thread_blocked, id=9392, stack(0x00000028ff300000,0x00000028ff400000)]
  0x000001efc726f3a0 JavaThread "Service Thread" daemon [_thread_blocked, id=9396, stack(0x00000028ff400000,0x00000028ff500000)]
  0x000001efc726fd50 JavaThread "Monitor Deflation Thread" daemon [_thread_blocked, id=9412, stack(0x00000028ff500000,0x00000028ff600000)]
  0x000001efc72707b0 JavaThread "C1 CompilerThread0" daemon [_thread_blocked, id=9416, stack(0x00000028ff600000,0x00000028ff700000)]
  0x000001efc72711a0 JavaThread "Sweeper thread" daemon [_thread_blocked, id=9528, stack(0x00000028ff700000,0x00000028ff800000)]
  0x000001efc7d9a170 JavaThread "C1 CompilerThread1" daemon [_thread_blocked, id=9544, stack(0x00000028ff800000,0x00000028ff900000)]
  0x000001efc7db0fb0 JavaThread "Notification Thread" daemon [_thread_blocked, id=9792, stack(0x00000028ff900000,0x00000028ffa00000)]
  0x000001efc7dc9310 JavaThread "Common-Cleaner" daemon [_thread_blocked, id=9796, stack(0x00000028ffb00000,0x00000028ffc00000)]
  0x000001efc9940090 JavaThread "boundedElastic-evictor-1" daemon [_thread_blocked, id=5252, stack(0x00000028fff00000,0x0000002900000000)]
  0x000001efc9ae1610 JavaThread "ForkJoinPool.commonPool-worker-1" daemon [_thread_blocked, id=6248, stack(0x0000002880000000,0x0000002880100000)]
  0x000001efc7c0fa10 JavaThread "ClassGraph-worker-0" daemon [_thread_blocked, id=13572, stack(0x0000002880100000,0x0000002880200000)]
  0x000001efc9ae1ae0 JavaThread "ClassGraph-worker-1" daemon [_thread_blocked, id=1832, stack(0x0000002880200000,0x0000002880300000)]
  0x000001efc8417560 JavaThread "ClassGraph-worker-2" daemon [_thread_blocked, id=9400, stack(0x0000002880300000,0x0000002880400000)]
  0x000001efc8500530 JavaThread "pool-9-thread-1" [_thread_blocked, id=7484, stack(0x0000002880400000,0x0000002880500000)]
  0x000001efc9d11030 JavaThread "ClassGraph-worker-3" daemon [_thread_blocked, id=13608, stack(0x0000002880500000,0x0000002880600000)]
  0x000001efc9d11500 JavaThread "ClassGraph-worker-4" daemon [_thread_blocked, id=8808, stack(0x0000002880600000,0x0000002880700000)]
  0x000001efc9d14570 JavaThread "ClassGraph-worker-5" daemon [_thread_blocked, id=3296, stack(0x0000002880700000,0x0000002880800000)]
  0x000001efc9d13bd0 JavaThread "ClassGraph-worker-6" daemon [_thread_blocked, id=3240, stack(0x0000002880800000,0x0000002880900000)]
  0x000001efc9d140a0 JavaThread "ClassGraph-worker-7" daemon [_thread_blocked, id=5088, stack(0x0000002880900000,0x0000002880a00000)]
  0x000001efc9d14a40 JavaThread "LanguageServerApp-lifecycle" [_thread_blocked, id=3460, stack(0x0000002880a00000,0x0000002880b00000)]
  0x000001efc9d13700 JavaThread "DestroyJavaVM" [_thread_blocked, id=10824, stack(0x00000028fe900000,0x00000028fea00000)]
  0x000001efc9d14f10 JavaThread "pool-10-thread-1" [_thread_in_native, id=1936, stack(0x0000002880c00000,0x0000002880d00000)]
  0x000001efc9d153e0 JavaThread "Simple-Language-Server main thread" daemon [_thread_blocked, id=3916, stack(0x0000002880d00000,0x0000002880e00000)]
  0x000001efc9d12d60 JavaThread "pool-7-thread-1" [_thread_blocked, id=4180, stack(0x0000002880e00000,0x0000002880f00000)]
  0x000001efc9d11a20 JavaThread "parallel-1" daemon [_thread_blocked, id=17912, stack(0x0000002880f00000,0x0000002881000000)]
  0x000001efc9d11ef0 JavaThread "parallel-2" daemon [_thread_blocked, id=17704, stack(0x0000002881000000,0x0000002881100000)]
  0x000001efc9d123c0 JavaThread "parallel-3" daemon [_thread_blocked, id=12544, stack(0x0000002881100000,0x0000002881200000)]
  0x000001efc9d12890 JavaThread "parallel-4" daemon [_thread_blocked, id=2704, stack(0x0000002881200000,0x0000002881300000)]
  0x000001efc9d13230 JavaThread "Reconciler-1" daemon [_thread_blocked, id=10524, stack(0x0000002881300000,0x0000002881400000)]
  0x000001efc7c90860 JavaThread "pool-5-thread-1" [_thread_blocked, id=4812, stack(0x0000002881500000,0x0000002881600000)]
  0x000001efc7c8f520 JavaThread "ForkJoinPool.commonPool-worker-2" daemon [_thread_blocked, id=6712, stack(0x0000002881600000,0x0000002881700000)]

Other Threads:
=>0x000001efbd7c7c90 VMThread "VM Thread" [stack: 0x00000028fef00000,0x00000028ff000000] [id=9260]
  0x000001efbd7bc890 WatcherThread [stack: 0x00000028ffa00000,0x00000028ffb00000] [id=9788]
  0x000001efbd734ba0 GCTaskThread "GC Thread#0" [stack: 0x00000028fea00000,0x00000028feb00000] [id=8328]
  0x000001efc85e91f0 GCTaskThread "GC Thread#1" [stack: 0x00000028ffc00000,0x00000028ffd00000] [id=9944]
  0x000001efc8604240 GCTaskThread "GC Thread#2" [stack: 0x00000028ffd00000,0x00000028ffe00000] [id=9956]
  0x000001efc8711190 GCTaskThread "GC Thread#3" [stack: 0x00000028ffe00000,0x00000028fff00000] [id=8800]
  0x000001efbd73db30 ConcurrentGCThread "G1 Main Marker" [stack: 0x00000028feb00000,0x00000028fec00000] [id=8024]
  0x000001efbd73ece0 ConcurrentGCThread "G1 Conc#0" [stack: 0x00000028fec00000,0x00000028fed00000] [id=8888]
  0x000001efbd77ec80 ConcurrentGCThread "G1 Refine#0" [stack: 0x00000028fed00000,0x00000028fee00000] [id=9232]
  0x000001efc9ae1fb0 ConcurrentGCThread "G1 Refine#1" [stack: 0x0000002880b00000,0x0000002880c00000] [id=1684]
  0x000001efcb857f10 ConcurrentGCThread "G1 Refine#2" [stack: 0x0000002881400000,0x0000002881500000] [id=3860]
  0x000001efbd781450 ConcurrentGCThread "G1 Service" [stack: 0x00000028fee00000,0x00000028fef00000] [id=8920]

Threads with active compile tasks:

VM state: at safepoint (normal execution)

VM Mutex/Monitor currently owned by a thread:  ([mutex/lock_event])
[0x000001efbb56a120] Threads_lock - owner thread: 0x000001efbd7c7c90
[0x000001efbd6fd7c0] Heap_lock - owner thread: 0x000001efc9d11030

Heap address: 0x00000000d1000000, size: 752 MB, Compressed Oops mode: 32-bit

CDS archive(s) not mapped
Compressed class space mapped at: 0x0000000100000000-0x0000000140000000, reserved size: 1073741824
Narrow klass base: 0x0000000000000000, Narrow klass shift: 3, Narrow klass range: 0x140000000

GC Precious Log:
 CPUs: 4 total, 4 available
 Memory: 3005M
 Large Page Support: Disabled
 NUMA Support: Disabled
 Compressed Oops: Enabled (32-bit)
 Heap Region Size: 1M
 Heap Min Capacity: 8M
 Heap Initial Capacity: 48M
 Heap Max Capacity: 752M
 Pre-touch: Disabled
 Parallel Workers: 4
 Concurrent Workers: 1
 Concurrent Refinement Workers: 4
 Periodic GC: Disabled

Heap:
 garbage-first heap   total 388096K, used 184985K [0x00000000d1000000, 0x0000000100000000)
  region size 1024K, 7 young (7168K), 7 survivors (7168K)
 Metaspace       used 46247K, committed 46592K, reserved 1089536K
  class space    used 5682K, committed 5824K, reserved 1048576K

Heap Regions: E=young(eden), S=young(survivor), O=old, HS=humongous(starts), HC=humongous(continues), CS=collection set, F=free, OA=open archive, CA=closed archive, TAMS=top-at-mark-start (previous, next)
|   0|0x00000000d1000000, 0x00000000d1100000, 0x00000000d1100000|100%| O|  |TAMS 0x00000000d1100000, 0x00000000d1000000| Untracked 
|   1|0x00000000d1100000, 0x00000000d1200000, 0x00000000d1200000|100%| O|  |TAMS 0x00000000d1200000, 0x00000000d1100000| Untracked 
|   2|0x00000000d1200000, 0x00000000d1300000, 0x00000000d1300000|100%| O|  |TAMS 0x00000000d1300000, 0x00000000d1200000| Untracked 
|   3|0x00000000d1300000, 0x00000000d1400000, 0x00000000d1400000|100%| O|  |TAMS 0x00000000d1400000, 0x00000000d1300000| Untracked 
|   4|0x00000000d1400000, 0x00000000d1500000, 0x00000000d1500000|100%| O|  |TAMS 0x00000000d1500000, 0x00000000d1400000| Untracked 
|   5|0x00000000d1500000, 0x00000000d1600000, 0x00000000d1600000|100%| O|  |TAMS 0x00000000d1600000, 0x00000000d1500000| Untracked 
|   6|0x00000000d1600000, 0x00000000d1700000, 0x00000000d1700000|100%| O|  |TAMS 0x00000000d1700000, 0x00000000d1600000| Untracked 
|   7|0x00000000d1700000, 0x00000000d1800000, 0x00000000d1800000|100%| O|  |TAMS 0x00000000d1800000, 0x00000000d1700000| Untracked 
|   8|0x00000000d1800000, 0x00000000d1900000, 0x00000000d1900000|100%| O|  |TAMS 0x00000000d1900000, 0x00000000d1800000| Untracked 
|   9|0x00000000d1900000, 0x00000000d1a00000, 0x00000000d1a00000|100%| O|  |TAMS 0x00000000d1a00000, 0x00000000d1900000| Untracked 
|  10|0x00000000d1a00000, 0x00000000d1ad5a00, 0x00000000d1b00000| 83%| O|  |TAMS 0x00000000d1ad5a00, 0x00000000d1a00000| Untracked 
|  11|0x00000000d1b00000, 0x00000000d1c00000, 0x00000000d1c00000|100%| O|  |TAMS 0x00000000d1c00000, 0x00000000d1b00000| Untracked 
|  12|0x00000000d1c00000, 0x00000000d1d00000, 0x00000000d1d00000|100%| O|  |TAMS 0x00000000d1d00000, 0x00000000d1c00000| Untracked 
|  13|0x00000000d1d00000, 0x00000000d1e00000, 0x00000000d1e00000|100%| O|  |TAMS 0x00000000d1e00000, 0x00000000d1d00000| Untracked 
|  14|0x00000000d1e00000, 0x00000000d1f00000, 0x00000000d1f00000|100%| O|  |TAMS 0x00000000d1f00000, 0x00000000d1e00000| Untracked 
|  15|0x00000000d1f00000, 0x00000000d2000000, 0x00000000d2000000|100%| O|  |TAMS 0x00000000d2000000, 0x00000000d1f00000| Untracked 
|  16|0x00000000d2000000, 0x00000000d2100000, 0x00000000d2100000|100%| O|  |TAMS 0x00000000d2100000, 0x00000000d2000000| Untracked 
|  17|0x00000000d2100000, 0x00000000d2200000, 0x00000000d2200000|100%|HS|  |TAMS 0x00000000d2200000, 0x00000000d2100000| Complete 
|  18|0x00000000d2200000, 0x00000000d2300000, 0x00000000d2300000|100%| O|  |TAMS 0x00000000d2300000, 0x00000000d2200000| Untracked 
|  19|0x00000000d2300000, 0x00000000d2400000, 0x00000000d2400000|100%| O|  |TAMS 0x00000000d2400000, 0x00000000d2300000| Untracked 
|  20|0x00000000d2400000, 0x00000000d2500000, 0x00000000d2500000|100%| O|  |TAMS 0x00000000d2500000, 0x00000000d2400000| Untracked 
|  21|0x00000000d2500000, 0x00000000d2600000, 0x00000000d2600000|100%| O|  |TAMS 0x00000000d2600000, 0x00000000d2500000| Untracked 
|  22|0x00000000d2600000, 0x00000000d2700000, 0x00000000d2700000|100%| O|  |TAMS 0x00000000d2700000, 0x00000000d2600000| Untracked 
|  23|0x00000000d2700000, 0x00000000d2800000, 0x00000000d2800000|100%| O|  |TAMS 0x00000000d2800000, 0x00000000d2700000| Untracked 
|  24|0x00000000d2800000, 0x00000000d2900000, 0x00000000d2900000|100%| O|  |TAMS 0x00000000d2900000, 0x00000000d2800000| Untracked 
|  25|0x00000000d2900000, 0x00000000d2a00000, 0x00000000d2a00000|100%| O|  |TAMS 0x00000000d2a00000, 0x00000000d2900000| Untracked 
|  26|0x00000000d2a00000, 0x00000000d2b00000, 0x00000000d2b00000|100%| O|  |TAMS 0x00000000d2b00000, 0x00000000d2a00000| Untracked 
|  27|0x00000000d2b00000, 0x00000000d2c00000, 0x00000000d2c00000|100%| O|  |TAMS 0x00000000d2c00000, 0x00000000d2b00000| Untracked 
|  28|0x00000000d2c00000, 0x00000000d2d00000, 0x00000000d2d00000|100%| O|  |TAMS 0x00000000d2d00000, 0x00000000d2c00000| Untracked 
|  29|0x00000000d2d00000, 0x00000000d2e00000, 0x00000000d2e00000|100%| O|  |TAMS 0x00000000d2e00000, 0x00000000d2d00000| Untracked 
|  30|0x00000000d2e00000, 0x00000000d2f00000, 0x00000000d2f00000|100%| O|  |TAMS 0x00000000d2f00000, 0x00000000d2e00000| Untracked 
|  31|0x00000000d2f00000, 0x00000000d3000000, 0x00000000d3000000|100%| O|  |TAMS 0x00000000d3000000, 0x00000000d2f00000| Untracked 
|  32|0x00000000d3000000, 0x00000000d3100000, 0x00000000d3100000|100%| O|  |TAMS 0x00000000d3100000, 0x00000000d3000000| Untracked 
|  33|0x00000000d3100000, 0x00000000d3200000, 0x00000000d3200000|100%| O|  |TAMS 0x00000000d3200000, 0x00000000d3100000| Untracked 
|  34|0x00000000d3200000, 0x00000000d3300000, 0x00000000d3300000|100%| O|  |TAMS 0x00000000d3300000, 0x00000000d3200000| Untracked 
|  35|0x00000000d3300000, 0x00000000d3400000, 0x00000000d3400000|100%| O|  |TAMS 0x00000000d3400000, 0x00000000d3300000| Untracked 
|  36|0x00000000d3400000, 0x00000000d3500000, 0x00000000d3500000|100%| O|  |TAMS 0x00000000d3500000, 0x00000000d3400000| Untracked 
|  37|0x00000000d3500000, 0x00000000d3600000, 0x00000000d3600000|100%| O|  |TAMS 0x00000000d3600000, 0x00000000d3500000| Untracked 
|  38|0x00000000d3600000, 0x00000000d3700000, 0x00000000d3700000|100%| O|  |TAMS 0x00000000d3700000, 0x00000000d3600000| Untracked 
|  39|0x00000000d3700000, 0x00000000d3800000, 0x00000000d3800000|100%| O|  |TAMS 0x00000000d3800000, 0x00000000d3700000| Untracked 
|  40|0x00000000d3800000, 0x00000000d3900000, 0x00000000d3900000|100%| O|  |TAMS 0x00000000d3900000, 0x00000000d3800000| Untracked 
|  41|0x00000000d3900000, 0x00000000d3a00000, 0x00000000d3a00000|100%| O|  |TAMS 0x00000000d3a00000, 0x00000000d3900000| Untracked 
|  42|0x00000000d3a00000, 0x00000000d3b00000, 0x00000000d3b00000|100%| O|  |TAMS 0x00000000d3b00000, 0x00000000d3a00000| Untracked 
|  43|0x00000000d3b00000, 0x00000000d3c00000, 0x00000000d3c00000|100%| O|  |TAMS 0x00000000d3c00000, 0x00000000d3b00000| Untracked 
|  44|0x00000000d3c00000, 0x00000000d3d00000, 0x00000000d3d00000|100%| O|  |TAMS 0x00000000d3d00000, 0x00000000d3c00000| Untracked 
|  45|0x00000000d3d00000, 0x00000000d3e00000, 0x00000000d3e00000|100%| O|  |TAMS 0x00000000d3e00000, 0x00000000d3d00000| Untracked 
|  46|0x00000000d3e00000, 0x00000000d3f00000, 0x00000000d3f00000|100%| O|  |TAMS 0x00000000d3f00000, 0x00000000d3e00000| Untracked 
|  47|0x00000000d3f00000, 0x00000000d4000000, 0x00000000d4000000|100%| O|  |TAMS 0x00000000d4000000, 0x00000000d3f00000| Untracked 
|  48|0x00000000d4000000, 0x00000000d4100000, 0x00000000d4100000|100%| O|  |TAMS 0x00000000d4100000, 0x00000000d4000000| Untracked 
|  49|0x00000000d4100000, 0x00000000d4200000, 0x00000000d4200000|100%| O|  |TAMS 0x00000000d4200000, 0x00000000d4100000| Untracked 
|  50|0x00000000d4200000, 0x00000000d4200000, 0x00000000d4300000|  0%| F|  |TAMS 0x00000000d4200000, 0x00000000d4200000| Untracked 
|  51|0x00000000d4300000, 0x00000000d4400000, 0x00000000d4400000|100%| O|  |TAMS 0x00000000d4400000, 0x00000000d4300000| Untracked 
|  52|0x00000000d4400000, 0x00000000d4500000, 0x00000000d4500000|100%| O|  |TAMS 0x00000000d4500000, 0x00000000d4400000| Untracked 
|  53|0x00000000d4500000, 0x00000000d4600000, 0x00000000d4600000|100%| O|  |TAMS 0x00000000d4600000, 0x00000000d4500000| Untracked 
|  54|0x00000000d4600000, 0x00000000d4700000, 0x00000000d4700000|100%| O|  |TAMS 0x00000000d4700000, 0x00000000d4600000| Untracked 
|  55|0x00000000d4700000, 0x00000000d4800000, 0x00000000d4800000|100%| O|  |TAMS 0x00000000d4800000, 0x00000000d4700000| Untracked 
|  56|0x00000000d4800000, 0x00000000d4900000, 0x00000000d4900000|100%|HS|  |TAMS 0x00000000d4900000, 0x00000000d4800000| Complete 
|  57|0x00000000d4900000, 0x00000000d4a00000, 0x00000000d4a00000|100%| O|  |TAMS 0x00000000d4a00000, 0x00000000d4900000| Untracked 
|  58|0x00000000d4a00000, 0x00000000d4b00000, 0x00000000d4b00000|100%| O|  |TAMS 0x00000000d4b00000, 0x00000000d4a00000| Untracked 
|  59|0x00000000d4b00000, 0x00000000d4c00000, 0x00000000d4c00000|100%| O|  |TAMS 0x00000000d4c00000, 0x00000000d4b00000| Untracked 
|  60|0x00000000d4c00000, 0x00000000d4d00000, 0x00000000d4d00000|100%| O|  |TAMS 0x00000000d4d00000, 0x00000000d4c00000| Untracked 
|  61|0x00000000d4d00000, 0x00000000d4e00000, 0x00000000d4e00000|100%| O|  |TAMS 0x00000000d4e00000, 0x00000000d4d00000| Untracked 
|  62|0x00000000d4e00000, 0x00000000d4f00000, 0x00000000d4f00000|100%| O|  |TAMS 0x00000000d4f00000, 0x00000000d4e00000| Untracked 
|  63|0x00000000d4f00000, 0x00000000d5000000, 0x00000000d5000000|100%| O|  |TAMS 0x00000000d4f00000, 0x00000000d4f00000| Untracked 
|  64|0x00000000d5000000, 0x00000000d5100000, 0x00000000d5100000|100%| O|  |TAMS 0x00000000d5100000, 0x00000000d5000000| Untracked 
|  65|0x00000000d5100000, 0x00000000d5200000, 0x00000000d5200000|100%| O|  |TAMS 0x00000000d5200000, 0x00000000d5100000| Untracked 
|  66|0x00000000d5200000, 0x00000000d5300000, 0x00000000d5300000|100%| O|  |TAMS 0x00000000d5300000, 0x00000000d5200000| Untracked 
|  67|0x00000000d5300000, 0x00000000d5400000, 0x00000000d5400000|100%| O|  |TAMS 0x00000000d5400000, 0x00000000d5300000| Untracked 
|  68|0x00000000d5400000, 0x00000000d5500000, 0x00000000d5500000|100%| O|  |TAMS 0x00000000d5500000, 0x00000000d5400000| Untracked 
|  69|0x00000000d5500000, 0x00000000d5600000, 0x00000000d5600000|100%| O|  |TAMS 0x00000000d5600000, 0x00000000d5500000| Untracked 
|  70|0x00000000d5600000, 0x00000000d5700000, 0x00000000d5700000|100%| O|  |TAMS 0x00000000d5700000, 0x00000000d5600000| Untracked 
|  71|0x00000000d5700000, 0x00000000d5800000, 0x00000000d5800000|100%| O|  |TAMS 0x00000000d5800000, 0x00000000d5700000| Untracked 
|  72|0x00000000d5800000, 0x00000000d5900000, 0x00000000d5900000|100%| O|  |TAMS 0x00000000d5900000, 0x00000000d5800000| Untracked 
|  73|0x00000000d5900000, 0x00000000d5a00000, 0x00000000d5a00000|100%| O|  |TAMS 0x00000000d5a00000, 0x00000000d5900000| Untracked 
|  74|0x00000000d5a00000, 0x00000000d5b00000, 0x00000000d5b00000|100%| O|  |TAMS 0x00000000d5b00000, 0x00000000d5a00000| Untracked 
|  75|0x00000000d5b00000, 0x00000000d5c00000, 0x00000000d5c00000|100%| O|  |TAMS 0x00000000d5c00000, 0x00000000d5b00000| Untracked 
|  76|0x00000000d5c00000, 0x00000000d5d00000, 0x00000000d5d00000|100%| O|  |TAMS 0x00000000d5d00000, 0x00000000d5c00000| Untracked 
|  77|0x00000000d5d00000, 0x00000000d5e00000, 0x00000000d5e00000|100%| O|  |TAMS 0x00000000d5e00000, 0x00000000d5d00000| Untracked 
|  78|0x00000000d5e00000, 0x00000000d5f00000, 0x00000000d5f00000|100%| O|  |TAMS 0x00000000d5f00000, 0x00000000d5e00000| Untracked 
|  79|0x00000000d5f00000, 0x00000000d6000000, 0x00000000d6000000|100%| O|  |TAMS 0x00000000d6000000, 0x00000000d5f00000| Untracked 
|  80|0x00000000d6000000, 0x00000000d6100000, 0x00000000d6100000|100%| O|  |TAMS 0x00000000d6100000, 0x00000000d6000000| Untracked 
|  81|0x00000000d6100000, 0x00000000d6200000, 0x00000000d6200000|100%| O|  |TAMS 0x00000000d6200000, 0x00000000d6100000| Untracked 
|  82|0x00000000d6200000, 0x00000000d6300000, 0x00000000d6300000|100%|HS|  |TAMS 0x00000000d6300000, 0x00000000d6200000| Complete 
|  83|0x00000000d6300000, 0x00000000d6400000, 0x00000000d6400000|100%| O|  |TAMS 0x00000000d6400000, 0x00000000d6300000| Untracked 
|  84|0x00000000d6400000, 0x00000000d6500000, 0x00000000d6500000|100%| O|  |TAMS 0x00000000d6500000, 0x00000000d6400000| Untracked 
|  85|0x00000000d6500000, 0x00000000d6600000, 0x00000000d6600000|100%| O|  |TAMS 0x00000000d6600000, 0x00000000d6500000| Untracked 
|  86|0x00000000d6600000, 0x00000000d6700000, 0x00000000d6700000|100%| O|  |TAMS 0x00000000d6700000, 0x00000000d6600000| Untracked 
|  87|0x00000000d6700000, 0x00000000d6800000, 0x00000000d6800000|100%| O|  |TAMS 0x00000000d6800000, 0x00000000d6700000| Untracked 
|  88|0x00000000d6800000, 0x00000000d6900000, 0x00000000d6900000|100%| O|  |TAMS 0x00000000d6900000, 0x00000000d6800000| Untracked 
|  89|0x00000000d6900000, 0x00000000d6a00000, 0x00000000d6a00000|100%| O|  |TAMS 0x00000000d6a00000, 0x00000000d6900000| Untracked 
|  90|0x00000000d6a00000, 0x00000000d6b00000, 0x00000000d6b00000|100%| O|  |TAMS 0x00000000d6b00000, 0x00000000d6a00000| Untracked 
|  91|0x00000000d6b00000, 0x00000000d6c00000, 0x00000000d6c00000|100%| O|  |TAMS 0x00000000d6c00000, 0x00000000d6b00000| Untracked 
|  92|0x00000000d6c00000, 0x00000000d6d00000, 0x00000000d6d00000|100%| O|  |TAMS 0x00000000d6d00000, 0x00000000d6c00000| Untracked 
|  93|0x00000000d6d00000, 0x00000000d6e00000, 0x00000000d6e00000|100%| O|  |TAMS 0x00000000d6e00000, 0x00000000d6d00000| Untracked 
|  94|0x00000000d6e00000, 0x00000000d6f00000, 0x00000000d6f00000|100%| O|  |TAMS 0x00000000d6f00000, 0x00000000d6e00000| Untracked 
|  95|0x00000000d6f00000, 0x00000000d7000000, 0x00000000d7000000|100%| O|  |TAMS 0x00000000d7000000, 0x00000000d6f00000| Untracked 
|  96|0x00000000d7000000, 0x00000000d7100000, 0x00000000d7100000|100%| O|  |TAMS 0x00000000d7100000, 0x00000000d7000000| Untracked 
|  97|0x00000000d7100000, 0x00000000d7200000, 0x00000000d7200000|100%| O|  |TAMS 0x00000000d7200000, 0x00000000d7100000| Untracked 
|  98|0x00000000d7200000, 0x00000000d7300000, 0x00000000d7300000|100%| O|  |TAMS 0x00000000d7300000, 0x00000000d7200000| Untracked 
|  99|0x00000000d7300000, 0x00000000d7400000, 0x00000000d7400000|100%| O|  |TAMS 0x00000000d7400000, 0x00000000d7300000| Untracked 
| 100|0x00000000d7400000, 0x00000000d7400000, 0x00000000d7500000|  0%| F|  |TAMS 0x00000000d7400000, 0x00000000d7400000| Untracked 
| 101|0x00000000d7500000, 0x00000000d7600000, 0x00000000d7600000|100%| O|  |TAMS 0x00000000d7600000, 0x00000000d7500000| Untracked 
| 102|0x00000000d7600000, 0x00000000d7700000, 0x00000000d7700000|100%| O|  |TAMS 0x00000000d7700000, 0x00000000d7600000| Untracked 
| 103|0x00000000d7700000, 0x00000000d7800000, 0x00000000d7800000|100%| O|  |TAMS 0x00000000d7800000, 0x00000000d7700000| Untracked 
| 104|0x00000000d7800000, 0x00000000d7900000, 0x00000000d7900000|100%| O|  |TAMS 0x00000000d7900000, 0x00000000d7800000| Untracked 
| 105|0x00000000d7900000, 0x00000000d7a00000, 0x00000000d7a00000|100%| O|  |TAMS 0x00000000d7a00000, 0x00000000d7900000| Untracked 
| 106|0x00000000d7a00000, 0x00000000d7b00000, 0x00000000d7b00000|100%| O|  |TAMS 0x00000000d7b00000, 0x00000000d7a00000| Untracked 
| 107|0x00000000d7b00000, 0x00000000d7c00000, 0x00000000d7c00000|100%| O|  |TAMS 0x00000000d7b00000, 0x00000000d7b00000| Untracked 
| 108|0x00000000d7c00000, 0x00000000d7d00000, 0x00000000d7d00000|100%| O|  |TAMS 0x00000000d7d00000, 0x00000000d7c00000| Untracked 
| 109|0x00000000d7d00000, 0x00000000d7e00000, 0x00000000d7e00000|100%| O|  |TAMS 0x00000000d7e00000, 0x00000000d7d00000| Untracked 
| 110|0x00000000d7e00000, 0x00000000d7f00000, 0x00000000d7f00000|100%| O|  |TAMS 0x00000000d7f00000, 0x00000000d7e00000| Untracked 
| 111|0x00000000d7f00000, 0x00000000d8000000, 0x00000000d8000000|100%| O|  |TAMS 0x00000000d8000000, 0x00000000d7f00000| Untracked 
| 112|0x00000000d8000000, 0x00000000d8100000, 0x00000000d8100000|100%| O|  |TAMS 0x00000000d8100000, 0x00000000d8000000| Untracked 
| 113|0x00000000d8100000, 0x00000000d8200000, 0x00000000d8200000|100%| O|  |TAMS 0x00000000d8200000, 0x00000000d8100000| Untracked 
| 114|0x00000000d8200000, 0x00000000d8300000, 0x00000000d8300000|100%| O|  |TAMS 0x00000000d8300000, 0x00000000d8200000| Untracked 
| 115|0x00000000d8300000, 0x00000000d8400000, 0x00000000d8400000|100%| O|  |TAMS 0x00000000d8400000, 0x00000000d8300000| Untracked 
| 116|0x00000000d8400000, 0x00000000d8500000, 0x00000000d8500000|100%| O|  |TAMS 0x00000000d8500000, 0x00000000d8400000| Untracked 
| 117|0x00000000d8500000, 0x00000000d8600000, 0x00000000d8600000|100%| O|  |TAMS 0x00000000d8600000, 0x00000000d8500000| Untracked 
| 118|0x00000000d8600000, 0x00000000d8700000, 0x00000000d8700000|100%| O|  |TAMS 0x00000000d8700000, 0x00000000d8600000| Untracked 
| 119|0x00000000d8700000, 0x00000000d8800000, 0x00000000d8800000|100%| O|  |TAMS 0x00000000d8800000, 0x00000000d8700000| Untracked 
| 120|0x00000000d8800000, 0x00000000d8900000, 0x00000000d8900000|100%| O|  |TAMS 0x00000000d8900000, 0x00000000d8800000| Untracked 
| 121|0x00000000d8900000, 0x00000000d8a00000, 0x00000000d8a00000|100%| O|  |TAMS 0x00000000d8a00000, 0x00000000d8900000| Untracked 
| 122|0x00000000d8a00000, 0x00000000d8b00000, 0x00000000d8b00000|100%| O|  |TAMS 0x00000000d8b00000, 0x00000000d8a00000| Untracked 
| 123|0x00000000d8b00000, 0x00000000d8c00000, 0x00000000d8c00000|100%| O|  |TAMS 0x00000000d8c00000, 0x00000000d8b00000| Untracked 
| 124|0x00000000d8c00000, 0x00000000d8d00000, 0x00000000d8d00000|100%| O|  |TAMS 0x00000000d8d00000, 0x00000000d8c00000| Untracked 
| 125|0x00000000d8d00000, 0x00000000d8e00000, 0x00000000d8e00000|100%| O|  |TAMS 0x00000000d8e00000, 0x00000000d8d00000| Untracked 
| 126|0x00000000d8e00000, 0x00000000d8f00000, 0x00000000d8f00000|100%| O|  |TAMS 0x00000000d8f00000, 0x00000000d8e00000| Untracked 
| 127|0x00000000d8f00000, 0x00000000d9000000, 0x00000000d9000000|100%| O|  |TAMS 0x00000000d9000000, 0x00000000d8f00000| Untracked 
| 128|0x00000000d9000000, 0x00000000d9100000, 0x00000000d9100000|100%| O|  |TAMS 0x00000000d9100000, 0x00000000d9000000| Untracked 
| 129|0x00000000d9100000, 0x00000000d9200000, 0x00000000d9200000|100%| O|  |TAMS 0x00000000d9200000, 0x00000000d9100000| Untracked 
| 130|0x00000000d9200000, 0x00000000d9300000, 0x00000000d9300000|100%| O|  |TAMS 0x00000000d9300000, 0x00000000d9200000| Untracked 
| 131|0x00000000d9300000, 0x00000000d9400000, 0x00000000d9400000|100%| O|  |TAMS 0x00000000d9400000, 0x00000000d9300000| Untracked 
| 132|0x00000000d9400000, 0x00000000d9400000, 0x00000000d9500000|  0%| F|  |TAMS 0x00000000d9400000, 0x00000000d9400000| Untracked 
| 133|0x00000000d9500000, 0x00000000d9600000, 0x00000000d9600000|100%| O|  |TAMS 0x00000000d9600000, 0x00000000d9500000| Untracked 
| 134|0x00000000d9600000, 0x00000000d9700000, 0x00000000d9700000|100%| O|  |TAMS 0x00000000d9700000, 0x00000000d9600000| Untracked 
| 135|0x00000000d9700000, 0x00000000d9800000, 0x00000000d9800000|100%| O|  |TAMS 0x00000000d9800000, 0x00000000d9700000| Untracked 
| 136|0x00000000d9800000, 0x00000000d9900000, 0x00000000d9900000|100%| O|  |TAMS 0x00000000d9900000, 0x00000000d9800000| Untracked 
| 137|0x00000000d9900000, 0x00000000d9a00000, 0x00000000d9a00000|100%| O|  |TAMS 0x00000000d9a00000, 0x00000000d9900000| Untracked 
| 138|0x00000000d9a00000, 0x00000000d9b00000, 0x00000000d9b00000|100%| O|  |TAMS 0x00000000d9b00000, 0x00000000d9a00000| Untracked 
| 139|0x00000000d9b00000, 0x00000000d9c00000, 0x00000000d9c00000|100%| O|  |TAMS 0x00000000d9c00000, 0x00000000d9b00000| Untracked 
| 140|0x00000000d9c00000, 0x00000000d9d00000, 0x00000000d9d00000|100%| O|  |TAMS 0x00000000d9d00000, 0x00000000d9c00000| Untracked 
| 141|0x00000000d9d00000, 0x00000000d9e00000, 0x00000000d9e00000|100%| O|  |TAMS 0x00000000d9e00000, 0x00000000d9d00000| Untracked 
| 142|0x00000000d9e00000, 0x00000000d9f00000, 0x00000000d9f00000|100%| O|  |TAMS 0x00000000d9f00000, 0x00000000d9e00000| Untracked 
| 143|0x00000000d9f00000, 0x00000000da000000, 0x00000000da000000|100%| O|  |TAMS 0x00000000da000000, 0x00000000d9f00000| Untracked 
| 144|0x00000000da000000, 0x00000000da100000, 0x00000000da100000|100%| O|  |TAMS 0x00000000da100000, 0x00000000da000000| Untracked 
| 145|0x00000000da100000, 0x00000000da200000, 0x00000000da200000|100%| O|  |TAMS 0x00000000da200000, 0x00000000da100000| Untracked 
| 146|0x00000000da200000, 0x00000000da300000, 0x00000000da300000|100%| O|  |TAMS 0x00000000da300000, 0x00000000da200000| Untracked 
| 147|0x00000000da300000, 0x00000000da400000, 0x00000000da400000|100%| O|  |TAMS 0x00000000da3ae000, 0x00000000da300000| Untracked 
| 148|0x00000000da400000, 0x00000000da500000, 0x00000000da500000|100%| O|  |TAMS 0x00000000da400000, 0x00000000da400000| Untracked 
| 149|0x00000000da500000, 0x00000000da600000, 0x00000000da600000|100%| O|  |TAMS 0x00000000da500000, 0x00000000da500000| Untracked 
| 150|0x00000000da600000, 0x00000000da700000, 0x00000000da700000|100%| O|  |TAMS 0x00000000da600000, 0x00000000da600000| Untracked 
| 151|0x00000000da700000, 0x00000000da800000, 0x00000000da800000|100%| O|  |TAMS 0x00000000da700000, 0x00000000da700000| Untracked 
| 152|0x00000000da800000, 0x00000000da900000, 0x00000000da900000|100%| O|  |TAMS 0x00000000da800000, 0x00000000da800000| Untracked 
| 153|0x00000000da900000, 0x00000000daa00000, 0x00000000daa00000|100%| O|  |TAMS 0x00000000da900000, 0x00000000da900000| Untracked 
| 154|0x00000000daa00000, 0x00000000dab00000, 0x00000000dab00000|100%| O|  |TAMS 0x00000000daa00000, 0x00000000daa00000| Untracked 
| 155|0x00000000dab00000, 0x00000000dac00000, 0x00000000dac00000|100%| O|  |TAMS 0x00000000dab00000, 0x00000000dab00000| Untracked 
| 156|0x00000000dac00000, 0x00000000dad00000, 0x00000000dad00000|100%| O|  |TAMS 0x00000000dac00000, 0x00000000dac00000| Untracked 
| 157|0x00000000dad00000, 0x00000000dae00000, 0x00000000dae00000|100%| O|  |TAMS 0x00000000dad00000, 0x00000000dad00000| Untracked 
| 158|0x00000000dae00000, 0x00000000daf00000, 0x00000000daf00000|100%| O|  |TAMS 0x00000000dae00000, 0x00000000dae00000| Untracked 
| 159|0x00000000daf00000, 0x00000000db000000, 0x00000000db000000|100%| O|  |TAMS 0x00000000daf00000, 0x00000000daf00000| Untracked 
| 160|0x00000000db000000, 0x00000000db100000, 0x00000000db100000|100%| O|  |TAMS 0x00000000db000000, 0x00000000db000000| Untracked 
| 161|0x00000000db100000, 0x00000000db200000, 0x00000000db200000|100%| O|  |TAMS 0x00000000db100000, 0x00000000db100000| Untracked 
| 162|0x00000000db200000, 0x00000000db300000, 0x00000000db300000|100%| O|  |TAMS 0x00000000db200000, 0x00000000db200000| Untracked 
| 163|0x00000000db300000, 0x00000000db400000, 0x00000000db400000|100%| O|  |TAMS 0x00000000db300000, 0x00000000db300000| Untracked 
| 164|0x00000000db400000, 0x00000000db500000, 0x00000000db500000|100%| O|  |TAMS 0x00000000db400000, 0x00000000db400000| Untracked 
| 165|0x00000000db500000, 0x00000000db600000, 0x00000000db600000|100%| O|  |TAMS 0x00000000db500000, 0x00000000db500000| Untracked 
| 166|0x00000000db600000, 0x00000000db700000, 0x00000000db700000|100%| O|  |TAMS 0x00000000db600000, 0x00000000db600000| Untracked 
| 167|0x00000000db700000, 0x00000000db800000, 0x00000000db800000|100%| O|  |TAMS 0x00000000db700000, 0x00000000db700000| Untracked 
| 168|0x00000000db800000, 0x00000000db900000, 0x00000000db900000|100%| O|  |TAMS 0x00000000db800000, 0x00000000db800000| Untracked 
| 169|0x00000000db900000, 0x00000000dba00000, 0x00000000dba00000|100%| O|  |TAMS 0x00000000db900000, 0x00000000db900000| Untracked 
| 170|0x00000000dba00000, 0x00000000dbb00000, 0x00000000dbb00000|100%| O|  |TAMS 0x00000000dba00000, 0x00000000dba00000| Untracked 
| 171|0x00000000dbb00000, 0x00000000dbc00000, 0x00000000dbc00000|100%| O|  |TAMS 0x00000000dbb00000, 0x00000000dbb00000| Untracked 
| 172|0x00000000dbc00000, 0x00000000dbd00000, 0x00000000dbd00000|100%| O|  |TAMS 0x00000000dbc00000, 0x00000000dbc00000| Untracked 
| 173|0x00000000dbd00000, 0x00000000dbe00000, 0x00000000dbe00000|100%| O|  |TAMS 0x00000000dbd00000, 0x00000000dbd00000| Untracked 
| 174|0x00000000dbe00000, 0x00000000dbf00000, 0x00000000dbf00000|100%| O|  |TAMS 0x00000000dbe00000, 0x00000000dbe00000| Untracked 
| 175|0x00000000dbf00000, 0x00000000dc000000, 0x00000000dc000000|100%| O|  |TAMS 0x00000000dbf00000, 0x00000000dbf00000| Untracked 
| 176|0x00000000dc000000, 0x00000000dc100000, 0x00000000dc100000|100%| O|  |TAMS 0x00000000dc000000, 0x00000000dc000000| Untracked 
| 177|0x00000000dc100000, 0x00000000dc1a0400, 0x00000000dc200000| 62%| O|  |TAMS 0x00000000dc100000, 0x00000000dc100000| Untracked 
| 178|0x00000000dc200000, 0x00000000dc200000, 0x00000000dc300000|  0%| F|  |TAMS 0x00000000dc200000, 0x00000000dc200000| Untracked 
| 179|0x00000000dc300000, 0x00000000dc300000, 0x00000000dc400000|  0%| F|  |TAMS 0x00000000dc300000, 0x00000000dc300000| Untracked 
| 180|0x00000000dc400000, 0x00000000dc400000, 0x00000000dc500000|  0%| F|  |TAMS 0x00000000dc400000, 0x00000000dc400000| Untracked 
| 181|0x00000000dc500000, 0x00000000dc500000, 0x00000000dc600000|  0%| F|  |TAMS 0x00000000dc500000, 0x00000000dc500000| Untracked 
| 182|0x00000000dc600000, 0x00000000dc600000, 0x00000000dc700000|  0%| F|  |TAMS 0x00000000dc600000, 0x00000000dc600000| Untracked 
| 183|0x00000000dc700000, 0x00000000dc700000, 0x00000000dc800000|  0%| F|  |TAMS 0x00000000dc700000, 0x00000000dc700000| Untracked 
| 184|0x00000000dc800000, 0x00000000dc800000, 0x00000000dc900000|  0%| F|  |TAMS 0x00000000dc800000, 0x00000000dc800000| Untracked 
| 185|0x00000000dc900000, 0x00000000dc900000, 0x00000000dca00000|  0%| F|  |TAMS 0x00000000dc900000, 0x00000000dc900000| Untracked 
| 186|0x00000000dca00000, 0x00000000dca00000, 0x00000000dcb00000|  0%| F|  |TAMS 0x00000000dca00000, 0x00000000dca00000| Untracked 
| 187|0x00000000dcb00000, 0x00000000dcb00000, 0x00000000dcc00000|  0%| F|  |TAMS 0x00000000dcb00000, 0x00000000dcb00000| Untracked 
| 188|0x00000000dcc00000, 0x00000000dcc00000, 0x00000000dcd00000|  0%| F|  |TAMS 0x00000000dcc00000, 0x00000000dcc00000| Untracked 
| 189|0x00000000dcd00000, 0x00000000dcd00000, 0x00000000dce00000|  0%| F|  |TAMS 0x00000000dcd00000, 0x00000000dcd00000| Untracked 
| 190|0x00000000dce00000, 0x00000000dce00000, 0x00000000dcf00000|  0%| F|  |TAMS 0x00000000dce00000, 0x00000000dce00000| Untracked 
| 191|0x00000000dcf00000, 0x00000000dcf00000, 0x00000000dd000000|  0%| F|  |TAMS 0x00000000dcf00000, 0x00000000dcf00000| Untracked 
| 192|0x00000000dd000000, 0x00000000dd000000, 0x00000000dd100000|  0%| F|  |TAMS 0x00000000dd000000, 0x00000000dd000000| Untracked 
| 193|0x00000000dd100000, 0x00000000dd100000, 0x00000000dd200000|  0%| F|  |TAMS 0x00000000dd100000, 0x00000000dd100000| Untracked 
| 194|0x00000000dd200000, 0x00000000dd200000, 0x00000000dd300000|  0%| F|  |TAMS 0x00000000dd200000, 0x00000000dd200000| Untracked 
| 195|0x00000000dd300000, 0x00000000dd300000, 0x00000000dd400000|  0%| F|  |TAMS 0x00000000dd300000, 0x00000000dd300000| Untracked 
| 196|0x00000000dd400000, 0x00000000dd400000, 0x00000000dd500000|  0%| F|  |TAMS 0x00000000dd400000, 0x00000000dd400000| Untracked 
| 197|0x00000000dd500000, 0x00000000dd500000, 0x00000000dd600000|  0%| F|  |TAMS 0x00000000dd500000, 0x00000000dd500000| Untracked 
| 198|0x00000000dd600000, 0x00000000dd600000, 0x00000000dd700000|  0%| F|  |TAMS 0x00000000dd600000, 0x00000000dd600000| Untracked 
| 199|0x00000000dd700000, 0x00000000dd700000, 0x00000000dd800000|  0%| F|  |TAMS 0x00000000dd700000, 0x00000000dd700000| Untracked 
| 200|0x00000000dd800000, 0x00000000dd800000, 0x00000000dd900000|  0%| F|  |TAMS 0x00000000dd800000, 0x00000000dd800000| Untracked 
| 201|0x00000000dd900000, 0x00000000dd900000, 0x00000000dda00000|  0%| F|  |TAMS 0x00000000dd900000, 0x00000000dd900000| Untracked 
| 202|0x00000000dda00000, 0x00000000dda00000, 0x00000000ddb00000|  0%| F|  |TAMS 0x00000000dda00000, 0x00000000dda00000| Untracked 
| 203|0x00000000ddb00000, 0x00000000ddb00000, 0x00000000ddc00000|  0%| F|  |TAMS 0x00000000ddb00000, 0x00000000ddb00000| Untracked 
| 204|0x00000000ddc00000, 0x00000000ddc00000, 0x00000000ddd00000|  0%| F|  |TAMS 0x00000000ddc00000, 0x00000000ddc00000| Untracked 
| 205|0x00000000ddd00000, 0x00000000ddd00000, 0x00000000dde00000|  0%| F|  |TAMS 0x00000000ddd00000, 0x00000000ddd00000| Untracked 
| 206|0x00000000dde00000, 0x00000000dde00000, 0x00000000ddf00000|  0%| F|  |TAMS 0x00000000dde00000, 0x00000000dde00000| Untracked 
| 207|0x00000000ddf00000, 0x00000000ddf00000, 0x00000000de000000|  0%| F|  |TAMS 0x00000000ddf00000, 0x00000000ddf00000| Untracked 
| 208|0x00000000de000000, 0x00000000de000000, 0x00000000de100000|  0%| F|  |TAMS 0x00000000de000000, 0x00000000de000000| Untracked 
| 209|0x00000000de100000, 0x00000000de100000, 0x00000000de200000|  0%| F|  |TAMS 0x00000000de100000, 0x00000000de100000| Untracked 
| 210|0x00000000de200000, 0x00000000de200000, 0x00000000de300000|  0%| F|  |TAMS 0x00000000de200000, 0x00000000de200000| Untracked 
| 211|0x00000000de300000, 0x00000000de300000, 0x00000000de400000|  0%| F|  |TAMS 0x00000000de300000, 0x00000000de300000| Untracked 
| 212|0x00000000de400000, 0x00000000de400000, 0x00000000de500000|  0%| F|  |TAMS 0x00000000de400000, 0x00000000de400000| Untracked 
| 213|0x00000000de500000, 0x00000000de500000, 0x00000000de600000|  0%| F|  |TAMS 0x00000000de500000, 0x00000000de500000| Untracked 
| 214|0x00000000de600000, 0x00000000de600000, 0x00000000de700000|  0%| F|  |TAMS 0x00000000de600000, 0x00000000de600000| Untracked 
| 215|0x00000000de700000, 0x00000000de700000, 0x00000000de800000|  0%| F|  |TAMS 0x00000000de700000, 0x00000000de700000| Untracked 
| 216|0x00000000de800000, 0x00000000de800000, 0x00000000de900000|  0%| F|  |TAMS 0x00000000de800000, 0x00000000de800000| Untracked 
| 217|0x00000000de900000, 0x00000000de900000, 0x00000000dea00000|  0%| F|  |TAMS 0x00000000de900000, 0x00000000de900000| Untracked 
| 218|0x00000000dea00000, 0x00000000dea00000, 0x00000000deb00000|  0%| F|  |TAMS 0x00000000dea00000, 0x00000000dea00000| Untracked 
| 219|0x00000000deb00000, 0x00000000deb00000, 0x00000000dec00000|  0%| F|  |TAMS 0x00000000deb00000, 0x00000000deb00000| Untracked 
| 220|0x00000000dec00000, 0x00000000dec00000, 0x00000000ded00000|  0%| F|  |TAMS 0x00000000dec00000, 0x00000000dec00000| Untracked 
| 221|0x00000000ded00000, 0x00000000ded00000, 0x00000000dee00000|  0%| F|  |TAMS 0x00000000ded00000, 0x00000000ded00000| Untracked 
| 222|0x00000000dee00000, 0x00000000dee00000, 0x00000000def00000|  0%| F|  |TAMS 0x00000000dee00000, 0x00000000dee00000| Untracked 
| 223|0x00000000def00000, 0x00000000def00000, 0x00000000df000000|  0%| F|  |TAMS 0x00000000def00000, 0x00000000def00000| Untracked 
| 224|0x00000000df000000, 0x00000000df000000, 0x00000000df100000|  0%| F|  |TAMS 0x00000000df000000, 0x00000000df000000| Untracked 
| 225|0x00000000df100000, 0x00000000df100000, 0x00000000df200000|  0%| F|  |TAMS 0x00000000df100000, 0x00000000df100000| Untracked 
| 226|0x00000000df200000, 0x00000000df200000, 0x00000000df300000|  0%| F|  |TAMS 0x00000000df200000, 0x00000000df200000| Untracked 
| 227|0x00000000df300000, 0x00000000df300000, 0x00000000df400000|  0%| F|  |TAMS 0x00000000df300000, 0x00000000df300000| Untracked 
| 228|0x00000000df400000, 0x00000000df400000, 0x00000000df500000|  0%| F|  |TAMS 0x00000000df400000, 0x00000000df400000| Untracked 
| 229|0x00000000df500000, 0x00000000df500000, 0x00000000df600000|  0%| F|  |TAMS 0x00000000df500000, 0x00000000df500000| Untracked 
| 230|0x00000000df600000, 0x00000000df6307b8, 0x00000000df700000| 18%| S|CS|TAMS 0x00000000df600000, 0x00000000df600000| Complete 
| 231|0x00000000df700000, 0x00000000df800000, 0x00000000df800000|100%| S|CS|TAMS 0x00000000df700000, 0x00000000df700000| Complete 
| 232|0x00000000df800000, 0x00000000df900000, 0x00000000df900000|100%| S|CS|TAMS 0x00000000df800000, 0x00000000df800000| Complete 
| 233|0x00000000df900000, 0x00000000dfa00000, 0x00000000dfa00000|100%| S|CS|TAMS 0x00000000df900000, 0x00000000df900000| Complete 
| 234|0x00000000dfa00000, 0x00000000dfb00000, 0x00000000dfb00000|100%| S|CS|TAMS 0x00000000dfa00000, 0x00000000dfa00000| Complete 
| 235|0x00000000dfb00000, 0x00000000dfc00000, 0x00000000dfc00000|100%| S|CS|TAMS 0x00000000dfb00000, 0x00000000dfb00000| Complete 
| 236|0x00000000dfc00000, 0x00000000dfd00000, 0x00000000dfd00000|100%| S|CS|TAMS 0x00000000dfc00000, 0x00000000dfc00000| Complete 
| 237|0x00000000dfd00000, 0x00000000dfd00000, 0x00000000dfe00000|  0%| F|  |TAMS 0x00000000dfd00000, 0x00000000dfd00000| Untracked 
| 238|0x00000000dfe00000, 0x00000000dfe00000, 0x00000000dff00000|  0%| F|  |TAMS 0x00000000dfe00000, 0x00000000dfe00000| Untracked 
| 239|0x00000000dff00000, 0x00000000dff00000, 0x00000000e0000000|  0%| F|  |TAMS 0x00000000dff00000, 0x00000000dff00000| Untracked 
| 240|0x00000000e0000000, 0x00000000e0000000, 0x00000000e0100000|  0%| F|  |TAMS 0x00000000e0000000, 0x00000000e0000000| Untracked 
| 241|0x00000000e0100000, 0x00000000e0100000, 0x00000000e0200000|  0%| F|  |TAMS 0x00000000e0100000, 0x00000000e0100000| Untracked 
| 242|0x00000000e0200000, 0x00000000e0200000, 0x00000000e0300000|  0%| F|  |TAMS 0x00000000e0200000, 0x00000000e0200000| Untracked 
| 243|0x00000000e0300000, 0x00000000e0300000, 0x00000000e0400000|  0%| F|  |TAMS 0x00000000e0300000, 0x00000000e0300000| Untracked 
| 244|0x00000000e0400000, 0x00000000e0400000, 0x00000000e0500000|  0%| F|  |TAMS 0x00000000e0400000, 0x00000000e0400000| Untracked 
| 245|0x00000000e0500000, 0x00000000e0500000, 0x00000000e0600000|  0%| F|  |TAMS 0x00000000e0500000, 0x00000000e0500000| Untracked 
| 246|0x00000000e0600000, 0x00000000e0600000, 0x00000000e0700000|  0%| F|  |TAMS 0x00000000e0600000, 0x00000000e0600000| Untracked 
| 247|0x00000000e0700000, 0x00000000e0700000, 0x00000000e0800000|  0%| F|  |TAMS 0x00000000e0700000, 0x00000000e0700000| Untracked 
| 248|0x00000000e0800000, 0x00000000e0800000, 0x00000000e0900000|  0%| F|  |TAMS 0x00000000e0800000, 0x00000000e0800000| Untracked 
| 249|0x00000000e0900000, 0x00000000e0900000, 0x00000000e0a00000|  0%| F|  |TAMS 0x00000000e0900000, 0x00000000e0900000| Untracked 
| 250|0x00000000e0a00000, 0x00000000e0a00000, 0x00000000e0b00000|  0%| F|  |TAMS 0x00000000e0a00000, 0x00000000e0a00000| Untracked 
| 251|0x00000000e0b00000, 0x00000000e0b00000, 0x00000000e0c00000|  0%| F|  |TAMS 0x00000000e0b00000, 0x00000000e0b00000| Untracked 
| 252|0x00000000e0c00000, 0x00000000e0c00000, 0x00000000e0d00000|  0%| F|  |TAMS 0x00000000e0c00000, 0x00000000e0c00000| Untracked 
| 253|0x00000000e0d00000, 0x00000000e0d00000, 0x00000000e0e00000|  0%| F|  |TAMS 0x00000000e0d00000, 0x00000000e0d00000| Untracked 
| 254|0x00000000e0e00000, 0x00000000e0e00000, 0x00000000e0f00000|  0%| F|  |TAMS 0x00000000e0e00000, 0x00000000e0e00000| Untracked 
| 255|0x00000000e0f00000, 0x00000000e0f00000, 0x00000000e1000000|  0%| F|  |TAMS 0x00000000e0f00000, 0x00000000e0f00000| Untracked 
| 256|0x00000000e1000000, 0x00000000e1000000, 0x00000000e1100000|  0%| F|  |TAMS 0x00000000e1000000, 0x00000000e1000000| Untracked 
| 257|0x00000000e1100000, 0x00000000e1100000, 0x00000000e1200000|  0%| F|  |TAMS 0x00000000e1100000, 0x00000000e1100000| Untracked 
| 258|0x00000000e1200000, 0x00000000e1200000, 0x00000000e1300000|  0%| F|  |TAMS 0x00000000e1200000, 0x00000000e1200000| Untracked 
| 259|0x00000000e1300000, 0x00000000e1300000, 0x00000000e1400000|  0%| F|  |TAMS 0x00000000e1300000, 0x00000000e1300000| Untracked 
| 260|0x00000000e1400000, 0x00000000e1400000, 0x00000000e1500000|  0%| F|  |TAMS 0x00000000e1400000, 0x00000000e1400000| Untracked 
| 261|0x00000000e1500000, 0x00000000e1500000, 0x00000000e1600000|  0%| F|  |TAMS 0x00000000e1500000, 0x00000000e1500000| Untracked 
| 262|0x00000000e1600000, 0x00000000e1600000, 0x00000000e1700000|  0%| F|  |TAMS 0x00000000e1600000, 0x00000000e1600000| Untracked 
| 263|0x00000000e1700000, 0x00000000e1700000, 0x00000000e1800000|  0%| F|  |TAMS 0x00000000e1700000, 0x00000000e1700000| Untracked 
| 264|0x00000000e1800000, 0x00000000e1800000, 0x00000000e1900000|  0%| F|  |TAMS 0x00000000e1800000, 0x00000000e1800000| Untracked 
| 265|0x00000000e1900000, 0x00000000e1900000, 0x00000000e1a00000|  0%| F|  |TAMS 0x00000000e1900000, 0x00000000e1900000| Untracked 
| 266|0x00000000e1a00000, 0x00000000e1a00000, 0x00000000e1b00000|  0%| F|  |TAMS 0x00000000e1a00000, 0x00000000e1a00000| Untracked 
| 267|0x00000000e1b00000, 0x00000000e1b00000, 0x00000000e1c00000|  0%| F|  |TAMS 0x00000000e1b00000, 0x00000000e1b00000| Untracked 
| 268|0x00000000e1c00000, 0x00000000e1c00000, 0x00000000e1d00000|  0%| F|  |TAMS 0x00000000e1c00000, 0x00000000e1c00000| Untracked 
| 269|0x00000000e1d00000, 0x00000000e1d00000, 0x00000000e1e00000|  0%| F|  |TAMS 0x00000000e1d00000, 0x00000000e1d00000| Untracked 
| 270|0x00000000e1e00000, 0x00000000e1e00000, 0x00000000e1f00000|  0%| F|  |TAMS 0x00000000e1e00000, 0x00000000e1e00000| Untracked 
| 271|0x00000000e1f00000, 0x00000000e1f00000, 0x00000000e2000000|  0%| F|  |TAMS 0x00000000e1f00000, 0x00000000e1f00000| Untracked 
| 272|0x00000000e2000000, 0x00000000e2000000, 0x00000000e2100000|  0%| F|  |TAMS 0x00000000e2000000, 0x00000000e2000000| Untracked 
| 273|0x00000000e2100000, 0x00000000e2100000, 0x00000000e2200000|  0%| F|  |TAMS 0x00000000e2100000, 0x00000000e2100000| Untracked 
| 274|0x00000000e2200000, 0x00000000e2200000, 0x00000000e2300000|  0%| F|  |TAMS 0x00000000e2200000, 0x00000000e2200000| Untracked 
| 275|0x00000000e2300000, 0x00000000e2300000, 0x00000000e2400000|  0%| F|  |TAMS 0x00000000e2300000, 0x00000000e2300000| Untracked 
| 276|0x00000000e2400000, 0x00000000e2400000, 0x00000000e2500000|  0%| F|  |TAMS 0x00000000e2400000, 0x00000000e2400000| Untracked 
| 277|0x00000000e2500000, 0x00000000e2500000, 0x00000000e2600000|  0%| F|  |TAMS 0x00000000e2500000, 0x00000000e2500000| Untracked 
| 278|0x00000000e2600000, 0x00000000e2600000, 0x00000000e2700000|  0%| F|  |TAMS 0x00000000e2600000, 0x00000000e2600000| Untracked 
| 279|0x00000000e2700000, 0x00000000e2700000, 0x00000000e2800000|  0%| F|  |TAMS 0x00000000e2700000, 0x00000000e2700000| Untracked 
| 280|0x00000000e2800000, 0x00000000e2800000, 0x00000000e2900000|  0%| F|  |TAMS 0x00000000e2800000, 0x00000000e2800000| Untracked 
| 281|0x00000000e2900000, 0x00000000e2900000, 0x00000000e2a00000|  0%| F|  |TAMS 0x00000000e2900000, 0x00000000e2900000| Untracked 
| 282|0x00000000e2a00000, 0x00000000e2a00000, 0x00000000e2b00000|  0%| F|  |TAMS 0x00000000e2a00000, 0x00000000e2a00000| Untracked 
| 283|0x00000000e2b00000, 0x00000000e2b00000, 0x00000000e2c00000|  0%| F|  |TAMS 0x00000000e2b00000, 0x00000000e2b00000| Untracked 
| 284|0x00000000e2c00000, 0x00000000e2c00000, 0x00000000e2d00000|  0%| F|  |TAMS 0x00000000e2c00000, 0x00000000e2c00000| Untracked 
| 285|0x00000000e2d00000, 0x00000000e2d00000, 0x00000000e2e00000|  0%| F|  |TAMS 0x00000000e2d00000, 0x00000000e2d00000| Untracked 
| 286|0x00000000e2e00000, 0x00000000e2e00000, 0x00000000e2f00000|  0%| F|  |TAMS 0x00000000e2e00000, 0x00000000e2e00000| Untracked 
| 287|0x00000000e2f00000, 0x00000000e2f00000, 0x00000000e3000000|  0%| F|  |TAMS 0x00000000e2f00000, 0x00000000e2f00000| Untracked 
| 288|0x00000000e3000000, 0x00000000e3000000, 0x00000000e3100000|  0%| F|  |TAMS 0x00000000e3000000, 0x00000000e3000000| Untracked 
| 289|0x00000000e3100000, 0x00000000e3100000, 0x00000000e3200000|  0%| F|  |TAMS 0x00000000e3100000, 0x00000000e3100000| Untracked 
| 290|0x00000000e3200000, 0x00000000e3200000, 0x00000000e3300000|  0%| F|  |TAMS 0x00000000e3200000, 0x00000000e3200000| Untracked 
| 291|0x00000000e3300000, 0x00000000e3300000, 0x00000000e3400000|  0%| F|  |TAMS 0x00000000e3300000, 0x00000000e3300000| Untracked 
| 292|0x00000000e3400000, 0x00000000e3400000, 0x00000000e3500000|  0%| F|  |TAMS 0x00000000e3400000, 0x00000000e3400000| Untracked 
| 293|0x00000000e3500000, 0x00000000e3500000, 0x00000000e3600000|  0%| F|  |TAMS 0x00000000e3500000, 0x00000000e3500000| Untracked 
| 294|0x00000000e3600000, 0x00000000e3600000, 0x00000000e3700000|  0%| F|  |TAMS 0x00000000e3600000, 0x00000000e3600000| Untracked 
| 295|0x00000000e3700000, 0x00000000e3700000, 0x00000000e3800000|  0%| F|  |TAMS 0x00000000e3700000, 0x00000000e3700000| Untracked 
| 296|0x00000000e3800000, 0x00000000e3800000, 0x00000000e3900000|  0%| F|  |TAMS 0x00000000e3800000, 0x00000000e3800000| Untracked 
| 297|0x00000000e3900000, 0x00000000e3900000, 0x00000000e3a00000|  0%| F|  |TAMS 0x00000000e3900000, 0x00000000e3900000| Untracked 
| 298|0x00000000e3a00000, 0x00000000e3a00000, 0x00000000e3b00000|  0%| F|  |TAMS 0x00000000e3a00000, 0x00000000e3a00000| Untracked 
| 299|0x00000000e3b00000, 0x00000000e3b00000, 0x00000000e3c00000|  0%| F|  |TAMS 0x00000000e3b00000, 0x00000000e3b00000| Untracked 
| 300|0x00000000e3c00000, 0x00000000e3c00000, 0x00000000e3d00000|  0%| F|  |TAMS 0x00000000e3c00000, 0x00000000e3c00000| Untracked 
| 301|0x00000000e3d00000, 0x00000000e3d00000, 0x00000000e3e00000|  0%| F|  |TAMS 0x00000000e3d00000, 0x00000000e3d00000| Untracked 
| 302|0x00000000e3e00000, 0x00000000e3e00000, 0x00000000e3f00000|  0%| F|  |TAMS 0x00000000e3e00000, 0x00000000e3e00000| Untracked 
| 303|0x00000000e3f00000, 0x00000000e3f00000, 0x00000000e4000000|  0%| F|  |TAMS 0x00000000e3f00000, 0x00000000e3f00000| Untracked 
| 304|0x00000000e4000000, 0x00000000e4000000, 0x00000000e4100000|  0%| F|  |TAMS 0x00000000e4000000, 0x00000000e4000000| Untracked 
| 305|0x00000000e4100000, 0x00000000e4100000, 0x00000000e4200000|  0%| F|  |TAMS 0x00000000e4100000, 0x00000000e4100000| Untracked 
| 306|0x00000000e4200000, 0x00000000e4200000, 0x00000000e4300000|  0%| F|  |TAMS 0x00000000e4200000, 0x00000000e4200000| Untracked 
| 307|0x00000000e4300000, 0x00000000e4300000, 0x00000000e4400000|  0%| F|  |TAMS 0x00000000e4300000, 0x00000000e4300000| Untracked 
| 308|0x00000000e4400000, 0x00000000e4400000, 0x00000000e4500000|  0%| F|  |TAMS 0x00000000e4400000, 0x00000000e4400000| Untracked 
| 309|0x00000000e4500000, 0x00000000e4500000, 0x00000000e4600000|  0%| F|  |TAMS 0x00000000e4500000, 0x00000000e4500000| Untracked 
| 310|0x00000000e4600000, 0x00000000e4600000, 0x00000000e4700000|  0%| F|  |TAMS 0x00000000e4600000, 0x00000000e4600000| Untracked 
| 311|0x00000000e4700000, 0x00000000e4700000, 0x00000000e4800000|  0%| F|  |TAMS 0x00000000e4700000, 0x00000000e4700000| Untracked 
| 312|0x00000000e4800000, 0x00000000e4800000, 0x00000000e4900000|  0%| F|  |TAMS 0x00000000e4800000, 0x00000000e4800000| Untracked 
| 313|0x00000000e4900000, 0x00000000e4900000, 0x00000000e4a00000|  0%| F|  |TAMS 0x00000000e4900000, 0x00000000e4900000| Untracked 
| 314|0x00000000e4a00000, 0x00000000e4a00000, 0x00000000e4b00000|  0%| F|  |TAMS 0x00000000e4a00000, 0x00000000e4a00000| Untracked 
| 315|0x00000000e4b00000, 0x00000000e4b00000, 0x00000000e4c00000|  0%| F|  |TAMS 0x00000000e4b00000, 0x00000000e4b00000| Untracked 
| 316|0x00000000e4c00000, 0x00000000e4c00000, 0x00000000e4d00000|  0%| F|  |TAMS 0x00000000e4c00000, 0x00000000e4c00000| Untracked 
| 317|0x00000000e4d00000, 0x00000000e4d00000, 0x00000000e4e00000|  0%| F|  |TAMS 0x00000000e4d00000, 0x00000000e4d00000| Untracked 
| 318|0x00000000e4e00000, 0x00000000e4e00000, 0x00000000e4f00000|  0%| F|  |TAMS 0x00000000e4e00000, 0x00000000e4e00000| Untracked 
| 319|0x00000000e4f00000, 0x00000000e4f00000, 0x00000000e5000000|  0%| F|  |TAMS 0x00000000e4f00000, 0x00000000e4f00000| Untracked 
| 320|0x00000000e5000000, 0x00000000e5000000, 0x00000000e5100000|  0%| F|  |TAMS 0x00000000e5000000, 0x00000000e5000000| Untracked 
| 321|0x00000000e5100000, 0x00000000e5100000, 0x00000000e5200000|  0%| F|  |TAMS 0x00000000e5100000, 0x00000000e5100000| Untracked 
| 322|0x00000000e5200000, 0x00000000e5200000, 0x00000000e5300000|  0%| F|  |TAMS 0x00000000e5200000, 0x00000000e5200000| Untracked 
| 323|0x00000000e5300000, 0x00000000e5300000, 0x00000000e5400000|  0%| F|  |TAMS 0x00000000e5300000, 0x00000000e5300000| Untracked 
| 324|0x00000000e5400000, 0x00000000e5400000, 0x00000000e5500000|  0%| F|  |TAMS 0x00000000e5400000, 0x00000000e5400000| Untracked 
| 325|0x00000000e5500000, 0x00000000e5500000, 0x00000000e5600000|  0%| F|  |TAMS 0x00000000e5500000, 0x00000000e5500000| Untracked 
| 326|0x00000000e5600000, 0x00000000e5600000, 0x00000000e5700000|  0%| F|  |TAMS 0x00000000e5600000, 0x00000000e5600000| Untracked 
| 327|0x00000000e5700000, 0x00000000e5700000, 0x00000000e5800000|  0%| F|  |TAMS 0x00000000e5700000, 0x00000000e5700000| Untracked 
| 328|0x00000000e5800000, 0x00000000e5800000, 0x00000000e5900000|  0%| F|  |TAMS 0x00000000e5800000, 0x00000000e5800000| Untracked 
| 329|0x00000000e5900000, 0x00000000e5900000, 0x00000000e5a00000|  0%| F|  |TAMS 0x00000000e5900000, 0x00000000e5900000| Untracked 
| 330|0x00000000e5a00000, 0x00000000e5a00000, 0x00000000e5b00000|  0%| F|  |TAMS 0x00000000e5a00000, 0x00000000e5a00000| Untracked 
| 331|0x00000000e5b00000, 0x00000000e5b00000, 0x00000000e5c00000|  0%| F|  |TAMS 0x00000000e5b00000, 0x00000000e5b00000| Untracked 
| 332|0x00000000e5c00000, 0x00000000e5c00000, 0x00000000e5d00000|  0%| F|  |TAMS 0x00000000e5c00000, 0x00000000e5c00000| Untracked 
| 333|0x00000000e5d00000, 0x00000000e5d00000, 0x00000000e5e00000|  0%| F|  |TAMS 0x00000000e5d00000, 0x00000000e5d00000| Untracked 
| 334|0x00000000e5e00000, 0x00000000e5e00000, 0x00000000e5f00000|  0%| F|  |TAMS 0x00000000e5e00000, 0x00000000e5e00000| Untracked 
| 335|0x00000000e5f00000, 0x00000000e5f00000, 0x00000000e6000000|  0%| F|  |TAMS 0x00000000e5f00000, 0x00000000e5f00000| Untracked 
| 336|0x00000000e6000000, 0x00000000e6000000, 0x00000000e6100000|  0%| F|  |TAMS 0x00000000e6000000, 0x00000000e6000000| Untracked 
| 337|0x00000000e6100000, 0x00000000e6100000, 0x00000000e6200000|  0%| F|  |TAMS 0x00000000e6100000, 0x00000000e6100000| Untracked 
| 338|0x00000000e6200000, 0x00000000e6200000, 0x00000000e6300000|  0%| F|  |TAMS 0x00000000e6200000, 0x00000000e6200000| Untracked 
| 339|0x00000000e6300000, 0x00000000e6300000, 0x00000000e6400000|  0%| F|  |TAMS 0x00000000e6300000, 0x00000000e6300000| Untracked 
| 340|0x00000000e6400000, 0x00000000e6400000, 0x00000000e6500000|  0%| F|  |TAMS 0x00000000e6400000, 0x00000000e6400000| Untracked 
| 341|0x00000000e6500000, 0x00000000e6500000, 0x00000000e6600000|  0%| F|  |TAMS 0x00000000e6500000, 0x00000000e6500000| Untracked 
| 342|0x00000000e6600000, 0x00000000e6600000, 0x00000000e6700000|  0%| F|  |TAMS 0x00000000e6600000, 0x00000000e6600000| Untracked 
| 343|0x00000000e6700000, 0x00000000e6700000, 0x00000000e6800000|  0%| F|  |TAMS 0x00000000e6700000, 0x00000000e6700000| Untracked 
| 344|0x00000000e6800000, 0x00000000e6800000, 0x00000000e6900000|  0%| F|  |TAMS 0x00000000e6800000, 0x00000000e6800000| Untracked 
| 345|0x00000000e6900000, 0x00000000e6900000, 0x00000000e6a00000|  0%| F|  |TAMS 0x00000000e6900000, 0x00000000e6900000| Untracked 
| 346|0x00000000e6a00000, 0x00000000e6a00000, 0x00000000e6b00000|  0%| F|  |TAMS 0x00000000e6a00000, 0x00000000e6a00000| Untracked 
| 347|0x00000000e6b00000, 0x00000000e6b00000, 0x00000000e6c00000|  0%| F|  |TAMS 0x00000000e6b00000, 0x00000000e6b00000| Untracked 
| 348|0x00000000e6c00000, 0x00000000e6c00000, 0x00000000e6d00000|  0%| F|  |TAMS 0x00000000e6c00000, 0x00000000e6c00000| Untracked 
| 349|0x00000000e6d00000, 0x00000000e6d00000, 0x00000000e6e00000|  0%| F|  |TAMS 0x00000000e6d00000, 0x00000000e6d00000| Untracked 
| 350|0x00000000e6e00000, 0x00000000e6e00000, 0x00000000e6f00000|  0%| F|  |TAMS 0x00000000e6e00000, 0x00000000e6e00000| Untracked 
| 351|0x00000000e6f00000, 0x00000000e6f00000, 0x00000000e7000000|  0%| F|  |TAMS 0x00000000e6f00000, 0x00000000e6f00000| Untracked 
| 352|0x00000000e7000000, 0x00000000e7000000, 0x00000000e7100000|  0%| F|  |TAMS 0x00000000e7000000, 0x00000000e7000000| Untracked 
| 353|0x00000000e7100000, 0x00000000e7100000, 0x00000000e7200000|  0%| F|  |TAMS 0x00000000e7100000, 0x00000000e7100000| Untracked 
| 354|0x00000000e7200000, 0x00000000e7200000, 0x00000000e7300000|  0%| F|  |TAMS 0x00000000e7200000, 0x00000000e7200000| Untracked 
| 355|0x00000000e7300000, 0x00000000e7300000, 0x00000000e7400000|  0%| F|  |TAMS 0x00000000e7300000, 0x00000000e7300000| Untracked 
| 356|0x00000000e7400000, 0x00000000e7400000, 0x00000000e7500000|  0%| F|  |TAMS 0x00000000e7400000, 0x00000000e7400000| Untracked 
| 357|0x00000000e7500000, 0x00000000e7500000, 0x00000000e7600000|  0%| F|  |TAMS 0x00000000e7500000, 0x00000000e7500000| Untracked 
| 358|0x00000000e7600000, 0x00000000e7600000, 0x00000000e7700000|  0%| F|  |TAMS 0x00000000e7600000, 0x00000000e7600000| Untracked 
| 359|0x00000000e7700000, 0x00000000e7700000, 0x00000000e7800000|  0%| F|  |TAMS 0x00000000e7700000, 0x00000000e7700000| Untracked 
| 360|0x00000000e7800000, 0x00000000e7800000, 0x00000000e7900000|  0%| F|  |TAMS 0x00000000e7800000, 0x00000000e7800000| Untracked 
| 361|0x00000000e7900000, 0x00000000e7900000, 0x00000000e7a00000|  0%| F|  |TAMS 0x00000000e7900000, 0x00000000e7900000| Untracked 
| 362|0x00000000e7a00000, 0x00000000e7a00000, 0x00000000e7b00000|  0%| F|  |TAMS 0x00000000e7a00000, 0x00000000e7a00000| Untracked 
| 363|0x00000000e7b00000, 0x00000000e7b00000, 0x00000000e7c00000|  0%| F|  |TAMS 0x00000000e7b00000, 0x00000000e7b00000| Untracked 
| 364|0x00000000e7c00000, 0x00000000e7c00000, 0x00000000e7d00000|  0%| F|  |TAMS 0x00000000e7c00000, 0x00000000e7c00000| Untracked 
| 365|0x00000000e7d00000, 0x00000000e7d00000, 0x00000000e7e00000|  0%| F|  |TAMS 0x00000000e7d00000, 0x00000000e7d00000| Untracked 
| 366|0x00000000e7e00000, 0x00000000e7e00000, 0x00000000e7f00000|  0%| F|  |TAMS 0x00000000e7e00000, 0x00000000e7e00000| Untracked 
| 367|0x00000000e7f00000, 0x00000000e7f00000, 0x00000000e8000000|  0%| F|  |TAMS 0x00000000e7f00000, 0x00000000e7f00000| Untracked 
| 368|0x00000000e8000000, 0x00000000e8000000, 0x00000000e8100000|  0%| F|  |TAMS 0x00000000e8000000, 0x00000000e8000000| Untracked 
| 369|0x00000000e8100000, 0x00000000e8100000, 0x00000000e8200000|  0%| F|  |TAMS 0x00000000e8100000, 0x00000000e8100000| Untracked 
| 370|0x00000000e8200000, 0x00000000e8200000, 0x00000000e8300000|  0%| F|  |TAMS 0x00000000e8200000, 0x00000000e8200000| Untracked 
| 371|0x00000000e8300000, 0x00000000e8300000, 0x00000000e8400000|  0%| F|  |TAMS 0x00000000e8300000, 0x00000000e8300000| Untracked 
| 372|0x00000000e8400000, 0x00000000e8400000, 0x00000000e8500000|  0%| F|  |TAMS 0x00000000e8400000, 0x00000000e8400000| Untracked 
| 373|0x00000000e8500000, 0x00000000e8500000, 0x00000000e8600000|  0%| F|  |TAMS 0x00000000e8500000, 0x00000000e8500000| Untracked 
| 374|0x00000000e8600000, 0x00000000e8600000, 0x00000000e8700000|  0%| F|  |TAMS 0x00000000e8600000, 0x00000000e8600000| Untracked 
| 375|0x00000000e8700000, 0x00000000e8700000, 0x00000000e8800000|  0%| F|  |TAMS 0x00000000e8700000, 0x00000000e8700000| Untracked 
| 376|0x00000000e8800000, 0x00000000e8800000, 0x00000000e8900000|  0%| F|  |TAMS 0x00000000e8800000, 0x00000000e8800000| Untracked 
| 377|0x00000000e8900000, 0x00000000e8900000, 0x00000000e8a00000|  0%| F|  |TAMS 0x00000000e8900000, 0x00000000e8900000| Untracked 
| 378|0x00000000e8a00000, 0x00000000e8a00000, 0x00000000e8b00000|  0%| F|  |TAMS 0x00000000e8a00000, 0x00000000e8a00000| Untracked 

Card table byte_map: [0x000001efbd510000,0x000001efbd690000] _byte_map_base: 0x000001efbce88000

Marking Bits (Prev, Next): (CMBitMap*) 0x000001efbd736200, (CMBitMap*) 0x000001efbd7361c0
 Prev Bits: [0x000001efc40d0000, 0x000001efc4c90000)
 Next Bits: [0x000001efc3510000, 0x000001efc40d0000)

Polling page: 0x000001efbced0000

Metaspace:

Usage:
  Non-class:     39.61 MB used.
      Class:      5.55 MB used.
       Both:     45.16 MB used.

Virtual space:
  Non-class space:       40.00 MB reserved,      39.81 MB (>99%) committed,  5 nodes.
      Class space:        1.00 GB reserved,       5.69 MB ( <1%) committed,  1 nodes.
             Both:        1.04 GB reserved,      45.50 MB (  4%) committed. 

Chunk freelists:
   Non-Class:  80.00 KB
       Class:  2.19 MB
        Both:  2.27 MB

MaxMetaspaceSize: unlimited
CompressedClassSpaceSize: 1.00 GB
Initial GC threshold: 21.00 MB
Current GC threshold: 75.88 MB
CDS: off
MetaspaceReclaimPolicy: balanced
 - commit_granule_bytes: 65536.
 - commit_granule_words: 8192.
 - virtual_space_node_default_size: 1048576.
 - enlarge_chunks_in_place: 1.
 - new_chunks_are_fully_committed: 0.
 - uncommit_free_chunks: 1.
 - use_allocation_guard: 0.
 - handle_deallocations: 1.


Internal statistics:

num_allocs_failed_limit: 3.
num_arena_births: 400.
num_arena_deaths: 0.
num_vsnodes_births: 6.
num_vsnodes_deaths: 0.
num_space_committed: 728.
num_space_uncommitted: 0.
num_chunks_returned_to_freelist: 3.
num_chunks_taken_from_freelist: 1793.
num_chunk_merges: 3.
num_chunk_splits: 1270.
num_chunks_enlarged: 1016.
num_purges: 0.
num_inconsistent_stats: 0.

CodeCache: size=49152Kb used=10289Kb max_used=10289Kb free=38862Kb
 bounds [0x000001efc0390000, 0x000001efc0da0000, 0x000001efc3390000]
 total_blobs=5550 nmethods=4972 adapters=504
 compilation: enabled
              stopped_count=0, restarted_count=0
 full_count=0

Compilation events (20 events):
Event: 17.051 Thread 0x000001efc7d9a170 nmethod 4963 0x000001efc0d99490 code [0x000001efc0d99660, 0x000001efc0d998a8]
Event: 17.051 Thread 0x000001efc72707b0 nmethod 4964 0x000001efc0d99990 code [0x000001efc0d99b40, 0x000001efc0d99d38]
Event: 17.051 Thread 0x000001efc7d9a170 4965       1       java.util.stream.Streams::composedClose (10 bytes)
Event: 17.051 Thread 0x000001efc72707b0 4966       1       java.util.stream.Streams$2::<init> (15 bytes)
Event: 17.051 Thread 0x000001efc72707b0 nmethod 4966 0x000001efc0d99e10 code [0x000001efc0d99fa0, 0x000001efc0d9a0f8]
Event: 17.051 Thread 0x000001efc7d9a170 nmethod 4965 0x000001efc0d9a190 code [0x000001efc0d9a320, 0x000001efc0d9a4b8]
Event: 17.051 Thread 0x000001efc72707b0 4967       1       java.util.stream.Streams$ConcatSpliterator::forEachRemaining (28 bytes)
Event: 17.051 Thread 0x000001efc7d9a170 4968       1       java.util.stream.Streams$StreamBuilderImpl::forEachRemaining (30 bytes)
Event: 17.051 Thread 0x000001efc72707b0 nmethod 4967 0x000001efc0d9a590 code [0x000001efc0d9a740, 0x000001efc0d9a878]
Event: 17.051 Thread 0x000001efc72707b0 4969       1       java.util.stream.StreamSpliterators$WrappingSpliterator::forEachRemaining (63 bytes)
Event: 17.051 Thread 0x000001efc7d9a170 nmethod 4968 0x000001efc0d9a910 code [0x000001efc0d9aac0, 0x000001efc0d9ac58]
Event: 17.051 Thread 0x000001efc7d9a170 4970       1       org.eclipse.jdt.core.dom.BodyDeclaration::getJavadoc (5 bytes)
Event: 17.051 Thread 0x000001efc7d9a170 nmethod 4970 0x000001efc0d9ad10 code [0x000001efc0d9aea0, 0x000001efc0d9af78]
Event: 17.051 Thread 0x000001efc72707b0 nmethod 4969 0x000001efc0d9b010 code [0x000001efc0d9b220, 0x000001efc0d9b6d8]
Event: 17.232 Thread 0x000001efc7d9a170 4971       1       io.github.classgraph.ClasspathElementModule::getResource (23 bytes)
Event: 17.232 Thread 0x000001efc7d9a170 nmethod 4971 0x000001efc0d9b910 code [0x000001efc0d9bac0, 0x000001efc0d9be28]
Event: 17.264 Thread 0x000001efc7d9a170 4972       1       sun.nio.fs.WindowsException::lastError (5 bytes)
Event: 17.264 Thread 0x000001efc7d9a170 nmethod 4972 0x000001efc0d9bf10 code [0x000001efc0d9c0a0, 0x000001efc0d9c178]
Event: 17.431 Thread 0x000001efc72707b0 4973       1       java.util.concurrent.locks.AbstractQueuedSynchronizer::acquireInterruptibly (36 bytes)
Event: 17.431 Thread 0x000001efc72707b0 nmethod 4973 0x000001efc0d9c210 code [0x000001efc0d9c3e0, 0x000001efc0d9c638]

GC Heap History (20 events):
Event: 14.145 GC heap after
{Heap after GC invocations=40 (full 0):
 garbage-first heap   total 280576K, used 135954K [0x00000000d1000000, 0x0000000100000000)
  region size 1024K, 15 young (15360K), 15 survivors (15360K)
 Metaspace       used 41984K, committed 42304K, reserved 1089536K
  class space    used 5212K, committed 5376K, reserved 1048576K
}
Event: 14.344 GC heap before
{Heap before GC invocations=40 (full 0):
 garbage-first heap   total 280576K, used 232210K [0x00000000d1000000, 0x0000000100000000)
  region size 1024K, 110 young (112640K), 15 survivors (15360K)
 Metaspace       used 42715K, committed 43072K, reserved 1089536K
  class space    used 5310K, committed 5504K, reserved 1048576K
}
Event: 14.352 GC heap after
{Heap after GC invocations=41 (full 0):
 garbage-first heap   total 280576K, used 142335K [0x00000000d1000000, 0x0000000100000000)
  region size 1024K, 7 young (7168K), 7 survivors (7168K)
 Metaspace       used 42715K, committed 43072K, reserved 1089536K
  class space    used 5310K, committed 5504K, reserved 1048576K
}
Event: 14.681 GC heap before
{Heap before GC invocations=41 (full 0):
 garbage-first heap   total 280576K, used 233471K [0x00000000d1000000, 0x0000000100000000)
  region size 1024K, 97 young (99328K), 7 survivors (7168K)
 Metaspace       used 43501K, committed 43840K, reserved 1089536K
  class space    used 5407K, committed 5568K, reserved 1048576K
}
Event: 14.689 GC heap after
{Heap after GC invocations=42 (full 0):
 garbage-first heap   total 280576K, used 146287K [0x00000000d1000000, 0x0000000100000000)
  region size 1024K, 11 young (11264K), 11 survivors (11264K)
 Metaspace       used 43501K, committed 43840K, reserved 1089536K
  class space    used 5407K, committed 5568K, reserved 1048576K
}
Event: 15.027 GC heap before
{Heap before GC invocations=43 (full 0):
 garbage-first heap   total 353280K, used 229231K [0x00000000d1000000, 0x0000000100000000)
  region size 1024K, 93 young (95232K), 11 survivors (11264K)
 Metaspace       used 43957K, committed 44352K, reserved 1089536K
  class space    used 5462K, committed 5632K, reserved 1048576K
}
Event: 15.040 GC heap after
{Heap after GC invocations=44 (full 0):
 garbage-first heap   total 353280K, used 150356K [0x00000000d1000000, 0x0000000100000000)
  region size 1024K, 9 young (9216K), 9 survivors (9216K)
 Metaspace       used 43957K, committed 44352K, reserved 1089536K
  class space    used 5462K, committed 5632K, reserved 1048576K
}
Event: 15.064 GC heap before
{Heap before GC invocations=44 (full 0):
 garbage-first heap   total 353280K, used 157524K [0x00000000d1000000, 0x0000000100000000)
  region size 1024K, 17 young (17408K), 9 survivors (9216K)
 Metaspace       used 44019K, committed 44416K, reserved 1089536K
  class space    used 5469K, committed 5632K, reserved 1048576K
}
Event: 15.073 GC heap after
{Heap after GC invocations=45 (full 0):
 garbage-first heap   total 353280K, used 149006K [0x00000000d1000000, 0x0000000100000000)
  region size 1024K, 1 young (1024K), 1 survivors (1024K)
 Metaspace       used 44019K, committed 44416K, reserved 1089536K
  class space    used 5469K, committed 5632K, reserved 1048576K
}
Event: 15.647 GC heap before
{Heap before GC invocations=45 (full 0):
 garbage-first heap   total 353280K, used 294414K [0x00000000d1000000, 0x0000000100000000)
  region size 1024K, 143 young (146432K), 1 survivors (1024K)
 Metaspace       used 44150K, committed 44480K, reserved 1089536K
  class space    used 5488K, committed 5632K, reserved 1048576K
}
Event: 15.658 GC heap after
{Heap after GC invocations=46 (full 0):
 garbage-first heap   total 353280K, used 157196K [0x00000000d1000000, 0x0000000100000000)
  region size 1024K, 8 young (8192K), 8 survivors (8192K)
 Metaspace       used 44150K, committed 44480K, reserved 1089536K
  class space    used 5488K, committed 5632K, reserved 1048576K
}
Event: 16.057 GC heap before
{Heap before GC invocations=46 (full 0):
 garbage-first heap   total 353280K, used 295436K [0x00000000d1000000, 0x0000000100000000)
  region size 1024K, 144 young (147456K), 8 survivors (8192K)
 Metaspace       used 45331K, committed 45696K, reserved 1089536K
  class space    used 5590K, committed 5760K, reserved 1048576K
}
Event: 16.069 GC heap after
{Heap after GC invocations=47 (full 0):
 garbage-first heap   total 353280K, used 163988K [0x00000000d1000000, 0x0000000100000000)
  region size 1024K, 15 young (15360K), 15 survivors (15360K)
 Metaspace       used 45331K, committed 45696K, reserved 1089536K
  class space    used 5590K, committed 5760K, reserved 1048576K
}
Event: 16.435 GC heap before
{Heap before GC invocations=47 (full 0):
 garbage-first heap   total 353280K, used 296084K [0x00000000d1000000, 0x0000000100000000)
  region size 1024K, 145 young (148480K), 15 survivors (15360K)
 Metaspace       used 46207K, committed 46592K, reserved 1089536K
  class space    used 5676K, committed 5824K, reserved 1048576K
}
Event: 16.453 GC heap after
{Heap after GC invocations=48 (full 0):
 garbage-first heap   total 353280K, used 172268K [0x00000000d1000000, 0x0000000100000000)
  region size 1024K, 15 young (15360K), 15 survivors (15360K)
 Metaspace       used 46207K, committed 46592K, reserved 1089536K
  class space    used 5676K, committed 5824K, reserved 1048576K
}
Event: 16.994 GC heap before
{Heap before GC invocations=49 (full 0):
 garbage-first heap   total 388096K, used 294124K [0x00000000d1000000, 0x0000000100000000)
  region size 1024K, 135 young (138240K), 15 survivors (15360K)
 Metaspace       used 46244K, committed 46592K, reserved 1089536K
  class space    used 5679K, committed 5824K, reserved 1048576K
}
Event: 17.016 GC heap after
{Heap after GC invocations=50 (full 0):
 garbage-first heap   total 388096K, used 180634K [0x00000000d1000000, 0x0000000100000000)
  region size 1024K, 16 young (16384K), 16 survivors (16384K)
 Metaspace       used 46244K, committed 46592K, reserved 1089536K
  class space    used 5679K, committed 5824K, reserved 1048576K
}
Event: 17.021 GC heap before
{Heap before GC invocations=50 (full 0):
 garbage-first heap   total 388096K, used 181658K [0x00000000d1000000, 0x0000000100000000)
  region size 1024K, 18 young (18432K), 16 survivors (16384K)
 Metaspace       used 46246K, committed 46592K, reserved 1089536K
  class space    used 5682K, committed 5824K, reserved 1048576K
}
Event: 17.037 GC heap after
{Heap after GC invocations=51 (full 0):
 garbage-first heap   total 388096K, used 180183K [0x00000000d1000000, 0x0000000100000000)
  region size 1024K, 2 young (2048K), 2 survivors (2048K)
 Metaspace       used 46246K, committed 46592K, reserved 1089536K
  class space    used 5682K, committed 5824K, reserved 1048576K
}
Event: 17.432 GC heap before
{Heap before GC invocations=51 (full 0):
 garbage-first heap   total 388096K, used 322519K [0x00000000d1000000, 0x0000000100000000)
  region size 1024K, 142 young (145408K), 2 survivors (2048K)
 Metaspace       used 46247K, committed 46592K, reserved 1089536K
  class space    used 5682K, committed 5824K, reserved 1048576K
}

Deoptimization events (20 events):
Event: 3.039 Thread 0x000001efbd6ffce0 DEOPT PACKING pc=0x000001efc07c8e19 sp=0x00000028fe9fd6f0
Event: 3.039 Thread 0x000001efbd6ffce0 DEOPT UNPACKING pc=0x000001efc03e2b43 sp=0x00000028fe9fcbd0 mode 3
Event: 5.558 Thread 0x000001efbd6ffce0 DEOPT PACKING pc=0x000001efc0937d19 sp=0x00000028fe9fca50
Event: 5.558 Thread 0x000001efbd6ffce0 DEOPT UNPACKING pc=0x000001efc03e2b43 sp=0x00000028fe9fbf38 mode 3
Event: 5.674 Thread 0x000001efc9ae1610 DEOPT PACKING pc=0x000001efc098812b sp=0x00000028800fe920
Event: 5.674 Thread 0x000001efc9ae1610 DEOPT UNPACKING pc=0x000001efc03e2b43 sp=0x00000028800fde68 mode 3
Event: 6.375 Thread 0x000001efc9d11030 DEOPT PACKING pc=0x000001efc07c7801 sp=0x00000028805fef30
Event: 6.375 Thread 0x000001efc9d11030 DEOPT UNPACKING pc=0x000001efc03e2b43 sp=0x00000028805fe3c0 mode 3
Event: 6.791 Thread 0x000001efc9d153e0 DEOPT PACKING pc=0x000001efc0ac9db5 sp=0x0000002880dfdfb0
Event: 6.791 Thread 0x000001efc9d153e0 DEOPT UNPACKING pc=0x000001efc03e2b43 sp=0x0000002880dfd4d8 mode 3
Event: 7.181 Thread 0x000001efc9d123c0 DEOPT PACKING pc=0x000001efc07c5a17 sp=0x00000028811ff380
Event: 7.181 Thread 0x000001efc9d123c0 DEOPT UNPACKING pc=0x000001efc03e2b43 sp=0x00000028811fe7d8 mode 3
Event: 8.268 Thread 0x000001efc9d153e0 DEOPT PACKING pc=0x000001efc0a46a94 sp=0x0000002880dfb1e0
Event: 8.268 Thread 0x000001efc9d153e0 DEOPT UNPACKING pc=0x000001efc03e2b43 sp=0x0000002880dfa720 mode 0
Event: 15.589 Thread 0x000001efc7c8f520 DEOPT PACKING pc=0x000001efc0ca56ee sp=0x00000028816fd050
Event: 15.589 Thread 0x000001efc7c8f520 DEOPT UNPACKING pc=0x000001efc03e2b43 sp=0x00000028816fc548 mode 3
Event: 16.472 Thread 0x000001efc7c8f520 DEOPT PACKING pc=0x000001efc0d30cc4 sp=0x00000028816fd760
Event: 16.472 Thread 0x000001efc7c8f520 DEOPT UNPACKING pc=0x000001efc03e2b43 sp=0x00000028816fcc50 mode 3
Event: 16.862 Thread 0x000001efc7c8f520 DEOPT PACKING pc=0x000001efc0d7a2b6 sp=0x00000028816fca80
Event: 16.862 Thread 0x000001efc7c8f520 DEOPT UNPACKING pc=0x000001efc03e2b43 sp=0x00000028816fbf78 mode 3

Classes unloaded (0 events):
No events

Classes redefined (0 events):
No events

Internal exceptions (20 events):
Event: 17.345 Thread 0x000001efc9d14570 Exception <a 'sun/nio/fs/WindowsException'{0x00000000e185b530}> (0x00000000e185b530) 
thrown [s\src\hotspot\share\prims\jni.cpp, line 516]
Event: 17.346 Thread 0x000001efc9d14570 Exception <a 'sun/nio/fs/WindowsException'{0x00000000e185b9f8}> (0x00000000e185b9f8) 
thrown [s\src\hotspot\share\prims\jni.cpp, line 516]
Event: 17.346 Thread 0x000001efc7c0fa10 Exception <a 'sun/nio/fs/WindowsException'{0x00000000e23d69f0}> (0x00000000e23d69f0) 
thrown [s\src\hotspot\share\prims\jni.cpp, line 516]
Event: 17.346 Thread 0x000001efc7c0fa10 Exception <a 'sun/nio/fs/WindowsException'{0x00000000e23d6e98}> (0x00000000e23d6e98) 
thrown [s\src\hotspot\share\prims\jni.cpp, line 516]
Event: 17.347 Thread 0x000001efc9ae1ae0 Exception <a 'sun/nio/fs/WindowsException'{0x00000000e2078150}> (0x00000000e2078150) 
thrown [s\src\hotspot\share\prims\jni.cpp, line 516]
Event: 17.348 Thread 0x000001efc9ae1ae0 Exception <a 'sun/nio/fs/WindowsException'{0x00000000e2078630}> (0x00000000e2078630) 
thrown [s\src\hotspot\share\prims\jni.cpp, line 516]
Event: 17.348 Thread 0x000001efc9d11500 Exception <a 'sun/nio/fs/WindowsException'{0x00000000e19848f8}> (0x00000000e19848f8) 
thrown [s\src\hotspot\share\prims\jni.cpp, line 516]
Event: 17.348 Thread 0x000001efc9d11500 Exception <a 'sun/nio/fs/WindowsException'{0x00000000e1984d78}> (0x00000000e1984d78) 
thrown [s\src\hotspot\share\prims\jni.cpp, line 516]
Event: 17.349 Thread 0x000001efc9d11030 Exception <a 'sun/nio/fs/WindowsException'{0x00000000e19c6628}> (0x00000000e19c6628) 
thrown [s\src\hotspot\share\prims\jni.cpp, line 516]
Event: 17.349 Thread 0x000001efc9d11030 Exception <a 'sun/nio/fs/WindowsException'{0x00000000e19c6ad0}> (0x00000000e19c6ad0) 
thrown [s\src\hotspot\share\prims\jni.cpp, line 516]
Event: 17.350 Thread 0x000001efc9d11500 Exception <a 'sun/nio/fs/WindowsException'{0x00000000e178bfe0}> (0x00000000e178bfe0) 
thrown [s\src\hotspot\share\prims\jni.cpp, line 516]
Event: 17.350 Thread 0x000001efc9d11500 Exception <a 'sun/nio/fs/WindowsException'{0x00000000e178c418}> (0x00000000e178c418) 
thrown [s\src\hotspot\share\prims\jni.cpp, line 516]
Event: 17.362 Thread 0x000001efc7c0fa10 Exception <a 'sun/nio/fs/WindowsException'{0x00000000e15b74d0}> (0x00000000e15b74d0) 
thrown [s\src\hotspot\share\prims\jni.cpp, line 516]
Event: 17.362 Thread 0x000001efc7c0fa10 Exception <a 'sun/nio/fs/WindowsException'{0x00000000e15b7920}> (0x00000000e15b7920) 
thrown [s\src\hotspot\share\prims\jni.cpp, line 516]
Event: 17.362 Thread 0x000001efc9d140a0 Exception <a 'sun/nio/fs/WindowsException'{0x00000000e14c62c8}> (0x00000000e14c62c8) 
thrown [s\src\hotspot\share\prims\jni.cpp, line 516]
Event: 17.362 Thread 0x000001efc8417560 Exception <a 'sun/nio/fs/WindowsException'{0x00000000e121f118}> (0x00000000e121f118) 
thrown [s\src\hotspot\share\prims\jni.cpp, line 516]
Event: 17.362 Thread 0x000001efc9d140a0 Exception <a 'sun/nio/fs/WindowsException'{0x00000000e14c6718}> (0x00000000e14c6718) 
thrown [s\src\hotspot\share\prims\jni.cpp, line 516]
Event: 17.362 Thread 0x000001efc8417560 Exception <a 'sun/nio/fs/WindowsException'{0x00000000e121f568}> (0x00000000e121f568) 
thrown [s\src\hotspot\share\prims\jni.cpp, line 516]
Event: 17.364 Thread 0x000001efc9d11500 Exception <a 'sun/nio/fs/WindowsException'{0x00000000e131f628}> (0x00000000e131f628) 
thrown [s\src\hotspot\share\prims\jni.cpp, line 516]
Event: 17.364 Thread 0x000001efc9d11500 Exception <a 'sun/nio/fs/WindowsException'{0x00000000e131fa90}> (0x00000000e131fa90) 
thrown [s\src\hotspot\share\prims\jni.cpp, line 516]

VM Operations (20 events):
Event: 15.073 Executing VM operation: G1CollectForAllocation done
Event: 15.634 Executing VM operation: G1CollectForAllocation
Event: 15.659 Executing VM operation: G1CollectForAllocation done
Event: 16.057 Executing VM operation: G1CollectForAllocation
Event: 16.069 Executing VM operation: G1CollectForAllocation done
Event: 16.284 Executing VM operation: HandshakeAllThreads
Event: 16.284 Executing VM operation: HandshakeAllThreads done
Event: 16.435 Executing VM operation: G1CollectForAllocation
Event: 16.454 Executing VM operation: G1CollectForAllocation done
Event: 16.472 Executing VM operation: HandshakeAllThreads
Event: 16.486 Executing VM operation: HandshakeAllThreads done
Event: 16.647 Executing VM operation: G1Concurrent
Event: 16.652 Executing VM operation: G1Concurrent done
Event: 16.741 Executing VM operation: G1Concurrent
Event: 16.741 Executing VM operation: G1Concurrent done
Event: 16.974 Executing VM operation: G1CollectForAllocation
Event: 17.017 Executing VM operation: G1CollectForAllocation done
Event: 17.020 Executing VM operation: G1CollectForAllocation
Event: 17.037 Executing VM operation: G1CollectForAllocation done
Event: 17.432 Executing VM operation: G1CollectForAllocation

Events (20 events):
Event: 14.764 loading class java/util/stream/ReduceOps$4ReducingSink
Event: 14.764 loading class java/util/stream/ReduceOps$4ReducingSink done
Event: 14.770 loading class java/nio/file/Files$2
Event: 14.770 loading class java/nio/file/Files$2 done
Event: 14.882 loading class java/util/stream/ReferencePipeline$4
Event: 14.882 loading class java/util/stream/ReferencePipeline$4 done
Event: 14.883 loading class java/util/stream/Nodes$IntFixedNodeBuilder
Event: 14.883 loading class java/util/stream/Node$Builder$OfInt
Event: 14.883 loading class java/util/stream/Node$Builder$OfInt done
Event: 14.883 loading class java/util/stream/Nodes$IntArrayNode
Event: 14.883 loading class java/util/stream/Nodes$IntArrayNode done
Event: 14.883 loading class java/util/stream/Nodes$IntFixedNodeBuilder done
Event: 14.883 loading class java/util/stream/ReferencePipeline$4$1
Event: 14.883 loading class java/util/stream/ReferencePipeline$4$1 done
Event: 16.290 loading class java/util/stream/Streams$ConcatSpliterator$OfRef
Event: 16.290 loading class java/util/stream/Streams$ConcatSpliterator
Event: 16.291 loading class java/util/stream/Streams$ConcatSpliterator done
Event: 16.291 loading class java/util/stream/Streams$ConcatSpliterator$OfRef done
Event: 16.291 loading class java/util/stream/Streams$2
Event: 16.291 loading class java/util/stream/Streams$2 done


Dynamic libraries:
0x00007ff7e5500000 - 0x00007ff7e550e000 	c:\Users\Diana\.vscode\extensions\redhat.java-1.11.0-win32-x64\jre\17.0.4.1-win32-x86_64\bin\java.exe
0x00007ffee9480000 - 0x00007ffee9689000 	C:\WINDOWS\SYSTEM32\ntdll.dll
0x00007ffebccc0000 - 0x00007ffebccd7000 	C:\Program Files\Avast Software\Avast\aswhook.dll
0x00007ffee8250000 - 0x00007ffee830d000 	C:\WINDOWS\System32\KERNEL32.DLL
0x00007ffee6cb0000 - 0x00007ffee702b000 	C:\WINDOWS\System32\KERNELBASE.dll
0x00007ffee6af0000 - 0x00007ffee6c01000 	C:\WINDOWS\System32\ucrtbase.dll
0x00007ffec5e60000 - 0x00007ffec5e78000 	c:\Users\Diana\.vscode\extensions\redhat.java-1.11.0-win32-x64\jre\17.0.4.1-win32-x86_64\bin\jli.dll
0x00007ffebee20000 - 0x00007ffebee39000 	c:\Users\Diana\.vscode\extensions\redhat.java-1.11.0-win32-x64\jre\17.0.4.1-win32-x86_64\bin\VCRUNTIME140.dll
0x00007ffee7540000 - 0x00007ffee76ed000 	C:\WINDOWS\System32\USER32.dll
0x00007ffee7260000 - 0x00007ffee7286000 	C:\WINDOWS\System32\win32u.dll
0x00007ffee8310000 - 0x00007ffee8339000 	C:\WINDOWS\System32\GDI32.dll
0x00007ffec4de0000 - 0x00007ffec5085000 	C:\WINDOWS\WinSxS\amd64_microsoft.windows.common-controls_6595b64144ccf1df_6.0.22000.120_none_9d947278b86cc467\COMCTL32.dll
0x00007ffee8880000 - 0x00007ffee8923000 	C:\WINDOWS\System32\msvcrt.dll
0x00007ffee69d0000 - 0x00007ffee6ae8000 	C:\WINDOWS\System32\gdi32full.dll
0x00007ffee6c10000 - 0x00007ffee6cad000 	C:\WINDOWS\System32\msvcp_win.dll
0x00007ffee7750000 - 0x00007ffee7781000 	C:\WINDOWS\System32\IMM32.DLL
0x00007ffed0db0000 - 0x00007ffed0dbc000 	c:\Users\Diana\.vscode\extensions\redhat.java-1.11.0-win32-x64\jre\17.0.4.1-win32-x86_64\bin\vcruntime140_1.dll
0x00007ffebe600000 - 0x00007ffebe691000 	c:\Users\Diana\.vscode\extensions\redhat.java-1.11.0-win32-x64\jre\17.0.4.1-win32-x86_64\bin\msvcp140.dll
0x00007ffe4b480000 - 0x00007ffe4c0c6000 	c:\Users\Diana\.vscode\extensions\redhat.java-1.11.0-win32-x64\jre\17.0.4.1-win32-x86_64\bin\server\jvm.dll
0x00007ffee8050000 - 0x00007ffee80fe000 	C:\WINDOWS\System32\ADVAPI32.dll
0x00007ffee8cb0000 - 0x00007ffee8d4e000 	C:\WINDOWS\System32\sechost.dll
0x00007ffee8340000 - 0x00007ffee8460000 	C:\WINDOWS\System32\RPCRT4.dll
0x00007ffee8160000 - 0x00007ffee8168000 	C:\WINDOWS\System32\PSAPI.DLL
0x00007ffedff90000 - 0x00007ffedffc3000 	C:\WINDOWS\SYSTEM32\WINMM.dll
0x00007ffecdb60000 - 0x00007ffecdb69000 	C:\WINDOWS\SYSTEM32\WSOCK32.dll
0x00007ffee7fe0000 - 0x00007ffee804f000 	C:\WINDOWS\System32\WS2_32.dll
0x00007ffede3e0000 - 0x00007ffede3ea000 	C:\WINDOWS\SYSTEM32\VERSION.dll
0x00007ffee59d0000 - 0x00007ffee59e8000 	C:\WINDOWS\SYSTEM32\kernel.appcore.dll
0x00007ffed0d80000 - 0x00007ffed0d8a000 	c:\Users\Diana\.vscode\extensions\redhat.java-1.11.0-win32-x64\jre\17.0.4.1-win32-x86_64\bin\jimage.dll
0x00007ffed4d40000 - 0x00007ffed4f61000 	C:\WINDOWS\SYSTEM32\DBGHELP.DLL
0x00007ffed23e0000 - 0x00007ffed2411000 	C:\WINDOWS\SYSTEM32\dbgcore.DLL
0x00007ffee6950000 - 0x00007ffee69cf000 	C:\WINDOWS\System32\bcryptPrimitives.dll
0x00007ffebeab0000 - 0x00007ffebead5000 	c:\Users\Diana\.vscode\extensions\redhat.java-1.11.0-win32-x64\jre\17.0.4.1-win32-x86_64\bin\java.dll
0x00007ffebe5e0000 - 0x00007ffebe5f8000 	c:\Users\Diana\.vscode\extensions\redhat.java-1.11.0-win32-x64\jre\17.0.4.1-win32-x86_64\bin\zip.dll
0x00007ffee77f0000 - 0x00007ffee7fa8000 	C:\WINDOWS\System32\SHELL32.dll
0x00007ffee4a40000 - 0x00007ffee52a5000 	C:\WINDOWS\SYSTEM32\windows.storage.dll
0x00007ffee8930000 - 0x00007ffee8ca7000 	C:\WINDOWS\System32\combase.dll
0x00007ffee48d0000 - 0x00007ffee4a36000 	C:\WINDOWS\SYSTEM32\wintypes.dll
0x00007ffee8790000 - 0x00007ffee887a000 	C:\WINDOWS\System32\SHCORE.dll
0x00007ffee7790000 - 0x00007ffee77ed000 	C:\WINDOWS\System32\shlwapi.dll
0x00007ffee6880000 - 0x00007ffee68a1000 	C:\WINDOWS\SYSTEM32\profapi.dll
0x00007ffebe5c0000 - 0x00007ffebe5d9000 	C:\Users\Diana\.vscode\extensions\redhat.java-1.11.0-win32-x64\jre\17.0.4.1-win32-x86_64\bin\net.dll
0x00007ffedf290000 - 0x00007ffedf39c000 	C:\WINDOWS\SYSTEM32\WINHTTP.dll
0x00007ffee5e70000 - 0x00007ffee5ed7000 	C:\WINDOWS\system32\mswsock.dll
0x00007ffebe5a0000 - 0x00007ffebe5b5000 	C:\Users\Diana\.vscode\extensions\redhat.java-1.11.0-win32-x64\jre\17.0.4.1-win32-x86_64\bin\nio.dll
0x00007ffed0d50000 - 0x00007ffed0d60000 	c:\Users\Diana\.vscode\extensions\redhat.java-1.11.0-win32-x64\jre\17.0.4.1-win32-x86_64\bin\verify.dll
0x00007ffebeba0000 - 0x00007ffebeba9000 	C:\Users\Diana\.vscode\extensions\redhat.java-1.11.0-win32-x64\jre\17.0.4.1-win32-x86_64\bin\management.dll
0x00007ffebeaa0000 - 0x00007ffebeaab000 	C:\Users\Diana\.vscode\extensions\redhat.java-1.11.0-win32-x64\jre\17.0.4.1-win32-x86_64\bin\management_ext.dll
0x00007ffec7700000 - 0x00007ffec7717000 	C:\WINDOWS\system32\napinsp.dll
0x00007ffec76e0000 - 0x00007ffec76fb000 	C:\WINDOWS\system32\pnrpnsp.dll
0x00007ffee5520000 - 0x00007ffee5608000 	C:\WINDOWS\SYSTEM32\DNSAPI.dll
0x00007ffee54f0000 - 0x00007ffee551d000 	C:\WINDOWS\SYSTEM32\IPHLPAPI.DLL
0x00007ffee74c0000 - 0x00007ffee74c9000 	C:\WINDOWS\System32\NSI.dll
0x00007ffec76c0000 - 0x00007ffec76d2000 	C:\WINDOWS\System32\winrnr.dll
0x00007ffec76a0000 - 0x00007ffec76b5000 	C:\WINDOWS\system32\wshbth.dll
0x00007ffec7680000 - 0x00007ffec769f000 	C:\WINDOWS\system32\nlansp_c.dll
0x00007ffedcb80000 - 0x00007ffedcb8a000 	C:\Windows\System32\rasadhlp.dll
0x00007ffedcfa0000 - 0x00007ffedd021000 	C:\WINDOWS\System32\fwpuclnt.dll
0x00007ffee60b0000 - 0x00007ffee60c8000 	C:\WINDOWS\SYSTEM32\CRYPTSP.dll
0x00007ffee5930000 - 0x00007ffee5965000 	C:\WINDOWS\system32\rsaenh.dll
0x00007ffee5f60000 - 0x00007ffee5f89000 	C:\WINDOWS\SYSTEM32\USERENV.dll
0x00007ffee6240000 - 0x00007ffee6267000 	C:\WINDOWS\SYSTEM32\bcrypt.dll
0x00007ffee60d0000 - 0x00007ffee60dc000 	C:\WINDOWS\SYSTEM32\CRYPTBASE.dll
0x00007ffedf680000 - 0x00007ffedf699000 	C:\WINDOWS\SYSTEM32\dhcpcsvc6.DLL
0x00007ffedf770000 - 0x00007ffedf78e000 	C:\WINDOWS\SYSTEM32\dhcpcsvc.DLL

dbghelp: loaded successfully - version: 4.0.5 - missing functions: none
symbol engine: initialized successfully - sym options: 0x614 - pdb path: .;c:\Users\Diana\.vscode\extensions\redhat.java-1.11.0-win32-x64\jre\17.0.4.1-win32-x86_64\bin;C:\WINDOWS\SYSTEM32;C:\Program Files\Avast Software\Avast;C:\WINDOWS\WinSxS\amd64_microsoft.windows.common-controls_6595b64144ccf1df_6.0.22000.120_none_9d947278b86cc467;c:\Users\Diana\.vscode\extensions\redhat.java-1.11.0-win32-x64\jre\17.0.4.1-win32-x86_64\bin\server

VM Arguments:
jvm_args: -Dsts.lsp.client=vscode -Dsts.log.file=/dev/null -XX:TieredStopAtLevel=1 -Xlog:jni+resolve=off -Dspring.config.location=file:c:\Users\Diana\.vscode\extensions\pivotal.vscode-spring-boot-1.39.0\language-server\BOOT-INF\classes\application.properties 
java_command: org.springframework.ide.vscode.boot.app.BootLanguageServerBootApp
java_class_path (initial): c:\Users\Diana\.vscode\extensions\pivotal.vscode-spring-boot-1.39.0\language-server\BOOT-INF\classes;c:\Users\Diana\.vscode\extensions\pivotal.vscode-spring-boot-1.39.0\language-server\BOOT-INF\lib\annotations-23.0.0.jar;c:\Users\Diana\.vscode\extensions\pivotal.vscode-spring-boot-1.39.0\language-server\BOOT-INF\lib\antlr-runtime-3.5.2.jar;c:\Users\Diana\.vscode\extensions\pivotal.vscode-spring-boot-1.39.0\language-server\BOOT-INF\lib\antlr4-4.9.3.jar;c:\Users\Diana\.vscode\extensions\pivotal.vscode-spring-boot-1.39.0\language-server\BOOT-INF\lib\antlr4-runtime-4.9.3.jar;c:\Users\Diana\.vscode\extensions\pivotal.vscode-spring-boot-1.39.0\language-server\BOOT-INF\lib\asm-9.3.jar;c:\Users\Diana\.vscode\extensions\pivotal.vscode-spring-boot-1.39.0\language-server\BOOT-INF\lib\asm-analysis-9.3.jar;c:\Users\Diana\.vscode\extensions\pivotal.vscode-spring-boot-1.39.0\language-server\BOOT-INF\lib\asm-tree-9.3.jar;c:\Users\Diana\.vscode\extensions\pivotal.vscode-spring-boot-1.39.0\language-server\BOOT-INF\lib\asm-util-9.3.jar;c:\Users\Diana\.vscode\extensions\pivotal.vscode-spring-boot-1.39.0\language-server\BOOT-INF\lib\byte-buddy-1.12.13.jar;c:\Users\Diana\.vscode\extensions\pivotal.vscode-spring-boot-1.39.0\language-server\BOOT-INF\lib\caffeine-2.9.3.jar;c:\Users\Diana\.vscode\extensions\pivotal.vscode-spring-boot-1.39.0\language-server\BOOT-INF\lib\checker-qual-3.12.0.jar;c:\Users\Diana\.vscode\extensions\pivotal.vscode-spring-boot-1.39.0\language-server\BOOT-INF\lib\classgraph-4.8.149.jar;c:\Users\Diana\.vscode\extensions\pivotal.vscode-spring-boot-1.39.0\language-server\BOOT-INF\lib\commons-codec-1.15.jar;c:\Users\Diana\.vscode\extensions\pivotal.vscode-spring-boot-1.39.0\language-server\BOOT-INF\lib\commons-compress-1.21.jar;c:\Users\Diana\.vscode\extensions\pivotal.vscode-spring-boot-1.39.0\language-server\BOOT-INF\lib\commons-exec-1.3.jar;c:\Users\Diana\.vscode\extensions\pivotal.vscode-spring-boot-1.39.0\language-server\BOOT-INF\lib\com
Launcher Type: SUN_STANDARD

[Global flags]
     intx CICompilerCount                          = 3                                         {product} {ergonomic}
     uint ConcGCThreads                            = 1                                         {product} {ergonomic}
     uint G1ConcRefinementThreads                  = 4                                         {product} {ergonomic}
   size_t G1HeapRegionSize                         = 1048576                                   {product} {ergonomic}
    uintx GCDrainStackTargetSize                   = 64                                        {product} {ergonomic}
   size_t InitialHeapSize                          = 50331648                                  {product} {ergonomic}
   size_t MarkStackSize                            = 4194304                                   {product} {ergonomic}
   size_t MaxHeapSize                              = 788529152                                 {product} {ergonomic}
   size_t MaxNewSize                               = 472907776                                 {product} {ergonomic}
   size_t MinHeapDeltaBytes                        = 1048576                                   {product} {ergonomic}
   size_t MinHeapSize                              = 8388608                                   {product} {ergonomic}
    uintx NonProfiledCodeHeapSize                  = 0                                      {pd product} {ergonomic}
     bool ProfileInterpreter                       = false                                  {pd product} {command line}
    uintx ProfiledCodeHeapSize                     = 0                                      {pd product} {ergonomic}
   size_t SoftMaxHeapSize                          = 788529152                              {manageable} {ergonomic}
     intx TieredStopAtLevel                        = 1                                         {product} {command line}
     bool UseCompressedClassPointers               = true                           {product lp64_product} {ergonomic}
     bool UseCompressedOops                        = true                           {product lp64_product} {ergonomic}
     bool UseG1GC                                  = true                                      {product} {ergonomic}
     bool UseLargePagesIndividualAllocation        = false                                  {pd product} {ergonomic}

Logging:
Log output configuration:
 #0: stdout all=warning,jni+resolve=off uptime,level,tags
 #1: stderr all=off uptime,level,tags

Environment Variables:
JAVA_HOME=C:\Program Files\Eclipse Adoptium\jdk-17.0.3.7-hotspot\
PATH=C:\Python310\Scripts\;C:\Python310\;C:\Program Files\Eclipse Adoptium\jdk-17.0.3.7-hotspot\bin;C:\Program Files (x86)\Common Files\Oracle\Java\javapath;C:\WINDOWS\system32;C:\WINDOWS;C:\WINDOWS\System32\Wbem;C:\WINDOWS\System32\WindowsPowerShell\v1.0\;C:\WINDOWS\System32\OpenSSH\;C:\Program Files (x86)\Brackets\command;C:\Program Files (x86)\AMD\ATI.ACE\Core-Static;C:\Users\Diana\OneDrive\Desktop\PROYECTO_JAVA\apache-maven-3.8.5\bin;C:\Program Files\Git\cmd;C:\ProgramData\chocolatey\bin;C:\Program Files\nodejs\;C:\xampp\php;C:\ProgramData\ComposerSetup\bin;C:\Users\Diana\AppData\Local\Microsoft\WindowsApps;C:\Users\Diana\AppData\Local\Programs\Microsoft VS Code\bin;C:\Users\Diana\AppData\Roaming\npm;C:\Users\Diana\AppData\Roaming\Composer\vendor\bin;C:\Users\Diana\AppData\Local\GitHubDesktop\bin
USERNAME=Diana
OS=Windows_NT
PROCESSOR_IDENTIFIER=AMD64 Family 23 Model 24 Stepping 1, AuthenticAMD
TMP=C:\Users\Diana\AppData\Local\Temp
TEMP=C:\Users\Diana\AppData\Local\Temp



---------------  S Y S T E M  ---------------

OS:
 Windows 11 , 64 bit Build 22000 (10.0.22000.708)
OS uptime: 0 days 0:43 hours

CPU: total 4 (initial active 4) (4 cores per cpu, 2 threads per core) family 23 model 24 stepping 1 microcode 0x0, cx8, cmov, fxsr, ht, mmx, 3dnowpref, sse, sse2, sse3, ssse3, sse4a, sse4.1, sse4.2, popcnt, lzcnt, tsc, tscinvbit, avx, avx2, aes, clmul, bmi1, bmi2, adx, sha, fma, vzeroupper, clflush, clflushopt

Memory: 4k page, system-wide physical 3005M (87M free)
TotalPageFile size 12221M (AvailPageFile size 52M)
current process WorkingSet (physical memory assigned to process): 497M, peak: 506M
current process commit charge ("private bytes"): 531M, peak: 666M

vm_info: OpenJDK 64-Bit Server VM (17.0.4.1+1) for windows-amd64 JRE (17.0.4.1+1), built on Aug 17 2022 07:42:43 by "temurin" with MS VC++ 16.7 (VS2019)

END.
