#
# There is insufficient memory for the Java Runtime Environment to continue.
# Native memory allocation (mmap) failed to map 31457280 bytes for G1 virtual space
# Possible reasons:
#   The system is out of physical RAM or swap space
#   The process is running with CompressedOops enabled, and the Java Heap may be blocking the growth of the native heap
# Possible solutions:
#   Reduce memory load on the system
#   Increase physical memory or swap space
#   Check if swap backing store is full
#   Decrease Java heap size (-Xmx/-Xms)
#   Decrease number of Java threads
#   Decrease Java thread stack sizes (-Xss)
#   Set larger code cache with -XX:ReservedCodeCacheSize=
#   JVM is running with Unscaled Compressed Oops mode in which the Java heap is
#     placed in the first 4GB address space. The Java Heap base address is the
#     maximum limit for the native heap growth. Please use -XX:HeapBaseMinAddress
#     to set the Java Heap base and to place the Java Heap above 4GB virtual address.
# This output file may be truncated or incomplete.
#
#  Out of Memory Error (os_windows.cpp:3541), pid=7936, tid=14372
#
# JRE version: OpenJDK Runtime Environment Temurin-17.0.4.1+1 (17.0.4.1+1) (build 17.0.4.1+1)
# Java VM: OpenJDK 64-Bit Server VM Temurin-17.0.4.1+1 (17.0.4.1+1, mixed mode, emulated-client, tiered, compressed oops, compressed class ptrs, g1 gc, windows-amd64)
# No core dump will be written. Minidumps are not enabled by default on client versions of Windows
#

---------------  S U M M A R Y ------------

Command Line: -Dsts.lsp.client=vscode -Dsts.log.file=/dev/null -XX:TieredStopAtLevel=1 -Xlog:jni+resolve=off -Dspring.config.location=file:c:\Users\Diana\.vscode\extensions\pivotal.vscode-spring-boot-1.39.0\language-server\BOOT-INF\classes\application.properties org.springframework.ide.vscode.boot.app.BootLanguageServerBootApp

Host: AMD Ryzen 3 3250U with Radeon Graphics         , 4 cores, 2G,  Windows 11 , 64 bit Build 22000 (10.0.22000.708)
Time: Mon Oct 17 18:18:06 2022 Hora est. Pacífico, Sudamérica elapsed time: 14.118352 seconds (0d 0h 0m 14s)

---------------  T H R E A D  ---------------

Current thread (0x000001f6d4b4e430):  VMThread "VM Thread" [stack: 0x0000000c54700000,0x0000000c54800000] [id=14372]

Stack: [0x0000000c54700000,0x0000000c54800000]
Native frames: (J=compiled Java code, j=interpreted, Vv=VM code, C=native code)
V  [jvm.dll+0x67731a]
V  [jvm.dll+0x832284]
V  [jvm.dll+0x833a2e]
V  [jvm.dll+0x834093]
V  [jvm.dll+0x245775]
V  [jvm.dll+0x674209]
V  [jvm.dll+0x668a92]
V  [jvm.dll+0x30471b]
V  [jvm.dll+0x30bc66]
V  [jvm.dll+0x35ba9e]
V  [jvm.dll+0x35bccf]
V  [jvm.dll+0x2db5b8]
V  [jvm.dll+0x2de646]
V  [jvm.dll+0x2e8d08]
V  [jvm.dll+0x31cfb0]
V  [jvm.dll+0x83853b]
V  [jvm.dll+0x839274]
V  [jvm.dll+0x83978c]
V  [jvm.dll+0x839b64]
V  [jvm.dll+0x839c30]
V  [jvm.dll+0x7e240a]
V  [jvm.dll+0x6761a5]
C  [ucrtbase.dll+0x26c0c]
C  [KERNEL32.DLL+0x154e0]
C  [ntdll.dll+0x485b]

VM_Operation (0x0000000c543ff8b0): G1Concurrent, mode: safepoint, requested by thread 0x000001f6cb081990


---------------  P R O C E S S  ---------------

Threads class SMR info:
_java_thread_list=0x000001f6d9375320, length=35, elements={
0x000001f6d4b65380, 0x000001f6d4b66a00, 0x000001f6d4ba5130, 0x000001f6d4ba5600,
0x000001f6d4ba80f0, 0x000001f6d4baa5d0, 0x000001f6d4baba50, 0x000001f6d4bb7450,
0x000001f6d56fff00, 0x000001f6d570dd80, 0x000001f6d71c6050, 0x000001f6d70e2200,
0x000001f6d5678830, 0x000001f6d56a4130, 0x000001f6d5d60d70, 0x000001f6d70e26d0,
0x000001f6d5d8e590, 0x000001f6d5ec81f0, 0x000001f6d561e530, 0x000001f6d5621080,
0x000001f6d5620bb0, 0x000001f6d561fd40, 0x000001f6d5621a20, 0x000001f6d561f870,
0x000001f6d561e060, 0x000001f6d561eed0, 0x000001f6d561ea00, 0x000001f6d5621550,
0x000001f6d561f3a0, 0x000001f6d5620210, 0x000001f6d56206e0, 0x000001f6d7743220,
0x000001f6d7743bc0, 0x000001f6d7744090, 0x000001f6d7742d50
}

Java Threads: ( => current thread )
  0x000001f6d4b65380 JavaThread "Reference Handler" daemon [_thread_blocked, id=17756, stack(0x0000000c54800000,0x0000000c54900000)]
  0x000001f6d4b66a00 JavaThread "Finalizer" daemon [_thread_blocked, id=16220, stack(0x0000000c54900000,0x0000000c54a00000)]
  0x000001f6d4ba5130 JavaThread "Signal Dispatcher" daemon [_thread_blocked, id=76, stack(0x0000000c54a00000,0x0000000c54b00000)]
  0x000001f6d4ba5600 JavaThread "Attach Listener" daemon [_thread_blocked, id=9580, stack(0x0000000c54b00000,0x0000000c54c00000)]
  0x000001f6d4ba80f0 JavaThread "Service Thread" daemon [_thread_blocked, id=17336, stack(0x0000000c54c00000,0x0000000c54d00000)]
  0x000001f6d4baa5d0 JavaThread "Monitor Deflation Thread" daemon [_thread_blocked, id=9856, stack(0x0000000c54d00000,0x0000000c54e00000)]
  0x000001f6d4baba50 JavaThread "C1 CompilerThread0" daemon [_thread_blocked, id=9040, stack(0x0000000c54e00000,0x0000000c54f00000)]
  0x000001f6d4bb7450 JavaThread "Sweeper thread" daemon [_thread_blocked, id=17676, stack(0x0000000c54f00000,0x0000000c55000000)]
  0x000001f6d56fff00 JavaThread "Notification Thread" daemon [_thread_blocked, id=10476, stack(0x0000000c55100000,0x0000000c55200000)]
  0x000001f6d570dd80 JavaThread "Common-Cleaner" daemon [_thread_blocked, id=16204, stack(0x0000000c55300000,0x0000000c55400000)]
  0x000001f6d71c6050 JavaThread "boundedElastic-evictor-1" daemon [_thread_blocked, id=6328, stack(0x0000000c55700000,0x0000000c55800000)]
  0x000001f6d70e2200 JavaThread "ForkJoinPool.commonPool-worker-1" daemon [_thread_blocked, id=4160, stack(0x0000000c55800000,0x0000000c55900000)]
  0x000001f6d5678830 JavaThread "ClassGraph-worker-0" daemon [_thread_blocked, id=1852, stack(0x0000000c55900000,0x0000000c55a00000)]
  0x000001f6d56a4130 JavaThread "ClassGraph-worker-1" daemon [_thread_blocked, id=3372, stack(0x0000000c55a00000,0x0000000c55b00000)]
  0x000001f6d5d60d70 JavaThread "ClassGraph-worker-2" daemon [_thread_blocked, id=17888, stack(0x0000000c55b00000,0x0000000c55c00000)]
  0x000001f6d70e26d0 JavaThread "ClassGraph-worker-3" daemon [_thread_blocked, id=6672, stack(0x0000000c55c00000,0x0000000c55d00000)]
  0x000001f6d5d8e590 JavaThread "ClassGraph-worker-4" daemon [_thread_blocked, id=9776, stack(0x0000000c55d00000,0x0000000c55e00000)]
  0x000001f6d5ec81f0 JavaThread "ClassGraph-worker-5" daemon [_thread_blocked, id=9860, stack(0x0000000c55e00000,0x0000000c55f00000)]
  0x000001f6d561e530 JavaThread "ClassGraph-worker-6" daemon [_thread_blocked, id=15964, stack(0x0000000c55f00000,0x0000000c56000000)]
  0x000001f6d5621080 JavaThread "ClassGraph-worker-7" daemon [_thread_blocked, id=2972, stack(0x0000000c56000000,0x0000000c56100000)]
  0x000001f6d5620bb0 JavaThread "pool-9-thread-1" [_thread_blocked, id=6504, stack(0x0000000c56100000,0x0000000c56200000)]
  0x000001f6d561fd40 JavaThread "LanguageServerApp-lifecycle" [_thread_blocked, id=18096, stack(0x0000000c56200000,0x0000000c56300000)]
  0x000001f6d5621a20 JavaThread "DestroyJavaVM" [_thread_blocked, id=11740, stack(0x0000000c54100000,0x0000000c54200000)]
  0x000001f6d561f870 JavaThread "pool-10-thread-1" [_thread_in_native, id=9476, stack(0x0000000c56300000,0x0000000c56400000)]
  0x000001f6d561e060 JavaThread "Simple-Language-Server main thread" daemon [_thread_blocked, id=10808, stack(0x0000000c56500000,0x0000000c56600000)]
  0x000001f6d561eed0 JavaThread "pool-7-thread-1" [_thread_blocked, id=18380, stack(0x0000000c56600000,0x0000000c56700000)]
  0x000001f6d561ea00 JavaThread "parallel-1" daemon [_thread_blocked, id=17608, stack(0x0000000c56700000,0x0000000c56800000)]
  0x000001f6d5621550 JavaThread "parallel-2" daemon [_thread_blocked, id=12048, stack(0x0000000c56800000,0x0000000c56900000)]
  0x000001f6d561f3a0 JavaThread "parallel-3" daemon [_thread_blocked, id=9220, stack(0x0000000c56900000,0x0000000c56a00000)]
  0x000001f6d5620210 JavaThread "Reconciler-1" daemon [_thread_blocked, id=18084, stack(0x0000000c56a00000,0x0000000c56b00000)]
  0x000001f6d56206e0 JavaThread "pool-4-thread-1" [_thread_blocked, id=18408, stack(0x0000000c56b00000,0x0000000c56c00000)]
  0x000001f6d7743220 JavaThread "ForkJoinPool.commonPool-worker-2" daemon [_thread_blocked, id=17028, stack(0x0000000c56c00000,0x0000000c56d00000)]
  0x000001f6d7743bc0 JavaThread "pool-4-thread-2" [_thread_blocked, id=17540, stack(0x0000000c56d00000,0x0000000c56e00000)]
  0x000001f6d7744090 JavaThread "parallel-4" daemon [_thread_blocked, id=5780, stack(0x0000000c56e00000,0x0000000c56f00000)]
  0x000001f6d7742d50 JavaThread "pool-5-thread-1" [_thread_blocked, id=18340, stack(0x0000000c57000000,0x0000000c57100000)]

Other Threads:
=>0x000001f6d4b4e430 VMThread "VM Thread" [stack: 0x0000000c54700000,0x0000000c54800000] [id=14372]
  0x000001f6d57003d0 WatcherThread [stack: 0x0000000c55200000,0x0000000c55300000] [id=2512]
  0x000001f6cb06c1a0 GCTaskThread "GC Thread#0" [stack: 0x0000000c54200000,0x0000000c54300000] [id=3652]
  0x000001f6d5f5bb30 GCTaskThread "GC Thread#1" [stack: 0x0000000c55400000,0x0000000c55500000] [id=18120]
  0x000001f6d5f7a020 GCTaskThread "GC Thread#2" [stack: 0x0000000c55500000,0x0000000c55600000] [id=1632]
  0x000001f6d6066c20 GCTaskThread "GC Thread#3" [stack: 0x0000000c55600000,0x0000000c55700000] [id=2724]
  0x000001f6cb081990 ConcurrentGCThread "G1 Main Marker" [stack: 0x0000000c54300000,0x0000000c54400000] [id=1512]
  0x000001f6cb083b50 ConcurrentGCThread "G1 Conc#0" [stack: 0x0000000c54400000,0x0000000c54500000] [id=1836]
  0x000001f6cb0c0d80 ConcurrentGCThread "G1 Refine#0" [stack: 0x0000000c54500000,0x0000000c54600000] [id=17092]
  0x000001f6d78dc0c0 ConcurrentGCThread "G1 Refine#1" [stack: 0x0000000c56400000,0x0000000c56500000] [id=13136]
  0x000001f6d912b420 ConcurrentGCThread "G1 Refine#2" [stack: 0x0000000c56f00000,0x0000000c57000000] [id=3620]
  0x000001f6cb0c42e0 ConcurrentGCThread "G1 Service" [stack: 0x0000000c54600000,0x0000000c54700000] [id=4040]

Threads with active compile tasks:
C1 CompilerThread0    14190 4379       1       org.eclipse.jdt.internal.compiler.parser.Scanner::getNextToken (210 bytes)

VM state: at safepoint (normal execution)

VM Mutex/Monitor currently owned by a thread:  ([mutex/lock_event])
[0x000001f6c8f91b30] Threads_lock - owner thread: 0x000001f6d4b4e430
[0x000001f6cb034380] Heap_lock - owner thread: 0x000001f6cb081990
[0x000001f6cb034d10] Compile_lock - owner thread: 0x000001f6d7743220
[0x000001f6cb034530] MethodCompileQueue_lock - owner thread: 0x000001f6d4baba50

Heap address: 0x00000000d1000000, size: 752 MB, Compressed Oops mode: 32-bit

CDS archive(s) not mapped
Compressed class space mapped at: 0x0000000100000000-0x0000000140000000, reserved size: 1073741824
Narrow klass base: 0x0000000000000000, Narrow klass shift: 3, Narrow klass range: 0x140000000

GC Precious Log:
 CPUs: 4 total, 4 available
 Memory: 3005M
 Large Page Support: Disabled
 NUMA Support: Disabled
 Compressed Oops: Enabled (32-bit)
 Heap Region Size: 1M
 Heap Min Capacity: 8M
 Heap Initial Capacity: 48M
 Heap Max Capacity: 752M
 Pre-touch: Disabled
 Parallel Workers: 4
 Concurrent Workers: 1
 Concurrent Refinement Workers: 4
 Periodic GC: Disabled

Heap:
 garbage-first heap   total 250880K, used 165241K [0x00000000d1000000, 0x0000000100000000)
  region size 1024K, 50 young (51200K), 9 survivors (9216K)
 Metaspace       used 44022K, committed 44352K, reserved 1089536K
  class space    used 5493K, committed 5632K, reserved 1048576K

Heap Regions: E=young(eden), S=young(survivor), O=old, HS=humongous(starts), HC=humongous(continues), CS=collection set, F=free, OA=open archive, CA=closed archive, TAMS=top-at-mark-start (previous, next)
|   0|0x00000000d1000000, 0x00000000d1100000, 0x00000000d1100000|100%| O|  |TAMS 0x00000000d1100000, 0x00000000d1000000| Untracked 
|   1|0x00000000d1100000, 0x00000000d1200000, 0x00000000d1200000|100%| O|  |TAMS 0x00000000d1200000, 0x00000000d1100000| Untracked 
|   2|0x00000000d1200000, 0x00000000d1300000, 0x00000000d1300000|100%| O|  |TAMS 0x00000000d1300000, 0x00000000d1200000| Untracked 
|   3|0x00000000d1300000, 0x00000000d1400000, 0x00000000d1400000|100%| O|  |TAMS 0x00000000d1400000, 0x00000000d1300000| Untracked 
|   4|0x00000000d1400000, 0x00000000d1500000, 0x00000000d1500000|100%| O|  |TAMS 0x00000000d1500000, 0x00000000d1400000| Updating 
|   5|0x00000000d1500000, 0x00000000d1600000, 0x00000000d1600000|100%| O|  |TAMS 0x00000000d1600000, 0x00000000d1500000| Untracked 
|   6|0x00000000d1600000, 0x00000000d1700000, 0x00000000d1700000|100%| O|  |TAMS 0x00000000d1700000, 0x00000000d1600000| Untracked 
|   7|0x00000000d1700000, 0x00000000d1800000, 0x00000000d1800000|100%| O|  |TAMS 0x00000000d1800000, 0x00000000d1700000| Untracked 
|   8|0x00000000d1800000, 0x00000000d1900000, 0x00000000d1900000|100%| O|  |TAMS 0x00000000d1900000, 0x00000000d1800000| Untracked 
|   9|0x00000000d1900000, 0x00000000d1a00000, 0x00000000d1a00000|100%| O|  |TAMS 0x00000000d1a00000, 0x00000000d1900000| Updating 
|  10|0x00000000d1a00000, 0x00000000d1abb200, 0x00000000d1b00000| 73%| O|  |TAMS 0x00000000d1abb200, 0x00000000d1a00000| Updating 
|  11|0x00000000d1b00000, 0x00000000d1c00000, 0x00000000d1c00000|100%| O|  |TAMS 0x00000000d1c00000, 0x00000000d1b00000| Untracked 
|  12|0x00000000d1c00000, 0x00000000d1d00000, 0x00000000d1d00000|100%| O|  |TAMS 0x00000000d1d00000, 0x00000000d1c00000| Updating 
|  13|0x00000000d1d00000, 0x00000000d1e00000, 0x00000000d1e00000|100%| O|  |TAMS 0x00000000d1e00000, 0x00000000d1d00000| Untracked 
|  14|0x00000000d1e00000, 0x00000000d1f00000, 0x00000000d1f00000|100%| O|  |TAMS 0x00000000d1f00000, 0x00000000d1e00000| Untracked 
|  15|0x00000000d1f00000, 0x00000000d2000000, 0x00000000d2000000|100%| O|  |TAMS 0x00000000d2000000, 0x00000000d1f00000| Untracked 
|  16|0x00000000d2000000, 0x00000000d2100000, 0x00000000d2100000|100%| O|  |TAMS 0x00000000d2100000, 0x00000000d2000000| Untracked 
|  17|0x00000000d2100000, 0x00000000d2200000, 0x00000000d2200000|100%| O|  |TAMS 0x00000000d2200000, 0x00000000d2100000| Updating 
|  18|0x00000000d2200000, 0x00000000d2300000, 0x00000000d2300000|100%| O|  |TAMS 0x00000000d2300000, 0x00000000d2200000| Untracked 
|  19|0x00000000d2300000, 0x00000000d2400000, 0x00000000d2400000|100%| O|  |TAMS 0x00000000d2400000, 0x00000000d2300000| Untracked 
|  20|0x00000000d2400000, 0x00000000d2500000, 0x00000000d2500000|100%| O|  |TAMS 0x00000000d2500000, 0x00000000d2400000| Updating 
|  21|0x00000000d2500000, 0x00000000d2600000, 0x00000000d2600000|100%| O|  |TAMS 0x00000000d2600000, 0x00000000d2500000| Untracked 
|  22|0x00000000d2600000, 0x00000000d2700000, 0x00000000d2700000|100%| O|  |TAMS 0x00000000d2700000, 0x00000000d2600000| Updating 
|  23|0x00000000d2700000, 0x00000000d2800000, 0x00000000d2800000|100%| O|  |TAMS 0x00000000d2800000, 0x00000000d2700000| Untracked 
|  24|0x00000000d2800000, 0x00000000d2900000, 0x00000000d2900000|100%| O|  |TAMS 0x00000000d2900000, 0x00000000d2800000| Untracked 
|  25|0x00000000d2900000, 0x00000000d2a00000, 0x00000000d2a00000|100%| O|  |TAMS 0x00000000d2a00000, 0x00000000d2900000| Untracked 
|  26|0x00000000d2a00000, 0x00000000d2b00000, 0x00000000d2b00000|100%| O|  |TAMS 0x00000000d2b00000, 0x00000000d2a00000| Updating 
|  27|0x00000000d2b00000, 0x00000000d2c00000, 0x00000000d2c00000|100%| O|  |TAMS 0x00000000d2c00000, 0x00000000d2b00000| Untracked 
|  28|0x00000000d2c00000, 0x00000000d2d00000, 0x00000000d2d00000|100%| O|  |TAMS 0x00000000d2d00000, 0x00000000d2c00000| Untracked 
|  29|0x00000000d2d00000, 0x00000000d2e00000, 0x00000000d2e00000|100%| O|  |TAMS 0x00000000d2e00000, 0x00000000d2d00000| Updating 
|  30|0x00000000d2e00000, 0x00000000d2f00000, 0x00000000d2f00000|100%| O|  |TAMS 0x00000000d2f00000, 0x00000000d2e00000| Updating 
|  31|0x00000000d2f00000, 0x00000000d3000000, 0x00000000d3000000|100%| O|  |TAMS 0x00000000d3000000, 0x00000000d2f00000| Untracked 
|  32|0x00000000d3000000, 0x00000000d3100000, 0x00000000d3100000|100%| O|  |TAMS 0x00000000d3100000, 0x00000000d3000000| Untracked 
|  33|0x00000000d3100000, 0x00000000d3200000, 0x00000000d3200000|100%| O|  |TAMS 0x00000000d3200000, 0x00000000d3100000| Untracked 
|  34|0x00000000d3200000, 0x00000000d3300000, 0x00000000d3300000|100%| O|  |TAMS 0x00000000d3300000, 0x00000000d3200000| Updating 
|  35|0x00000000d3300000, 0x00000000d3400000, 0x00000000d3400000|100%| O|  |TAMS 0x00000000d3400000, 0x00000000d3300000| Untracked 
|  36|0x00000000d3400000, 0x00000000d3500000, 0x00000000d3500000|100%| O|  |TAMS 0x00000000d3500000, 0x00000000d3400000| Untracked 
|  37|0x00000000d3500000, 0x00000000d3600000, 0x00000000d3600000|100%| O|  |TAMS 0x00000000d3600000, 0x00000000d3500000| Untracked 
|  38|0x00000000d3600000, 0x00000000d3700000, 0x00000000d3700000|100%| O|  |TAMS 0x00000000d3700000, 0x00000000d3600000| Untracked 
|  39|0x00000000d3700000, 0x00000000d3800000, 0x00000000d3800000|100%| O|  |TAMS 0x00000000d3800000, 0x00000000d3700000| Untracked 
|  40|0x00000000d3800000, 0x00000000d3900000, 0x00000000d3900000|100%| O|  |TAMS 0x00000000d3900000, 0x00000000d3800000| Untracked 
|  41|0x00000000d3900000, 0x00000000d3a00000, 0x00000000d3a00000|100%| O|  |TAMS 0x00000000d3a00000, 0x00000000d3900000| Updating 
|  42|0x00000000d3a00000, 0x00000000d3b00000, 0x00000000d3b00000|100%| O|  |TAMS 0x00000000d3b00000, 0x00000000d3a00000| Updating 
|  43|0x00000000d3b00000, 0x00000000d3c00000, 0x00000000d3c00000|100%| O|  |TAMS 0x00000000d3c00000, 0x00000000d3b00000| Untracked 
|  44|0x00000000d3c00000, 0x00000000d3d00000, 0x00000000d3d00000|100%| O|  |TAMS 0x00000000d3d00000, 0x00000000d3c00000| Untracked 
|  45|0x00000000d3d00000, 0x00000000d3e00000, 0x00000000d3e00000|100%| O|  |TAMS 0x00000000d3e00000, 0x00000000d3d00000| Untracked 
|  46|0x00000000d3e00000, 0x00000000d3f00000, 0x00000000d3f00000|100%| O|  |TAMS 0x00000000d3f00000, 0x00000000d3e00000| Updating 
|  47|0x00000000d3f00000, 0x00000000d4000000, 0x00000000d4000000|100%| O|  |TAMS 0x00000000d4000000, 0x00000000d3f00000| Updating 
|  48|0x00000000d4000000, 0x00000000d4100000, 0x00000000d4100000|100%|HS|  |TAMS 0x00000000d4100000, 0x00000000d4000000| Complete 
|  49|0x00000000d4100000, 0x00000000d4200000, 0x00000000d4200000|100%| O|  |TAMS 0x00000000d4200000, 0x00000000d4100000| Updating 
|  50|0x00000000d4200000, 0x00000000d4300000, 0x00000000d4300000|100%| O|  |TAMS 0x00000000d4300000, 0x00000000d4200000| Untracked 
|  51|0x00000000d4300000, 0x00000000d4400000, 0x00000000d4400000|100%| O|  |TAMS 0x00000000d4400000, 0x00000000d4300000| Untracked 
|  52|0x00000000d4400000, 0x00000000d4500000, 0x00000000d4500000|100%| O|  |TAMS 0x00000000d4500000, 0x00000000d4400000| Untracked 
|  53|0x00000000d4500000, 0x00000000d4600000, 0x00000000d4600000|100%| O|  |TAMS 0x00000000d4600000, 0x00000000d4500000| Untracked 
|  54|0x00000000d4600000, 0x00000000d4700000, 0x00000000d4700000|100%| O|  |TAMS 0x00000000d4700000, 0x00000000d4600000| Untracked 
|  55|0x00000000d4700000, 0x00000000d4800000, 0x00000000d4800000|100%| O|  |TAMS 0x00000000d4800000, 0x00000000d4700000| Updating 
|  56|0x00000000d4800000, 0x00000000d4900000, 0x00000000d4900000|100%| O|  |TAMS 0x00000000d4900000, 0x00000000d4800000| Updating 
|  57|0x00000000d4900000, 0x00000000d4a00000, 0x00000000d4a00000|100%| O|  |TAMS 0x00000000d4a00000, 0x00000000d4900000| Updating 
|  58|0x00000000d4a00000, 0x00000000d4b00000, 0x00000000d4b00000|100%| O|  |TAMS 0x00000000d4b00000, 0x00000000d4a00000| Updating 
|  59|0x00000000d4b00000, 0x00000000d4c00000, 0x00000000d4c00000|100%| O|  |TAMS 0x00000000d4c00000, 0x00000000d4b00000| Untracked 
|  60|0x00000000d4c00000, 0x00000000d4d00000, 0x00000000d4d00000|100%| O|  |TAMS 0x00000000d4d00000, 0x00000000d4c00000| Untracked 
|  61|0x00000000d4d00000, 0x00000000d4e00000, 0x00000000d4e00000|100%| O|  |TAMS 0x00000000d4e00000, 0x00000000d4d00000| Untracked 
|  62|0x00000000d4e00000, 0x00000000d4f00000, 0x00000000d4f00000|100%| O|  |TAMS 0x00000000d4f00000, 0x00000000d4e00000| Updating 
|  63|0x00000000d4f00000, 0x00000000d5000000, 0x00000000d5000000|100%| O|  |TAMS 0x00000000d5000000, 0x00000000d4f00000| Untracked 
|  64|0x00000000d5000000, 0x00000000d5100000, 0x00000000d5100000|100%| O|  |TAMS 0x00000000d5100000, 0x00000000d5000000| Updating 
|  65|0x00000000d5100000, 0x00000000d5200000, 0x00000000d5200000|100%| O|  |TAMS 0x00000000d5200000, 0x00000000d5100000| Untracked 
|  66|0x00000000d5200000, 0x00000000d5300000, 0x00000000d5300000|100%| O|  |TAMS 0x00000000d5300000, 0x00000000d5200000| Untracked 
|  67|0x00000000d5300000, 0x00000000d5400000, 0x00000000d5400000|100%| O|  |TAMS 0x00000000d5400000, 0x00000000d5300000| Untracked 
|  68|0x00000000d5400000, 0x00000000d5500000, 0x00000000d5500000|100%| O|  |TAMS 0x00000000d5500000, 0x00000000d5400000| Updating 
|  69|0x00000000d5500000, 0x00000000d5600000, 0x00000000d5600000|100%| O|  |TAMS 0x00000000d5600000, 0x00000000d5500000| Untracked 
|  70|0x00000000d5600000, 0x00000000d5700000, 0x00000000d5700000|100%| O|  |TAMS 0x00000000d5700000, 0x00000000d5600000| Untracked 
|  71|0x00000000d5700000, 0x00000000d5800000, 0x00000000d5800000|100%| O|  |TAMS 0x00000000d5800000, 0x00000000d5700000| Untracked 
|  72|0x00000000d5800000, 0x00000000d5900000, 0x00000000d5900000|100%|HS|  |TAMS 0x00000000d5900000, 0x00000000d5800000| Complete 
|  73|0x00000000d5900000, 0x00000000d5a00000, 0x00000000d5a00000|100%| O|  |TAMS 0x00000000d5a00000, 0x00000000d5900000| Untracked 
|  74|0x00000000d5a00000, 0x00000000d5b00000, 0x00000000d5b00000|100%| O|  |TAMS 0x00000000d5b00000, 0x00000000d5a00000| Untracked 
|  75|0x00000000d5b00000, 0x00000000d5c00000, 0x00000000d5c00000|100%| O|  |TAMS 0x00000000d5c00000, 0x00000000d5b00000| Untracked 
|  76|0x00000000d5c00000, 0x00000000d5d00000, 0x00000000d5d00000|100%| O|  |TAMS 0x00000000d5d00000, 0x00000000d5c00000| Untracked 
|  77|0x00000000d5d00000, 0x00000000d5e00000, 0x00000000d5e00000|100%| O|  |TAMS 0x00000000d5e00000, 0x00000000d5d00000| Updating 
|  78|0x00000000d5e00000, 0x00000000d5f00000, 0x00000000d5f00000|100%| O|  |TAMS 0x00000000d5f00000, 0x00000000d5e00000| Untracked 
|  79|0x00000000d5f00000, 0x00000000d6000000, 0x00000000d6000000|100%| O|  |TAMS 0x00000000d6000000, 0x00000000d5f00000| Untracked 
|  80|0x00000000d6000000, 0x00000000d6100000, 0x00000000d6100000|100%| O|  |TAMS 0x00000000d6100000, 0x00000000d6000000| Untracked 
|  81|0x00000000d6100000, 0x00000000d6200000, 0x00000000d6200000|100%| O|  |TAMS 0x00000000d6200000, 0x00000000d6100000| Untracked 
|  82|0x00000000d6200000, 0x00000000d6300000, 0x00000000d6300000|100%| O|  |TAMS 0x00000000d6300000, 0x00000000d6200000| Updating 
|  83|0x00000000d6300000, 0x00000000d6400000, 0x00000000d6400000|100%| O|  |TAMS 0x00000000d6400000, 0x00000000d6300000| Untracked 
|  84|0x00000000d6400000, 0x00000000d6500000, 0x00000000d6500000|100%| O|  |TAMS 0x00000000d6500000, 0x00000000d6400000| Untracked 
|  85|0x00000000d6500000, 0x00000000d6600000, 0x00000000d6600000|100%| O|  |TAMS 0x00000000d6600000, 0x00000000d6500000| Untracked 
|  86|0x00000000d6600000, 0x00000000d6700000, 0x00000000d6700000|100%| O|  |TAMS 0x00000000d6700000, 0x00000000d6600000| Untracked 
|  87|0x00000000d6700000, 0x00000000d6800000, 0x00000000d6800000|100%| O|  |TAMS 0x00000000d6800000, 0x00000000d6700000| Untracked 
|  88|0x00000000d6800000, 0x00000000d6900000, 0x00000000d6900000|100%| O|  |TAMS 0x00000000d6900000, 0x00000000d6800000| Updating 
|  89|0x00000000d6900000, 0x00000000d6a00000, 0x00000000d6a00000|100%| O|  |TAMS 0x00000000d6a00000, 0x00000000d6900000| Untracked 
|  90|0x00000000d6a00000, 0x00000000d6b00000, 0x00000000d6b00000|100%| O|  |TAMS 0x00000000d6b00000, 0x00000000d6a00000| Untracked 
|  91|0x00000000d6b00000, 0x00000000d6c00000, 0x00000000d6c00000|100%| O|  |TAMS 0x00000000d6c00000, 0x00000000d6b00000| Untracked 
|  92|0x00000000d6c00000, 0x00000000d6d00000, 0x00000000d6d00000|100%| O|  |TAMS 0x00000000d6d00000, 0x00000000d6c00000| Untracked 
|  93|0x00000000d6d00000, 0x00000000d6e00000, 0x00000000d6e00000|100%| O|  |TAMS 0x00000000d6e00000, 0x00000000d6d00000| Untracked 
|  94|0x00000000d6e00000, 0x00000000d6f00000, 0x00000000d6f00000|100%| O|  |TAMS 0x00000000d6f00000, 0x00000000d6e00000| Updating 
|  95|0x00000000d6f00000, 0x00000000d7000000, 0x00000000d7000000|100%| O|  |TAMS 0x00000000d7000000, 0x00000000d6f00000| Updating 
|  96|0x00000000d7000000, 0x00000000d7100000, 0x00000000d7100000|100%| O|  |TAMS 0x00000000d7100000, 0x00000000d7000000| Untracked 
|  97|0x00000000d7100000, 0x00000000d7200000, 0x00000000d7200000|100%| O|  |TAMS 0x00000000d7200000, 0x00000000d7100000| Untracked 
|  98|0x00000000d7200000, 0x00000000d7300000, 0x00000000d7300000|100%| O|  |TAMS 0x00000000d7300000, 0x00000000d7200000| Untracked 
|  99|0x00000000d7300000, 0x00000000d7400000, 0x00000000d7400000|100%| O|  |TAMS 0x00000000d7400000, 0x00000000d7300000| Updating 
| 100|0x00000000d7400000, 0x00000000d7500000, 0x00000000d7500000|100%| O|  |TAMS 0x00000000d7500000, 0x00000000d7400000| Untracked 
| 101|0x00000000d7500000, 0x00000000d7600000, 0x00000000d7600000|100%| O|  |TAMS 0x00000000d7600000, 0x00000000d7500000| Untracked 
| 102|0x00000000d7600000, 0x00000000d7700000, 0x00000000d7700000|100%| O|  |TAMS 0x00000000d7700000, 0x00000000d7600000| Untracked 
| 103|0x00000000d7700000, 0x00000000d7800000, 0x00000000d7800000|100%| O|  |TAMS 0x00000000d7800000, 0x00000000d7700000| Updating 
| 104|0x00000000d7800000, 0x00000000d7900000, 0x00000000d7900000|100%| O|  |TAMS 0x00000000d7900000, 0x00000000d7800000| Untracked 
| 105|0x00000000d7900000, 0x00000000d7a00000, 0x00000000d7a00000|100%| O|  |TAMS 0x00000000d7a00000, 0x00000000d7900000| Untracked 
| 106|0x00000000d7a00000, 0x00000000d7b00000, 0x00000000d7b00000|100%| O|  |TAMS 0x00000000d7b00000, 0x00000000d7a00000| Untracked 
| 107|0x00000000d7b00000, 0x00000000d7c00000, 0x00000000d7c00000|100%| O|  |TAMS 0x00000000d7c00000, 0x00000000d7b00000| Untracked 
| 108|0x00000000d7c00000, 0x00000000d7d00000, 0x00000000d7d00000|100%| O|  |TAMS 0x00000000d7d00000, 0x00000000d7c00000| Untracked 
| 109|0x00000000d7d00000, 0x00000000d7e00000, 0x00000000d7e00000|100%| O|  |TAMS 0x00000000d7e00000, 0x00000000d7d00000| Untracked 
| 110|0x00000000d7e00000, 0x00000000d7f00000, 0x00000000d7f00000|100%| O|  |TAMS 0x00000000d7e0c800, 0x00000000d7e00000| Untracked 
| 111|0x00000000d7f00000, 0x00000000d8000000, 0x00000000d8000000|100%| O|  |TAMS 0x00000000d7f00000, 0x00000000d7f00000| Untracked 
| 112|0x00000000d8000000, 0x00000000d8100000, 0x00000000d8100000|100%| O|  |TAMS 0x00000000d8000000, 0x00000000d8000000| Untracked 
| 113|0x00000000d8100000, 0x00000000d8200000, 0x00000000d8200000|100%| O|  |TAMS 0x00000000d8100000, 0x00000000d8100000| Untracked 
| 114|0x00000000d8200000, 0x00000000d823e800, 0x00000000d8300000| 24%| O|  |TAMS 0x00000000d8200000, 0x00000000d8200000| Updating 
| 115|0x00000000d8300000, 0x00000000d8300000, 0x00000000d8400000|  0%| F|  |TAMS 0x00000000d8300000, 0x00000000d8300000| Untracked 
| 116|0x00000000d8400000, 0x00000000d8400000, 0x00000000d8500000|  0%| F|  |TAMS 0x00000000d8400000, 0x00000000d8400000| Untracked 
| 117|0x00000000d8500000, 0x00000000d8500000, 0x00000000d8600000|  0%| F|  |TAMS 0x00000000d8500000, 0x00000000d8500000| Untracked 
| 118|0x00000000d8600000, 0x00000000d8600000, 0x00000000d8700000|  0%| F|  |TAMS 0x00000000d8600000, 0x00000000d8600000| Untracked 
| 119|0x00000000d8700000, 0x00000000d8700000, 0x00000000d8800000|  0%| F|  |TAMS 0x00000000d8700000, 0x00000000d8700000| Untracked 
| 120|0x00000000d8800000, 0x00000000d8800000, 0x00000000d8900000|  0%| F|  |TAMS 0x00000000d8800000, 0x00000000d8800000| Untracked 
| 121|0x00000000d8900000, 0x00000000d8900000, 0x00000000d8a00000|  0%| F|  |TAMS 0x00000000d8900000, 0x00000000d8900000| Untracked 
| 122|0x00000000d8a00000, 0x00000000d8a00000, 0x00000000d8b00000|  0%| F|  |TAMS 0x00000000d8a00000, 0x00000000d8a00000| Untracked 
| 123|0x00000000d8b00000, 0x00000000d8b00000, 0x00000000d8c00000|  0%| F|  |TAMS 0x00000000d8b00000, 0x00000000d8b00000| Untracked 
| 124|0x00000000d8c00000, 0x00000000d8c00000, 0x00000000d8d00000|  0%| F|  |TAMS 0x00000000d8c00000, 0x00000000d8c00000| Untracked 
| 125|0x00000000d8d00000, 0x00000000d8d00000, 0x00000000d8e00000|  0%| F|  |TAMS 0x00000000d8d00000, 0x00000000d8d00000| Untracked 
| 126|0x00000000d8e00000, 0x00000000d8e00000, 0x00000000d8f00000|  0%| F|  |TAMS 0x00000000d8e00000, 0x00000000d8e00000| Untracked 
| 127|0x00000000d8f00000, 0x00000000d8f00000, 0x00000000d9000000|  0%| F|  |TAMS 0x00000000d8f00000, 0x00000000d8f00000| Untracked 
| 128|0x00000000d9000000, 0x00000000d9000000, 0x00000000d9100000|  0%| F|  |TAMS 0x00000000d9000000, 0x00000000d9000000| Untracked 
| 129|0x00000000d9100000, 0x00000000d9100000, 0x00000000d9200000|  0%| F|  |TAMS 0x00000000d9100000, 0x00000000d9100000| Untracked 
| 130|0x00000000d9200000, 0x00000000d9200000, 0x00000000d9300000|  0%| F|  |TAMS 0x00000000d9200000, 0x00000000d9200000| Untracked 
| 131|0x00000000d9300000, 0x00000000d9300000, 0x00000000d9400000|  0%| F|  |TAMS 0x00000000d9300000, 0x00000000d9300000| Untracked 
| 132|0x00000000d9400000, 0x00000000d9400000, 0x00000000d9500000|  0%| F|  |TAMS 0x00000000d9400000, 0x00000000d9400000| Untracked 
| 133|0x00000000d9500000, 0x00000000d9500000, 0x00000000d9600000|  0%| F|  |TAMS 0x00000000d9500000, 0x00000000d9500000| Untracked 
| 134|0x00000000d9600000, 0x00000000d9600000, 0x00000000d9700000|  0%| F|  |TAMS 0x00000000d9600000, 0x00000000d9600000| Untracked 
| 135|0x00000000d9700000, 0x00000000d9700000, 0x00000000d9800000|  0%| F|  |TAMS 0x00000000d9700000, 0x00000000d9700000| Untracked 
| 136|0x00000000d9800000, 0x00000000d9800000, 0x00000000d9900000|  0%| F|  |TAMS 0x00000000d9800000, 0x00000000d9800000| Untracked 
| 137|0x00000000d9900000, 0x00000000d9900000, 0x00000000d9a00000|  0%| F|  |TAMS 0x00000000d9900000, 0x00000000d9900000| Untracked 
| 138|0x00000000d9a00000, 0x00000000d9a64a08, 0x00000000d9b00000| 39%| S|CS|TAMS 0x00000000d9a00000, 0x00000000d9a00000| Complete 
| 139|0x00000000d9b00000, 0x00000000d9c00000, 0x00000000d9c00000|100%| S|CS|TAMS 0x00000000d9b00000, 0x00000000d9b00000| Complete 
| 140|0x00000000d9c00000, 0x00000000d9d00000, 0x00000000d9d00000|100%| S|CS|TAMS 0x00000000d9c00000, 0x00000000d9c00000| Complete 
| 141|0x00000000d9d00000, 0x00000000d9d00000, 0x00000000d9e00000|  0%| F|  |TAMS 0x00000000d9d00000, 0x00000000d9d00000| Untracked 
| 142|0x00000000d9e00000, 0x00000000d9e00000, 0x00000000d9f00000|  0%| F|  |TAMS 0x00000000d9e00000, 0x00000000d9e00000| Untracked 
| 143|0x00000000d9f00000, 0x00000000d9f00000, 0x00000000da000000|  0%| F|  |TAMS 0x00000000d9f00000, 0x00000000d9f00000| Untracked 
| 144|0x00000000da000000, 0x00000000da100000, 0x00000000da100000|100%| S|CS|TAMS 0x00000000da000000, 0x00000000da000000| Complete 
| 145|0x00000000da100000, 0x00000000da200000, 0x00000000da200000|100%| S|CS|TAMS 0x00000000da100000, 0x00000000da100000| Complete 
| 146|0x00000000da200000, 0x00000000da200000, 0x00000000da300000|  0%| F|  |TAMS 0x00000000da200000, 0x00000000da200000| Untracked 
| 147|0x00000000da300000, 0x00000000da400000, 0x00000000da400000|100%| S|CS|TAMS 0x00000000da300000, 0x00000000da300000| Complete 
| 148|0x00000000da400000, 0x00000000da400000, 0x00000000da500000|  0%| F|  |TAMS 0x00000000da400000, 0x00000000da400000| Untracked 
| 149|0x00000000da500000, 0x00000000da500000, 0x00000000da600000|  0%| F|  |TAMS 0x00000000da500000, 0x00000000da500000| Untracked 
| 150|0x00000000da600000, 0x00000000da600000, 0x00000000da700000|  0%| F|  |TAMS 0x00000000da600000, 0x00000000da600000| Untracked 
| 151|0x00000000da700000, 0x00000000da800000, 0x00000000da800000|100%| S|CS|TAMS 0x00000000da700000, 0x00000000da700000| Complete 
| 152|0x00000000da800000, 0x00000000da900000, 0x00000000da900000|100%| S|CS|TAMS 0x00000000da800000, 0x00000000da800000| Complete 
| 153|0x00000000da900000, 0x00000000daa00000, 0x00000000daa00000|100%| S|CS|TAMS 0x00000000da900000, 0x00000000da900000| Complete 
| 154|0x00000000daa00000, 0x00000000daa00000, 0x00000000dab00000|  0%| F|  |TAMS 0x00000000daa00000, 0x00000000daa00000| Untracked 
| 155|0x00000000dab00000, 0x00000000dab00000, 0x00000000dac00000|  0%| F|  |TAMS 0x00000000dab00000, 0x00000000dab00000| Untracked 
| 156|0x00000000dac00000, 0x00000000dac00000, 0x00000000dad00000|  0%| F|  |TAMS 0x00000000dac00000, 0x00000000dac00000| Untracked 
| 157|0x00000000dad00000, 0x00000000dad00000, 0x00000000dae00000|  0%| F|  |TAMS 0x00000000dad00000, 0x00000000dad00000| Untracked 
| 158|0x00000000dae00000, 0x00000000dae00000, 0x00000000daf00000|  0%| F|  |TAMS 0x00000000dae00000, 0x00000000dae00000| Untracked 
| 159|0x00000000daf00000, 0x00000000daf00000, 0x00000000db000000|  0%| F|  |TAMS 0x00000000daf00000, 0x00000000daf00000| Untracked 
| 160|0x00000000db000000, 0x00000000db000000, 0x00000000db100000|  0%| F|  |TAMS 0x00000000db000000, 0x00000000db000000| Untracked 
| 161|0x00000000db100000, 0x00000000db100000, 0x00000000db200000|  0%| F|  |TAMS 0x00000000db100000, 0x00000000db100000| Untracked 
| 162|0x00000000db200000, 0x00000000db200000, 0x00000000db300000|  0%| F|  |TAMS 0x00000000db200000, 0x00000000db200000| Untracked 
| 163|0x00000000db300000, 0x00000000db300000, 0x00000000db400000|  0%| F|  |TAMS 0x00000000db300000, 0x00000000db300000| Untracked 
| 164|0x00000000db400000, 0x00000000db400000, 0x00000000db500000|  0%| F|  |TAMS 0x00000000db400000, 0x00000000db400000| Untracked 
| 165|0x00000000db500000, 0x00000000db500000, 0x00000000db600000|  0%| F|  |TAMS 0x00000000db500000, 0x00000000db500000| Untracked 
| 166|0x00000000db600000, 0x00000000db600000, 0x00000000db700000|  0%| F|  |TAMS 0x00000000db600000, 0x00000000db600000| Untracked 
| 167|0x00000000db700000, 0x00000000db700000, 0x00000000db800000|  0%| F|  |TAMS 0x00000000db700000, 0x00000000db700000| Untracked 
| 168|0x00000000db800000, 0x00000000db800000, 0x00000000db900000|  0%| F|  |TAMS 0x00000000db800000, 0x00000000db800000| Untracked 
| 169|0x00000000db900000, 0x00000000db900000, 0x00000000dba00000|  0%| F|  |TAMS 0x00000000db900000, 0x00000000db900000| Untracked 
| 170|0x00000000dba00000, 0x00000000dba00000, 0x00000000dbb00000|  0%| F|  |TAMS 0x00000000dba00000, 0x00000000dba00000| Untracked 
| 171|0x00000000dbb00000, 0x00000000dbb00000, 0x00000000dbc00000|  0%| F|  |TAMS 0x00000000dbb00000, 0x00000000dbb00000| Untracked 
| 172|0x00000000dbc00000, 0x00000000dbc00000, 0x00000000dbd00000|  0%| F|  |TAMS 0x00000000dbc00000, 0x00000000dbc00000| Untracked 
| 173|0x00000000dbd00000, 0x00000000dbd00000, 0x00000000dbe00000|  0%| F|  |TAMS 0x00000000dbd00000, 0x00000000dbd00000| Untracked 
| 174|0x00000000dbe00000, 0x00000000dbe00000, 0x00000000dbf00000|  0%| F|  |TAMS 0x00000000dbe00000, 0x00000000dbe00000| Untracked 
| 175|0x00000000dbf00000, 0x00000000dbf00000, 0x00000000dc000000|  0%| F|  |TAMS 0x00000000dbf00000, 0x00000000dbf00000| Untracked 
| 176|0x00000000dc000000, 0x00000000dc000000, 0x00000000dc100000|  0%| F|  |TAMS 0x00000000dc000000, 0x00000000dc000000| Untracked 
| 177|0x00000000dc100000, 0x00000000dc100000, 0x00000000dc200000|  0%| F|  |TAMS 0x00000000dc100000, 0x00000000dc100000| Untracked 
| 178|0x00000000dc200000, 0x00000000dc200000, 0x00000000dc300000|  0%| F|  |TAMS 0x00000000dc200000, 0x00000000dc200000| Untracked 
| 179|0x00000000dc300000, 0x00000000dc300000, 0x00000000dc400000|  0%| F|  |TAMS 0x00000000dc300000, 0x00000000dc300000| Untracked 
| 180|0x00000000dc400000, 0x00000000dc400000, 0x00000000dc500000|  0%| F|  |TAMS 0x00000000dc400000, 0x00000000dc400000| Untracked 
| 181|0x00000000dc500000, 0x00000000dc500000, 0x00000000dc600000|  0%| F|  |TAMS 0x00000000dc500000, 0x00000000dc500000| Untracked 
| 182|0x00000000dc600000, 0x00000000dc600000, 0x00000000dc700000|  0%| F|  |TAMS 0x00000000dc600000, 0x00000000dc600000| Untracked 
| 183|0x00000000dc700000, 0x00000000dc700000, 0x00000000dc800000|  0%| F|  |TAMS 0x00000000dc700000, 0x00000000dc700000| Untracked 
| 184|0x00000000dc800000, 0x00000000dc800000, 0x00000000dc900000|  0%| F|  |TAMS 0x00000000dc800000, 0x00000000dc800000| Untracked 
| 185|0x00000000dc900000, 0x00000000dc900000, 0x00000000dca00000|  0%| F|  |TAMS 0x00000000dc900000, 0x00000000dc900000| Untracked 
| 186|0x00000000dca00000, 0x00000000dca00000, 0x00000000dcb00000|  0%| F|  |TAMS 0x00000000dca00000, 0x00000000dca00000| Untracked 
| 187|0x00000000dcb00000, 0x00000000dcb00000, 0x00000000dcc00000|  0%| F|  |TAMS 0x00000000dcb00000, 0x00000000dcb00000| Untracked 
| 188|0x00000000dcc00000, 0x00000000dcc00000, 0x00000000dcd00000|  0%| F|  |TAMS 0x00000000dcc00000, 0x00000000dcc00000| Untracked 
| 189|0x00000000dcd00000, 0x00000000dcd00000, 0x00000000dce00000|  0%| F|  |TAMS 0x00000000dcd00000, 0x00000000dcd00000| Untracked 
| 190|0x00000000dce00000, 0x00000000dce00000, 0x00000000dcf00000|  0%| F|  |TAMS 0x00000000dce00000, 0x00000000dce00000| Untracked 
| 191|0x00000000dcf00000, 0x00000000dcf00000, 0x00000000dd000000|  0%| F|  |TAMS 0x00000000dcf00000, 0x00000000dcf00000| Untracked 
| 192|0x00000000dd000000, 0x00000000dd000000, 0x00000000dd100000|  0%| F|  |TAMS 0x00000000dd000000, 0x00000000dd000000| Untracked 
| 193|0x00000000dd100000, 0x00000000dd100000, 0x00000000dd200000|  0%| F|  |TAMS 0x00000000dd100000, 0x00000000dd100000| Untracked 
| 194|0x00000000dd200000, 0x00000000dd200000, 0x00000000dd300000|  0%| F|  |TAMS 0x00000000dd200000, 0x00000000dd200000| Untracked 
| 195|0x00000000dd300000, 0x00000000dd300000, 0x00000000dd400000|  0%| F|  |TAMS 0x00000000dd300000, 0x00000000dd300000| Untracked 
| 196|0x00000000dd400000, 0x00000000dd400000, 0x00000000dd500000|  0%| F|  |TAMS 0x00000000dd400000, 0x00000000dd400000| Untracked 
| 197|0x00000000dd500000, 0x00000000dd500000, 0x00000000dd600000|  0%| F|  |TAMS 0x00000000dd500000, 0x00000000dd500000| Untracked 
| 198|0x00000000dd600000, 0x00000000dd600000, 0x00000000dd700000|  0%| F|  |TAMS 0x00000000dd600000, 0x00000000dd600000| Untracked 
| 199|0x00000000dd700000, 0x00000000dd800000, 0x00000000dd800000|100%| E|  |TAMS 0x00000000dd700000, 0x00000000dd700000| Complete 
| 200|0x00000000dd800000, 0x00000000dd900000, 0x00000000dd900000|100%| E|  |TAMS 0x00000000dd800000, 0x00000000dd800000| Complete 
| 201|0x00000000dd900000, 0x00000000dda00000, 0x00000000dda00000|100%| E|CS|TAMS 0x00000000dd900000, 0x00000000dd900000| Complete 
| 202|0x00000000dda00000, 0x00000000ddb00000, 0x00000000ddb00000|100%| E|CS|TAMS 0x00000000dda00000, 0x00000000dda00000| Complete 
| 203|0x00000000ddb00000, 0x00000000ddc00000, 0x00000000ddc00000|100%| E|CS|TAMS 0x00000000ddb00000, 0x00000000ddb00000| Complete 
| 204|0x00000000ddc00000, 0x00000000ddd00000, 0x00000000ddd00000|100%| E|CS|TAMS 0x00000000ddc00000, 0x00000000ddc00000| Complete 
| 205|0x00000000ddd00000, 0x00000000dde00000, 0x00000000dde00000|100%| E|CS|TAMS 0x00000000ddd00000, 0x00000000ddd00000| Complete 
| 206|0x00000000dde00000, 0x00000000ddf00000, 0x00000000ddf00000|100%| E|CS|TAMS 0x00000000dde00000, 0x00000000dde00000| Complete 
| 207|0x00000000ddf00000, 0x00000000de000000, 0x00000000de000000|100%| E|CS|TAMS 0x00000000ddf00000, 0x00000000ddf00000| Complete 
| 208|0x00000000de000000, 0x00000000de100000, 0x00000000de100000|100%| E|CS|TAMS 0x00000000de000000, 0x00000000de000000| Complete 
| 209|0x00000000de100000, 0x00000000de200000, 0x00000000de200000|100%| E|CS|TAMS 0x00000000de100000, 0x00000000de100000| Complete 
| 210|0x00000000de200000, 0x00000000de300000, 0x00000000de300000|100%| E|CS|TAMS 0x00000000de200000, 0x00000000de200000| Complete 
| 211|0x00000000de300000, 0x00000000de400000, 0x00000000de400000|100%| E|CS|TAMS 0x00000000de300000, 0x00000000de300000| Complete 
| 212|0x00000000de400000, 0x00000000de500000, 0x00000000de500000|100%| E|CS|TAMS 0x00000000de400000, 0x00000000de400000| Complete 
| 213|0x00000000de500000, 0x00000000de600000, 0x00000000de600000|100%| E|CS|TAMS 0x00000000de500000, 0x00000000de500000| Complete 
| 214|0x00000000de600000, 0x00000000de700000, 0x00000000de700000|100%| E|CS|TAMS 0x00000000de600000, 0x00000000de600000| Complete 
| 215|0x00000000de700000, 0x00000000de800000, 0x00000000de800000|100%| E|CS|TAMS 0x00000000de700000, 0x00000000de700000| Complete 
| 216|0x00000000de800000, 0x00000000de900000, 0x00000000de900000|100%| E|CS|TAMS 0x00000000de800000, 0x00000000de800000| Complete 
| 217|0x00000000de900000, 0x00000000dea00000, 0x00000000dea00000|100%| E|CS|TAMS 0x00000000de900000, 0x00000000de900000| Complete 
| 218|0x00000000dea00000, 0x00000000deb00000, 0x00000000deb00000|100%| E|CS|TAMS 0x00000000dea00000, 0x00000000dea00000| Complete 
| 219|0x00000000deb00000, 0x00000000dec00000, 0x00000000dec00000|100%| E|CS|TAMS 0x00000000deb00000, 0x00000000deb00000| Complete 
| 220|0x00000000dec00000, 0x00000000ded00000, 0x00000000ded00000|100%| E|CS|TAMS 0x00000000dec00000, 0x00000000dec00000| Complete 
| 221|0x00000000ded00000, 0x00000000dee00000, 0x00000000dee00000|100%| E|CS|TAMS 0x00000000ded00000, 0x00000000ded00000| Complete 
| 222|0x00000000dee00000, 0x00000000def00000, 0x00000000def00000|100%| E|CS|TAMS 0x00000000dee00000, 0x00000000dee00000| Complete 
| 223|0x00000000def00000, 0x00000000df000000, 0x00000000df000000|100%| E|CS|TAMS 0x00000000def00000, 0x00000000def00000| Complete 
| 224|0x00000000df000000, 0x00000000df100000, 0x00000000df100000|100%| E|CS|TAMS 0x00000000df000000, 0x00000000df000000| Complete 
| 225|0x00000000df100000, 0x00000000df200000, 0x00000000df200000|100%| E|CS|TAMS 0x00000000df100000, 0x00000000df100000| Complete 
| 226|0x00000000df200000, 0x00000000df300000, 0x00000000df300000|100%| E|CS|TAMS 0x00000000df200000, 0x00000000df200000| Complete 
| 227|0x00000000df300000, 0x00000000df400000, 0x00000000df400000|100%| E|CS|TAMS 0x00000000df300000, 0x00000000df300000| Complete 
| 228|0x00000000df400000, 0x00000000df500000, 0x00000000df500000|100%| E|CS|TAMS 0x00000000df400000, 0x00000000df400000| Complete 
| 229|0x00000000df500000, 0x00000000df600000, 0x00000000df600000|100%| E|CS|TAMS 0x00000000df500000, 0x00000000df500000| Complete 
| 230|0x00000000df600000, 0x00000000df700000, 0x00000000df700000|100%| E|CS|TAMS 0x00000000df600000, 0x00000000df600000| Complete 
| 231|0x00000000df700000, 0x00000000df800000, 0x00000000df800000|100%| E|CS|TAMS 0x00000000df700000, 0x00000000df700000| Complete 
| 232|0x00000000df800000, 0x00000000df900000, 0x00000000df900000|100%| E|CS|TAMS 0x00000000df800000, 0x00000000df800000| Complete 
| 233|0x00000000df900000, 0x00000000dfa00000, 0x00000000dfa00000|100%| E|CS|TAMS 0x00000000df900000, 0x00000000df900000| Complete 
| 234|0x00000000dfa00000, 0x00000000dfa00000, 0x00000000dfb00000|  0%| F|  |TAMS 0x00000000dfa00000, 0x00000000dfa00000| Untracked 
| 235|0x00000000dfb00000, 0x00000000dfb00000, 0x00000000dfc00000|  0%| F|  |TAMS 0x00000000dfb00000, 0x00000000dfb00000| Untracked 
| 236|0x00000000dfc00000, 0x00000000dfc00000, 0x00000000dfd00000|  0%| F|  |TAMS 0x00000000dfc00000, 0x00000000dfc00000| Untracked 
| 237|0x00000000dfd00000, 0x00000000dfd00000, 0x00000000dfe00000|  0%| F|  |TAMS 0x00000000dfd00000, 0x00000000dfd00000| Untracked 
| 238|0x00000000dfe00000, 0x00000000dfe00000, 0x00000000dff00000|  0%| F|  |TAMS 0x00000000dfe00000, 0x00000000dfe00000| Untracked 
| 239|0x00000000dff00000, 0x00000000e0000000, 0x00000000e0000000|100%| E|CS|TAMS 0x00000000dff00000, 0x00000000dff00000| Complete 
| 240|0x00000000e0000000, 0x00000000e0100000, 0x00000000e0100000|100%| E|CS|TAMS 0x00000000e0000000, 0x00000000e0000000| Complete 
| 241|0x00000000e0100000, 0x00000000e0200000, 0x00000000e0200000|100%| E|CS|TAMS 0x00000000e0100000, 0x00000000e0100000| Complete 
| 242|0x00000000e0200000, 0x00000000e0300000, 0x00000000e0300000|100%| E|CS|TAMS 0x00000000e0200000, 0x00000000e0200000| Complete 
| 243|0x00000000e0300000, 0x00000000e0400000, 0x00000000e0400000|100%| E|CS|TAMS 0x00000000e0300000, 0x00000000e0300000| Complete 
| 244|0x00000000e0400000, 0x00000000e0500000, 0x00000000e0500000|100%| E|CS|TAMS 0x00000000e0400000, 0x00000000e0400000| Complete 

Card table byte_map: [0x000001f6cae40000,0x000001f6cafc0000] _byte_map_base: 0x000001f6ca7b8000

Marking Bits (Prev, Next): (CMBitMap*) 0x000001f6cb06c7f0, (CMBitMap*) 0x000001f6cb06c7b0
 Prev Bits: [0x000001f6d1a00000, 0x000001f6d25c0000)
 Next Bits: [0x000001f6d0e40000, 0x000001f6d1a00000)

Polling page: 0x000001f6ca800000

Metaspace:

Usage:
  Non-class:     37.63 MB used.
      Class:      5.36 MB used.
       Both:     42.99 MB used.

Virtual space:
  Non-class space:       40.00 MB reserved,      37.81 MB ( 95%) committed,  5 nodes.
      Class space:        1.00 GB reserved,       5.50 MB ( <1%) committed,  1 nodes.
             Both:        1.04 GB reserved,      43.31 MB (  4%) committed. 

Chunk freelists:
   Non-Class:  2.06 MB
       Class:  2.38 MB
        Both:  4.44 MB

MaxMetaspaceSize: unlimited
CompressedClassSpaceSize: 1.00 GB
Initial GC threshold: 21.00 MB
Current GC threshold: 63.44 MB
CDS: off
MetaspaceReclaimPolicy: balanced
 - commit_granule_bytes: 65536.
 - commit_granule_words: 8192.
 - virtual_space_node_default_size: 1048576.
 - enlarge_chunks_in_place: 1.
 - new_chunks_are_fully_committed: 0.
 - uncommit_free_chunks: 1.
 - use_allocation_guard: 0.
 - handle_deallocations: 1.


Internal statistics:

num_allocs_failed_limit: 3.
num_arena_births: 398.
num_arena_deaths: 0.
num_vsnodes_births: 6.
num_vsnodes_deaths: 0.
num_space_committed: 693.
num_space_uncommitted: 0.
num_chunks_returned_to_freelist: 3.
num_chunks_taken_from_freelist: 1711.
num_chunk_merges: 3.
num_chunk_splits: 1203.
num_chunks_enlarged: 955.
num_purges: 0.
num_inconsistent_stats: 0.

CodeCache: size=49152Kb used=8544Kb max_used=8817Kb free=40607Kb
 bounds [0x000001f6cdcc0000, 0x000001f6ce560000, 0x000001f6d0cc0000]
 total_blobs=4939 nmethods=4377 adapters=489
 compilation: enabled
              stopped_count=0, restarted_count=0
 full_count=0

Compilation events (20 events):
Event: 13.845 Thread 0x000001f6d4baba50 nmethod 4369 0x000001f6cde25c10 code [0x000001f6cde25da0, 0x000001f6cde25e98]
Event: 13.845 Thread 0x000001f6d4baba50 4370       1       org.eclipse.jdt.internal.compiler.lookup.PackageBinding::addPackage (40 bytes)
Event: 13.845 Thread 0x000001f6d4baba50 nmethod 4370 0x000001f6cde25790 code [0x000001f6cde25940, 0x000001f6cde25ac8]
Event: 13.845 Thread 0x000001f6d4baba50 4371       1       org.eclipse.jdt.core.compiler.CharOperation::subarray (48 bytes)
Event: 13.845 Thread 0x000001f6d4baba50 nmethod 4371 0x000001f6cde25210 code [0x000001f6cde253c0, 0x000001f6cde25688]
Event: 13.847 Thread 0x000001f6d4baba50 4372       1       java.util.stream.ReduceOps$ReduceOp::<init> (10 bytes)
Event: 13.847 Thread 0x000001f6d4baba50 nmethod 4372 0x000001f6cde24f10 code [0x000001f6cde250a0, 0x000001f6cde251b8]
Event: 13.847 Thread 0x000001f6d4baba50 4373       1       java.util.stream.ReduceOps$ReduceOp::evaluateSequential (18 bytes)
Event: 13.847 Thread 0x000001f6d4baba50 nmethod 4373 0x000001f6cde24b10 code [0x000001f6cde24cc0, 0x000001f6cde24e48]
Event: 13.856 Thread 0x000001f6d4baba50 4374       1       jdk.internal.jimage.ImageLocation::buildName (128 bytes)
Event: 13.857 Thread 0x000001f6d4baba50 nmethod 4374 0x000001f6cde23f90 code [0x000001f6cde24200, 0x000001f6cde24778]
Event: 13.861 Thread 0x000001f6d4baba50 4375       1       org.eclipse.jdt.internal.compiler.ast.ImportReference::isStatic (14 bytes)
Event: 13.861 Thread 0x000001f6d4baba50 nmethod 4375 0x000001f6cde23c90 code [0x000001f6cde23e20, 0x000001f6cde23f18]
Event: 13.966 Thread 0x000001f6d4baba50 4376       1       org.eclipse.jdt.internal.compiler.util.CharArray::equals (33 bytes)
Event: 13.966 Thread 0x000001f6d4baba50 nmethod 4376 0x000001f6cde23810 code [0x000001f6cde239c0, 0x000001f6cde23b88]
Event: 14.065 Thread 0x000001f6d4baba50 4377   !   1       org.eclipse.jdt.internal.compiler.parser.Scanner::getNextToken0 (2562 bytes)
Event: 14.073 Thread 0x000001f6d4baba50 nmethod 4377 0x000001f6cde1d790 code [0x000001f6cde1dfc0, 0x000001f6cde21308]
Event: 14.073 Thread 0x000001f6d4baba50 4378       1       org.eclipse.jdt.internal.compiler.parser.Scanner::updateCase (20 bytes)
Event: 14.073 Thread 0x000001f6d4baba50 nmethod 4378 0x000001f6cde1d490 code [0x000001f6cde1d620, 0x000001f6cde1d6f8]
Event: 14.073 Thread 0x000001f6d4baba50 4379       1       org.eclipse.jdt.internal.compiler.parser.Scanner::getNextToken (210 bytes)

GC Heap History (20 events):
Event: 10.765 GC heap before
{Heap before GC invocations=30 (full 0):
 garbage-first heap   total 245760K, used 186529K [0x00000000d1000000, 0x0000000100000000)
  region size 1024K, 116 young (118784K), 9 survivors (9216K)
 Metaspace       used 39714K, committed 40128K, reserved 1089536K
  class space    used 5052K, committed 5248K, reserved 1048576K
}
Event: 10.786 GC heap after
{Heap after GC invocations=31 (full 0):
 garbage-first heap   total 245760K, used 83385K [0x00000000d1000000, 0x0000000100000000)
  region size 1024K, 10 young (10240K), 10 survivors (10240K)
 Metaspace       used 39714K, committed 40128K, reserved 1089536K
  class space    used 5052K, committed 5248K, reserved 1048576K
}
Event: 11.233 GC heap before
{Heap before GC invocations=31 (full 0):
 garbage-first heap   total 245760K, used 192953K [0x00000000d1000000, 0x0000000100000000)
  region size 1024K, 117 young (119808K), 10 survivors (10240K)
 Metaspace       used 39715K, committed 40128K, reserved 1089536K
  class space    used 5053K, committed 5248K, reserved 1048576K
}
Event: 11.244 GC heap after
{Heap after GC invocations=32 (full 0):
 garbage-first heap   total 245760K, used 90575K [0x00000000d1000000, 0x0000000100000000)
  region size 1024K, 12 young (12288K), 12 survivors (12288K)
 Metaspace       used 39715K, committed 40128K, reserved 1089536K
  class space    used 5053K, committed 5248K, reserved 1048576K
}
Event: 11.570 GC heap before
{Heap before GC invocations=32 (full 0):
 garbage-first heap   total 245760K, used 195023K [0x00000000d1000000, 0x0000000100000000)
  region size 1024K, 115 young (117760K), 12 survivors (12288K)
 Metaspace       used 39745K, committed 40128K, reserved 1089536K
  class space    used 5063K, committed 5248K, reserved 1048576K
}
Event: 11.581 GC heap after
{Heap after GC invocations=33 (full 0):
 garbage-first heap   total 245760K, used 97522K [0x00000000d1000000, 0x0000000100000000)
  region size 1024K, 13 young (13312K), 13 survivors (13312K)
 Metaspace       used 39745K, committed 40128K, reserved 1089536K
  class space    used 5063K, committed 5248K, reserved 1048576K
}
Event: 11.941 GC heap before
{Heap before GC invocations=33 (full 0):
 garbage-first heap   total 245760K, used 197874K [0x00000000d1000000, 0x0000000100000000)
  region size 1024K, 112 young (114688K), 13 survivors (13312K)
 Metaspace       used 40759K, committed 41152K, reserved 1089536K
  class space    used 5120K, committed 5312K, reserved 1048576K
}
Event: 11.951 GC heap after
{Heap after GC invocations=34 (full 0):
 garbage-first heap   total 245760K, used 101839K [0x00000000d1000000, 0x0000000100000000)
  region size 1024K, 12 young (12288K), 12 survivors (12288K)
 Metaspace       used 40759K, committed 41152K, reserved 1089536K
  class space    used 5120K, committed 5312K, reserved 1048576K
}
Event: 12.302 GC heap before
{Heap before GC invocations=34 (full 0):
 garbage-first heap   total 245760K, used 199119K [0x00000000d1000000, 0x0000000100000000)
  region size 1024K, 108 young (110592K), 12 survivors (12288K)
 Metaspace       used 41588K, committed 41984K, reserved 1089536K
  class space    used 5190K, committed 5376K, reserved 1048576K
}
Event: 12.314 GC heap after
{Heap after GC invocations=35 (full 0):
 garbage-first heap   total 245760K, used 106629K [0x00000000d1000000, 0x0000000100000000)
  region size 1024K, 10 young (10240K), 10 survivors (10240K)
 Metaspace       used 41588K, committed 41984K, reserved 1089536K
  class space    used 5190K, committed 5376K, reserved 1048576K
}
Event: 12.844 GC heap before
{Heap before GC invocations=35 (full 0):
 garbage-first heap   total 245760K, used 201861K [0x00000000d1000000, 0x0000000100000000)
  region size 1024K, 104 young (106496K), 10 survivors (10240K)
 Metaspace       used 42247K, committed 42624K, reserved 1089536K
  class space    used 5257K, committed 5440K, reserved 1048576K
}
Event: 12.857 GC heap after
{Heap after GC invocations=36 (full 0):
 garbage-first heap   total 245760K, used 109553K [0x00000000d1000000, 0x0000000100000000)
  region size 1024K, 8 young (8192K), 8 survivors (8192K)
 Metaspace       used 42247K, committed 42624K, reserved 1089536K
  class space    used 5257K, committed 5440K, reserved 1048576K
}
Event: 13.174 GC heap before
{Heap before GC invocations=36 (full 0):
 garbage-first heap   total 245760K, used 203761K [0x00000000d1000000, 0x0000000100000000)
  region size 1024K, 101 young (103424K), 8 survivors (8192K)
 Metaspace       used 42765K, committed 43136K, reserved 1089536K
  class space    used 5324K, committed 5504K, reserved 1048576K
}
Event: 13.185 GC heap after
{Heap after GC invocations=37 (full 0):
 garbage-first heap   total 245760K, used 113030K [0x00000000d1000000, 0x0000000100000000)
  region size 1024K, 7 young (7168K), 7 survivors (7168K)
 Metaspace       used 42765K, committed 43136K, reserved 1089536K
  class space    used 5324K, committed 5504K, reserved 1048576K
}
Event: 13.394 GC heap before
{Heap before GC invocations=37 (full 0):
 garbage-first heap   total 245760K, used 206214K [0x00000000d1000000, 0x0000000100000000)
  region size 1024K, 99 young (101376K), 7 survivors (7168K)
 Metaspace       used 42971K, committed 43328K, reserved 1089536K
  class space    used 5356K, committed 5504K, reserved 1048576K
}
Event: 13.403 GC heap after
{Heap after GC invocations=38 (full 0):
 garbage-first heap   total 245760K, used 117123K [0x00000000d1000000, 0x0000000100000000)
  region size 1024K, 11 young (11264K), 11 survivors (11264K)
 Metaspace       used 42971K, committed 43328K, reserved 1089536K
  class space    used 5356K, committed 5504K, reserved 1048576K
}
Event: 13.619 GC heap before
{Heap before GC invocations=38 (full 0):
 garbage-first heap   total 245760K, used 207235K [0x00000000d1000000, 0x0000000100000000)
  region size 1024K, 100 young (102400K), 11 survivors (11264K)
 Metaspace       used 43522K, committed 43904K, reserved 1089536K
  class space    used 5428K, committed 5632K, reserved 1048576K
}
Event: 13.632 GC heap after
{Heap after GC invocations=39 (full 0):
 garbage-first heap   total 245760K, used 120527K [0x00000000d1000000, 0x0000000100000000)
  region size 1024K, 8 young (8192K), 8 survivors (8192K)
 Metaspace       used 43522K, committed 43904K, reserved 1089536K
  class space    used 5428K, committed 5632K, reserved 1048576K
}
Event: 13.867 GC heap before
{Heap before GC invocations=39 (full 0):
 garbage-first heap   total 245760K, used 206543K [0x00000000d1000000, 0x0000000100000000)
  region size 1024K, 94 young (96256K), 8 survivors (8192K)
 Metaspace       used 43734K, committed 44160K, reserved 1089536K
  class space    used 5461K, committed 5632K, reserved 1048576K
}
Event: 13.880 GC heap after
{Heap after GC invocations=40 (full 0):
 garbage-first heap   total 245760K, used 125305K [0x00000000d1000000, 0x0000000100000000)
  region size 1024K, 9 young (9216K), 9 survivors (9216K)
 Metaspace       used 43734K, committed 44160K, reserved 1089536K
  class space    used 5461K, committed 5632K, reserved 1048576K
}

Deoptimization events (14 events):
Event: 2.858 Thread 0x000001f6cb035770 DEOPT PACKING pc=0x000001f6ce100019 sp=0x0000000c541fd2b0
Event: 2.858 Thread 0x000001f6cb035770 DEOPT UNPACKING pc=0x000001f6cdd12b43 sp=0x0000000c541fc790 mode 3
Event: 5.459 Thread 0x000001f6cb035770 DEOPT PACKING pc=0x000001f6ce271399 sp=0x0000000c541fc690
Event: 5.459 Thread 0x000001f6cb035770 DEOPT UNPACKING pc=0x000001f6cdd12b43 sp=0x0000000c541fbb70 mode 3
Event: 5.527 Thread 0x000001f6d70e2200 DEOPT PACKING pc=0x000001f6ce2be3ab sp=0x0000000c558fe4c0
Event: 5.527 Thread 0x000001f6d70e2200 DEOPT UNPACKING pc=0x000001f6cdd12b43 sp=0x0000000c558fda08 mode 3
Event: 6.168 Thread 0x000001f6d56a4130 DEOPT PACKING pc=0x000001f6ce0fee81 sp=0x0000000c55afed60
Event: 6.168 Thread 0x000001f6d56a4130 DEOPT UNPACKING pc=0x000001f6cdd12b43 sp=0x0000000c55afe1f0 mode 3
Event: 7.431 Thread 0x000001f6d561e060 DEOPT PACKING pc=0x000001f6ce4175b5 sp=0x0000000c565fd950
Event: 7.431 Thread 0x000001f6d561e060 DEOPT UNPACKING pc=0x000001f6cdd12b43 sp=0x0000000c565fce78 mode 3
Event: 8.491 Thread 0x000001f6d5d60d70 DEOPT PACKING pc=0x000001f6ce0fc797 sp=0x0000000c55bff1f0
Event: 8.491 Thread 0x000001f6d5d60d70 DEOPT UNPACKING pc=0x000001f6cdd12b43 sp=0x0000000c55bfe648 mode 3
Event: 9.140 Thread 0x000001f6d561e060 DEOPT PACKING pc=0x000001f6ce3b7d94 sp=0x0000000c565fc6b0
Event: 9.140 Thread 0x000001f6d561e060 DEOPT UNPACKING pc=0x000001f6cdd12b43 sp=0x0000000c565fbbf0 mode 0

Classes unloaded (0 events):
No events

Classes redefined (0 events):
No events

Internal exceptions (20 events):
Event: 5.571 Thread 0x000001f6d56a4130 Exception <a 'sun/nio/fs/WindowsException'{0x00000000d2c48270}> (0x00000000d2c48270) 
thrown [s\src\hotspot\share\prims\jni.cpp, line 516]
Event: 5.572 Thread 0x000001f6d56a4130 Exception <a 'sun/nio/fs/WindowsException'{0x00000000d2c48630}> (0x00000000d2c48630) 
thrown [s\src\hotspot\share\prims\jni.cpp, line 516]
Event: 5.572 Thread 0x000001f6d56a4130 Exception <a 'sun/nio/fs/WindowsException'{0x00000000d2c49058}> (0x00000000d2c49058) 
thrown [s\src\hotspot\share\prims\jni.cpp, line 516]
Event: 5.572 Thread 0x000001f6d56a4130 Exception <a 'sun/nio/fs/WindowsException'{0x00000000d2c49438}> (0x00000000d2c49438) 
thrown [s\src\hotspot\share\prims\jni.cpp, line 516]
Event: 5.573 Thread 0x000001f6d56a4130 Exception <a 'sun/nio/fs/WindowsException'{0x00000000d2c49e70}> (0x00000000d2c49e70) 
thrown [s\src\hotspot\share\prims\jni.cpp, line 516]
Event: 5.573 Thread 0x000001f6d56a4130 Exception <a 'sun/nio/fs/WindowsException'{0x00000000d2c4a260}> (0x00000000d2c4a260) 
thrown [s\src\hotspot\share\prims\jni.cpp, line 516]
Event: 5.573 Thread 0x000001f6d56a4130 Exception <a 'sun/nio/fs/WindowsException'{0x00000000d2c4ac88}> (0x00000000d2c4ac88) 
thrown [s\src\hotspot\share\prims\jni.cpp, line 516]
Event: 5.573 Thread 0x000001f6d56a4130 Exception <a 'sun/nio/fs/WindowsException'{0x00000000d2c4b078}> (0x00000000d2c4b078) 
thrown [s\src\hotspot\share\prims\jni.cpp, line 516]
Event: 5.636 Thread 0x000001f6cb035770 Exception <a 'java/lang/NoSuchMethodError'{0x00000000d3854158}: 'java.lang.Object java.lang.invoke.DirectMethodHandle$Holder.newInvokeSpecial(java.lang.Object, java.lang.Object, int, java.lang.Object, java.lang.Object)'> (0x00000000d3854158) 
thrown [s\src\hotspot\share\interpreter\linkResolver.cpp, line 759]
Event: 5.665 Thread 0x000001f6cb035770 Exception <a 'java/lang/NoSuchMethodError'{0x00000000d3866128}: 'java.lang.Object java.lang.invoke.DirectMethodHandle$Holder.invokeSpecial(java.lang.Object, java.lang.Object, int, java.lang.Object, int, java.lang.Object)'> (0x00000000d3866128) 
thrown [s\src\hotspot\share\interpreter\linkResolver.cpp, line 759]
Event: 5.665 Thread 0x000001f6cb035770 Exception <a 'java/lang/NoSuchMethodError'{0x00000000d386df28}: 'java.lang.Object java.lang.invoke.DirectMethodHandle$Holder.newInvokeSpecial(java.lang.Object, java.lang.Object, int, java.lang.Object, int)'> (0x00000000d386df28) 
thrown [s\src\hotspot\share\interpreter\linkResolver.cpp, line 759]
Event: 5.666 Thread 0x000001f6cb035770 Exception <a 'java/lang/NoSuchMethodError'{0x00000000d3872028}: 'java.lang.Object java.lang.invoke.DirectMethodHandle$Holder.invokeSpecial(java.lang.Object, java.lang.Object, java.lang.Object, int, java.lang.Object, int)'> (0x00000000d3872028) 
thrown [s\src\hotspot\share\interpreter\linkResolver.cpp, line 759]
Event: 7.424 Thread 0x000001f6d561e060 Exception <a 'java/lang/NoSuchMethodError'{0x00000000d5fdf4c0}: 'java.lang.Object java.lang.invoke.DirectMethodHandle$Holder.invokeStatic(java.lang.Object, int, java.lang.Object)'> (0x00000000d5fdf4c0) 
thrown [s\src\hotspot\share\interpreter\linkResolver.cpp, line 759]
Event: 7.431 Thread 0x000001f6d561f870 Exception <a 'java/lang/NoSuchMethodError'{0x00000000d5ffeef0}: 'java.lang.Object java.lang.invoke.DirectMethodHandle$Holder.invokeStatic(java.lang.Object, java.lang.Object, java.lang.Object, int, java.lang.Object, java.lang.Object)'> (0x00000000d5ffeef0) 
thrown [s\src\hotspot\share\interpreter\linkResolver.cpp, line 759]
Event: 7.952 Thread 0x000001f6d5620210 Exception <a 'java/lang/NoSuchMethodError'{0x00000000d566ae10}: 'int java.lang.invoke.DirectMethodHandle$Holder.invokeStatic(java.lang.Object)'> (0x00000000d566ae10) 
thrown [s\src\hotspot\share\interpreter\linkResolver.cpp, line 759]
Event: 7.952 Thread 0x000001f6d5620210 Exception <a 'java/lang/NoSuchMethodError'{0x00000000d566e210}: 'int java.lang.invoke.DirectMethodHandle$Holder.invokeStaticInit(java.lang.Object)'> (0x00000000d566e210) 
thrown [s\src\hotspot\share\interpreter\linkResolver.cpp, line 759]
Event: 9.655 Thread 0x000001f6d561e060 Exception <a 'java/lang/NoSuchMethodError'{0x00000000dd94c8d8}: 'java.lang.Object java.lang.invoke.Invokers$Holder.invoke_MT(java.lang.Object, java.lang.Object, java.lang.Object)'> (0x00000000dd94c8d8) 
thrown [s\src\hotspot\share\interpreter\linkResolver.cpp, line 759]
Event: 10.178 Thread 0x000001f6d561e060 Exception <a 'java/lang/NoSuchMethodError'{0x00000000d9b50f78}: 'java.lang.Object java.lang.invoke.DirectMethodHandle$Holder.newInvokeSpecial(java.lang.Object, java.lang.Object, int)'> (0x00000000d9b50f78) 
thrown [s\src\hotspot\share\interpreter\linkResolver.cpp, line 759]
Event: 10.273 Thread 0x000001f6d7742d50 Exception <a 'java/lang/NoSuchMethodError'{0x00000000e032d040}: 'java.lang.Object java.lang.invoke.Invokers$Holder.linkToTargetMethod(java.lang.Object, long, java.lang.Object)'> (0x00000000e032d040) 
thrown [s\src\hotspot\share\interpreter\linkResolver.cpp, line 759]
Event: 13.641 Thread 0x000001f6d7743220 Exception <a 'java/lang/IncompatibleClassChangeError'{0x00000000e037dc68}: Found class java.lang.Object, but interface was expected> (0x00000000e037dc68) 
thrown [s\src\hotspot\share\interpreter\linkResolver.cpp, line 826]

VM Operations (20 events):
Event: 12.314 Executing VM operation: G1CollectForAllocation done
Event: 12.829 Executing VM operation: G1CollectForAllocation
Event: 12.881 Executing VM operation: G1CollectForAllocation done
Event: 13.167 Executing VM operation: G1CollectForAllocation
Event: 13.174 Executing VM operation: G1CollectForAllocation done
Event: 13.174 Executing VM operation: G1CollectForAllocation
Event: 13.185 Executing VM operation: G1CollectForAllocation done
Event: 13.386 Executing VM operation: G1CollectForAllocation
Event: 13.403 Executing VM operation: G1CollectForAllocation done
Event: 13.612 Executing VM operation: G1CollectForAllocation
Event: 13.619 Executing VM operation: G1CollectForAllocation done
Event: 13.619 Executing VM operation: G1CollectForAllocation
Event: 13.632 Executing VM operation: G1CollectForAllocation done
Event: 13.859 Executing VM operation: G1CollectForAllocation
Event: 13.860 Executing VM operation: G1CollectForAllocation done
Event: 13.867 Executing VM operation: G1CollectForAllocation
Event: 13.881 Executing VM operation: G1CollectForAllocation done
Event: 14.075 Executing VM operation: HandshakeAllThreads
Event: 14.095 Executing VM operation: HandshakeAllThreads done
Event: 14.095 Executing VM operation: G1Concurrent

Events (20 events):
Event: 13.528 loading class java/lang/NegativeArraySizeException
Event: 13.528 loading class java/lang/NegativeArraySizeException done
Event: 13.648 loading class java/util/zip/ZipFile$ZipEntryIterator
Event: 13.648 loading class java/util/zip/ZipFile$ZipEntryIterator done
Event: 13.842 loading class java/util/stream/ReduceOps$4
Event: 13.842 loading class java/util/stream/ReduceOps$4 done
Event: 13.842 loading class java/util/stream/ReduceOps$4ReducingSink
Event: 13.842 loading class java/util/stream/ReduceOps$4ReducingSink done
Event: 13.858 loading class java/nio/file/Files$2
Event: 13.858 loading class java/nio/file/Files$2 done
Event: 14.063 loading class java/util/stream/ReferencePipeline$4
Event: 14.063 loading class java/util/stream/ReferencePipeline$4 done
Event: 14.063 loading class java/util/stream/Nodes$IntFixedNodeBuilder
Event: 14.063 loading class java/util/stream/Node$Builder$OfInt
Event: 14.064 loading class java/util/stream/Node$Builder$OfInt done
Event: 14.064 loading class java/util/stream/Nodes$IntArrayNode
Event: 14.064 loading class java/util/stream/Nodes$IntArrayNode done
Event: 14.064 loading class java/util/stream/Nodes$IntFixedNodeBuilder done
Event: 14.064 loading class java/util/stream/ReferencePipeline$4$1
Event: 14.064 loading class java/util/stream/ReferencePipeline$4$1 done


Dynamic libraries:
0x00007ff61d610000 - 0x00007ff61d61e000 	c:\Users\Diana\.vscode\extensions\redhat.java-1.11.0-win32-x64\jre\17.0.4.1-win32-x86_64\bin\java.exe
0x00007ffc9c9c0000 - 0x00007ffc9cbc9000 	C:\WINDOWS\SYSTEM32\ntdll.dll
0x00007ffc70200000 - 0x00007ffc70217000 	C:\Program Files\Avast Software\Avast\aswhook.dll
0x00007ffc9b9f0000 - 0x00007ffc9baad000 	C:\WINDOWS\System32\KERNEL32.DLL
0x00007ffc99e90000 - 0x00007ffc9a20b000 	C:\WINDOWS\System32\KERNELBASE.dll
0x00007ffc9a600000 - 0x00007ffc9a711000 	C:\WINDOWS\System32\ucrtbase.dll
0x00007ffc71ac0000 - 0x00007ffc71ad8000 	c:\Users\Diana\.vscode\extensions\redhat.java-1.11.0-win32-x64\jre\17.0.4.1-win32-x86_64\bin\jli.dll
0x00007ffc71860000 - 0x00007ffc71879000 	c:\Users\Diana\.vscode\extensions\redhat.java-1.11.0-win32-x64\jre\17.0.4.1-win32-x86_64\bin\VCRUNTIME140.dll
0x00007ffc9c770000 - 0x00007ffc9c91d000 	C:\WINDOWS\System32\USER32.dll
0x00007ffc9a5d0000 - 0x00007ffc9a5f6000 	C:\WINDOWS\System32\win32u.dll
0x00007ffc9bab0000 - 0x00007ffc9bad9000 	C:\WINDOWS\System32\GDI32.dll
0x00007ffc783f0000 - 0x00007ffc78695000 	C:\WINDOWS\WinSxS\amd64_microsoft.windows.common-controls_6595b64144ccf1df_6.0.22000.120_none_9d947278b86cc467\COMCTL32.dll
0x00007ffc9a720000 - 0x00007ffc9a838000 	C:\WINDOWS\System32\gdi32full.dll
0x00007ffc9a290000 - 0x00007ffc9a32d000 	C:\WINDOWS\System32\msvcp_win.dll
0x00007ffc9bd40000 - 0x00007ffc9bde3000 	C:\WINDOWS\System32\msvcrt.dll
0x00007ffc9bb40000 - 0x00007ffc9bb71000 	C:\WINDOWS\System32\IMM32.DLL
0x00007ffc71db0000 - 0x00007ffc71dbc000 	c:\Users\Diana\.vscode\extensions\redhat.java-1.11.0-win32-x64\jre\17.0.4.1-win32-x86_64\bin\vcruntime140_1.dll
0x00007ffbf0290000 - 0x00007ffbf0321000 	c:\Users\Diana\.vscode\extensions\redhat.java-1.11.0-win32-x64\jre\17.0.4.1-win32-x86_64\bin\msvcp140.dll
0x00007ffbe8fe0000 - 0x00007ffbe9c26000 	c:\Users\Diana\.vscode\extensions\redhat.java-1.11.0-win32-x64\jre\17.0.4.1-win32-x86_64\bin\server\jvm.dll
0x00007ffc9a8a0000 - 0x00007ffc9a94e000 	C:\WINDOWS\System32\ADVAPI32.dll
0x00007ffc9bca0000 - 0x00007ffc9bd3e000 	C:\WINDOWS\System32\sechost.dll
0x00007ffc9bb80000 - 0x00007ffc9bca0000 	C:\WINDOWS\System32\RPCRT4.dll
0x00007ffc9beb0000 - 0x00007ffc9beb8000 	C:\WINDOWS\System32\PSAPI.DLL
0x00007ffc93fd0000 - 0x00007ffc94003000 	C:\WINDOWS\SYSTEM32\WINMM.dll
0x00007ffc92720000 - 0x00007ffc9272a000 	C:\WINDOWS\SYSTEM32\VERSION.dll
0x00007ffc81010000 - 0x00007ffc81019000 	C:\WINDOWS\SYSTEM32\WSOCK32.dll
0x00007ffc9b650000 - 0x00007ffc9b6bf000 	C:\WINDOWS\System32\WS2_32.dll
0x00007ffc98f10000 - 0x00007ffc98f28000 	C:\WINDOWS\SYSTEM32\kernel.appcore.dll
0x00007ffc71cf0000 - 0x00007ffc71cfa000 	c:\Users\Diana\.vscode\extensions\redhat.java-1.11.0-win32-x64\jre\17.0.4.1-win32-x86_64\bin\jimage.dll
0x00007ffc88380000 - 0x00007ffc885a1000 	C:\WINDOWS\SYSTEM32\DBGHELP.DLL
0x00007ffc85020000 - 0x00007ffc85051000 	C:\WINDOWS\SYSTEM32\dbgcore.DLL
0x00007ffc9a210000 - 0x00007ffc9a28f000 	C:\WINDOWS\System32\bcryptPrimitives.dll
0x00007ffc5d020000 - 0x00007ffc5d045000 	c:\Users\Diana\.vscode\extensions\redhat.java-1.11.0-win32-x64\jre\17.0.4.1-win32-x86_64\bin\java.dll
0x00007ffc5f9a0000 - 0x00007ffc5f9b8000 	c:\Users\Diana\.vscode\extensions\redhat.java-1.11.0-win32-x64\jre\17.0.4.1-win32-x86_64\bin\zip.dll
0x00007ffc9a950000 - 0x00007ffc9b108000 	C:\WINDOWS\System32\SHELL32.dll
0x00007ffc97f80000 - 0x00007ffc987e5000 	C:\WINDOWS\SYSTEM32\windows.storage.dll
0x00007ffc9b110000 - 0x00007ffc9b487000 	C:\WINDOWS\System32\combase.dll
0x00007ffc97e10000 - 0x00007ffc97f76000 	C:\WINDOWS\SYSTEM32\wintypes.dll
0x00007ffc9bfb0000 - 0x00007ffc9c09a000 	C:\WINDOWS\System32\SHCORE.dll
0x00007ffc9bae0000 - 0x00007ffc9bb3d000 	C:\WINDOWS\System32\shlwapi.dll
0x00007ffc99dc0000 - 0x00007ffc99de1000 	C:\WINDOWS\SYSTEM32\profapi.dll
0x00007ffc5f930000 - 0x00007ffc5f949000 	C:\Users\Diana\.vscode\extensions\redhat.java-1.11.0-win32-x64\jre\17.0.4.1-win32-x86_64\bin\net.dll
0x00007ffc92970000 - 0x00007ffc92a7c000 	C:\WINDOWS\SYSTEM32\WINHTTP.dll
0x00007ffc993b0000 - 0x00007ffc99417000 	C:\WINDOWS\system32\mswsock.dll
0x00007ffc5c060000 - 0x00007ffc5c075000 	C:\Users\Diana\.vscode\extensions\redhat.java-1.11.0-win32-x64\jre\17.0.4.1-win32-x86_64\bin\nio.dll
0x00007ffc71b00000 - 0x00007ffc71b10000 	c:\Users\Diana\.vscode\extensions\redhat.java-1.11.0-win32-x64\jre\17.0.4.1-win32-x86_64\bin\verify.dll
0x00007ffc72050000 - 0x00007ffc72059000 	C:\Users\Diana\.vscode\extensions\redhat.java-1.11.0-win32-x64\jre\17.0.4.1-win32-x86_64\bin\management.dll
0x00007ffc71d10000 - 0x00007ffc71d1b000 	C:\Users\Diana\.vscode\extensions\redhat.java-1.11.0-win32-x64\jre\17.0.4.1-win32-x86_64\bin\management_ext.dll
0x00007ffc7a420000 - 0x00007ffc7a437000 	C:\WINDOWS\system32\napinsp.dll
0x00007ffc7a400000 - 0x00007ffc7a41b000 	C:\WINDOWS\system32\pnrpnsp.dll
0x00007ffc98a60000 - 0x00007ffc98b48000 	C:\WINDOWS\SYSTEM32\DNSAPI.dll
0x00007ffc98a30000 - 0x00007ffc98a5d000 	C:\WINDOWS\SYSTEM32\IPHLPAPI.DLL
0x00007ffc9be20000 - 0x00007ffc9be29000 	C:\WINDOWS\System32\NSI.dll
0x00007ffc7a3e0000 - 0x00007ffc7a3f2000 	C:\WINDOWS\System32\winrnr.dll
0x00007ffc79f20000 - 0x00007ffc79f35000 	C:\WINDOWS\system32\wshbth.dll
0x00007ffc79f00000 - 0x00007ffc79f1f000 	C:\WINDOWS\system32\nlansp_c.dll
0x00007ffc90040000 - 0x00007ffc9004a000 	C:\Windows\System32\rasadhlp.dll
0x00007ffc90860000 - 0x00007ffc908e1000 	C:\WINDOWS\System32\fwpuclnt.dll
0x00007ffc995f0000 - 0x00007ffc99608000 	C:\WINDOWS\SYSTEM32\CRYPTSP.dll
0x00007ffc98e70000 - 0x00007ffc98ea5000 	C:\WINDOWS\system32\rsaenh.dll
0x00007ffc994a0000 - 0x00007ffc994c9000 	C:\WINDOWS\SYSTEM32\USERENV.dll
0x00007ffc99780000 - 0x00007ffc997a7000 	C:\WINDOWS\SYSTEM32\bcrypt.dll
0x00007ffc99610000 - 0x00007ffc9961c000 	C:\WINDOWS\SYSTEM32\CRYPTBASE.dll
0x00007ffc92e10000 - 0x00007ffc92e29000 	C:\WINDOWS\SYSTEM32\dhcpcsvc6.DLL
0x00007ffc92e50000 - 0x00007ffc92e6e000 	C:\WINDOWS\SYSTEM32\dhcpcsvc.DLL

dbghelp: loaded successfully - version: 4.0.5 - missing functions: none
symbol engine: initialized successfully - sym options: 0x614 - pdb path: .;c:\Users\Diana\.vscode\extensions\redhat.java-1.11.0-win32-x64\jre\17.0.4.1-win32-x86_64\bin;C:\WINDOWS\SYSTEM32;C:\Program Files\Avast Software\Avast;C:\WINDOWS\WinSxS\amd64_microsoft.windows.common-controls_6595b64144ccf1df_6.0.22000.120_none_9d947278b86cc467;c:\Users\Diana\.vscode\extensions\redhat.java-1.11.0-win32-x64\jre\17.0.4.1-win32-x86_64\bin\server

VM Arguments:
jvm_args: -Dsts.lsp.client=vscode -Dsts.log.file=/dev/null -XX:TieredStopAtLevel=1 -Xlog:jni+resolve=off -Dspring.config.location=file:c:\Users\Diana\.vscode\extensions\pivotal.vscode-spring-boot-1.39.0\language-server\BOOT-INF\classes\application.properties 
java_command: org.springframework.ide.vscode.boot.app.BootLanguageServerBootApp
java_class_path (initial): c:\Users\Diana\.vscode\extensions\pivotal.vscode-spring-boot-1.39.0\language-server\BOOT-INF\classes;c:\Users\Diana\.vscode\extensions\pivotal.vscode-spring-boot-1.39.0\language-server\BOOT-INF\lib\annotations-23.0.0.jar;c:\Users\Diana\.vscode\extensions\pivotal.vscode-spring-boot-1.39.0\language-server\BOOT-INF\lib\antlr-runtime-3.5.2.jar;c:\Users\Diana\.vscode\extensions\pivotal.vscode-spring-boot-1.39.0\language-server\BOOT-INF\lib\antlr4-4.9.3.jar;c:\Users\Diana\.vscode\extensions\pivotal.vscode-spring-boot-1.39.0\language-server\BOOT-INF\lib\antlr4-runtime-4.9.3.jar;c:\Users\Diana\.vscode\extensions\pivotal.vscode-spring-boot-1.39.0\language-server\BOOT-INF\lib\asm-9.3.jar;c:\Users\Diana\.vscode\extensions\pivotal.vscode-spring-boot-1.39.0\language-server\BOOT-INF\lib\asm-analysis-9.3.jar;c:\Users\Diana\.vscode\extensions\pivotal.vscode-spring-boot-1.39.0\language-server\BOOT-INF\lib\asm-tree-9.3.jar;c:\Users\Diana\.vscode\extensions\pivotal.vscode-spring-boot-1.39.0\language-server\BOOT-INF\lib\asm-util-9.3.jar;c:\Users\Diana\.vscode\extensions\pivotal.vscode-spring-boot-1.39.0\language-server\BOOT-INF\lib\byte-buddy-1.12.13.jar;c:\Users\Diana\.vscode\extensions\pivotal.vscode-spring-boot-1.39.0\language-server\BOOT-INF\lib\caffeine-2.9.3.jar;c:\Users\Diana\.vscode\extensions\pivotal.vscode-spring-boot-1.39.0\language-server\BOOT-INF\lib\checker-qual-3.12.0.jar;c:\Users\Diana\.vscode\extensions\pivotal.vscode-spring-boot-1.39.0\language-server\BOOT-INF\lib\classgraph-4.8.149.jar;c:\Users\Diana\.vscode\extensions\pivotal.vscode-spring-boot-1.39.0\language-server\BOOT-INF\lib\commons-codec-1.15.jar;c:\Users\Diana\.vscode\extensions\pivotal.vscode-spring-boot-1.39.0\language-server\BOOT-INF\lib\commons-compress-1.21.jar;c:\Users\Diana\.vscode\extensions\pivotal.vscode-spring-boot-1.39.0\language-server\BOOT-INF\lib\commons-exec-1.3.jar;c:\Users\Diana\.vscode\extensions\pivotal.vscode-spring-boot-1.39.0\language-server\BOOT-INF\lib\com
Launcher Type: SUN_STANDARD

[Global flags]
     intx CICompilerCount                          = 3                                         {product} {ergonomic}
     uint ConcGCThreads                            = 1                                         {product} {ergonomic}
     uint G1ConcRefinementThreads                  = 4                                         {product} {ergonomic}
   size_t G1HeapRegionSize                         = 1048576                                   {product} {ergonomic}
    uintx GCDrainStackTargetSize                   = 64                                        {product} {ergonomic}
   size_t InitialHeapSize                          = 50331648                                  {product} {ergonomic}
   size_t MarkStackSize                            = 4194304                                   {product} {ergonomic}
   size_t MaxHeapSize                              = 788529152                                 {product} {ergonomic}
   size_t MaxNewSize                               = 472907776                                 {product} {ergonomic}
   size_t MinHeapDeltaBytes                        = 1048576                                   {product} {ergonomic}
   size_t MinHeapSize                              = 8388608                                   {product} {ergonomic}
    uintx NonProfiledCodeHeapSize                  = 0                                      {pd product} {ergonomic}
     bool ProfileInterpreter                       = false                                  {pd product} {command line}
    uintx ProfiledCodeHeapSize                     = 0                                      {pd product} {ergonomic}
   size_t SoftMaxHeapSize                          = 788529152                              {manageable} {ergonomic}
     intx TieredStopAtLevel                        = 1                                         {product} {command line}
     bool UseCompressedClassPointers               = true                           {product lp64_product} {ergonomic}
     bool UseCompressedOops                        = true                           {product lp64_product} {ergonomic}
     bool UseG1GC                                  = true                                      {product} {ergonomic}
     bool UseLargePagesIndividualAllocation        = false                                  {pd product} {ergonomic}

Logging:
Log output configuration:
 #0: stdout all=warning,jni+resolve=off uptime,level,tags
 #1: stderr all=off uptime,level,tags

Environment Variables:
JAVA_HOME=C:\Program Files\Eclipse Adoptium\jdk-17.0.3.7-hotspot\
PATH=C:\Users\Diana\bin;C:\Program Files\Git\mingw64\bin;C:\Program Files\Git\usr\local\bin;C:\Program Files\Git\usr\bin;C:\Program Files\Git\usr\bin;C:\Program Files\Git\mingw64\bin;C:\Program Files\Git\usr\bin;C:\Users\Diana\bin;C:\Python310\Scripts;C:\Python310;C:\Program Files\Eclipse Adoptium\jdk-17.0.3.7-hotspot\bin;C:\Program Files (x86)\Common Files\Oracle\Java\javapath;C:\WINDOWS\system32;C:\WINDOWS;C:\WINDOWS\System32\Wbem;C:\WINDOWS\System32\WindowsPowerShell\v1.0;C:\WINDOWS\System32\OpenSSH;C:\Program Files (x86)\Brackets\command;C:\Program Files (x86)\AMD\ATI.ACE\Core-Static;C:\Users\Diana\OneDrive\Desktop\PROYECTO_JAVA\apache-maven-3.8.5\bin;C:\Program Files\Git\cmd;C:\ProgramData\chocolatey\bin;C:\Program Files\nodejs;C:\xampp\php;C:\ProgramData\ComposerSetup\bin;C:\Users\Diana\AppData\Local\Microsoft\WindowsApps;C:\Users\Diana\AppData\Local\Programs\Microsoft VS Code\bin;C:\Users\Diana\AppData\Roaming\npm;C:\Users\Diana\AppData\Roaming\Composer\vendor\bin;C:\Users\Diana\AppData\Local\GitHubDesktop\bin;C:\Program Files\Git\usr\bin\vendor_perl;C:\Program Files\Git\usr\bin\core_perl
USERNAME=Diana
SHELL=C:\Program Files\Git\usr\bin\bash.exe
DISPLAY=needs-to-be-defined
LANG=es_ES.UTF-8
TERM=xterm-256color
TMPDIR=C:\Users\Diana\AppData\Local\Temp
OS=Windows_NT
PROCESSOR_IDENTIFIER=AMD64 Family 23 Model 24 Stepping 1, AuthenticAMD
TMP=C:\Users\Diana\AppData\Local\Temp
TEMP=C:\Users\Diana\AppData\Local\Temp



---------------  S Y S T E M  ---------------

OS:
 Windows 11 , 64 bit Build 22000 (10.0.22000.708)
OS uptime: 0 days 4:54 hours

CPU: total 4 (initial active 4) (4 cores per cpu, 2 threads per core) family 23 model 24 stepping 1 microcode 0x0, cx8, cmov, fxsr, ht, mmx, 3dnowpref, sse, sse2, sse3, ssse3, sse4a, sse4.1, sse4.2, popcnt, lzcnt, tsc, tscinvbit, avx, avx2, aes, clmul, bmi1, bmi2, adx, sha, fma, vzeroupper, clflush, clflushopt

Memory: 4k page, system-wide physical 3005M (40M free)
TotalPageFile size 12221M (AvailPageFile size 8M)
current process WorkingSet (physical memory assigned to process): 337M, peak: 338M
current process commit charge ("private bytes"): 390M, peak: 420M

vm_info: OpenJDK 64-Bit Server VM (17.0.4.1+1) for windows-amd64 JRE (17.0.4.1+1), built on Aug 17 2022 07:42:43 by "temurin" with MS VC++ 16.7 (VS2019)

END.
